[1;37m[INFO]  Initializing DPDK. This will take a few seconds...[0m
EAL: Probing VFIO support...
EAL: PCI device 0000:05:00.0 on NUMA socket 0
EAL:   probe driver: 8086:1528 net_ixgbe
EAL: PCI device 0000:05:00.1 on NUMA socket 0
EAL:   probe driver: 8086:1528 net_ixgbe
EAL: PCI device 0000:83:00.0 on NUMA socket 1
EAL:   probe driver: 8086:1528 net_ixgbe
EAL: PCI device 0000:83:00.1 on NUMA socket 1
EAL:   probe driver: 8086:1528 net_ixgbe
EAL: PCI device 0000:87:00.0 on NUMA socket 1
EAL:   probe driver: 8086:1526 net_e1000_igb
EAL: PCI device 0000:87:00.1 on NUMA socket 1
EAL:   probe driver: 8086:1526 net_e1000_igb
EAL: PCI device 0000:89:00.0 on NUMA socket 1
EAL:   probe driver: 8086:1526 net_e1000_igb
EAL: PCI device 0000:89:00.1 on NUMA socket 1
EAL:   probe driver: 8086:1526 net_e1000_igb
[1;37m[INFO]  Found 7 usable devices:[0m
   Device 0: 00:25:90:E8:40:C0 ([0;32mIntel Corporation Ethernet Controller 10-Gigabit X540-AT2[0m)
   Device 1: 00:25:90:E8:40:C1 ([0;32mIntel Corporation Ethernet Controller 10-Gigabit X540-AT2[0m)
   Device 2: A0:36:9F:3B:5B:4C ([0;32mIntel Corporation Ethernet Controller 10-Gigabit X540-AT2[0m)
   Device 3: A0:36:9F:3B:5B:4E ([0;32mIntel Corporation Ethernet Controller 10-Gigabit X540-AT2[0m)
   Device 4: 90:E2:BA:1C:55:7D ([0;32mIntel Corporation 82576 Gigabit Network Connection[0m)
   Device 5: 90:E2:BA:1C:55:7E ([0;32mIntel Corporation 82576 Gigabit Network Connection[0m)
   Device 6: 90:E2:BA:1C:55:7F ([0;32mIntel Corporation 82576 Gigabit Network Connection[0m)
PMD: ixgbe_dev_link_status_print():  Port 2: Link Down
PMD: ixgbe_dev_link_status_print():  Port 3: Link Down
[1;37m[INFO]  Waiting for devices to come up...[0m
[1;37m[INFO]  Device 2 (A0:36:9F:3B:5B:4C) is up: 10000 MBit/s[0m
[1;37m[INFO]  Device 3 (A0:36:9F:3B:5B:4E) is up: 10000 MBit/s[0m
[1;37m[INFO]  [0;32m2 devices are up.[0m[0m
[1;37m[INFO]  waiting for first successful packet...[0m
[1;37m[INFO]  warmup packet sent[0m
[1;37m[INFO]  first packet received[0m
[0;34m[Device: id=2] TX[0m: 8.62 Mpps, 4413 Mbit/s (5792 Mbit/s with framing)
[1;36m[Device: id=3] RX[0m: 8.44 Mpps, 4321 Mbit/s (5671 Mbit/s with framing)
[0;34m[Device: id=2] TX[0m: 8.45 Mpps, 4324 Mbit/s (5676 Mbit/s with framing)
[1;36m[Device: id=3] RX[0m: 8.63 Mpps, 4418 Mbit/s (5799 Mbit/s with framing)
[0;34m[Device: id=2] TX[0m: 8.63 Mpps, 4419 Mbit/s (5799 Mbit/s with framing)
[1;36m[Device: id=3] RX[0m: 8.63 Mpps, 4419 Mbit/s (5799 Mbit/s with framing)
[0;34m[Device: id=2] TX[0m: 8.63 Mpps, 4418 Mbit/s (5799 Mbit/s with framing)
[1;36m[Device: id=3] RX[0m: 8.63 Mpps, 4418 Mbit/s (5799 Mbit/s with framing)
[0;34m[Device: id=2] TX[0m: 8.63 Mpps, 4419 Mbit/s (5799 Mbit/s with framing)
[1;36m[Device: id=3] RX[0m: 8.63 Mpps, 4419 Mbit/s (5800 Mbit/s with framing)
[0;34m[Device: id=2] TX[0m: 8.63 Mpps, 4419 Mbit/s (5799 Mbit/s with framing)
[1;36m[Device: id=3] RX[0m: 8.63 Mpps, 4419 Mbit/s (5799 Mbit/s with framing)
[0;34m[Device: id=2] TX[0m: 8.63 Mpps, 4419 Mbit/s (5800 Mbit/s with framing)
[1;36m[Device: id=3] RX[0m: 8.63 Mpps, 4419 Mbit/s (5800 Mbit/s with framing)
[0;34m[Device: id=2] TX[0m: 8.63 Mpps, 4418 Mbit/s (5799 Mbit/s with framing)
[1;36m[Device: id=3] RX[0m: 8.63 Mpps, 4418 Mbit/s (5799 Mbit/s with framing)
[0;34m[Device: id=2] TX[0m: 8.63 Mpps, 4419 Mbit/s (5799 Mbit/s with framing)
[1;36m[Device: id=3] RX[0m: 8.63 Mpps, 4419 Mbit/s (5800 Mbit/s with framing)
[0;34m[Device: id=2] TX[0m: 8.63 Mpps, 4419 Mbit/s (5800 Mbit/s with framing)
[1;36m[Device: id=3] RX[0m: 8.63 Mpps, 4417 Mbit/s (5798 Mbit/s with framing)
[0;34m[Device: id=2] TX[0m: 8.63 Mpps, 4417 Mbit/s (5798 Mbit/s with framing)
[1;36m[Device: id=3] RX[0m: 8.63 Mpps, 4419 Mbit/s (5800 Mbit/s with framing)
[0;34m[Device: id=2] TX[0m: 8.63 Mpps, 4418 Mbit/s (5798 Mbit/s with framing)
[1;36m[Device: id=3] RX[0m: 8.63 Mpps, 4418 Mbit/s (5798 Mbit/s with framing)
[0;34m[Device: id=2] TX[0m: 8.63 Mpps, 4419 Mbit/s (5799 Mbit/s with framing)
[1;36m[Device: id=3] RX[0m: 8.63 Mpps, 4419 Mbit/s (5799 Mbit/s with framing)
[0;34m[Device: id=2] TX[0m: 8.63 Mpps, 4419 Mbit/s (5799 Mbit/s with framing)
[1;36m[Device: id=3] RX[0m: 8.63 Mpps, 4419 Mbit/s (5799 Mbit/s with framing)
[0;34m[Device: id=2] TX[0m: 8.63 Mpps, 4419 Mbit/s (5800 Mbit/s with framing)
[1;36m[Device: id=3] RX[0m: 8.63 Mpps, 4419 Mbit/s (5800 Mbit/s with framing)
[0;34m[Device: id=2] TX[0m: 8.63 Mpps, 4418 Mbit/s (5799 Mbit/s with framing)
[1;36m[Device: id=3] RX[0m: 8.63 Mpps, 4418 Mbit/s (5799 Mbit/s with framing)
[0;34m[Device: id=2] TX[0m: 8.63 Mpps, 4419 Mbit/s (5799 Mbit/s with framing)
[1;36m[Device: id=3] RX[0m: 8.63 Mpps, 4419 Mbit/s (5799 Mbit/s with framing)
[0;34m[Device: id=2] TX[0m: 8.63 Mpps, 4419 Mbit/s (5799 Mbit/s with framing)
[1;36m[Device: id=3] RX[0m: 8.63 Mpps, 4419 Mbit/s (5799 Mbit/s with framing)
[0;34m[Device: id=2] TX[0m: 8.63 Mpps, 4419 Mbit/s (5799 Mbit/s with framing)
[1;36m[Device: id=3] RX[0m: 8.63 Mpps, 4419 Mbit/s (5799 Mbit/s with framing)
[0;34m[Device: id=2] TX[0m: 8.63 Mpps, 4419 Mbit/s (5799 Mbit/s with framing)
[1;36m[Device: id=3] RX[0m: 8.63 Mpps, 4419 Mbit/s (5799 Mbit/s with framing)
[1;33m[WARN]  Failed to timestamp packet on transmission[0m
Samples: 183987, Average: 23100.9 ns, StdDev: 2640.7 ns, Quartiles: 21598.0/22688.0/23821.0 ns
[1;37m[INFO]  Saving histogram to '/tmp/l2_bridging_mbit4400.histogram.csv'[0m
[1;37m[INFO]  Saving latency to '/tmp/l2_bridging_mbit4400.latency.csv'[0m
[0;34m[Device: id=2] TX[0m: 8.62 (StdDev 0.04) Mpps, 4414 (StdDev 22) Mbit/s (5793 Mbit/s with framing), total 179697512 packets with 11500640768 bytes (incl. CRC)
[1;36m[Device: id=3] RX[0m: 8.63 (StdDev 0.00) Mpps, 4418 (StdDev 0) Mbit/s (5799 Mbit/s with framing), total 179697511 packets with 11500640704 bytes (incl. CRC)
[1;37m[INFO]  Saving throughput to '/tmp/l2_bridging_mbit4400.throughput.csv'[0m
