[1;37m[INFO]  Initializing DPDK. This will take a few seconds...[0m
EAL: Probing VFIO support...
EAL: PCI device 0000:05:00.0 on NUMA socket 0
EAL:   probe driver: 8086:1528 net_ixgbe
EAL: PCI device 0000:05:00.1 on NUMA socket 0
EAL:   probe driver: 8086:1528 net_ixgbe
EAL: PCI device 0000:83:00.0 on NUMA socket 1
EAL:   probe driver: 8086:1528 net_ixgbe
EAL: PCI device 0000:83:00.1 on NUMA socket 1
EAL:   probe driver: 8086:1528 net_ixgbe
EAL: PCI device 0000:87:00.0 on NUMA socket 1
EAL:   probe driver: 8086:1526 net_e1000_igb
EAL: PCI device 0000:87:00.1 on NUMA socket 1
EAL:   probe driver: 8086:1526 net_e1000_igb
EAL: PCI device 0000:89:00.0 on NUMA socket 1
EAL:   probe driver: 8086:1526 net_e1000_igb
EAL: PCI device 0000:89:00.1 on NUMA socket 1
EAL:   probe driver: 8086:1526 net_e1000_igb
[1;37m[INFO]  Found 7 usable devices:[0m
   Device 0: 00:25:90:E8:40:C0 ([0;32mIntel Corporation Ethernet Controller 10-Gigabit X540-AT2[0m)
   Device 1: 00:25:90:E8:40:C1 ([0;32mIntel Corporation Ethernet Controller 10-Gigabit X540-AT2[0m)
   Device 2: A0:36:9F:3B:5B:4C ([0;32mIntel Corporation Ethernet Controller 10-Gigabit X540-AT2[0m)
   Device 3: A0:36:9F:3B:5B:4E ([0;32mIntel Corporation Ethernet Controller 10-Gigabit X540-AT2[0m)
   Device 4: 90:E2:BA:1C:55:7D ([0;32mIntel Corporation 82576 Gigabit Network Connection[0m)
   Device 5: 90:E2:BA:1C:55:7E ([0;32mIntel Corporation 82576 Gigabit Network Connection[0m)
   Device 6: 90:E2:BA:1C:55:7F ([0;32mIntel Corporation 82576 Gigabit Network Connection[0m)
PMD: ixgbe_dev_link_status_print():  Port 2: Link Down
PMD: ixgbe_dev_link_status_print():  Port 3: Link Down
[1;37m[INFO]  Waiting for devices to come up...[0m
[1;37m[INFO]  Device 2 (A0:36:9F:3B:5B:4C) is up: 10000 MBit/s[0m
[1;37m[INFO]  Device 3 (A0:36:9F:3B:5B:4E) is up: 10000 MBit/s[0m
[1;37m[INFO]  [0;32m2 devices are up.[0m[0m
[1;37m[INFO]  waiting for first successful packet...[0m
[1;37m[INFO]  warmup packet sent[0m
[1;37m[INFO]  first packet received[0m
[0;34m[Device: id=2] TX[0m: 9.76 Mpps, 4999 Mbit/s (6561 Mbit/s with framing)
[1;36m[Device: id=3] RX[0m: 9.16 Mpps, 4692 Mbit/s (6158 Mbit/s with framing)
[0;34m[Device: id=2] TX[0m: 9.56 Mpps, 4894 Mbit/s (6423 Mbit/s with framing)
[1;36m[Device: id=3] RX[0m: 9.37 Mpps, 4796 Mbit/s (6295 Mbit/s with framing)
[0;34m[Device: id=2] TX[0m: 9.77 Mpps, 5000 Mbit/s (6563 Mbit/s with framing)
[1;36m[Device: id=3] RX[0m: 9.37 Mpps, 4797 Mbit/s (6296 Mbit/s with framing)
[0;34m[Device: id=2] TX[0m: 9.77 Mpps, 5000 Mbit/s (6563 Mbit/s with framing)
[1;36m[Device: id=3] RX[0m: 9.37 Mpps, 4797 Mbit/s (6295 Mbit/s with framing)
[0;34m[Device: id=2] TX[0m: 9.77 Mpps, 5001 Mbit/s (6563 Mbit/s with framing)
[1;36m[Device: id=3] RX[0m: 9.37 Mpps, 4796 Mbit/s (6295 Mbit/s with framing)
[0;34m[Device: id=2] TX[0m: 9.77 Mpps, 5001 Mbit/s (6563 Mbit/s with framing)
[1;36m[Device: id=3] RX[0m: 9.37 Mpps, 4796 Mbit/s (6295 Mbit/s with framing)
[0;34m[Device: id=2] TX[0m: 9.77 Mpps, 5001 Mbit/s (6563 Mbit/s with framing)
[1;36m[Device: id=3] RX[0m: 9.37 Mpps, 4797 Mbit/s (6296 Mbit/s with framing)
[0;34m[Device: id=2] TX[0m: 9.77 Mpps, 5000 Mbit/s (6563 Mbit/s with framing)
[1;36m[Device: id=3] RX[0m: 9.37 Mpps, 4797 Mbit/s (6296 Mbit/s with framing)
[0;34m[Device: id=2] TX[0m: 9.77 Mpps, 5001 Mbit/s (6563 Mbit/s with framing)
[1;36m[Device: id=3] RX[0m: 9.37 Mpps, 4797 Mbit/s (6296 Mbit/s with framing)
[0;34m[Device: id=2] TX[0m: 9.77 Mpps, 5001 Mbit/s (6563 Mbit/s with framing)
[1;36m[Device: id=3] RX[0m: 9.37 Mpps, 4796 Mbit/s (6295 Mbit/s with framing)
[0;34m[Device: id=2] TX[0m: 9.76 Mpps, 4999 Mbit/s (6562 Mbit/s with framing)
[1;36m[Device: id=3] RX[0m: 9.37 Mpps, 4796 Mbit/s (6295 Mbit/s with framing)
[0;34m[Device: id=2] TX[0m: 9.76 Mpps, 4999 Mbit/s (6562 Mbit/s with framing)
[1;36m[Device: id=3] RX[0m: 9.37 Mpps, 4797 Mbit/s (6296 Mbit/s with framing)
[0;34m[Device: id=2] TX[0m: 9.77 Mpps, 5001 Mbit/s (6563 Mbit/s with framing)
[1;36m[Device: id=3] RX[0m: 9.37 Mpps, 4796 Mbit/s (6295 Mbit/s with framing)
[0;34m[Device: id=2] TX[0m: 9.77 Mpps, 5001 Mbit/s (6563 Mbit/s with framing)
[1;36m[Device: id=3] RX[0m: 9.37 Mpps, 4797 Mbit/s (6296 Mbit/s with framing)
[0;34m[Device: id=2] TX[0m: 9.77 Mpps, 5001 Mbit/s (6563 Mbit/s with framing)
[1;36m[Device: id=3] RX[0m: 9.37 Mpps, 4797 Mbit/s (6296 Mbit/s with framing)
[0;34m[Device: id=2] TX[0m: 9.77 Mpps, 5000 Mbit/s (6563 Mbit/s with framing)
[1;36m[Device: id=3] RX[0m: 9.37 Mpps, 4797 Mbit/s (6296 Mbit/s with framing)
[0;34m[Device: id=2] TX[0m: 9.77 Mpps, 5000 Mbit/s (6563 Mbit/s with framing)
[1;36m[Device: id=3] RX[0m: 9.37 Mpps, 4796 Mbit/s (6294 Mbit/s with framing)
[0;34m[Device: id=2] TX[0m: 9.77 Mpps, 5000 Mbit/s (6563 Mbit/s with framing)
[1;36m[Device: id=3] RX[0m: 9.37 Mpps, 4797 Mbit/s (6296 Mbit/s with framing)
[0;34m[Device: id=2] TX[0m: 9.77 Mpps, 5001 Mbit/s (6563 Mbit/s with framing)
[1;36m[Device: id=3] RX[0m: 9.37 Mpps, 4797 Mbit/s (6296 Mbit/s with framing)
[0;34m[Device: id=2] TX[0m: 9.77 Mpps, 5000 Mbit/s (6563 Mbit/s with framing)
[1;36m[Device: id=3] RX[0m: 9.37 Mpps, 4797 Mbit/s (6296 Mbit/s with framing)
[0;34m[Device: id=2] TX[0m: 9.77 Mpps, 5000 Mbit/s (6563 Mbit/s with framing)
[1;36m[Device: id=3] RX[0m: 9.20 Mpps, 4713 Mbit/s (6186 Mbit/s with framing)
Samples: 16314, Average: 565987.8 ns, StdDev: 6194.1 ns, Quartiles: 562115.0/565515.0/569564.0 ns
[1;37m[INFO]  Saving histogram to '/tmp/l2_bridging_mbit5000.histogram.csv'[0m
[1;37m[INFO]  Saving latency to '/tmp/l2_bridging_mbit5000.latency.csv'[0m
[0;34m[Device: id=2] TX[0m: 9.76 (StdDev 0.05) Mpps, 4995 (StdDev 24) Mbit/s (6556 Mbit/s with framing), total 205358024 packets with 13142913536 bytes (incl. CRC)
[1;36m[Device: id=3] RX[0m: 9.36 (StdDev 0.04) Mpps, 4792 (StdDev 19) Mbit/s (6290 Mbit/s with framing), total 196825549 packets with 12596835136 bytes (incl. CRC)
[1;37m[INFO]  Saving throughput to '/tmp/l2_bridging_mbit5000.throughput.csv'[0m
