[1;37m[INFO]  Initializing DPDK. This will take a few seconds...[0m
EAL: Probing VFIO support...
EAL: PCI device 0000:05:00.0 on NUMA socket 0
EAL:   probe driver: 8086:1528 net_ixgbe
EAL: PCI device 0000:05:00.1 on NUMA socket 0
EAL:   probe driver: 8086:1528 net_ixgbe
EAL: PCI device 0000:83:00.0 on NUMA socket 1
EAL:   probe driver: 8086:1528 net_ixgbe
EAL: PCI device 0000:83:00.1 on NUMA socket 1
EAL:   probe driver: 8086:1528 net_ixgbe
EAL: PCI device 0000:87:00.0 on NUMA socket 1
EAL:   probe driver: 8086:1526 net_e1000_igb
EAL: PCI device 0000:87:00.1 on NUMA socket 1
EAL:   probe driver: 8086:1526 net_e1000_igb
EAL: PCI device 0000:89:00.0 on NUMA socket 1
EAL:   probe driver: 8086:1526 net_e1000_igb
EAL: PCI device 0000:89:00.1 on NUMA socket 1
EAL:   probe driver: 8086:1526 net_e1000_igb
[1;37m[INFO]  Found 7 usable devices:[0m
   Device 0: 00:25:90:E8:40:C0 ([0;32mIntel Corporation Ethernet Controller 10-Gigabit X540-AT2[0m)
   Device 1: 00:25:90:E8:40:C1 ([0;32mIntel Corporation Ethernet Controller 10-Gigabit X540-AT2[0m)
   Device 2: A0:36:9F:3B:5B:4C ([0;32mIntel Corporation Ethernet Controller 10-Gigabit X540-AT2[0m)
   Device 3: A0:36:9F:3B:5B:4E ([0;32mIntel Corporation Ethernet Controller 10-Gigabit X540-AT2[0m)
   Device 4: 90:E2:BA:1C:55:7D ([0;32mIntel Corporation 82576 Gigabit Network Connection[0m)
   Device 5: 90:E2:BA:1C:55:7E ([0;32mIntel Corporation 82576 Gigabit Network Connection[0m)
   Device 6: 90:E2:BA:1C:55:7F ([0;32mIntel Corporation 82576 Gigabit Network Connection[0m)
PMD: ixgbe_dev_link_status_print():  Port 2: Link Down
PMD: ixgbe_dev_link_status_print():  Port 3: Link Down
[1;37m[INFO]  Waiting for devices to come up...[0m
[1;37m[INFO]  Device 2 (A0:36:9F:3B:5B:4C) is up: 10000 MBit/s[0m
[1;37m[INFO]  Device 3 (A0:36:9F:3B:5B:4E) is up: 10000 MBit/s[0m
[1;37m[INFO]  [0;32m2 devices are up.[0m[0m
[1;37m[INFO]  waiting for first successful packet...[0m
[1;37m[INFO]  warmup packet sent[0m
[1;37m[INFO]  warmup packet sent[0m
[1;37m[INFO]  warmup packet sent[0m
[1;37m[INFO]  first packet received[0m
[0;34m[Device: id=2] TX[0m: 10.12 Mpps, 5182 Mbit/s (6801 Mbit/s with framing)
[1;36m[Device: id=3] RX[0m: 6.38 Mpps, 3266 Mbit/s (4287 Mbit/s with framing)
[0;34m[Device: id=2] TX[0m: 9.92 Mpps, 5079 Mbit/s (6666 Mbit/s with framing)
[1;36m[Device: id=3] RX[0m: 6.52 Mpps, 3337 Mbit/s (4379 Mbit/s with framing)
[0;34m[Device: id=2] TX[0m: 10.12 Mpps, 5183 Mbit/s (6803 Mbit/s with framing)
[1;36m[Device: id=3] RX[0m: 6.52 Mpps, 3336 Mbit/s (4378 Mbit/s with framing)
[0;34m[Device: id=2] TX[0m: 10.12 Mpps, 5183 Mbit/s (6802 Mbit/s with framing)
[1;36m[Device: id=3] RX[0m: 6.51 Mpps, 3336 Mbit/s (4378 Mbit/s with framing)
[0;34m[Device: id=2] TX[0m: 10.13 Mpps, 5184 Mbit/s (6804 Mbit/s with framing)
[1;36m[Device: id=3] RX[0m: 6.51 Mpps, 3336 Mbit/s (4378 Mbit/s with framing)
[0;34m[Device: id=2] TX[0m: 10.12 Mpps, 5184 Mbit/s (6804 Mbit/s with framing)
[1;36m[Device: id=3] RX[0m: 6.52 Mpps, 3337 Mbit/s (4380 Mbit/s with framing)
[0;34m[Device: id=2] TX[0m: 10.13 Mpps, 5188 Mbit/s (6809 Mbit/s with framing)
[1;36m[Device: id=3] RX[0m: 6.52 Mpps, 3336 Mbit/s (4379 Mbit/s with framing)
[0;34m[Device: id=2] TX[0m: 10.11 Mpps, 5175 Mbit/s (6792 Mbit/s with framing)
[1;36m[Device: id=3] RX[0m: 6.51 Mpps, 3335 Mbit/s (4378 Mbit/s with framing)
[0;34m[Device: id=2] TX[0m: 10.13 Mpps, 5186 Mbit/s (6807 Mbit/s with framing)
[1;36m[Device: id=3] RX[0m: 6.51 Mpps, 3335 Mbit/s (4377 Mbit/s with framing)
[0;34m[Device: id=2] TX[0m: 10.14 Mpps, 5189 Mbit/s (6811 Mbit/s with framing)
[1;36m[Device: id=3] RX[0m: 6.51 Mpps, 3336 Mbit/s (4378 Mbit/s with framing)
[0;34m[Device: id=2] TX[0m: 10.14 Mpps, 5193 Mbit/s (6816 Mbit/s with framing)
[1;36m[Device: id=3] RX[0m: 6.52 Mpps, 3336 Mbit/s (4379 Mbit/s with framing)
[0;34m[Device: id=2] TX[0m: 10.13 Mpps, 5189 Mbit/s (6810 Mbit/s with framing)
[1;36m[Device: id=3] RX[0m: 6.52 Mpps, 3336 Mbit/s (4379 Mbit/s with framing)
[0;34m[Device: id=2] TX[0m: 10.14 Mpps, 5193 Mbit/s (6815 Mbit/s with framing)
[1;36m[Device: id=3] RX[0m: 6.52 Mpps, 3336 Mbit/s (4379 Mbit/s with framing)
[0;34m[Device: id=2] TX[0m: 10.14 Mpps, 5190 Mbit/s (6812 Mbit/s with framing)
[1;36m[Device: id=3] RX[0m: 6.52 Mpps, 3337 Mbit/s (4380 Mbit/s with framing)
[0;34m[Device: id=2] TX[0m: 10.14 Mpps, 5193 Mbit/s (6815 Mbit/s with framing)
[1;36m[Device: id=3] RX[0m: 6.52 Mpps, 3336 Mbit/s (4378 Mbit/s with framing)
[0;34m[Device: id=2] TX[0m: 10.14 Mpps, 5193 Mbit/s (6816 Mbit/s with framing)
[1;36m[Device: id=3] RX[0m: 6.52 Mpps, 3337 Mbit/s (4380 Mbit/s with framing)
[0;34m[Device: id=2] TX[0m: 10.14 Mpps, 5192 Mbit/s (6815 Mbit/s with framing)
[1;36m[Device: id=3] RX[0m: 6.52 Mpps, 3336 Mbit/s (4379 Mbit/s with framing)
Samples: 7152, Average: 819621.1 ns, StdDev: 11471.8 ns, Quartiles: 815081.0/820907.0/826192.0 ns
[1;37m[INFO]  Saving histogram to '/tmp/l2_multimac_10000000.histogram.csv'[0m
[1;37m[INFO]  Saving latency to '/tmp/l2_multimac_10000000.latency.csv'[0m
[0;34m[Device: id=2] TX[0m: 10.12 (StdDev 0.05) Mpps, 5181 (StdDev 28) Mbit/s (6800 Mbit/s with framing), total 181615609 packets with 11623398976 bytes (incl. CRC)
[1;36m[Device: id=3] RX[0m: 6.52 (StdDev 0.00) Mpps, 3336 (StdDev 1) Mbit/s (4379 Mbit/s with framing), total 116797853 packets with 7475062592 bytes (incl. CRC)
[1;37m[INFO]  Saving throughput to '/tmp/l2_multimac_10000000.throughput.csv'[0m
