[1;37m[INFO]  Initializing DPDK. This will take a few seconds...[0m
EAL: Probing VFIO support...
EAL: PCI device 0000:05:00.0 on NUMA socket 0
EAL:   probe driver: 8086:1528 net_ixgbe
EAL: PCI device 0000:05:00.1 on NUMA socket 0
EAL:   probe driver: 8086:1528 net_ixgbe
EAL: PCI device 0000:83:00.0 on NUMA socket 1
EAL:   probe driver: 8086:1528 net_ixgbe
EAL: PCI device 0000:83:00.1 on NUMA socket 1
EAL:   probe driver: 8086:1528 net_ixgbe
EAL: PCI device 0000:87:00.0 on NUMA socket 1
EAL:   probe driver: 8086:1526 net_e1000_igb
EAL: PCI device 0000:87:00.1 on NUMA socket 1
EAL:   probe driver: 8086:1526 net_e1000_igb
EAL: PCI device 0000:89:00.0 on NUMA socket 1
EAL:   probe driver: 8086:1526 net_e1000_igb
EAL: PCI device 0000:89:00.1 on NUMA socket 1
EAL:   probe driver: 8086:1526 net_e1000_igb
[1;37m[INFO]  Found 7 usable devices:[0m
   Device 0: 00:25:90:E8:40:C0 ([0;32mIntel Corporation Ethernet Controller 10-Gigabit X540-AT2[0m)
   Device 1: 00:25:90:E8:40:C1 ([0;32mIntel Corporation Ethernet Controller 10-Gigabit X540-AT2[0m)
   Device 2: A0:36:9F:3B:5B:4C ([0;32mIntel Corporation Ethernet Controller 10-Gigabit X540-AT2[0m)
   Device 3: A0:36:9F:3B:5B:4E ([0;32mIntel Corporation Ethernet Controller 10-Gigabit X540-AT2[0m)
   Device 4: 90:E2:BA:1C:55:7D ([0;32mIntel Corporation 82576 Gigabit Network Connection[0m)
   Device 5: 90:E2:BA:1C:55:7E ([0;32mIntel Corporation 82576 Gigabit Network Connection[0m)
   Device 6: 90:E2:BA:1C:55:7F ([0;32mIntel Corporation 82576 Gigabit Network Connection[0m)
PMD: ixgbe_dev_link_status_print():  Port 2: Link Down
PMD: ixgbe_dev_link_status_print():  Port 3: Link Down
[1;37m[INFO]  Waiting for devices to come up...[0m
[1;37m[INFO]  Device 3 (A0:36:9F:3B:5B:4E) is up: 10000 MBit/s[0m
[1;37m[INFO]  Device 2 (A0:36:9F:3B:5B:4C) is up: 10000 MBit/s[0m
[1;37m[INFO]  [0;32m2 devices are up.[0m[0m
[1;37m[INFO]  waiting for first successful packet...[0m
[1;37m[INFO]  warmup packet sent[0m
[1;37m[INFO]  first packet received[0m
[0;34m[Device: id=2] TX[0m: 10.15 Mpps, 5199 Mbit/s (6823 Mbit/s with framing)
[1;36m[Device: id=3] RX[0m: 6.64 Mpps, 3399 Mbit/s (4462 Mbit/s with framing)
[0;34m[Device: id=2] TX[0m: 9.93 Mpps, 5086 Mbit/s (6675 Mbit/s with framing)
[1;36m[Device: id=3] RX[0m: 6.78 Mpps, 3473 Mbit/s (4559 Mbit/s with framing)
[0;34m[Device: id=2] TX[0m: 10.14 Mpps, 5191 Mbit/s (6813 Mbit/s with framing)
[1;36m[Device: id=3] RX[0m: 6.78 Mpps, 3474 Mbit/s (4559 Mbit/s with framing)
[0;34m[Device: id=2] TX[0m: 10.13 Mpps, 5187 Mbit/s (6808 Mbit/s with framing)
[1;36m[Device: id=3] RX[0m: 6.79 Mpps, 3474 Mbit/s (4560 Mbit/s with framing)
[0;34m[Device: id=2] TX[0m: 10.14 Mpps, 5190 Mbit/s (6812 Mbit/s with framing)
[1;36m[Device: id=3] RX[0m: 6.78 Mpps, 3473 Mbit/s (4559 Mbit/s with framing)
[0;34m[Device: id=2] TX[0m: 10.14 Mpps, 5191 Mbit/s (6814 Mbit/s with framing)
[1;36m[Device: id=3] RX[0m: 6.78 Mpps, 3474 Mbit/s (4559 Mbit/s with framing)
[0;34m[Device: id=2] TX[0m: 10.14 Mpps, 5191 Mbit/s (6813 Mbit/s with framing)
[1;36m[Device: id=3] RX[0m: 6.79 Mpps, 3474 Mbit/s (4560 Mbit/s with framing)
[0;34m[Device: id=2] TX[0m: 10.14 Mpps, 5193 Mbit/s (6815 Mbit/s with framing)
[1;36m[Device: id=3] RX[0m: 6.79 Mpps, 3474 Mbit/s (4560 Mbit/s with framing)
[0;34m[Device: id=2] TX[0m: 10.14 Mpps, 5194 Mbit/s (6817 Mbit/s with framing)
[1;36m[Device: id=3] RX[0m: 6.78 Mpps, 3473 Mbit/s (4558 Mbit/s with framing)
[0;34m[Device: id=2] TX[0m: 10.15 Mpps, 5196 Mbit/s (6820 Mbit/s with framing)
[1;36m[Device: id=3] RX[0m: 6.78 Mpps, 3472 Mbit/s (4557 Mbit/s with framing)
[0;34m[Device: id=2] TX[0m: 10.11 Mpps, 5178 Mbit/s (6796 Mbit/s with framing)
[1;36m[Device: id=3] RX[0m: 6.78 Mpps, 3472 Mbit/s (4558 Mbit/s with framing)
[0;34m[Device: id=2] TX[0m: 10.15 Mpps, 5197 Mbit/s (6821 Mbit/s with framing)
[1;36m[Device: id=3] RX[0m: 6.78 Mpps, 3472 Mbit/s (4557 Mbit/s with framing)
[0;34m[Device: id=2] TX[0m: 10.16 Mpps, 5200 Mbit/s (6825 Mbit/s with framing)
[1;36m[Device: id=3] RX[0m: 6.78 Mpps, 3472 Mbit/s (4557 Mbit/s with framing)
[0;34m[Device: id=2] TX[0m: 10.15 Mpps, 5197 Mbit/s (6821 Mbit/s with framing)
[1;36m[Device: id=3] RX[0m: 6.78 Mpps, 3473 Mbit/s (4558 Mbit/s with framing)
[0;34m[Device: id=2] TX[0m: 10.16 Mpps, 5200 Mbit/s (6824 Mbit/s with framing)
[1;36m[Device: id=3] RX[0m: 6.78 Mpps, 3472 Mbit/s (4557 Mbit/s with framing)
[0;34m[Device: id=2] TX[0m: 10.15 Mpps, 5198 Mbit/s (6823 Mbit/s with framing)
[1;36m[Device: id=3] RX[0m: 6.78 Mpps, 3473 Mbit/s (4558 Mbit/s with framing)
[0;34m[Device: id=2] TX[0m: 10.16 Mpps, 5200 Mbit/s (6825 Mbit/s with framing)
[1;36m[Device: id=3] RX[0m: 6.78 Mpps, 3473 Mbit/s (4558 Mbit/s with framing)
[0;34m[Device: id=2] TX[0m: 10.16 Mpps, 5201 Mbit/s (6826 Mbit/s with framing)
[1;36m[Device: id=3] RX[0m: 6.78 Mpps, 3473 Mbit/s (4558 Mbit/s with framing)
[0;34m[Device: id=2] TX[0m: 10.15 Mpps, 5199 Mbit/s (6824 Mbit/s with framing)
[1;36m[Device: id=3] RX[0m: 6.79 Mpps, 3474 Mbit/s (4560 Mbit/s with framing)
[0;34m[Device: id=2] TX[0m: 10.16 Mpps, 5200 Mbit/s (6825 Mbit/s with framing)
[1;36m[Device: id=3] RX[0m: 6.79 Mpps, 3474 Mbit/s (4560 Mbit/s with framing)
[0;34m[Device: id=2] TX[0m: 10.13 Mpps, 5185 Mbit/s (6805 Mbit/s with framing)
Samples: 8066, Average: 773612.8 ns, StdDev: 102590.3 ns, Quartiles: 782345.0/787856.0/792987.0 ns
[1;37m[INFO]  Saving histogram to '/tmp/l2_multimac_100000.histogram.csv'[0m
[1;37m[INFO]  Saving latency to '/tmp/l2_multimac_100000.latency.csv'[0m
[0;34m[Device: id=2] TX[0m: 10.13 (StdDev 0.05) Mpps, 5189 (StdDev 25) Mbit/s (6810 Mbit/s with framing), total 212945317 packets with 13628500288 bytes (incl. CRC)
[1;36m[Device: id=3] RX[0m: 6.78 (StdDev 0.00) Mpps, 3473 (StdDev 1) Mbit/s (4559 Mbit/s with framing), total 142388642 packets with 9112873088 bytes (incl. CRC)
[1;37m[INFO]  Saving throughput to '/tmp/l2_multimac_100000.throughput.csv'[0m
