[1;37m[INFO]  Initializing DPDK. This will take a few seconds...[0m
EAL: Probing VFIO support...
EAL: PCI device 0000:05:00.0 on NUMA socket 0
EAL:   probe driver: 8086:1528 net_ixgbe
EAL: PCI device 0000:05:00.1 on NUMA socket 0
EAL:   probe driver: 8086:1528 net_ixgbe
EAL: PCI device 0000:83:00.0 on NUMA socket 1
EAL:   probe driver: 8086:1528 net_ixgbe
EAL: PCI device 0000:83:00.1 on NUMA socket 1
EAL:   probe driver: 8086:1528 net_ixgbe
EAL: PCI device 0000:87:00.0 on NUMA socket 1
EAL:   probe driver: 8086:1526 net_e1000_igb
EAL: PCI device 0000:87:00.1 on NUMA socket 1
EAL:   probe driver: 8086:1526 net_e1000_igb
EAL: PCI device 0000:89:00.0 on NUMA socket 1
EAL:   probe driver: 8086:1526 net_e1000_igb
EAL: PCI device 0000:89:00.1 on NUMA socket 1
EAL:   probe driver: 8086:1526 net_e1000_igb
[1;37m[INFO]  Found 7 usable devices:[0m
   Device 0: 00:25:90:E8:40:C0 ([0;32mIntel Corporation Ethernet Controller 10-Gigabit X540-AT2[0m)
   Device 1: 00:25:90:E8:40:C1 ([0;32mIntel Corporation Ethernet Controller 10-Gigabit X540-AT2[0m)
   Device 2: A0:36:9F:3B:5B:4C ([0;32mIntel Corporation Ethernet Controller 10-Gigabit X540-AT2[0m)
   Device 3: A0:36:9F:3B:5B:4E ([0;32mIntel Corporation Ethernet Controller 10-Gigabit X540-AT2[0m)
   Device 4: 90:E2:BA:1C:55:7D ([0;32mIntel Corporation 82576 Gigabit Network Connection[0m)
   Device 5: 90:E2:BA:1C:55:7E ([0;32mIntel Corporation 82576 Gigabit Network Connection[0m)
   Device 6: 90:E2:BA:1C:55:7F ([0;32mIntel Corporation 82576 Gigabit Network Connection[0m)
PMD: ixgbe_dev_link_status_print():  Port 2: Link Down
PMD: ixgbe_dev_link_status_print():  Port 3: Link Down
[1;37m[INFO]  Waiting for devices to come up...[0m
[1;37m[INFO]  Device 2 (A0:36:9F:3B:5B:4C) is up: 10000 MBit/s[0m
[1;37m[INFO]  Device 3 (A0:36:9F:3B:5B:4E) is up: 10000 MBit/s[0m
[1;37m[INFO]  [0;32m2 devices are up.[0m[0m
[1;37m[INFO]  waiting for first successful packet...[0m
[1;37m[INFO]  warmup packet sent[0m
[1;37m[INFO]  first packet received[0m
[0;34m[Device: id=2] TX[0m: 10.11 Mpps, 5175 Mbit/s (6792 Mbit/s with framing)
[1;36m[Device: id=3] RX[0m: 6.63 Mpps, 3394 Mbit/s (4454 Mbit/s with framing)
[0;34m[Device: id=2] TX[0m: 9.88 Mpps, 5061 Mbit/s (6643 Mbit/s with framing)
[1;36m[Device: id=3] RX[0m: 6.78 Mpps, 3470 Mbit/s (4554 Mbit/s with framing)
[0;34m[Device: id=2] TX[0m: 10.08 Mpps, 5162 Mbit/s (6776 Mbit/s with framing)
[1;36m[Device: id=3] RX[0m: 6.77 Mpps, 3469 Mbit/s (4553 Mbit/s with framing)
[0;34m[Device: id=2] TX[0m: 10.09 Mpps, 5168 Mbit/s (6782 Mbit/s with framing)
[1;36m[Device: id=3] RX[0m: 6.78 Mpps, 3470 Mbit/s (4555 Mbit/s with framing)
[0;34m[Device: id=2] TX[0m: 10.09 Mpps, 5169 Mbit/s (6784 Mbit/s with framing)
[1;36m[Device: id=3] RX[0m: 6.78 Mpps, 3471 Mbit/s (4555 Mbit/s with framing)
[0;34m[Device: id=2] TX[0m: 10.10 Mpps, 5171 Mbit/s (6787 Mbit/s with framing)
[1;36m[Device: id=3] RX[0m: 6.78 Mpps, 3469 Mbit/s (4553 Mbit/s with framing)
[0;34m[Device: id=2] TX[0m: 10.10 Mpps, 5169 Mbit/s (6785 Mbit/s with framing)
[1;36m[Device: id=3] RX[0m: 6.78 Mpps, 3469 Mbit/s (4554 Mbit/s with framing)
[0;34m[Device: id=2] TX[0m: 10.10 Mpps, 5172 Mbit/s (6789 Mbit/s with framing)
[1;36m[Device: id=3] RX[0m: 6.77 Mpps, 3468 Mbit/s (4552 Mbit/s with framing)
[0;34m[Device: id=2] TX[0m: 10.10 Mpps, 5173 Mbit/s (6789 Mbit/s with framing)
[1;36m[Device: id=3] RX[0m: 6.77 Mpps, 3469 Mbit/s (4553 Mbit/s with framing)
[0;34m[Device: id=2] TX[0m: 10.11 Mpps, 5178 Mbit/s (6797 Mbit/s with framing)
[1;36m[Device: id=3] RX[0m: 6.77 Mpps, 3468 Mbit/s (4552 Mbit/s with framing)
[0;34m[Device: id=2] TX[0m: 10.09 Mpps, 5167 Mbit/s (6781 Mbit/s with framing)
[1;36m[Device: id=3] RX[0m: 6.77 Mpps, 3469 Mbit/s (4553 Mbit/s with framing)
[0;34m[Device: id=2] TX[0m: 10.11 Mpps, 5176 Mbit/s (6793 Mbit/s with framing)
[1;36m[Device: id=3] RX[0m: 6.77 Mpps, 3468 Mbit/s (4552 Mbit/s with framing)
[0;34m[Device: id=2] TX[0m: 10.10 Mpps, 5173 Mbit/s (6790 Mbit/s with framing)
[1;36m[Device: id=3] RX[0m: 6.77 Mpps, 3469 Mbit/s (4553 Mbit/s with framing)
[0;34m[Device: id=2] TX[0m: 10.11 Mpps, 5179 Mbit/s (6797 Mbit/s with framing)
[1;36m[Device: id=3] RX[0m: 6.77 Mpps, 3468 Mbit/s (4552 Mbit/s with framing)
[0;34m[Device: id=2] TX[0m: 10.10 Mpps, 5173 Mbit/s (6790 Mbit/s with framing)
[1;36m[Device: id=3] RX[0m: 6.78 Mpps, 3469 Mbit/s (4553 Mbit/s with framing)
[0;34m[Device: id=2] TX[0m: 10.11 Mpps, 5177 Mbit/s (6795 Mbit/s with framing)
[1;36m[Device: id=3] RX[0m: 6.78 Mpps, 3470 Mbit/s (4554 Mbit/s with framing)
[0;34m[Device: id=2] TX[0m: 10.11 Mpps, 5176 Mbit/s (6793 Mbit/s with framing)
[1;36m[Device: id=3] RX[0m: 6.77 Mpps, 3468 Mbit/s (4552 Mbit/s with framing)
[0;34m[Device: id=2] TX[0m: 10.11 Mpps, 5176 Mbit/s (6794 Mbit/s with framing)
[1;36m[Device: id=3] RX[0m: 6.78 Mpps, 3470 Mbit/s (4554 Mbit/s with framing)
[0;34m[Device: id=2] TX[0m: 10.11 Mpps, 5174 Mbit/s (6791 Mbit/s with framing)
[1;36m[Device: id=3] RX[0m: 6.78 Mpps, 3471 Mbit/s (4555 Mbit/s with framing)
[0;34m[Device: id=2] TX[0m: 10.10 Mpps, 5172 Mbit/s (6789 Mbit/s with framing)
[1;36m[Device: id=3] RX[0m: 6.77 Mpps, 3468 Mbit/s (4552 Mbit/s with framing)
Samples: 8792, Average: 775496.6 ns, StdDev: 98804.5 ns, Quartiles: 783271.0/788928.0/794198.0 ns
[1;37m[INFO]  Saving histogram to '/tmp/l2_multimac_10000.histogram.csv'[0m
[1;37m[INFO]  Saving latency to '/tmp/l2_multimac_10000.latency.csv'[0m
[0;34m[Device: id=2] TX[0m: 10.09 (StdDev 0.05) Mpps, 5167 (StdDev 26) Mbit/s (6781 Mbit/s with framing), total 211492845 packets with 13535542080 bytes (incl. CRC)
[1;36m[Device: id=3] RX[0m: 6.78 (StdDev 0.00) Mpps, 3469 (StdDev 1) Mbit/s (4553 Mbit/s with framing), total 141847995 packets with 9078271680 bytes (incl. CRC)
[1;37m[INFO]  Saving throughput to '/tmp/l2_multimac_10000.throughput.csv'[0m
