[1;37m[INFO]  Initializing DPDK. This will take a few seconds...[0m
EAL: Probing VFIO support...
EAL: PCI device 0000:05:00.0 on NUMA socket 0
EAL:   probe driver: 8086:1528 net_ixgbe
EAL: PCI device 0000:05:00.1 on NUMA socket 0
EAL:   probe driver: 8086:1528 net_ixgbe
EAL: PCI device 0000:83:00.0 on NUMA socket 1
EAL:   probe driver: 8086:1528 net_ixgbe
EAL: PCI device 0000:83:00.1 on NUMA socket 1
EAL:   probe driver: 8086:1528 net_ixgbe
EAL: PCI device 0000:87:00.0 on NUMA socket 1
EAL:   probe driver: 8086:1526 net_e1000_igb
EAL: PCI device 0000:87:00.1 on NUMA socket 1
EAL:   probe driver: 8086:1526 net_e1000_igb
EAL: PCI device 0000:89:00.0 on NUMA socket 1
EAL:   probe driver: 8086:1526 net_e1000_igb
EAL: PCI device 0000:89:00.1 on NUMA socket 1
EAL:   probe driver: 8086:1526 net_e1000_igb
[1;37m[INFO]  Found 7 usable devices:[0m
   Device 0: 00:25:90:E8:40:C0 ([0;32mIntel Corporation Ethernet Controller 10-Gigabit X540-AT2[0m)
   Device 1: 00:25:90:E8:40:C1 ([0;32mIntel Corporation Ethernet Controller 10-Gigabit X540-AT2[0m)
   Device 2: A0:36:9F:3B:5B:4C ([0;32mIntel Corporation Ethernet Controller 10-Gigabit X540-AT2[0m)
   Device 3: A0:36:9F:3B:5B:4E ([0;32mIntel Corporation Ethernet Controller 10-Gigabit X540-AT2[0m)
   Device 4: 90:E2:BA:1C:55:7D ([0;32mIntel Corporation 82576 Gigabit Network Connection[0m)
   Device 5: 90:E2:BA:1C:55:7E ([0;32mIntel Corporation 82576 Gigabit Network Connection[0m)
   Device 6: 90:E2:BA:1C:55:7F ([0;32mIntel Corporation 82576 Gigabit Network Connection[0m)
PMD: ixgbe_dev_link_status_print():  Port 2: Link Down
PMD: ixgbe_dev_link_status_print():  Port 3: Link Down
[1;37m[INFO]  Waiting for devices to come up...[0m
[1;37m[INFO]  Device 2 (A0:36:9F:3B:5B:4C) is up: 10000 MBit/s[0m
[1;37m[INFO]  Device 3 (A0:36:9F:3B:5B:4E) is up: 10000 MBit/s[0m
[1;37m[INFO]  [0;32m2 devices are up.[0m[0m
[1;37m[INFO]  waiting for first successful packet...[0m
[1;37m[INFO]  warmup packet sent[0m
[1;37m[INFO]  first packet received[0m
[0;34m[Device: id=2] TX[0m: 10.12 Mpps, 5183 Mbit/s (6803 Mbit/s with framing)
[1;36m[Device: id=3] RX[0m: 6.59 Mpps, 3372 Mbit/s (4426 Mbit/s with framing)
[0;34m[Device: id=2] TX[0m: 9.90 Mpps, 5071 Mbit/s (6656 Mbit/s with framing)
[1;36m[Device: id=3] RX[0m: 6.73 Mpps, 3444 Mbit/s (4521 Mbit/s with framing)
[0;34m[Device: id=2] TX[0m: 10.11 Mpps, 5177 Mbit/s (6795 Mbit/s with framing)
[1;36m[Device: id=3] RX[0m: 6.73 Mpps, 3445 Mbit/s (4521 Mbit/s with framing)
[0;34m[Device: id=2] TX[0m: 10.11 Mpps, 5175 Mbit/s (6792 Mbit/s with framing)
[1;36m[Device: id=3] RX[0m: 6.73 Mpps, 3444 Mbit/s (4520 Mbit/s with framing)
[0;34m[Device: id=2] TX[0m: 10.11 Mpps, 5176 Mbit/s (6793 Mbit/s with framing)
[1;36m[Device: id=3] RX[0m: 6.72 Mpps, 3443 Mbit/s (4519 Mbit/s with framing)
[0;34m[Device: id=2] TX[0m: 10.11 Mpps, 5175 Mbit/s (6792 Mbit/s with framing)
[1;36m[Device: id=3] RX[0m: 6.73 Mpps, 3444 Mbit/s (4520 Mbit/s with framing)
[0;34m[Device: id=2] TX[0m: 10.11 Mpps, 5175 Mbit/s (6793 Mbit/s with framing)
[1;36m[Device: id=3] RX[0m: 6.73 Mpps, 3444 Mbit/s (4520 Mbit/s with framing)
[0;34m[Device: id=2] TX[0m: 10.11 Mpps, 5177 Mbit/s (6795 Mbit/s with framing)
[1;36m[Device: id=3] RX[0m: 6.73 Mpps, 3444 Mbit/s (4521 Mbit/s with framing)
[0;34m[Device: id=2] TX[0m: 10.11 Mpps, 5179 Mbit/s (6797 Mbit/s with framing)
[1;36m[Device: id=3] RX[0m: 6.73 Mpps, 3445 Mbit/s (4521 Mbit/s with framing)
[0;34m[Device: id=2] TX[0m: 10.11 Mpps, 5178 Mbit/s (6797 Mbit/s with framing)
[1;36m[Device: id=3] RX[0m: 6.73 Mpps, 3444 Mbit/s (4520 Mbit/s with framing)
[0;34m[Device: id=2] TX[0m: 10.11 Mpps, 5175 Mbit/s (6792 Mbit/s with framing)
[1;36m[Device: id=3] RX[0m: 6.73 Mpps, 3444 Mbit/s (4520 Mbit/s with framing)
[0;34m[Device: id=2] TX[0m: 10.12 Mpps, 5183 Mbit/s (6802 Mbit/s with framing)
[1;36m[Device: id=3] RX[0m: 6.73 Mpps, 3445 Mbit/s (4522 Mbit/s with framing)
[0;34m[Device: id=2] TX[0m: 10.12 Mpps, 5181 Mbit/s (6800 Mbit/s with framing)
[1;36m[Device: id=3] RX[0m: 6.73 Mpps, 3445 Mbit/s (4521 Mbit/s with framing)
[0;34m[Device: id=2] TX[0m: 10.12 Mpps, 5184 Mbit/s (6804 Mbit/s with framing)
[1;36m[Device: id=3] RX[0m: 6.73 Mpps, 3445 Mbit/s (4521 Mbit/s with framing)
[0;34m[Device: id=2] TX[0m: 10.13 Mpps, 5184 Mbit/s (6804 Mbit/s with framing)
[1;36m[Device: id=3] RX[0m: 6.73 Mpps, 3445 Mbit/s (4522 Mbit/s with framing)
[0;34m[Device: id=2] TX[0m: 10.12 Mpps, 5184 Mbit/s (6804 Mbit/s with framing)
[1;36m[Device: id=3] RX[0m: 6.73 Mpps, 3445 Mbit/s (4521 Mbit/s with framing)
[0;34m[Device: id=2] TX[0m: 10.13 Mpps, 5184 Mbit/s (6804 Mbit/s with framing)
[1;36m[Device: id=3] RX[0m: 6.73 Mpps, 3444 Mbit/s (4520 Mbit/s with framing)
[0;34m[Device: id=2] TX[0m: 10.12 Mpps, 5180 Mbit/s (6799 Mbit/s with framing)
[1;36m[Device: id=3] RX[0m: 6.73 Mpps, 3444 Mbit/s (4520 Mbit/s with framing)
[0;34m[Device: id=2] TX[0m: 10.12 Mpps, 5183 Mbit/s (6803 Mbit/s with framing)
[1;36m[Device: id=3] RX[0m: 6.73 Mpps, 3445 Mbit/s (4522 Mbit/s with framing)
[0;34m[Device: id=2] TX[0m: 10.12 Mpps, 5184 Mbit/s (6804 Mbit/s with framing)
[1;36m[Device: id=3] RX[0m: 6.73 Mpps, 3445 Mbit/s (4522 Mbit/s with framing)
Samples: 8270, Average: 793541.0 ns, StdDev: 11653.1 ns, Quartiles: 788999.0/794502.0/799847.0 ns
[1;37m[INFO]  Saving histogram to '/tmp/l2_multimac_1000000.histogram.csv'[0m
[1;37m[INFO]  Saving latency to '/tmp/l2_multimac_1000000.latency.csv'[0m
[0;34m[Device: id=2] TX[0m: 10.11 (StdDev 0.05) Mpps, 5174 (StdDev 25) Mbit/s (6791 Mbit/s with framing), total 210127132 packets with 13448136448 bytes (incl. CRC)
[1;36m[Device: id=3] RX[0m: 6.73 (StdDev 0.00) Mpps, 3444 (StdDev 1) Mbit/s (4521 Mbit/s with framing), total 139746154 packets with 8943753856 bytes (incl. CRC)
[1;37m[INFO]  Saving throughput to '/tmp/l2_multimac_1000000.throughput.csv'[0m
