[1;37m[INFO]  Initializing DPDK. This will take a few seconds...[0m
EAL: Probing VFIO support...
EAL: PCI device 0000:05:00.0 on NUMA socket 0
EAL:   probe driver: 8086:1528 net_ixgbe
EAL: PCI device 0000:05:00.1 on NUMA socket 0
EAL:   probe driver: 8086:1528 net_ixgbe
EAL: PCI device 0000:83:00.0 on NUMA socket 1
EAL:   probe driver: 8086:1528 net_ixgbe
EAL: PCI device 0000:83:00.1 on NUMA socket 1
EAL:   probe driver: 8086:1528 net_ixgbe
EAL: PCI device 0000:87:00.0 on NUMA socket 1
EAL:   probe driver: 8086:1526 net_e1000_igb
EAL: PCI device 0000:87:00.1 on NUMA socket 1
EAL:   probe driver: 8086:1526 net_e1000_igb
EAL: PCI device 0000:89:00.0 on NUMA socket 1
EAL:   probe driver: 8086:1526 net_e1000_igb
EAL: PCI device 0000:89:00.1 on NUMA socket 1
EAL:   probe driver: 8086:1526 net_e1000_igb
[1;37m[INFO]  Found 7 usable devices:[0m
   Device 0: 00:25:90:E8:40:C0 ([0;32mIntel Corporation Ethernet Controller 10-Gigabit X540-AT2[0m)
   Device 1: 00:25:90:E8:40:C1 ([0;32mIntel Corporation Ethernet Controller 10-Gigabit X540-AT2[0m)
   Device 2: A0:36:9F:3B:5B:4C ([0;32mIntel Corporation Ethernet Controller 10-Gigabit X540-AT2[0m)
   Device 3: A0:36:9F:3B:5B:4E ([0;32mIntel Corporation Ethernet Controller 10-Gigabit X540-AT2[0m)
   Device 4: 90:E2:BA:1C:55:7D ([0;32mIntel Corporation 82576 Gigabit Network Connection[0m)
   Device 5: 90:E2:BA:1C:55:7E ([0;32mIntel Corporation 82576 Gigabit Network Connection[0m)
   Device 6: 90:E2:BA:1C:55:7F ([0;32mIntel Corporation 82576 Gigabit Network Connection[0m)
PMD: ixgbe_dev_link_status_print():  Port 2: Link Down
PMD: ixgbe_dev_link_status_print():  Port 3: Link Down
[1;37m[INFO]  Waiting for devices to come up...[0m
[1;37m[INFO]  Device 2 (A0:36:9F:3B:5B:4C) is up: 10000 MBit/s[0m
[1;37m[INFO]  Device 3 (A0:36:9F:3B:5B:4E) is up: 10000 MBit/s[0m
[1;37m[INFO]  [0;32m2 devices are up.[0m[0m
[1;37m[INFO]  waiting for first successful packet...[0m
[1;37m[INFO]  warmup packet sent[0m
[1;37m[INFO]  first packet received[0m
[0;34m[Device: id=2] TX[0m: 13.01 Mpps, 6662 Mbit/s (8743 Mbit/s with framing)
[1;36m[Device: id=3] RX[0m: 9.16 Mpps, 4690 Mbit/s (6155 Mbit/s with framing)
[0;34m[Device: id=2] TX[0m: 12.74 Mpps, 6525 Mbit/s (8564 Mbit/s with framing)
[1;36m[Device: id=3] RX[0m: 9.35 Mpps, 4785 Mbit/s (6280 Mbit/s with framing)
[0;34m[Device: id=2] TX[0m: 13.02 Mpps, 6666 Mbit/s (8749 Mbit/s with framing)
[1;36m[Device: id=3] RX[0m: 9.35 Mpps, 4786 Mbit/s (6282 Mbit/s with framing)
[0;34m[Device: id=2] TX[0m: 13.02 Mpps, 6667 Mbit/s (8750 Mbit/s with framing)
[1;36m[Device: id=3] RX[0m: 9.35 Mpps, 4786 Mbit/s (6282 Mbit/s with framing)
[0;34m[Device: id=2] TX[0m: 13.02 Mpps, 6666 Mbit/s (8749 Mbit/s with framing)
[1;36m[Device: id=3] RX[0m: 9.35 Mpps, 4787 Mbit/s (6282 Mbit/s with framing)
[0;34m[Device: id=2] TX[0m: 13.02 Mpps, 6667 Mbit/s (8750 Mbit/s with framing)
[1;36m[Device: id=3] RX[0m: 9.35 Mpps, 4786 Mbit/s (6282 Mbit/s with framing)
[0;34m[Device: id=2] TX[0m: 13.02 Mpps, 6666 Mbit/s (8750 Mbit/s with framing)
[1;36m[Device: id=3] RX[0m: 9.35 Mpps, 4787 Mbit/s (6282 Mbit/s with framing)
[0;34m[Device: id=2] TX[0m: 13.02 Mpps, 6667 Mbit/s (8750 Mbit/s with framing)
[1;36m[Device: id=3] RX[0m: 9.35 Mpps, 4786 Mbit/s (6282 Mbit/s with framing)
[0;34m[Device: id=2] TX[0m: 13.02 Mpps, 6666 Mbit/s (8749 Mbit/s with framing)
[1;36m[Device: id=3] RX[0m: 9.35 Mpps, 4786 Mbit/s (6282 Mbit/s with framing)
[0;34m[Device: id=2] TX[0m: 13.02 Mpps, 6667 Mbit/s (8750 Mbit/s with framing)
[1;36m[Device: id=3] RX[0m: 9.35 Mpps, 4785 Mbit/s (6281 Mbit/s with framing)
[0;34m[Device: id=2] TX[0m: 13.02 Mpps, 6664 Mbit/s (8747 Mbit/s with framing)
[1;36m[Device: id=3] RX[0m: 9.35 Mpps, 4786 Mbit/s (6282 Mbit/s with framing)
[0;34m[Device: id=2] TX[0m: 13.02 Mpps, 6666 Mbit/s (8749 Mbit/s with framing)
[1;36m[Device: id=3] RX[0m: 9.35 Mpps, 4786 Mbit/s (6282 Mbit/s with framing)
[0;34m[Device: id=2] TX[0m: 13.02 Mpps, 6666 Mbit/s (8749 Mbit/s with framing)
[1;36m[Device: id=3] RX[0m: 9.35 Mpps, 4786 Mbit/s (6282 Mbit/s with framing)
[0;34m[Device: id=2] TX[0m: 13.02 Mpps, 6667 Mbit/s (8750 Mbit/s with framing)
[1;36m[Device: id=3] RX[0m: 9.35 Mpps, 4785 Mbit/s (6281 Mbit/s with framing)
[0;34m[Device: id=2] TX[0m: 13.02 Mpps, 6667 Mbit/s (8750 Mbit/s with framing)
[1;36m[Device: id=3] RX[0m: 9.35 Mpps, 4787 Mbit/s (6283 Mbit/s with framing)
[0;34m[Device: id=2] TX[0m: 13.02 Mpps, 6667 Mbit/s (8750 Mbit/s with framing)
[1;36m[Device: id=3] RX[0m: 9.35 Mpps, 4786 Mbit/s (6282 Mbit/s with framing)
[0;34m[Device: id=2] TX[0m: 13.02 Mpps, 6666 Mbit/s (8749 Mbit/s with framing)
[1;36m[Device: id=3] RX[0m: 9.35 Mpps, 4786 Mbit/s (6282 Mbit/s with framing)
[0;34m[Device: id=2] TX[0m: 13.02 Mpps, 6667 Mbit/s (8750 Mbit/s with framing)
[1;36m[Device: id=3] RX[0m: 9.35 Mpps, 4786 Mbit/s (6281 Mbit/s with framing)
[0;34m[Device: id=2] TX[0m: 13.02 Mpps, 6667 Mbit/s (8750 Mbit/s with framing)
[1;36m[Device: id=3] RX[0m: 9.35 Mpps, 4786 Mbit/s (6282 Mbit/s with framing)
[0;34m[Device: id=2] TX[0m: 13.02 Mpps, 6667 Mbit/s (8750 Mbit/s with framing)
[1;36m[Device: id=3] RX[0m: 9.35 Mpps, 4786 Mbit/s (6281 Mbit/s with framing)
Samples: 3258, Average: 570844.7 ns, StdDev: 6472.4 ns, Quartiles: 564566.0/572184.0/573410.0 ns
[1;37m[INFO]  Saving histogram to '/tmp/l2_bridging_6600mbit.histogram.csv'[0m
[1;37m[INFO]  Saving latency to '/tmp/l2_bridging_6600mbit.latency.csv'[0m
[0;34m[Device: id=2] TX[0m: 13.01 (StdDev 0.06) Mpps, 6659 (StdDev 32) Mbit/s (8740 Mbit/s with framing), total 270354967 packets with 17302717888 bytes (incl. CRC)
[1;36m[Device: id=3] RX[0m: 9.35 (StdDev 0.00) Mpps, 4786 (StdDev 1) Mbit/s (6282 Mbit/s with framing), total 194115815 packets with 12423412160 bytes (incl. CRC)
[1;37m[INFO]  Saving throughput to '/tmp/l2_bridging_6600mbit.throughput.csv'[0m
