[1;37m[INFO]  Initializing DPDK. This will take a few seconds...[0m
EAL: Probing VFIO support...
EAL: PCI device 0000:05:00.0 on NUMA socket 0
EAL:   probe driver: 8086:1528 net_ixgbe
EAL: PCI device 0000:05:00.1 on NUMA socket 0
EAL:   probe driver: 8086:1528 net_ixgbe
EAL: PCI device 0000:83:00.0 on NUMA socket 1
EAL:   probe driver: 8086:1528 net_ixgbe
EAL: PCI device 0000:83:00.1 on NUMA socket 1
EAL:   probe driver: 8086:1528 net_ixgbe
EAL: PCI device 0000:87:00.0 on NUMA socket 1
EAL:   probe driver: 8086:1526 net_e1000_igb
EAL: PCI device 0000:87:00.1 on NUMA socket 1
EAL:   probe driver: 8086:1526 net_e1000_igb
EAL: PCI device 0000:89:00.0 on NUMA socket 1
EAL:   probe driver: 8086:1526 net_e1000_igb
EAL: PCI device 0000:89:00.1 on NUMA socket 1
EAL:   probe driver: 8086:1526 net_e1000_igb
[1;37m[INFO]  Found 7 usable devices:[0m
   Device 0: 00:25:90:E8:40:C0 ([0;32mIntel Corporation Ethernet Controller 10-Gigabit X540-AT2[0m)
   Device 1: 00:25:90:E8:40:C1 ([0;32mIntel Corporation Ethernet Controller 10-Gigabit X540-AT2[0m)
   Device 2: A0:36:9F:3B:5B:4C ([0;32mIntel Corporation Ethernet Controller 10-Gigabit X540-AT2[0m)
   Device 3: A0:36:9F:3B:5B:4E ([0;32mIntel Corporation Ethernet Controller 10-Gigabit X540-AT2[0m)
   Device 4: 90:E2:BA:1C:55:7D ([0;32mIntel Corporation 82576 Gigabit Network Connection[0m)
   Device 5: 90:E2:BA:1C:55:7E ([0;32mIntel Corporation 82576 Gigabit Network Connection[0m)
   Device 6: 90:E2:BA:1C:55:7F ([0;32mIntel Corporation 82576 Gigabit Network Connection[0m)
PMD: ixgbe_dev_link_status_print():  Port 2: Link Down
PMD: ixgbe_dev_link_status_print():  Port 3: Link Down
[1;37m[INFO]  Waiting for devices to come up...[0m
[1;37m[INFO]  Device 3 (A0:36:9F:3B:5B:4E) is up: 10000 MBit/s[0m
[1;37m[INFO]  Device 2 (A0:36:9F:3B:5B:4C) is up: 10000 MBit/s[0m
[1;37m[INFO]  [0;32m2 devices are up.[0m[0m
[1;37m[INFO]  waiting for first successful packet...[0m
[1;37m[INFO]  warmup packet sent[0m
[1;37m[INFO]  first packet received[0m
[0;34m[Device: id=2] TX[0m: 10.15 Mpps, 5195 Mbit/s (6819 Mbit/s with framing)
[1;36m[Device: id=3] RX[0m: 6.58 Mpps, 3367 Mbit/s (4419 Mbit/s with framing)
[0;34m[Device: id=2] TX[0m: 9.94 Mpps, 5090 Mbit/s (6681 Mbit/s with framing)
[1;36m[Device: id=3] RX[0m: 6.72 Mpps, 3440 Mbit/s (4516 Mbit/s with framing)
[0;34m[Device: id=2] TX[0m: 10.15 Mpps, 5196 Mbit/s (6820 Mbit/s with framing)
[1;36m[Device: id=3] RX[0m: 6.72 Mpps, 3440 Mbit/s (4515 Mbit/s with framing)
[0;34m[Device: id=2] TX[0m: 10.15 Mpps, 5199 Mbit/s (6824 Mbit/s with framing)
[1;36m[Device: id=3] RX[0m: 6.72 Mpps, 3441 Mbit/s (4516 Mbit/s with framing)
[0;34m[Device: id=2] TX[0m: 10.16 Mpps, 5202 Mbit/s (6828 Mbit/s with framing)
[1;36m[Device: id=3] RX[0m: 6.72 Mpps, 3440 Mbit/s (4516 Mbit/s with framing)
[0;34m[Device: id=2] TX[0m: 10.16 Mpps, 5201 Mbit/s (6827 Mbit/s with framing)
[1;36m[Device: id=3] RX[0m: 6.72 Mpps, 3440 Mbit/s (4515 Mbit/s with framing)
[0;34m[Device: id=2] TX[0m: 10.17 Mpps, 5205 Mbit/s (6831 Mbit/s with framing)
[1;36m[Device: id=3] RX[0m: 6.72 Mpps, 3440 Mbit/s (4515 Mbit/s with framing)
[0;34m[Device: id=2] TX[0m: 10.16 Mpps, 5200 Mbit/s (6825 Mbit/s with framing)
[1;36m[Device: id=3] RX[0m: 6.72 Mpps, 3439 Mbit/s (4514 Mbit/s with framing)
[0;34m[Device: id=2] TX[0m: 10.16 Mpps, 5202 Mbit/s (6828 Mbit/s with framing)
[1;36m[Device: id=3] RX[0m: 6.72 Mpps, 3440 Mbit/s (4515 Mbit/s with framing)
[0;34m[Device: id=2] TX[0m: 10.16 Mpps, 5200 Mbit/s (6825 Mbit/s with framing)
[1;36m[Device: id=3] RX[0m: 6.72 Mpps, 3440 Mbit/s (4514 Mbit/s with framing)
[0;34m[Device: id=2] TX[0m: 10.15 Mpps, 5196 Mbit/s (6819 Mbit/s with framing)
[1;36m[Device: id=3] RX[0m: 6.72 Mpps, 3440 Mbit/s (4516 Mbit/s with framing)
[0;34m[Device: id=2] TX[0m: 10.17 Mpps, 5207 Mbit/s (6834 Mbit/s with framing)
[1;36m[Device: id=3] RX[0m: 6.72 Mpps, 3439 Mbit/s (4514 Mbit/s with framing)
[0;34m[Device: id=2] TX[0m: 10.17 Mpps, 5208 Mbit/s (6835 Mbit/s with framing)
[1;36m[Device: id=3] RX[0m: 6.72 Mpps, 3440 Mbit/s (4515 Mbit/s with framing)
[0;34m[Device: id=2] TX[0m: 10.17 Mpps, 5205 Mbit/s (6832 Mbit/s with framing)
[1;36m[Device: id=3] RX[0m: 6.72 Mpps, 3441 Mbit/s (4516 Mbit/s with framing)
[0;34m[Device: id=2] TX[0m: 10.17 Mpps, 5207 Mbit/s (6835 Mbit/s with framing)
[1;36m[Device: id=3] RX[0m: 6.72 Mpps, 3441 Mbit/s (4517 Mbit/s with framing)
[0;34m[Device: id=2] TX[0m: 10.17 Mpps, 5209 Mbit/s (6837 Mbit/s with framing)
[1;36m[Device: id=3] RX[0m: 6.72 Mpps, 3441 Mbit/s (4516 Mbit/s with framing)
[0;34m[Device: id=2] TX[0m: 10.17 Mpps, 5209 Mbit/s (6837 Mbit/s with framing)
[1;36m[Device: id=3] RX[0m: 6.72 Mpps, 3439 Mbit/s (4514 Mbit/s with framing)
[0;34m[Device: id=2] TX[0m: 10.17 Mpps, 5206 Mbit/s (6833 Mbit/s with framing)
[1;36m[Device: id=3] RX[0m: 6.72 Mpps, 3441 Mbit/s (4516 Mbit/s with framing)
[0;34m[Device: id=2] TX[0m: 10.17 Mpps, 5207 Mbit/s (6835 Mbit/s with framing)
[1;36m[Device: id=3] RX[0m: 6.72 Mpps, 3441 Mbit/s (4516 Mbit/s with framing)
[0;34m[Device: id=2] TX[0m: 10.17 Mpps, 5205 Mbit/s (6832 Mbit/s with framing)
[1;36m[Device: id=3] RX[0m: 6.72 Mpps, 3441 Mbit/s (4516 Mbit/s with framing)
Samples: 7932, Average: 781508.8 ns, StdDev: 102866.9 ns, Quartiles: 790270.0/795475.0/800808.0 ns
[1;37m[INFO]  Saving histogram to '/tmp/l2_multimac_10000.histogram.csv'[0m
[1;37m[INFO]  Saving latency to '/tmp/l2_multimac_10000.latency.csv'[0m
[0;34m[Device: id=2] TX[0m: 10.15 (StdDev 0.05) Mpps, 5198 (StdDev 26) Mbit/s (6822 Mbit/s with framing), total 212265850 packets with 13585014400 bytes (incl. CRC)
[1;36m[Device: id=3] RX[0m: 6.72 (StdDev 0.00) Mpps, 3440 (StdDev 1) Mbit/s (4515 Mbit/s with framing), total 140362935 packets with 8983227840 bytes (incl. CRC)
[1;37m[INFO]  Saving throughput to '/tmp/l2_multimac_10000.throughput.csv'[0m
