[1;37m[INFO]  Initializing DPDK. This will take a few seconds...[0m
EAL: Probing VFIO support...
EAL: PCI device 0000:05:00.0 on NUMA socket 0
EAL:   probe driver: 8086:1528 net_ixgbe
EAL: PCI device 0000:05:00.1 on NUMA socket 0
EAL:   probe driver: 8086:1528 net_ixgbe
EAL: PCI device 0000:83:00.0 on NUMA socket 1
EAL:   probe driver: 8086:1528 net_ixgbe
EAL: PCI device 0000:83:00.1 on NUMA socket 1
EAL:   probe driver: 8086:1528 net_ixgbe
EAL: PCI device 0000:87:00.0 on NUMA socket 1
EAL:   probe driver: 8086:1526 net_e1000_igb
EAL: PCI device 0000:87:00.1 on NUMA socket 1
EAL:   probe driver: 8086:1526 net_e1000_igb
EAL: PCI device 0000:89:00.0 on NUMA socket 1
EAL:   probe driver: 8086:1526 net_e1000_igb
EAL: PCI device 0000:89:00.1 on NUMA socket 1
EAL:   probe driver: 8086:1526 net_e1000_igb
[1;37m[INFO]  Found 7 usable devices:[0m
   Device 0: 00:25:90:E8:40:C0 ([0;32mIntel Corporation Ethernet Controller 10-Gigabit X540-AT2[0m)
   Device 1: 00:25:90:E8:40:C1 ([0;32mIntel Corporation Ethernet Controller 10-Gigabit X540-AT2[0m)
   Device 2: A0:36:9F:3B:5B:4C ([0;32mIntel Corporation Ethernet Controller 10-Gigabit X540-AT2[0m)
   Device 3: A0:36:9F:3B:5B:4E ([0;32mIntel Corporation Ethernet Controller 10-Gigabit X540-AT2[0m)
   Device 4: 90:E2:BA:1C:55:7D ([0;32mIntel Corporation 82576 Gigabit Network Connection[0m)
   Device 5: 90:E2:BA:1C:55:7E ([0;32mIntel Corporation 82576 Gigabit Network Connection[0m)
   Device 6: 90:E2:BA:1C:55:7F ([0;32mIntel Corporation 82576 Gigabit Network Connection[0m)
PMD: ixgbe_dev_link_status_print():  Port 2: Link Down
PMD: ixgbe_dev_link_status_print():  Port 3: Link Down
[1;37m[INFO]  Waiting for devices to come up...[0m
[1;37m[INFO]  Device 2 (A0:36:9F:3B:5B:4C) is up: 10000 MBit/s[0m
[1;37m[INFO]  Device 3 (A0:36:9F:3B:5B:4E) is up: 10000 MBit/s[0m
[1;37m[INFO]  [0;32m2 devices are up.[0m[0m
[1;37m[INFO]  waiting for first successful packet...[0m
[1;37m[INFO]  warmup packet sent[0m
[1;37m[INFO]  warmup packet sent[0m
[1;37m[INFO]  warmup packet sent[0m
[1;37m[INFO]  first packet received[0m
[0;34m[Device: id=2] TX[0m: 10.20 Mpps, 5223 Mbit/s (6855 Mbit/s with framing)
[1;36m[Device: id=3] RX[0m: 6.63 Mpps, 3395 Mbit/s (4456 Mbit/s with framing)
[0;34m[Device: id=2] TX[0m: 9.99 Mpps, 5114 Mbit/s (6712 Mbit/s with framing)
[1;36m[Device: id=3] RX[0m: 6.77 Mpps, 3468 Mbit/s (4552 Mbit/s with framing)
[0;34m[Device: id=2] TX[0m: 10.20 Mpps, 5220 Mbit/s (6852 Mbit/s with framing)
[1;36m[Device: id=3] RX[0m: 6.77 Mpps, 3467 Mbit/s (4550 Mbit/s with framing)
[0;34m[Device: id=2] TX[0m: 10.20 Mpps, 5221 Mbit/s (6853 Mbit/s with framing)
[1;36m[Device: id=3] RX[0m: 6.77 Mpps, 3469 Mbit/s (4553 Mbit/s with framing)
[0;34m[Device: id=2] TX[0m: 10.20 Mpps, 5220 Mbit/s (6852 Mbit/s with framing)
[1;36m[Device: id=3] RX[0m: 6.77 Mpps, 3469 Mbit/s (4553 Mbit/s with framing)
[0;34m[Device: id=2] TX[0m: 10.20 Mpps, 5221 Mbit/s (6853 Mbit/s with framing)
[1;36m[Device: id=3] RX[0m: 6.77 Mpps, 3467 Mbit/s (4551 Mbit/s with framing)
[0;34m[Device: id=2] TX[0m: 10.19 Mpps, 5215 Mbit/s (6845 Mbit/s with framing)
[1;36m[Device: id=3] RX[0m: 6.77 Mpps, 3467 Mbit/s (4551 Mbit/s with framing)
[0;34m[Device: id=2] TX[0m: 10.17 Mpps, 5209 Mbit/s (6837 Mbit/s with framing)
[1;36m[Device: id=3] RX[0m: 6.78 Mpps, 3469 Mbit/s (4553 Mbit/s with framing)
[0;34m[Device: id=2] TX[0m: 10.20 Mpps, 5222 Mbit/s (6854 Mbit/s with framing)
[1;36m[Device: id=3] RX[0m: 6.77 Mpps, 3467 Mbit/s (4551 Mbit/s with framing)
[0;34m[Device: id=2] TX[0m: 10.20 Mpps, 5224 Mbit/s (6856 Mbit/s with framing)
[1;36m[Device: id=3] RX[0m: 6.77 Mpps, 3468 Mbit/s (4552 Mbit/s with framing)
[0;34m[Device: id=2] TX[0m: 10.20 Mpps, 5222 Mbit/s (6853 Mbit/s with framing)
[1;36m[Device: id=3] RX[0m: 6.77 Mpps, 3468 Mbit/s (4552 Mbit/s with framing)
[0;34m[Device: id=2] TX[0m: 10.21 Mpps, 5226 Mbit/s (6859 Mbit/s with framing)
[1;36m[Device: id=3] RX[0m: 6.77 Mpps, 3467 Mbit/s (4551 Mbit/s with framing)
[0;34m[Device: id=2] TX[0m: 10.22 Mpps, 5230 Mbit/s (6865 Mbit/s with framing)
[1;36m[Device: id=3] RX[0m: 6.77 Mpps, 3467 Mbit/s (4551 Mbit/s with framing)
[0;34m[Device: id=2] TX[0m: 10.22 Mpps, 5233 Mbit/s (6868 Mbit/s with framing)
[1;36m[Device: id=3] RX[0m: 6.77 Mpps, 3468 Mbit/s (4552 Mbit/s with framing)
[0;34m[Device: id=2] TX[0m: 10.21 Mpps, 5229 Mbit/s (6863 Mbit/s with framing)
[1;36m[Device: id=3] RX[0m: 6.77 Mpps, 3468 Mbit/s (4551 Mbit/s with framing)
[0;34m[Device: id=2] TX[0m: 10.22 Mpps, 5231 Mbit/s (6865 Mbit/s with framing)
[1;36m[Device: id=3] RX[0m: 6.77 Mpps, 3469 Mbit/s (4553 Mbit/s with framing)
[0;34m[Device: id=2] TX[0m: 10.21 Mpps, 5228 Mbit/s (6862 Mbit/s with framing)
[1;36m[Device: id=3] RX[0m: 6.77 Mpps, 3468 Mbit/s (4551 Mbit/s with framing)
Samples: 5125, Average: 788079.2 ns, StdDev: 10390.4 ns, Quartiles: 783357.0/788884.0/794043.0 ns
[1;37m[INFO]  Saving histogram to '/tmp/l2_multimac_100000.histogram.csv'[0m
[1;37m[INFO]  Saving latency to '/tmp/l2_multimac_100000.latency.csv'[0m
[0;34m[Device: id=2] TX[0m: 10.19 (StdDev 0.05) Mpps, 5217 (StdDev 28) Mbit/s (6847 Mbit/s with framing), total 181460354 packets with 11613462656 bytes (incl. CRC)
[1;36m[Device: id=3] RX[0m: 6.77 (StdDev 0.00) Mpps, 3468 (StdDev 1) Mbit/s (4552 Mbit/s with framing), total 120475794 packets with 7710450816 bytes (incl. CRC)
[1;37m[INFO]  Saving throughput to '/tmp/l2_multimac_100000.throughput.csv'[0m
