[1;37m[INFO]  Initializing DPDK. This will take a few seconds...[0m
EAL: Probing VFIO support...
EAL: PCI device 0000:05:00.0 on NUMA socket 0
EAL:   probe driver: 8086:1528 net_ixgbe
EAL: PCI device 0000:05:00.1 on NUMA socket 0
EAL:   probe driver: 8086:1528 net_ixgbe
EAL: PCI device 0000:83:00.0 on NUMA socket 1
EAL:   probe driver: 8086:1528 net_ixgbe
EAL: PCI device 0000:83:00.1 on NUMA socket 1
EAL:   probe driver: 8086:1528 net_ixgbe
EAL: PCI device 0000:87:00.0 on NUMA socket 1
EAL:   probe driver: 8086:1526 net_e1000_igb
EAL: PCI device 0000:87:00.1 on NUMA socket 1
EAL:   probe driver: 8086:1526 net_e1000_igb
EAL: PCI device 0000:89:00.0 on NUMA socket 1
EAL:   probe driver: 8086:1526 net_e1000_igb
EAL: PCI device 0000:89:00.1 on NUMA socket 1
EAL:   probe driver: 8086:1526 net_e1000_igb
[1;37m[INFO]  Found 7 usable devices:[0m
   Device 0: 00:25:90:E8:40:C0 ([0;32mIntel Corporation Ethernet Controller 10-Gigabit X540-AT2[0m)
   Device 1: 00:25:90:E8:40:C1 ([0;32mIntel Corporation Ethernet Controller 10-Gigabit X540-AT2[0m)
   Device 2: A0:36:9F:3B:5B:4C ([0;32mIntel Corporation Ethernet Controller 10-Gigabit X540-AT2[0m)
   Device 3: A0:36:9F:3B:5B:4E ([0;32mIntel Corporation Ethernet Controller 10-Gigabit X540-AT2[0m)
   Device 4: 90:E2:BA:1C:55:7D ([0;32mIntel Corporation 82576 Gigabit Network Connection[0m)
   Device 5: 90:E2:BA:1C:55:7E ([0;32mIntel Corporation 82576 Gigabit Network Connection[0m)
   Device 6: 90:E2:BA:1C:55:7F ([0;32mIntel Corporation 82576 Gigabit Network Connection[0m)
PMD: ixgbe_dev_link_status_print():  Port 2: Link Down
PMD: ixgbe_dev_link_status_print():  Port 3: Link Down
[1;37m[INFO]  Waiting for devices to come up...[0m
[1;37m[INFO]  Device 3 (A0:36:9F:3B:5B:4E) is up: 10000 MBit/s[0m
[1;37m[INFO]  Device 2 (A0:36:9F:3B:5B:4C) is up: 10000 MBit/s[0m
[1;37m[INFO]  [0;32m2 devices are up.[0m[0m
[1;37m[INFO]  waiting for first successful packet...[0m
[1;37m[INFO]  warmup packet sent[0m
[1;37m[INFO]  first packet received[0m
[0;34m[Device: id=2] TX[0m: 9.47 Mpps, 4847 Mbit/s (6362 Mbit/s with framing)
[1;36m[Device: id=3] RX[0m: 9.08 Mpps, 4648 Mbit/s (6100 Mbit/s with framing)
[0;34m[Device: id=2] TX[0m: 9.27 Mpps, 4746 Mbit/s (6229 Mbit/s with framing)
[1;36m[Device: id=3] RX[0m: 9.28 Mpps, 4751 Mbit/s (6235 Mbit/s with framing)
[0;34m[Device: id=2] TX[0m: 9.47 Mpps, 4849 Mbit/s (6364 Mbit/s with framing)
[1;36m[Device: id=3] RX[0m: 9.28 Mpps, 4751 Mbit/s (6235 Mbit/s with framing)
[0;34m[Device: id=2] TX[0m: 9.47 Mpps, 4849 Mbit/s (6364 Mbit/s with framing)
[1;36m[Device: id=3] RX[0m: 9.28 Mpps, 4751 Mbit/s (6235 Mbit/s with framing)
[0;34m[Device: id=2] TX[0m: 9.47 Mpps, 4849 Mbit/s (6364 Mbit/s with framing)
[1;36m[Device: id=3] RX[0m: 9.28 Mpps, 4750 Mbit/s (6234 Mbit/s with framing)
[0;34m[Device: id=2] TX[0m: 9.47 Mpps, 4849 Mbit/s (6364 Mbit/s with framing)
[1;36m[Device: id=3] RX[0m: 9.28 Mpps, 4751 Mbit/s (6236 Mbit/s with framing)
[0;34m[Device: id=2] TX[0m: 9.47 Mpps, 4849 Mbit/s (6365 Mbit/s with framing)
[1;36m[Device: id=3] RX[0m: 9.28 Mpps, 4751 Mbit/s (6235 Mbit/s with framing)
[0;34m[Device: id=2] TX[0m: 9.47 Mpps, 4849 Mbit/s (6364 Mbit/s with framing)
[1;36m[Device: id=3] RX[0m: 9.28 Mpps, 4751 Mbit/s (6236 Mbit/s with framing)
[0;34m[Device: id=2] TX[0m: 9.47 Mpps, 4849 Mbit/s (6364 Mbit/s with framing)
[1;36m[Device: id=3] RX[0m: 9.28 Mpps, 4750 Mbit/s (6235 Mbit/s with framing)
[0;34m[Device: id=2] TX[0m: 9.47 Mpps, 4849 Mbit/s (6364 Mbit/s with framing)
[1;36m[Device: id=3] RX[0m: 9.28 Mpps, 4751 Mbit/s (6236 Mbit/s with framing)
[0;34m[Device: id=2] TX[0m: 9.47 Mpps, 4848 Mbit/s (6363 Mbit/s with framing)
[1;36m[Device: id=3] RX[0m: 9.28 Mpps, 4750 Mbit/s (6234 Mbit/s with framing)
[0;34m[Device: id=2] TX[0m: 9.47 Mpps, 4848 Mbit/s (6363 Mbit/s with framing)
[1;36m[Device: id=3] RX[0m: 9.28 Mpps, 4750 Mbit/s (6234 Mbit/s with framing)
[0;34m[Device: id=2] TX[0m: 9.47 Mpps, 4849 Mbit/s (6364 Mbit/s with framing)
[1;36m[Device: id=3] RX[0m: 9.28 Mpps, 4750 Mbit/s (6234 Mbit/s with framing)
[0;34m[Device: id=2] TX[0m: 9.47 Mpps, 4849 Mbit/s (6364 Mbit/s with framing)
[1;36m[Device: id=3] RX[0m: 9.28 Mpps, 4751 Mbit/s (6236 Mbit/s with framing)
[0;34m[Device: id=2] TX[0m: 9.47 Mpps, 4849 Mbit/s (6365 Mbit/s with framing)
[1;36m[Device: id=3] RX[0m: 9.28 Mpps, 4751 Mbit/s (6235 Mbit/s with framing)
[0;34m[Device: id=2] TX[0m: 9.47 Mpps, 4849 Mbit/s (6364 Mbit/s with framing)
[1;36m[Device: id=3] RX[0m: 9.28 Mpps, 4751 Mbit/s (6236 Mbit/s with framing)
[0;34m[Device: id=2] TX[0m: 9.47 Mpps, 4849 Mbit/s (6365 Mbit/s with framing)
[1;36m[Device: id=3] RX[0m: 9.28 Mpps, 4750 Mbit/s (6235 Mbit/s with framing)
[0;34m[Device: id=2] TX[0m: 9.47 Mpps, 4849 Mbit/s (6364 Mbit/s with framing)
[1;36m[Device: id=3] RX[0m: 9.28 Mpps, 4750 Mbit/s (6235 Mbit/s with framing)
[0;34m[Device: id=2] TX[0m: 9.47 Mpps, 4849 Mbit/s (6364 Mbit/s with framing)
[1;36m[Device: id=3] RX[0m: 9.28 Mpps, 4751 Mbit/s (6235 Mbit/s with framing)
[0;34m[Device: id=2] TX[0m: 9.47 Mpps, 4849 Mbit/s (6364 Mbit/s with framing)
[1;36m[Device: id=3] RX[0m: 9.28 Mpps, 4751 Mbit/s (6236 Mbit/s with framing)
[0;34m[Device: id=2] TX[0m: 9.47 Mpps, 4849 Mbit/s (6365 Mbit/s with framing)
[1;36m[Device: id=3] RX[0m: 9.27 Mpps, 4748 Mbit/s (6231 Mbit/s with framing)
Samples: 20835, Average: 570170.2 ns, StdDev: 9559.9 ns, Quartiles: 566736.0/569504.0/574017.0 ns
[1;37m[INFO]  Saving histogram to '/tmp/l2_bridging_cnf4_mbit4836hires.histogram.csv'[0m
[1;37m[INFO]  Saving latency to '/tmp/l2_bridging_cnf4_mbit4836hires.latency.csv'[0m
[0;34m[Device: id=2] TX[0m: 9.46 (StdDev 0.04) Mpps, 4844 (StdDev 23) Mbit/s (6357 Mbit/s with framing), total 199364199 packets with 12759308736 bytes (incl. CRC)
[1;36m[Device: id=3] RX[0m: 9.28 (StdDev 0.00) Mpps, 4750 (StdDev 1) Mbit/s (6235 Mbit/s with framing), total 195314958 packets with 12500157312 bytes (incl. CRC)
[1;37m[INFO]  Saving throughput to '/tmp/l2_bridging_cnf4_mbit4836hires.throughput.csv'[0m
