[1;37m[INFO]  Initializing DPDK. This will take a few seconds...[0m
EAL: Probing VFIO support...
EAL: PCI device 0000:05:00.0 on NUMA socket 0
EAL:   probe driver: 8086:1528 net_ixgbe
EAL: PCI device 0000:05:00.1 on NUMA socket 0
EAL:   probe driver: 8086:1528 net_ixgbe
EAL: PCI device 0000:83:00.0 on NUMA socket 1
EAL:   probe driver: 8086:1528 net_ixgbe
EAL: PCI device 0000:83:00.1 on NUMA socket 1
EAL:   probe driver: 8086:1528 net_ixgbe
EAL: PCI device 0000:87:00.0 on NUMA socket 1
EAL:   probe driver: 8086:1526 net_e1000_igb
EAL: PCI device 0000:87:00.1 on NUMA socket 1
EAL:   probe driver: 8086:1526 net_e1000_igb
EAL: PCI device 0000:89:00.0 on NUMA socket 1
EAL:   probe driver: 8086:1526 net_e1000_igb
EAL: PCI device 0000:89:00.1 on NUMA socket 1
EAL:   probe driver: 8086:1526 net_e1000_igb
[1;37m[INFO]  Found 7 usable devices:[0m
   Device 0: 00:25:90:E8:40:C0 ([0;32mIntel Corporation Ethernet Controller 10-Gigabit X540-AT2[0m)
   Device 1: 00:25:90:E8:40:C1 ([0;32mIntel Corporation Ethernet Controller 10-Gigabit X540-AT2[0m)
   Device 2: A0:36:9F:3B:5B:4C ([0;32mIntel Corporation Ethernet Controller 10-Gigabit X540-AT2[0m)
   Device 3: A0:36:9F:3B:5B:4E ([0;32mIntel Corporation Ethernet Controller 10-Gigabit X540-AT2[0m)
   Device 4: 90:E2:BA:1C:55:7D ([0;32mIntel Corporation 82576 Gigabit Network Connection[0m)
   Device 5: 90:E2:BA:1C:55:7E ([0;32mIntel Corporation 82576 Gigabit Network Connection[0m)
   Device 6: 90:E2:BA:1C:55:7F ([0;32mIntel Corporation 82576 Gigabit Network Connection[0m)
PMD: ixgbe_dev_link_status_print():  Port 2: Link Down
PMD: ixgbe_dev_link_status_print():  Port 3: Link Down
[1;37m[INFO]  Waiting for devices to come up...[0m
[1;37m[INFO]  Device 2 (A0:36:9F:3B:5B:4C) is up: 10000 MBit/s[0m
[1;37m[INFO]  Device 3 (A0:36:9F:3B:5B:4E) is up: 10000 MBit/s[0m
[1;37m[INFO]  [0;32m2 devices are up.[0m[0m
[1;37m[INFO]  waiting for first successful packet...[0m
[1;37m[INFO]  warmup packet sent[0m
[1;37m[INFO]  warmup packet sent[0m
[1;37m[INFO]  warmup packet sent[0m
[1;37m[INFO]  first packet received[0m
[0;34m[Device: id=2] TX[0m: 9.33 Mpps, 4775 Mbit/s (6267 Mbit/s with framing)
[1;36m[Device: id=3] RX[0m: 9.13 Mpps, 4673 Mbit/s (6133 Mbit/s with framing)
[0;34m[Device: id=2] TX[0m: 9.14 Mpps, 4677 Mbit/s (6139 Mbit/s with framing)
[1;36m[Device: id=3] RX[0m: 9.33 Mpps, 4778 Mbit/s (6271 Mbit/s with framing)
[0;34m[Device: id=2] TX[0m: 9.33 Mpps, 4779 Mbit/s (6272 Mbit/s with framing)
[1;36m[Device: id=3] RX[0m: 9.33 Mpps, 4779 Mbit/s (6272 Mbit/s with framing)
[0;34m[Device: id=2] TX[0m: 9.33 Mpps, 4779 Mbit/s (6272 Mbit/s with framing)
[1;36m[Device: id=3] RX[0m: 9.33 Mpps, 4779 Mbit/s (6272 Mbit/s with framing)
[0;34m[Device: id=2] TX[0m: 9.33 Mpps, 4779 Mbit/s (6272 Mbit/s with framing)
[1;36m[Device: id=3] RX[0m: 9.33 Mpps, 4779 Mbit/s (6272 Mbit/s with framing)
[0;34m[Device: id=2] TX[0m: 9.33 Mpps, 4779 Mbit/s (6272 Mbit/s with framing)
[1;36m[Device: id=3] RX[0m: 9.33 Mpps, 4779 Mbit/s (6272 Mbit/s with framing)
[0;34m[Device: id=2] TX[0m: 9.33 Mpps, 4779 Mbit/s (6272 Mbit/s with framing)
[1;36m[Device: id=3] RX[0m: 9.33 Mpps, 4778 Mbit/s (6272 Mbit/s with framing)
[0;34m[Device: id=2] TX[0m: 9.33 Mpps, 4779 Mbit/s (6272 Mbit/s with framing)
[1;36m[Device: id=3] RX[0m: 9.33 Mpps, 4779 Mbit/s (6272 Mbit/s with framing)
[0;34m[Device: id=2] TX[0m: 9.33 Mpps, 4779 Mbit/s (6272 Mbit/s with framing)
[1;36m[Device: id=3] RX[0m: 9.33 Mpps, 4779 Mbit/s (6272 Mbit/s with framing)
[0;34m[Device: id=2] TX[0m: 9.33 Mpps, 4779 Mbit/s (6272 Mbit/s with framing)
[1;36m[Device: id=3] RX[0m: 9.33 Mpps, 4778 Mbit/s (6272 Mbit/s with framing)
[0;34m[Device: id=2] TX[0m: 9.34 Mpps, 4780 Mbit/s (6273 Mbit/s with framing)
[1;36m[Device: id=3] RX[0m: 9.34 Mpps, 4781 Mbit/s (6275 Mbit/s with framing)
[0;34m[Device: id=2] TX[0m: 9.34 Mpps, 4780 Mbit/s (6274 Mbit/s with framing)
[1;36m[Device: id=3] RX[0m: 9.34 Mpps, 4780 Mbit/s (6274 Mbit/s with framing)
[0;34m[Device: id=2] TX[0m: 9.34 Mpps, 4781 Mbit/s (6275 Mbit/s with framing)
[1;36m[Device: id=3] RX[0m: 9.34 Mpps, 4781 Mbit/s (6275 Mbit/s with framing)
[0;34m[Device: id=2] TX[0m: 9.34 Mpps, 4781 Mbit/s (6275 Mbit/s with framing)
[1;36m[Device: id=3] RX[0m: 9.34 Mpps, 4781 Mbit/s (6275 Mbit/s with framing)
[0;34m[Device: id=2] TX[0m: 9.34 Mpps, 4781 Mbit/s (6275 Mbit/s with framing)
[1;36m[Device: id=3] RX[0m: 9.34 Mpps, 4781 Mbit/s (6275 Mbit/s with framing)
[0;34m[Device: id=2] TX[0m: 9.34 Mpps, 4781 Mbit/s (6275 Mbit/s with framing)
[1;36m[Device: id=3] RX[0m: 9.34 Mpps, 4781 Mbit/s (6275 Mbit/s with framing)
[0;34m[Device: id=2] TX[0m: 9.34 Mpps, 4781 Mbit/s (6275 Mbit/s with framing)
[1;36m[Device: id=3] RX[0m: 9.34 Mpps, 4781 Mbit/s (6275 Mbit/s with framing)
[0;34m[Device: id=2] TX[0m: 9.32 (StdDev 0.05) Mpps, 4773 (StdDev 26) Mbit/s (6265 Mbit/s with framing), total 166441353 packets with 10652246592 bytes (incl. CRC)
Samples: 119838, Average: 91523.0 ns, StdDev: 48455.1 ns, Quartiles: 53082.0/57488.0/140551.0 ns
[1;37m[INFO]  Saving histogram to '/tmp/l2_bridging_cnf2_mbit4773hires.histogram.csv'[0m
[1;37m[INFO]  Saving latency to '/tmp/l2_bridging_cnf2_mbit4773hires.latency.csv'[0m
[1;36m[Device: id=3] RX[0m: 9.34 (StdDev 0.00) Mpps, 4780 (StdDev 1) Mbit/s (6273 Mbit/s with framing), total 166435508 packets with 10651872512 bytes (incl. CRC)
[1;37m[INFO]  Saving throughput to '/tmp/l2_bridging_cnf2_mbit4773hires.throughput.csv'[0m
