[1;37m[INFO]  Initializing DPDK. This will take a few seconds...[0m
EAL: Probing VFIO support...
EAL: PCI device 0000:05:00.0 on NUMA socket 0
EAL:   probe driver: 8086:1528 net_ixgbe
EAL: PCI device 0000:05:00.1 on NUMA socket 0
EAL:   probe driver: 8086:1528 net_ixgbe
EAL: PCI device 0000:83:00.0 on NUMA socket 1
EAL:   probe driver: 8086:1528 net_ixgbe
EAL: PCI device 0000:83:00.1 on NUMA socket 1
EAL:   probe driver: 8086:1528 net_ixgbe
EAL: PCI device 0000:87:00.0 on NUMA socket 1
EAL:   probe driver: 8086:1526 net_e1000_igb
EAL: PCI device 0000:87:00.1 on NUMA socket 1
EAL:   probe driver: 8086:1526 net_e1000_igb
EAL: PCI device 0000:89:00.0 on NUMA socket 1
EAL:   probe driver: 8086:1526 net_e1000_igb
EAL: PCI device 0000:89:00.1 on NUMA socket 1
EAL:   probe driver: 8086:1526 net_e1000_igb
[1;37m[INFO]  Found 7 usable devices:[0m
   Device 0: 00:25:90:E8:40:C0 ([0;32mIntel Corporation Ethernet Controller 10-Gigabit X540-AT2[0m)
   Device 1: 00:25:90:E8:40:C1 ([0;32mIntel Corporation Ethernet Controller 10-Gigabit X540-AT2[0m)
   Device 2: A0:36:9F:3B:5B:4C ([0;32mIntel Corporation Ethernet Controller 10-Gigabit X540-AT2[0m)
   Device 3: A0:36:9F:3B:5B:4E ([0;32mIntel Corporation Ethernet Controller 10-Gigabit X540-AT2[0m)
   Device 4: 90:E2:BA:1C:55:7D ([0;32mIntel Corporation 82576 Gigabit Network Connection[0m)
   Device 5: 90:E2:BA:1C:55:7E ([0;32mIntel Corporation 82576 Gigabit Network Connection[0m)
   Device 6: 90:E2:BA:1C:55:7F ([0;32mIntel Corporation 82576 Gigabit Network Connection[0m)
PMD: ixgbe_dev_link_status_print():  Port 2: Link Down
PMD: ixgbe_dev_link_status_print():  Port 3: Link Down
[1;37m[INFO]  Waiting for devices to come up...[0m
[1;37m[INFO]  Device 2 (A0:36:9F:3B:5B:4C) is up: 10000 MBit/s[0m
[1;37m[INFO]  Device 3 (A0:36:9F:3B:5B:4E) is up: 10000 MBit/s[0m
[1;37m[INFO]  [0;32m2 devices are up.[0m[0m
[1;37m[INFO]  waiting for first successful packet...[0m
[1;37m[INFO]  warmup packet sent[0m
[1;37m[INFO]  first packet received[0m
[0;34m[Device: id=2] TX[0m: 7.06 Mpps, 3616 Mbit/s (4746 Mbit/s with framing)
[1;36m[Device: id=3] RX[0m: 6.92 Mpps, 3541 Mbit/s (4647 Mbit/s with framing)
[0;34m[Device: id=2] TX[0m: 6.92 Mpps, 3544 Mbit/s (4651 Mbit/s with framing)
[1;36m[Device: id=3] RX[0m: 7.07 Mpps, 3620 Mbit/s (4751 Mbit/s with framing)
[0;34m[Device: id=2] TX[0m: 7.07 Mpps, 3621 Mbit/s (4752 Mbit/s with framing)
[1;36m[Device: id=3] RX[0m: 7.07 Mpps, 3621 Mbit/s (4752 Mbit/s with framing)
[0;34m[Device: id=2] TX[0m: 7.07 Mpps, 3621 Mbit/s (4752 Mbit/s with framing)
[1;36m[Device: id=3] RX[0m: 7.07 Mpps, 3621 Mbit/s (4752 Mbit/s with framing)
[0;34m[Device: id=2] TX[0m: 7.07 Mpps, 3621 Mbit/s (4752 Mbit/s with framing)
[1;36m[Device: id=3] RX[0m: 7.07 Mpps, 3621 Mbit/s (4752 Mbit/s with framing)
[0;34m[Device: id=2] TX[0m: 7.07 Mpps, 3621 Mbit/s (4752 Mbit/s with framing)
[1;36m[Device: id=3] RX[0m: 7.07 Mpps, 3621 Mbit/s (4752 Mbit/s with framing)
[0;34m[Device: id=2] TX[0m: 7.07 Mpps, 3621 Mbit/s (4752 Mbit/s with framing)
[1;36m[Device: id=3] RX[0m: 7.07 Mpps, 3621 Mbit/s (4752 Mbit/s with framing)
[0;34m[Device: id=2] TX[0m: 7.07 Mpps, 3621 Mbit/s (4752 Mbit/s with framing)
[1;36m[Device: id=3] RX[0m: 7.07 Mpps, 3621 Mbit/s (4752 Mbit/s with framing)
[0;34m[Device: id=2] TX[0m: 7.07 Mpps, 3621 Mbit/s (4752 Mbit/s with framing)
[1;36m[Device: id=3] RX[0m: 7.07 Mpps, 3621 Mbit/s (4752 Mbit/s with framing)
[0;34m[Device: id=2] TX[0m: 7.07 Mpps, 3621 Mbit/s (4752 Mbit/s with framing)
[1;36m[Device: id=3] RX[0m: 7.07 Mpps, 3620 Mbit/s (4751 Mbit/s with framing)
[0;34m[Device: id=2] TX[0m: 7.07 Mpps, 3620 Mbit/s (4751 Mbit/s with framing)
[1;36m[Device: id=3] RX[0m: 7.07 Mpps, 3621 Mbit/s (4752 Mbit/s with framing)
[0;34m[Device: id=2] TX[0m: 7.07 Mpps, 3620 Mbit/s (4751 Mbit/s with framing)
[1;36m[Device: id=3] RX[0m: 7.07 Mpps, 3620 Mbit/s (4751 Mbit/s with framing)
[0;34m[Device: id=2] TX[0m: 7.07 Mpps, 3621 Mbit/s (4752 Mbit/s with framing)
[1;36m[Device: id=3] RX[0m: 7.07 Mpps, 3621 Mbit/s (4752 Mbit/s with framing)
[0;34m[Device: id=2] TX[0m: 7.07 Mpps, 3621 Mbit/s (4752 Mbit/s with framing)
[1;36m[Device: id=3] RX[0m: 7.07 Mpps, 3621 Mbit/s (4752 Mbit/s with framing)
[0;34m[Device: id=2] TX[0m: 7.07 Mpps, 3621 Mbit/s (4752 Mbit/s with framing)
[1;36m[Device: id=3] RX[0m: 7.07 Mpps, 3621 Mbit/s (4752 Mbit/s with framing)
[0;34m[Device: id=2] TX[0m: 7.07 Mpps, 3621 Mbit/s (4752 Mbit/s with framing)
[1;36m[Device: id=3] RX[0m: 7.07 Mpps, 3621 Mbit/s (4752 Mbit/s with framing)
[0;34m[Device: id=2] TX[0m: 7.07 Mpps, 3621 Mbit/s (4752 Mbit/s with framing)
[1;36m[Device: id=3] RX[0m: 7.07 Mpps, 3621 Mbit/s (4752 Mbit/s with framing)
[0;34m[Device: id=2] TX[0m: 7.07 Mpps, 3621 Mbit/s (4752 Mbit/s with framing)
[1;36m[Device: id=3] RX[0m: 7.07 Mpps, 3621 Mbit/s (4752 Mbit/s with framing)
[0;34m[Device: id=2] TX[0m: 7.07 Mpps, 3621 Mbit/s (4752 Mbit/s with framing)
[1;36m[Device: id=3] RX[0m: 7.07 Mpps, 3621 Mbit/s (4752 Mbit/s with framing)
[0;34m[Device: id=2] TX[0m: 7.07 Mpps, 3621 Mbit/s (4752 Mbit/s with framing)
[1;36m[Device: id=3] RX[0m: 7.07 Mpps, 3621 Mbit/s (4752 Mbit/s with framing)
[1;33m[WARN]  Failed to timestamp packet on transmission[0m
Samples: 185166, Average: 15209.3 ns, StdDev: 1485.0 ns, Quartiles: 14426.0/15053.0/15643.0 ns
[1;37m[INFO]  Saving histogram to '/tmp/l2_bridging_mbit3600.histogram.csv'[0m
[1;37m[INFO]  Saving latency to '/tmp/l2_bridging_mbit3600.latency.csv'[0m
[0;34m[Device: id=2] TX[0m: 7.06 (StdDev 0.03) Mpps, 3617 (StdDev 18) Mbit/s (4747 Mbit/s with framing), total 147991736 packets with 9471471104 bytes (incl. CRC)
[1;36m[Device: id=3] RX[0m: 7.07 (StdDev 0.00) Mpps, 3621 (StdDev 0) Mbit/s (4752 Mbit/s with framing), total 147991735 packets with 9471471040 bytes (incl. CRC)
[1;37m[INFO]  Saving throughput to '/tmp/l2_bridging_mbit3600.throughput.csv'[0m
