[1;37m[INFO]  Initializing DPDK. This will take a few seconds...[0m
EAL: Probing VFIO support...
EAL: PCI device 0000:05:00.0 on NUMA socket 0
EAL:   probe driver: 8086:1528 net_ixgbe
EAL: PCI device 0000:05:00.1 on NUMA socket 0
EAL:   probe driver: 8086:1528 net_ixgbe
EAL: PCI device 0000:83:00.0 on NUMA socket 1
EAL:   probe driver: 8086:1528 net_ixgbe
EAL: PCI device 0000:83:00.1 on NUMA socket 1
EAL:   probe driver: 8086:1528 net_ixgbe
EAL: PCI device 0000:87:00.0 on NUMA socket 1
EAL:   probe driver: 8086:1526 net_e1000_igb
EAL: PCI device 0000:87:00.1 on NUMA socket 1
EAL:   probe driver: 8086:1526 net_e1000_igb
EAL: PCI device 0000:89:00.0 on NUMA socket 1
EAL:   probe driver: 8086:1526 net_e1000_igb
EAL: PCI device 0000:89:00.1 on NUMA socket 1
EAL:   probe driver: 8086:1526 net_e1000_igb
[1;37m[INFO]  Found 7 usable devices:[0m
   Device 0: 00:25:90:E8:40:C0 ([0;32mIntel Corporation Ethernet Controller 10-Gigabit X540-AT2[0m)
   Device 1: 00:25:90:E8:40:C1 ([0;32mIntel Corporation Ethernet Controller 10-Gigabit X540-AT2[0m)
   Device 2: A0:36:9F:3B:5B:4C ([0;32mIntel Corporation Ethernet Controller 10-Gigabit X540-AT2[0m)
   Device 3: A0:36:9F:3B:5B:4E ([0;32mIntel Corporation Ethernet Controller 10-Gigabit X540-AT2[0m)
   Device 4: 90:E2:BA:1C:55:7D ([0;32mIntel Corporation 82576 Gigabit Network Connection[0m)
   Device 5: 90:E2:BA:1C:55:7E ([0;32mIntel Corporation 82576 Gigabit Network Connection[0m)
   Device 6: 90:E2:BA:1C:55:7F ([0;32mIntel Corporation 82576 Gigabit Network Connection[0m)
PMD: ixgbe_dev_link_status_print():  Port 2: Link Down
PMD: ixgbe_dev_link_status_print():  Port 3: Link Down
[1;37m[INFO]  Waiting for devices to come up...[0m
[1;37m[INFO]  Device 2 (A0:36:9F:3B:5B:4C) is up: 10000 MBit/s[0m
[1;37m[INFO]  Device 3 (A0:36:9F:3B:5B:4E) is up: 10000 MBit/s[0m
[1;37m[INFO]  [0;32m2 devices are up.[0m[0m
[1;37m[INFO]  waiting for first successful packet...[0m
[1;37m[INFO]  warmup packet sent[0m
[1;37m[INFO]  warmup packet sent[0m
[1;37m[INFO]  warmup packet sent[0m
[1;37m[INFO]  first packet received[0m
[0;34m[Device: id=2] TX[0m: 9.47 Mpps, 4848 Mbit/s (6362 Mbit/s with framing)
[1;36m[Device: id=3] RX[0m: 9.19 Mpps, 4703 Mbit/s (6173 Mbit/s with framing)
[0;34m[Device: id=2] TX[0m: 9.27 Mpps, 4747 Mbit/s (6231 Mbit/s with framing)
[1;36m[Device: id=3] RX[0m: 9.38 Mpps, 4803 Mbit/s (6304 Mbit/s with framing)
[0;34m[Device: id=2] TX[0m: 9.47 Mpps, 4849 Mbit/s (6365 Mbit/s with framing)
[1;36m[Device: id=3] RX[0m: 9.38 Mpps, 4802 Mbit/s (6303 Mbit/s with framing)
[0;34m[Device: id=2] TX[0m: 9.47 Mpps, 4849 Mbit/s (6364 Mbit/s with framing)
[1;36m[Device: id=3] RX[0m: 9.38 Mpps, 4803 Mbit/s (6304 Mbit/s with framing)
[0;34m[Device: id=2] TX[0m: 9.47 Mpps, 4849 Mbit/s (6365 Mbit/s with framing)
[1;36m[Device: id=3] RX[0m: 9.38 Mpps, 4803 Mbit/s (6304 Mbit/s with framing)
[0;34m[Device: id=2] TX[0m: 9.47 Mpps, 4849 Mbit/s (6364 Mbit/s with framing)
[1;36m[Device: id=3] RX[0m: 9.38 Mpps, 4803 Mbit/s (6304 Mbit/s with framing)
[0;34m[Device: id=2] TX[0m: 9.47 Mpps, 4849 Mbit/s (6365 Mbit/s with framing)
[1;36m[Device: id=3] RX[0m: 9.38 Mpps, 4802 Mbit/s (6303 Mbit/s with framing)
[0;34m[Device: id=2] TX[0m: 9.47 Mpps, 4849 Mbit/s (6364 Mbit/s with framing)
[1;36m[Device: id=3] RX[0m: 9.38 Mpps, 4803 Mbit/s (6304 Mbit/s with framing)
[0;34m[Device: id=2] TX[0m: 9.47 Mpps, 4849 Mbit/s (6365 Mbit/s with framing)
[1;36m[Device: id=3] RX[0m: 9.38 Mpps, 4803 Mbit/s (6304 Mbit/s with framing)
[0;34m[Device: id=2] TX[0m: 9.47 Mpps, 4849 Mbit/s (6364 Mbit/s with framing)
[1;36m[Device: id=3] RX[0m: 9.38 Mpps, 4804 Mbit/s (6306 Mbit/s with framing)
[0;34m[Device: id=2] TX[0m: 9.47 Mpps, 4848 Mbit/s (6363 Mbit/s with framing)
[1;36m[Device: id=3] RX[0m: 9.38 Mpps, 4803 Mbit/s (6304 Mbit/s with framing)
[0;34m[Device: id=2] TX[0m: 9.47 Mpps, 4848 Mbit/s (6364 Mbit/s with framing)
[1;36m[Device: id=3] RX[0m: 9.38 Mpps, 4803 Mbit/s (6304 Mbit/s with framing)
[0;34m[Device: id=2] TX[0m: 9.47 Mpps, 4849 Mbit/s (6365 Mbit/s with framing)
[1;36m[Device: id=3] RX[0m: 9.38 Mpps, 4802 Mbit/s (6303 Mbit/s with framing)
[0;34m[Device: id=2] TX[0m: 9.47 Mpps, 4849 Mbit/s (6364 Mbit/s with framing)
[1;36m[Device: id=3] RX[0m: 9.38 Mpps, 4804 Mbit/s (6305 Mbit/s with framing)
[0;34m[Device: id=2] TX[0m: 9.47 Mpps, 4849 Mbit/s (6365 Mbit/s with framing)
[1;36m[Device: id=3] RX[0m: 9.38 Mpps, 4802 Mbit/s (6303 Mbit/s with framing)
[0;34m[Device: id=2] TX[0m: 9.47 Mpps, 4849 Mbit/s (6365 Mbit/s with framing)
[1;36m[Device: id=3] RX[0m: 9.38 Mpps, 4804 Mbit/s (6305 Mbit/s with framing)
[0;34m[Device: id=2] TX[0m: 9.47 Mpps, 4849 Mbit/s (6365 Mbit/s with framing)
[1;36m[Device: id=3] RX[0m: 9.38 Mpps, 4803 Mbit/s (6304 Mbit/s with framing)
Samples: 21411, Average: 563386.7 ns, StdDev: 19619.4 ns, Quartiles: 561262.0/564106.0/568390.0 ns
[1;37m[INFO]  Saving histogram to '/tmp/l2_bridging_cnf5_mbit4830hires.histogram.csv'[0m
[1;37m[INFO]  Saving latency to '/tmp/l2_bridging_cnf5_mbit4830hires.latency.csv'[0m
[0;34m[Device: id=2] TX[0m: 9.46 (StdDev 0.05) Mpps, 4843 (StdDev 25) Mbit/s (6356 Mbit/s with framing), total 168232852 packets with 10766902528 bytes (incl. CRC)
[1;36m[Device: id=3] RX[0m: 9.38 (StdDev 0.00) Mpps, 4803 (StdDev 1) Mbit/s (6304 Mbit/s with framing), total 166642509 packets with 10665120576 bytes (incl. CRC)
[1;37m[INFO]  Saving throughput to '/tmp/l2_bridging_cnf5_mbit4830hires.throughput.csv'[0m
