[1;37m[INFO]  Initializing DPDK. This will take a few seconds...[0m
EAL: Probing VFIO support...
EAL: PCI device 0000:05:00.0 on NUMA socket 0
EAL:   probe driver: 8086:1528 net_ixgbe
EAL: PCI device 0000:05:00.1 on NUMA socket 0
EAL:   probe driver: 8086:1528 net_ixgbe
EAL: PCI device 0000:83:00.0 on NUMA socket 1
EAL:   probe driver: 8086:1528 net_ixgbe
EAL: PCI device 0000:83:00.1 on NUMA socket 1
EAL:   probe driver: 8086:1528 net_ixgbe
EAL: PCI device 0000:87:00.0 on NUMA socket 1
EAL:   probe driver: 8086:1526 net_e1000_igb
EAL: PCI device 0000:87:00.1 on NUMA socket 1
EAL:   probe driver: 8086:1526 net_e1000_igb
EAL: PCI device 0000:89:00.0 on NUMA socket 1
EAL:   probe driver: 8086:1526 net_e1000_igb
EAL: PCI device 0000:89:00.1 on NUMA socket 1
EAL:   probe driver: 8086:1526 net_e1000_igb
[1;37m[INFO]  Found 7 usable devices:[0m
   Device 0: 00:25:90:E8:40:C0 ([0;32mIntel Corporation Ethernet Controller 10-Gigabit X540-AT2[0m)
   Device 1: 00:25:90:E8:40:C1 ([0;32mIntel Corporation Ethernet Controller 10-Gigabit X540-AT2[0m)
   Device 2: A0:36:9F:3B:5B:4C ([0;32mIntel Corporation Ethernet Controller 10-Gigabit X540-AT2[0m)
   Device 3: A0:36:9F:3B:5B:4E ([0;32mIntel Corporation Ethernet Controller 10-Gigabit X540-AT2[0m)
   Device 4: 90:E2:BA:1C:55:7D ([0;32mIntel Corporation 82576 Gigabit Network Connection[0m)
   Device 5: 90:E2:BA:1C:55:7E ([0;32mIntel Corporation 82576 Gigabit Network Connection[0m)
   Device 6: 90:E2:BA:1C:55:7F ([0;32mIntel Corporation 82576 Gigabit Network Connection[0m)
PMD: ixgbe_dev_link_status_print():  Port 2: Link Down
PMD: ixgbe_dev_link_status_print():  Port 3: Link Down
[1;37m[INFO]  Waiting for devices to come up...[0m
[1;37m[INFO]  Device 2 (A0:36:9F:3B:5B:4C) is up: 10000 MBit/s[0m
[1;37m[INFO]  Device 3 (A0:36:9F:3B:5B:4E) is up: 10000 MBit/s[0m
[1;37m[INFO]  [0;32m2 devices are up.[0m[0m
[1;37m[INFO]  waiting for first successful packet...[0m
[1;37m[INFO]  warmup packet sent[0m
[1;37m[INFO]  first packet received[0m
[0;34m[Device: id=2] TX[0m: 9.39 Mpps, 4810 Mbit/s (6313 Mbit/s with framing)
[1;36m[Device: id=3] RX[0m: 9.15 Mpps, 4685 Mbit/s (6148 Mbit/s with framing)
[0;34m[Device: id=2] TX[0m: 9.20 Mpps, 4710 Mbit/s (6182 Mbit/s with framing)
[1;36m[Device: id=3] RX[0m: 9.37 Mpps, 4795 Mbit/s (6294 Mbit/s with framing)
[0;34m[Device: id=2] TX[0m: 9.40 Mpps, 4813 Mbit/s (6317 Mbit/s with framing)
[1;36m[Device: id=3] RX[0m: 9.37 Mpps, 4797 Mbit/s (6296 Mbit/s with framing)
[0;34m[Device: id=2] TX[0m: 9.40 Mpps, 4813 Mbit/s (6317 Mbit/s with framing)
[1;36m[Device: id=3] RX[0m: 9.37 Mpps, 4796 Mbit/s (6295 Mbit/s with framing)
[0;34m[Device: id=2] TX[0m: 9.40 Mpps, 4813 Mbit/s (6317 Mbit/s with framing)
[1;36m[Device: id=3] RX[0m: 9.37 Mpps, 4796 Mbit/s (6295 Mbit/s with framing)
[0;34m[Device: id=2] TX[0m: 9.40 Mpps, 4813 Mbit/s (6317 Mbit/s with framing)
[1;36m[Device: id=3] RX[0m: 9.37 Mpps, 4796 Mbit/s (6295 Mbit/s with framing)
[0;34m[Device: id=2] TX[0m: 9.40 Mpps, 4813 Mbit/s (6317 Mbit/s with framing)
[1;36m[Device: id=3] RX[0m: 9.37 Mpps, 4797 Mbit/s (6296 Mbit/s with framing)
[0;34m[Device: id=2] TX[0m: 9.40 Mpps, 4813 Mbit/s (6317 Mbit/s with framing)
[1;36m[Device: id=3] RX[0m: 9.37 Mpps, 4796 Mbit/s (6295 Mbit/s with framing)
[0;34m[Device: id=2] TX[0m: 9.40 Mpps, 4813 Mbit/s (6317 Mbit/s with framing)
[1;36m[Device: id=3] RX[0m: 9.37 Mpps, 4796 Mbit/s (6295 Mbit/s with framing)
[0;34m[Device: id=2] TX[0m: 9.40 Mpps, 4813 Mbit/s (6317 Mbit/s with framing)
[1;36m[Device: id=3] RX[0m: 9.37 Mpps, 4796 Mbit/s (6295 Mbit/s with framing)
[0;34m[Device: id=2] TX[0m: 9.40 Mpps, 4811 Mbit/s (6314 Mbit/s with framing)
[1;36m[Device: id=3] RX[0m: 9.37 Mpps, 4797 Mbit/s (6296 Mbit/s with framing)
[0;34m[Device: id=2] TX[0m: 9.40 Mpps, 4812 Mbit/s (6316 Mbit/s with framing)
[1;36m[Device: id=3] RX[0m: 9.37 Mpps, 4796 Mbit/s (6295 Mbit/s with framing)
[0;34m[Device: id=2] TX[0m: 9.40 Mpps, 4813 Mbit/s (6317 Mbit/s with framing)
[1;36m[Device: id=3] RX[0m: 9.37 Mpps, 4796 Mbit/s (6294 Mbit/s with framing)
[0;34m[Device: id=2] TX[0m: 9.40 Mpps, 4813 Mbit/s (6317 Mbit/s with framing)
[1;36m[Device: id=3] RX[0m: 9.37 Mpps, 4796 Mbit/s (6295 Mbit/s with framing)
[0;34m[Device: id=2] TX[0m: 9.40 Mpps, 4813 Mbit/s (6317 Mbit/s with framing)
[1;36m[Device: id=3] RX[0m: 9.37 Mpps, 4797 Mbit/s (6296 Mbit/s with framing)
[0;34m[Device: id=2] TX[0m: 9.40 Mpps, 4813 Mbit/s (6317 Mbit/s with framing)
[1;36m[Device: id=3] RX[0m: 9.37 Mpps, 4796 Mbit/s (6295 Mbit/s with framing)
[0;34m[Device: id=2] TX[0m: 9.40 Mpps, 4813 Mbit/s (6317 Mbit/s with framing)
[1;36m[Device: id=3] RX[0m: 9.37 Mpps, 4796 Mbit/s (6295 Mbit/s with framing)
[0;34m[Device: id=2] TX[0m: 9.40 Mpps, 4813 Mbit/s (6317 Mbit/s with framing)
[1;36m[Device: id=3] RX[0m: 9.37 Mpps, 4796 Mbit/s (6295 Mbit/s with framing)
[0;34m[Device: id=2] TX[0m: 9.40 Mpps, 4813 Mbit/s (6317 Mbit/s with framing)
[1;36m[Device: id=3] RX[0m: 9.37 Mpps, 4797 Mbit/s (6296 Mbit/s with framing)
[0;34m[Device: id=2] TX[0m: 9.40 Mpps, 4813 Mbit/s (6317 Mbit/s with framing)
[1;36m[Device: id=3] RX[0m: 9.37 Mpps, 4796 Mbit/s (6295 Mbit/s with framing)
Samples: 29352, Average: 557456.2 ns, StdDev: 53865.6 ns, Quartiles: 561077.0/563525.0/567938.0 ns
[1;37m[INFO]  Saving histogram to '/tmp/l2_bridging_cnf5_mbit4780hires.histogram.csv'[0m
[1;37m[INFO]  Saving latency to '/tmp/l2_bridging_cnf5_mbit4780hires.latency.csv'[0m
[0;34m[Device: id=2] TX[0m: 9.39 (StdDev 0.05) Mpps, 4807 (StdDev 24) Mbit/s (6310 Mbit/s with framing), total 195907709 packets with 12538093376 bytes (incl. CRC)
[1;36m[Device: id=3] RX[0m: 9.37 (StdDev 0.00) Mpps, 4796 (StdDev 0) Mbit/s (6295 Mbit/s with framing), total 195224180 packets with 12494347520 bytes (incl. CRC)
[1;37m[INFO]  Saving throughput to '/tmp/l2_bridging_cnf5_mbit4780hires.throughput.csv'[0m
