[1;37m[INFO]  Initializing DPDK. This will take a few seconds...[0m
EAL: Probing VFIO support...
EAL: PCI device 0000:05:00.0 on NUMA socket 0
EAL:   probe driver: 8086:1528 net_ixgbe
EAL: PCI device 0000:05:00.1 on NUMA socket 0
EAL:   probe driver: 8086:1528 net_ixgbe
EAL: PCI device 0000:83:00.0 on NUMA socket 1
EAL:   probe driver: 8086:1528 net_ixgbe
EAL: PCI device 0000:83:00.1 on NUMA socket 1
EAL:   probe driver: 8086:1528 net_ixgbe
EAL: PCI device 0000:87:00.0 on NUMA socket 1
EAL:   probe driver: 8086:1526 net_e1000_igb
EAL: PCI device 0000:87:00.1 on NUMA socket 1
EAL:   probe driver: 8086:1526 net_e1000_igb
EAL: PCI device 0000:89:00.0 on NUMA socket 1
EAL:   probe driver: 8086:1526 net_e1000_igb
EAL: PCI device 0000:89:00.1 on NUMA socket 1
EAL:   probe driver: 8086:1526 net_e1000_igb
[1;37m[INFO]  Found 7 usable devices:[0m
   Device 0: 00:25:90:E8:40:C0 ([0;32mIntel Corporation Ethernet Controller 10-Gigabit X540-AT2[0m)
   Device 1: 00:25:90:E8:40:C1 ([0;32mIntel Corporation Ethernet Controller 10-Gigabit X540-AT2[0m)
   Device 2: A0:36:9F:3B:5B:4C ([0;32mIntel Corporation Ethernet Controller 10-Gigabit X540-AT2[0m)
   Device 3: A0:36:9F:3B:5B:4E ([0;32mIntel Corporation Ethernet Controller 10-Gigabit X540-AT2[0m)
   Device 4: 90:E2:BA:1C:55:7D ([0;32mIntel Corporation 82576 Gigabit Network Connection[0m)
   Device 5: 90:E2:BA:1C:55:7E ([0;32mIntel Corporation 82576 Gigabit Network Connection[0m)
   Device 6: 90:E2:BA:1C:55:7F ([0;32mIntel Corporation 82576 Gigabit Network Connection[0m)
PMD: ixgbe_dev_link_status_print():  Port 2: Link Down
PMD: ixgbe_dev_link_status_print():  Port 3: Link Down
[1;37m[INFO]  Waiting for devices to come up...[0m
[1;37m[INFO]  Device 3 (A0:36:9F:3B:5B:4E) is up: 10000 MBit/s[0m
[1;37m[INFO]  Device 2 (A0:36:9F:3B:5B:4C) is up: 10000 MBit/s[0m
[1;37m[INFO]  [0;32m2 devices are up.[0m[0m
[1;37m[INFO]  waiting for first successful packet...[0m
[1;37m[INFO]  warmup packet sent[0m
[1;37m[INFO]  first packet received[0m
[0;34m[Device: id=2] TX[0m: 8.50 Mpps, 4353 Mbit/s (5713 Mbit/s with framing)
[1;36m[Device: id=3] RX[0m: 8.32 Mpps, 4262 Mbit/s (5594 Mbit/s with framing)
[0;34m[Device: id=2] TX[0m: 8.33 Mpps, 4265 Mbit/s (5598 Mbit/s with framing)
[1;36m[Device: id=3] RX[0m: 8.51 Mpps, 4358 Mbit/s (5720 Mbit/s with framing)
[0;34m[Device: id=2] TX[0m: 8.51 Mpps, 4358 Mbit/s (5720 Mbit/s with framing)
[1;36m[Device: id=3] RX[0m: 8.51 Mpps, 4358 Mbit/s (5720 Mbit/s with framing)
[0;34m[Device: id=2] TX[0m: 8.51 Mpps, 4359 Mbit/s (5721 Mbit/s with framing)
[1;36m[Device: id=3] RX[0m: 8.51 Mpps, 4359 Mbit/s (5721 Mbit/s with framing)
[0;34m[Device: id=2] TX[0m: 8.51 Mpps, 4358 Mbit/s (5721 Mbit/s with framing)
[1;36m[Device: id=3] RX[0m: 8.51 Mpps, 4359 Mbit/s (5721 Mbit/s with framing)
[0;34m[Device: id=2] TX[0m: 8.51 Mpps, 4359 Mbit/s (5721 Mbit/s with framing)
[1;36m[Device: id=3] RX[0m: 8.51 Mpps, 4359 Mbit/s (5721 Mbit/s with framing)
[0;34m[Device: id=2] TX[0m: 8.51 Mpps, 4358 Mbit/s (5720 Mbit/s with framing)
[1;36m[Device: id=3] RX[0m: 8.51 Mpps, 4358 Mbit/s (5720 Mbit/s with framing)
[0;34m[Device: id=2] TX[0m: 8.51 Mpps, 4359 Mbit/s (5721 Mbit/s with framing)
[1;36m[Device: id=3] RX[0m: 8.51 Mpps, 4359 Mbit/s (5721 Mbit/s with framing)
[0;34m[Device: id=2] TX[0m: 8.51 Mpps, 4359 Mbit/s (5721 Mbit/s with framing)
[1;36m[Device: id=3] RX[0m: 8.51 Mpps, 4359 Mbit/s (5721 Mbit/s with framing)
[0;34m[Device: id=2] TX[0m: 8.51 Mpps, 4359 Mbit/s (5721 Mbit/s with framing)
[1;36m[Device: id=3] RX[0m: 8.51 Mpps, 4358 Mbit/s (5720 Mbit/s with framing)
[0;34m[Device: id=2] TX[0m: 8.51 Mpps, 4357 Mbit/s (5719 Mbit/s with framing)
[1;36m[Device: id=3] RX[0m: 8.51 Mpps, 4358 Mbit/s (5720 Mbit/s with framing)
[0;34m[Device: id=2] TX[0m: 8.51 Mpps, 4358 Mbit/s (5720 Mbit/s with framing)
[1;36m[Device: id=3] RX[0m: 8.51 Mpps, 4358 Mbit/s (5719 Mbit/s with framing)
[0;34m[Device: id=2] TX[0m: 8.51 Mpps, 4359 Mbit/s (5721 Mbit/s with framing)
[1;36m[Device: id=3] RX[0m: 8.51 Mpps, 4359 Mbit/s (5721 Mbit/s with framing)
[0;34m[Device: id=2] TX[0m: 8.51 Mpps, 4359 Mbit/s (5721 Mbit/s with framing)
[1;36m[Device: id=3] RX[0m: 8.51 Mpps, 4359 Mbit/s (5721 Mbit/s with framing)
[0;34m[Device: id=2] TX[0m: 8.51 Mpps, 4358 Mbit/s (5720 Mbit/s with framing)
[1;36m[Device: id=3] RX[0m: 8.51 Mpps, 4358 Mbit/s (5720 Mbit/s with framing)
[0;34m[Device: id=2] TX[0m: 8.51 Mpps, 4359 Mbit/s (5721 Mbit/s with framing)
[1;36m[Device: id=3] RX[0m: 8.51 Mpps, 4359 Mbit/s (5721 Mbit/s with framing)
[0;34m[Device: id=2] TX[0m: 8.51 Mpps, 4359 Mbit/s (5721 Mbit/s with framing)
[1;36m[Device: id=3] RX[0m: 8.51 Mpps, 4359 Mbit/s (5721 Mbit/s with framing)
[0;34m[Device: id=2] TX[0m: 8.51 Mpps, 4359 Mbit/s (5721 Mbit/s with framing)
[1;36m[Device: id=3] RX[0m: 8.51 Mpps, 4359 Mbit/s (5721 Mbit/s with framing)
[0;34m[Device: id=2] TX[0m: 8.51 Mpps, 4358 Mbit/s (5720 Mbit/s with framing)
[1;36m[Device: id=3] RX[0m: 8.51 Mpps, 4358 Mbit/s (5720 Mbit/s with framing)
[0;34m[Device: id=2] TX[0m: 8.51 Mpps, 4359 Mbit/s (5721 Mbit/s with framing)
[1;36m[Device: id=3] RX[0m: 8.51 Mpps, 4359 Mbit/s (5721 Mbit/s with framing)
[0;34m[Device: id=2] TX[0m: 8.51 Mpps, 4358 Mbit/s (5720 Mbit/s with framing)
[1;36m[Device: id=3] RX[0m: 8.37 Mpps, 4287 Mbit/s (5627 Mbit/s with framing)
[1;33m[WARN]  Failed to timestamp packet on transmission[0m
Samples: 184214, Average: 59060.1 ns, StdDev: 10319.6 ns, Quartiles: 54984.0/58498.0/61816.0 ns
[1;37m[INFO]  Saving histogram to '/tmp/l2_bridging_cnf3_mbit4331hires.histogram.csv'[0m
[0;34m[Device: id=2] TX[0m: 8.50 (StdDev 0.04) Mpps, 4354 (StdDev 21) Mbit/s (5714 Mbit/s with framing), total 179074797 packets with 11460787008 bytes (incl. CRC)
[1;37m[INFO]  Saving latency to '/tmp/l2_bridging_cnf3_mbit4331hires.latency.csv'[0m
[1;36m[Device: id=3] RX[0m: 8.51 (StdDev 0.03) Mpps, 4355 (StdDev 16) Mbit/s (5716 Mbit/s with framing), total 178935495 packets with 11451871680 bytes (incl. CRC)
[1;37m[INFO]  Saving throughput to '/tmp/l2_bridging_cnf3_mbit4331hires.throughput.csv'[0m
