[1;37m[INFO]  Initializing DPDK. This will take a few seconds...[0m
EAL: Probing VFIO support...
EAL: PCI device 0000:05:00.0 on NUMA socket 0
EAL:   probe driver: 8086:1528 net_ixgbe
EAL: PCI device 0000:05:00.1 on NUMA socket 0
EAL:   probe driver: 8086:1528 net_ixgbe
EAL: PCI device 0000:83:00.0 on NUMA socket 1
EAL:   probe driver: 8086:1528 net_ixgbe
EAL: PCI device 0000:83:00.1 on NUMA socket 1
EAL:   probe driver: 8086:1528 net_ixgbe
EAL: PCI device 0000:87:00.0 on NUMA socket 1
EAL:   probe driver: 8086:1526 net_e1000_igb
EAL: PCI device 0000:87:00.1 on NUMA socket 1
EAL:   probe driver: 8086:1526 net_e1000_igb
EAL: PCI device 0000:89:00.0 on NUMA socket 1
EAL:   probe driver: 8086:1526 net_e1000_igb
EAL: PCI device 0000:89:00.1 on NUMA socket 1
EAL:   probe driver: 8086:1526 net_e1000_igb
[1;37m[INFO]  Found 7 usable devices:[0m
   Device 0: 00:25:90:E8:40:C0 ([0;32mIntel Corporation Ethernet Controller 10-Gigabit X540-AT2[0m)
   Device 1: 00:25:90:E8:40:C1 ([0;32mIntel Corporation Ethernet Controller 10-Gigabit X540-AT2[0m)
   Device 2: A0:36:9F:3B:5B:4C ([0;32mIntel Corporation Ethernet Controller 10-Gigabit X540-AT2[0m)
   Device 3: A0:36:9F:3B:5B:4E ([0;32mIntel Corporation Ethernet Controller 10-Gigabit X540-AT2[0m)
   Device 4: 90:E2:BA:1C:55:7D ([0;32mIntel Corporation 82576 Gigabit Network Connection[0m)
   Device 5: 90:E2:BA:1C:55:7E ([0;32mIntel Corporation 82576 Gigabit Network Connection[0m)
   Device 6: 90:E2:BA:1C:55:7F ([0;32mIntel Corporation 82576 Gigabit Network Connection[0m)
PMD: ixgbe_dev_link_status_print():  Port 2: Link Down
PMD: ixgbe_dev_link_status_print():  Port 3: Link Down
[1;37m[INFO]  Waiting for devices to come up...[0m
[1;37m[INFO]  Device 3 (A0:36:9F:3B:5B:4E) is up: 10000 MBit/s[0m
[1;37m[INFO]  Device 2 (A0:36:9F:3B:5B:4C) is up: 10000 MBit/s[0m
[1;37m[INFO]  [0;32m2 devices are up.[0m[0m
[1;37m[INFO]  waiting for first successful packet...[0m
[1;37m[INFO]  warmup packet sent[0m
[1;37m[INFO]  first packet received[0m
[0;34m[Device: id=2] TX[0m: 1.76 Mpps, 900 Mbit/s (1181 Mbit/s with framing)
[1;36m[Device: id=3] RX[0m: 1.72 Mpps, 882 Mbit/s (1158 Mbit/s with framing)
[0;34m[Device: id=2] TX[0m: 1.74 Mpps, 889 Mbit/s (1167 Mbit/s with framing)
[1;36m[Device: id=3] RX[0m: 1.77 Mpps, 908 Mbit/s (1192 Mbit/s with framing)
[0;34m[Device: id=2] TX[0m: 1.77 Mpps, 908 Mbit/s (1191 Mbit/s with framing)
[1;36m[Device: id=3] RX[0m: 1.77 Mpps, 908 Mbit/s (1191 Mbit/s with framing)
[0;34m[Device: id=2] TX[0m: 1.77 Mpps, 907 Mbit/s (1191 Mbit/s with framing)
[1;36m[Device: id=3] RX[0m: 1.77 Mpps, 907 Mbit/s (1191 Mbit/s with framing)
[0;34m[Device: id=2] TX[0m: 1.77 Mpps, 907 Mbit/s (1191 Mbit/s with framing)
[1;36m[Device: id=3] RX[0m: 1.77 Mpps, 907 Mbit/s (1191 Mbit/s with framing)
[0;34m[Device: id=2] TX[0m: 1.77 Mpps, 907 Mbit/s (1191 Mbit/s with framing)
[1;36m[Device: id=3] RX[0m: 1.77 Mpps, 907 Mbit/s (1191 Mbit/s with framing)
[0;34m[Device: id=2] TX[0m: 1.77 Mpps, 907 Mbit/s (1191 Mbit/s with framing)
[1;36m[Device: id=3] RX[0m: 1.77 Mpps, 907 Mbit/s (1191 Mbit/s with framing)
[0;34m[Device: id=2] TX[0m: 1.77 Mpps, 907 Mbit/s (1191 Mbit/s with framing)
[1;36m[Device: id=3] RX[0m: 1.77 Mpps, 907 Mbit/s (1191 Mbit/s with framing)
[0;34m[Device: id=2] TX[0m: 1.77 Mpps, 907 Mbit/s (1191 Mbit/s with framing)
[1;36m[Device: id=3] RX[0m: 1.77 Mpps, 907 Mbit/s (1191 Mbit/s with framing)
[0;34m[Device: id=2] TX[0m: 1.77 Mpps, 907 Mbit/s (1191 Mbit/s with framing)
[1;36m[Device: id=3] RX[0m: 1.77 Mpps, 907 Mbit/s (1191 Mbit/s with framing)
[0;34m[Device: id=2] TX[0m: 1.77 Mpps, 907 Mbit/s (1191 Mbit/s with framing)
[1;36m[Device: id=3] RX[0m: 1.77 Mpps, 907 Mbit/s (1191 Mbit/s with framing)
[0;34m[Device: id=2] TX[0m: 1.77 Mpps, 907 Mbit/s (1191 Mbit/s with framing)
[1;36m[Device: id=3] RX[0m: 1.77 Mpps, 907 Mbit/s (1191 Mbit/s with framing)
[0;34m[Device: id=2] TX[0m: 1.77 Mpps, 907 Mbit/s (1191 Mbit/s with framing)
[1;36m[Device: id=3] RX[0m: 1.77 Mpps, 907 Mbit/s (1191 Mbit/s with framing)
[0;34m[Device: id=2] TX[0m: 1.77 Mpps, 907 Mbit/s (1191 Mbit/s with framing)
[1;36m[Device: id=3] RX[0m: 1.77 Mpps, 907 Mbit/s (1191 Mbit/s with framing)
[0;34m[Device: id=2] TX[0m: 1.77 Mpps, 907 Mbit/s (1191 Mbit/s with framing)
[1;36m[Device: id=3] RX[0m: 1.77 Mpps, 907 Mbit/s (1191 Mbit/s with framing)
[0;34m[Device: id=2] TX[0m: 1.77 Mpps, 907 Mbit/s (1191 Mbit/s with framing)
[1;36m[Device: id=3] RX[0m: 1.77 Mpps, 907 Mbit/s (1191 Mbit/s with framing)
[0;34m[Device: id=2] TX[0m: 1.77 Mpps, 907 Mbit/s (1191 Mbit/s with framing)
[1;36m[Device: id=3] RX[0m: 1.77 Mpps, 907 Mbit/s (1191 Mbit/s with framing)
[0;34m[Device: id=2] TX[0m: 1.77 Mpps, 907 Mbit/s (1191 Mbit/s with framing)
[1;36m[Device: id=3] RX[0m: 1.77 Mpps, 907 Mbit/s (1191 Mbit/s with framing)
[0;34m[Device: id=2] TX[0m: 1.77 Mpps, 907 Mbit/s (1191 Mbit/s with framing)
[1;36m[Device: id=3] RX[0m: 1.77 Mpps, 907 Mbit/s (1191 Mbit/s with framing)
[0;34m[Device: id=2] TX[0m: 1.77 Mpps, 907 Mbit/s (1191 Mbit/s with framing)
[1;36m[Device: id=3] RX[0m: 1.77 Mpps, 907 Mbit/s (1191 Mbit/s with framing)
[0;34m[Device: id=2] TX[0m: 1.77 Mpps, 907 Mbit/s (1191 Mbit/s with framing)
[1;33m[WARN]  Failed to timestamp packet on transmission[0m
Samples: 277806, Average: 9855.2 ns, StdDev: 520.1 ns, Quartiles: 9549.0/9771.0/10096.0 ns
[1;37m[INFO]  Saving histogram to '/tmp/l2_bridging_mbit0900.histogram.csv'[0m
[1;37m[INFO]  Saving latency to '/tmp/l2_bridging_mbit0900.latency.csv'[0m
[0;34m[Device: id=2] TX[0m: 1.77 (StdDev 0.01) Mpps, 906 (StdDev 4) Mbit/s (1190 Mbit/s with framing), total 37173317 packets with 2379092288 bytes (incl. CRC)
[1;36m[Device: id=3] RX[0m: 1.77 (StdDev 0.00) Mpps, 907 (StdDev 0) Mbit/s (1191 Mbit/s with framing), total 37173316 packets with 2379092224 bytes (incl. CRC)
[1;37m[INFO]  Saving throughput to '/tmp/l2_bridging_mbit0900.throughput.csv'[0m
