[1;37m[INFO]  Initializing DPDK. This will take a few seconds...[0m
EAL: Probing VFIO support...
EAL: PCI device 0000:05:00.0 on NUMA socket 0
EAL:   probe driver: 8086:1528 net_ixgbe
EAL: PCI device 0000:05:00.1 on NUMA socket 0
EAL:   probe driver: 8086:1528 net_ixgbe
EAL: PCI device 0000:83:00.0 on NUMA socket 1
EAL:   probe driver: 8086:1528 net_ixgbe
EAL: PCI device 0000:83:00.1 on NUMA socket 1
EAL:   probe driver: 8086:1528 net_ixgbe
EAL: PCI device 0000:87:00.0 on NUMA socket 1
EAL:   probe driver: 8086:1526 net_e1000_igb
EAL: PCI device 0000:87:00.1 on NUMA socket 1
EAL:   probe driver: 8086:1526 net_e1000_igb
EAL: PCI device 0000:89:00.0 on NUMA socket 1
EAL:   probe driver: 8086:1526 net_e1000_igb
EAL: PCI device 0000:89:00.1 on NUMA socket 1
EAL:   probe driver: 8086:1526 net_e1000_igb
[1;37m[INFO]  Found 7 usable devices:[0m
   Device 0: 00:25:90:E8:40:C0 ([0;32mIntel Corporation Ethernet Controller 10-Gigabit X540-AT2[0m)
   Device 1: 00:25:90:E8:40:C1 ([0;32mIntel Corporation Ethernet Controller 10-Gigabit X540-AT2[0m)
   Device 2: A0:36:9F:3B:5B:4C ([0;32mIntel Corporation Ethernet Controller 10-Gigabit X540-AT2[0m)
   Device 3: A0:36:9F:3B:5B:4E ([0;32mIntel Corporation Ethernet Controller 10-Gigabit X540-AT2[0m)
   Device 4: 90:E2:BA:1C:55:7D ([0;32mIntel Corporation 82576 Gigabit Network Connection[0m)
   Device 5: 90:E2:BA:1C:55:7E ([0;32mIntel Corporation 82576 Gigabit Network Connection[0m)
   Device 6: 90:E2:BA:1C:55:7F ([0;32mIntel Corporation 82576 Gigabit Network Connection[0m)
PMD: ixgbe_dev_link_status_print():  Port 2: Link Down
PMD: ixgbe_dev_link_status_print():  Port 3: Link Down
[1;37m[INFO]  Waiting for devices to come up...[0m
[1;37m[INFO]  Device 3 (A0:36:9F:3B:5B:4E) is up: 10000 MBit/s[0m
[1;37m[INFO]  Device 2 (A0:36:9F:3B:5B:4C) is up: 10000 MBit/s[0m
[1;37m[INFO]  [0;32m2 devices are up.[0m[0m
[1;37m[INFO]  waiting for first successful packet...[0m
[1;37m[INFO]  warmup packet sent[0m
[1;37m[INFO]  first packet received[0m
[0;34m[Device: id=2] TX[0m: 9.54 Mpps, 4884 Mbit/s (6410 Mbit/s with framing)
[1;36m[Device: id=3] RX[0m: 9.19 Mpps, 4706 Mbit/s (6177 Mbit/s with framing)
[0;34m[Device: id=2] TX[0m: 9.34 Mpps, 4783 Mbit/s (6277 Mbit/s with framing)
[1;36m[Device: id=3] RX[0m: 9.39 Mpps, 4810 Mbit/s (6313 Mbit/s with framing)
[0;34m[Device: id=2] TX[0m: 9.54 Mpps, 4886 Mbit/s (6413 Mbit/s with framing)
[1;36m[Device: id=3] RX[0m: 9.40 Mpps, 4811 Mbit/s (6314 Mbit/s with framing)
[0;34m[Device: id=2] TX[0m: 9.54 Mpps, 4886 Mbit/s (6413 Mbit/s with framing)
[1;36m[Device: id=3] RX[0m: 9.39 Mpps, 4810 Mbit/s (6313 Mbit/s with framing)
[0;34m[Device: id=2] TX[0m: 9.54 Mpps, 4886 Mbit/s (6413 Mbit/s with framing)
[1;36m[Device: id=3] RX[0m: 9.40 Mpps, 4811 Mbit/s (6314 Mbit/s with framing)
[0;34m[Device: id=2] TX[0m: 9.54 Mpps, 4886 Mbit/s (6413 Mbit/s with framing)
[1;36m[Device: id=3] RX[0m: 9.40 Mpps, 4811 Mbit/s (6314 Mbit/s with framing)
[0;34m[Device: id=2] TX[0m: 9.54 Mpps, 4886 Mbit/s (6413 Mbit/s with framing)
[1;36m[Device: id=3] RX[0m: 9.40 Mpps, 4811 Mbit/s (6314 Mbit/s with framing)
[0;34m[Device: id=2] TX[0m: 9.54 Mpps, 4886 Mbit/s (6413 Mbit/s with framing)
[1;36m[Device: id=3] RX[0m: 9.40 Mpps, 4811 Mbit/s (6314 Mbit/s with framing)
[0;34m[Device: id=2] TX[0m: 9.54 Mpps, 4886 Mbit/s (6413 Mbit/s with framing)
[1;36m[Device: id=3] RX[0m: 9.40 Mpps, 4811 Mbit/s (6314 Mbit/s with framing)
[0;34m[Device: id=2] TX[0m: 9.54 Mpps, 4887 Mbit/s (6414 Mbit/s with framing)
[1;36m[Device: id=3] RX[0m: 9.39 Mpps, 4809 Mbit/s (6312 Mbit/s with framing)
[0;34m[Device: id=2] TX[0m: 9.54 Mpps, 4885 Mbit/s (6411 Mbit/s with framing)
[1;36m[Device: id=3] RX[0m: 9.39 Mpps, 4810 Mbit/s (6313 Mbit/s with framing)
[0;34m[Device: id=2] TX[0m: 9.54 Mpps, 4885 Mbit/s (6412 Mbit/s with framing)
[1;36m[Device: id=3] RX[0m: 9.39 Mpps, 4810 Mbit/s (6313 Mbit/s with framing)
[0;34m[Device: id=2] TX[0m: 9.54 Mpps, 4886 Mbit/s (6413 Mbit/s with framing)
[1;36m[Device: id=3] RX[0m: 9.40 Mpps, 4812 Mbit/s (6315 Mbit/s with framing)
[0;34m[Device: id=2] TX[0m: 9.54 Mpps, 4886 Mbit/s (6413 Mbit/s with framing)
[1;36m[Device: id=3] RX[0m: 9.39 Mpps, 4810 Mbit/s (6313 Mbit/s with framing)
[0;34m[Device: id=2] TX[0m: 9.54 Mpps, 4886 Mbit/s (6413 Mbit/s with framing)
[1;36m[Device: id=3] RX[0m: 9.40 Mpps, 4811 Mbit/s (6315 Mbit/s with framing)
[0;34m[Device: id=2] TX[0m: 9.54 Mpps, 4886 Mbit/s (6413 Mbit/s with framing)
[1;36m[Device: id=3] RX[0m: 9.39 Mpps, 4810 Mbit/s (6313 Mbit/s with framing)
[0;34m[Device: id=2] TX[0m: 9.54 Mpps, 4886 Mbit/s (6413 Mbit/s with framing)
[1;36m[Device: id=3] RX[0m: 9.40 Mpps, 4811 Mbit/s (6314 Mbit/s with framing)
[0;34m[Device: id=2] TX[0m: 9.54 Mpps, 4886 Mbit/s (6413 Mbit/s with framing)
[1;36m[Device: id=3] RX[0m: 9.40 Mpps, 4811 Mbit/s (6314 Mbit/s with framing)
[0;34m[Device: id=2] TX[0m: 9.54 Mpps, 4886 Mbit/s (6413 Mbit/s with framing)
[1;36m[Device: id=3] RX[0m: 9.40 Mpps, 4812 Mbit/s (6315 Mbit/s with framing)
[0;34m[Device: id=2] TX[0m: 9.54 Mpps, 4886 Mbit/s (6413 Mbit/s with framing)
[1;36m[Device: id=3] RX[0m: 9.39 Mpps, 4810 Mbit/s (6313 Mbit/s with framing)
Samples: 22508, Average: 563782.3 ns, StdDev: 12255.4 ns, Quartiles: 560519.0/563620.0/567808.0 ns
[1;37m[INFO]  Saving histogram to '/tmp/l2_bridging_cnf2_mbit4853hires.histogram.csv'[0m
[1;37m[INFO]  Saving latency to '/tmp/l2_bridging_cnf2_mbit4853hires.latency.csv'[0m
[0;34m[Device: id=2] TX[0m: 9.53 (StdDev 0.05) Mpps, 4881 (StdDev 24) Mbit/s (6406 Mbit/s with framing), total 199794712 packets with 12786861568 bytes (incl. CRC)
[1;36m[Device: id=3] RX[0m: 9.40 (StdDev 0.00) Mpps, 4811 (StdDev 1) Mbit/s (6314 Mbit/s with framing), total 196707900 packets with 12589305600 bytes (incl. CRC)
[1;37m[INFO]  Saving throughput to '/tmp/l2_bridging_cnf2_mbit4853hires.throughput.csv'[0m
