[1;37m[INFO]  Initializing DPDK. This will take a few seconds...[0m
EAL: Probing VFIO support...
EAL: PCI device 0000:05:00.0 on NUMA socket 0
EAL:   probe driver: 8086:1528 net_ixgbe
EAL: PCI device 0000:05:00.1 on NUMA socket 0
EAL:   probe driver: 8086:1528 net_ixgbe
EAL: PCI device 0000:83:00.0 on NUMA socket 1
EAL:   probe driver: 8086:1528 net_ixgbe
EAL: PCI device 0000:83:00.1 on NUMA socket 1
EAL:   probe driver: 8086:1528 net_ixgbe
EAL: PCI device 0000:87:00.0 on NUMA socket 1
EAL:   probe driver: 8086:1526 net_e1000_igb
EAL: PCI device 0000:87:00.1 on NUMA socket 1
EAL:   probe driver: 8086:1526 net_e1000_igb
EAL: PCI device 0000:89:00.0 on NUMA socket 1
EAL:   probe driver: 8086:1526 net_e1000_igb
EAL: PCI device 0000:89:00.1 on NUMA socket 1
EAL:   probe driver: 8086:1526 net_e1000_igb
[1;37m[INFO]  Found 7 usable devices:[0m
   Device 0: 00:25:90:E8:40:C0 ([0;32mIntel Corporation Ethernet Controller 10-Gigabit X540-AT2[0m)
   Device 1: 00:25:90:E8:40:C1 ([0;32mIntel Corporation Ethernet Controller 10-Gigabit X540-AT2[0m)
   Device 2: A0:36:9F:3B:5B:4C ([0;32mIntel Corporation Ethernet Controller 10-Gigabit X540-AT2[0m)
   Device 3: A0:36:9F:3B:5B:4E ([0;32mIntel Corporation Ethernet Controller 10-Gigabit X540-AT2[0m)
   Device 4: 90:E2:BA:1C:55:7D ([0;32mIntel Corporation 82576 Gigabit Network Connection[0m)
   Device 5: 90:E2:BA:1C:55:7E ([0;32mIntel Corporation 82576 Gigabit Network Connection[0m)
   Device 6: 90:E2:BA:1C:55:7F ([0;32mIntel Corporation 82576 Gigabit Network Connection[0m)
PMD: ixgbe_dev_link_status_print():  Port 2: Link Down
PMD: ixgbe_dev_link_status_print():  Port 3: Link Down
[1;37m[INFO]  Waiting for devices to come up...[0m
[1;37m[INFO]  Device 2 (A0:36:9F:3B:5B:4C) is up: 10000 MBit/s[0m
[1;37m[INFO]  Device 3 (A0:36:9F:3B:5B:4E) is up: 10000 MBit/s[0m
[1;37m[INFO]  [0;32m2 devices are up.[0m[0m
[1;37m[INFO]  waiting for first successful packet...[0m
[1;37m[INFO]  warmup packet sent[0m
[1;37m[INFO]  first packet received[0m
[0;34m[Device: id=2] TX[0m: 2.35 Mpps, 1201 Mbit/s (1576 Mbit/s with framing)
[1;36m[Device: id=3] RX[0m: 2.30 Mpps, 1176 Mbit/s (1544 Mbit/s with framing)
[0;34m[Device: id=2] TX[0m: 2.31 Mpps, 1183 Mbit/s (1553 Mbit/s with framing)
[1;36m[Device: id=3] RX[0m: 2.36 Mpps, 1209 Mbit/s (1586 Mbit/s with framing)
[0;34m[Device: id=2] TX[0m: 2.36 Mpps, 1208 Mbit/s (1586 Mbit/s with framing)
[1;36m[Device: id=3] RX[0m: 2.36 Mpps, 1208 Mbit/s (1586 Mbit/s with framing)
[0;34m[Device: id=2] TX[0m: 2.36 Mpps, 1208 Mbit/s (1586 Mbit/s with framing)
[1;36m[Device: id=3] RX[0m: 2.36 Mpps, 1208 Mbit/s (1586 Mbit/s with framing)
[0;34m[Device: id=2] TX[0m: 2.36 Mpps, 1208 Mbit/s (1586 Mbit/s with framing)
[1;36m[Device: id=3] RX[0m: 2.36 Mpps, 1208 Mbit/s (1586 Mbit/s with framing)
[0;34m[Device: id=2] TX[0m: 2.36 Mpps, 1208 Mbit/s (1585 Mbit/s with framing)
[1;36m[Device: id=3] RX[0m: 2.36 Mpps, 1208 Mbit/s (1585 Mbit/s with framing)
[0;34m[Device: id=2] TX[0m: 2.36 Mpps, 1208 Mbit/s (1585 Mbit/s with framing)
[1;36m[Device: id=3] RX[0m: 2.36 Mpps, 1208 Mbit/s (1585 Mbit/s with framing)
[0;34m[Device: id=2] TX[0m: 2.36 Mpps, 1208 Mbit/s (1585 Mbit/s with framing)
[1;36m[Device: id=3] RX[0m: 2.36 Mpps, 1208 Mbit/s (1585 Mbit/s with framing)
[0;34m[Device: id=2] TX[0m: 2.36 Mpps, 1208 Mbit/s (1585 Mbit/s with framing)
[1;36m[Device: id=3] RX[0m: 2.36 Mpps, 1208 Mbit/s (1585 Mbit/s with framing)
[0;34m[Device: id=2] TX[0m: 2.36 Mpps, 1208 Mbit/s (1585 Mbit/s with framing)
[1;36m[Device: id=3] RX[0m: 2.36 Mpps, 1208 Mbit/s (1585 Mbit/s with framing)
[0;34m[Device: id=2] TX[0m: 2.36 Mpps, 1207 Mbit/s (1584 Mbit/s with framing)
[1;36m[Device: id=3] RX[0m: 2.36 Mpps, 1207 Mbit/s (1585 Mbit/s with framing)
[0;34m[Device: id=2] TX[0m: 2.36 Mpps, 1207 Mbit/s (1585 Mbit/s with framing)
[1;36m[Device: id=3] RX[0m: 2.36 Mpps, 1207 Mbit/s (1585 Mbit/s with framing)
[0;34m[Device: id=2] TX[0m: 2.36 Mpps, 1207 Mbit/s (1584 Mbit/s with framing)
[1;36m[Device: id=3] RX[0m: 2.36 Mpps, 1207 Mbit/s (1584 Mbit/s with framing)
[0;34m[Device: id=2] TX[0m: 2.36 Mpps, 1207 Mbit/s (1584 Mbit/s with framing)
[1;36m[Device: id=3] RX[0m: 2.36 Mpps, 1207 Mbit/s (1584 Mbit/s with framing)
[0;34m[Device: id=2] TX[0m: 2.36 Mpps, 1207 Mbit/s (1585 Mbit/s with framing)
[1;36m[Device: id=3] RX[0m: 2.36 Mpps, 1207 Mbit/s (1585 Mbit/s with framing)
[0;34m[Device: id=2] TX[0m: 2.36 Mpps, 1207 Mbit/s (1585 Mbit/s with framing)
[1;36m[Device: id=3] RX[0m: 2.36 Mpps, 1207 Mbit/s (1585 Mbit/s with framing)
[0;34m[Device: id=2] TX[0m: 2.36 Mpps, 1207 Mbit/s (1585 Mbit/s with framing)
[1;36m[Device: id=3] RX[0m: 2.36 Mpps, 1207 Mbit/s (1585 Mbit/s with framing)
[0;34m[Device: id=2] TX[0m: 2.36 Mpps, 1207 Mbit/s (1585 Mbit/s with framing)
[1;36m[Device: id=3] RX[0m: 2.36 Mpps, 1207 Mbit/s (1585 Mbit/s with framing)
[0;34m[Device: id=2] TX[0m: 2.36 Mpps, 1207 Mbit/s (1585 Mbit/s with framing)
[1;36m[Device: id=3] RX[0m: 2.36 Mpps, 1207 Mbit/s (1585 Mbit/s with framing)
[0;34m[Device: id=2] TX[0m: 2.36 Mpps, 1207 Mbit/s (1585 Mbit/s with framing)
[1;36m[Device: id=3] RX[0m: 2.36 Mpps, 1207 Mbit/s (1585 Mbit/s with framing)
[1;33m[WARN]  Failed to timestamp packet on transmission[0m
Samples: 264641, Average: 10234.2 ns, StdDev: 587.8 ns, Quartiles: 9859.0/10112.0/10595.0 ns
[1;37m[INFO]  Saving histogram to '/tmp/l2_bridging_mbit1200.histogram.csv'[0m
[1;37m[INFO]  Saving latency to '/tmp/l2_bridging_mbit1200.latency.csv'[0m
[0;34m[Device: id=2] TX[0m: 2.36 (StdDev 0.01) Mpps, 1206 (StdDev 6) Mbit/s (1583 Mbit/s with framing), total 49287463 packets with 3154397632 bytes (incl. CRC)
[1;36m[Device: id=3] RX[0m: 2.36 (StdDev 0.00) Mpps, 1208 (StdDev 0) Mbit/s (1585 Mbit/s with framing), total 49287462 packets with 3154397568 bytes (incl. CRC)
[1;37m[INFO]  Saving throughput to '/tmp/l2_bridging_mbit1200.throughput.csv'[0m
