[1;37m[INFO]  Initializing DPDK. This will take a few seconds...[0m
EAL: Probing VFIO support...
EAL: PCI device 0000:05:00.0 on NUMA socket 0
EAL:   probe driver: 8086:1528 net_ixgbe
EAL: PCI device 0000:05:00.1 on NUMA socket 0
EAL:   probe driver: 8086:1528 net_ixgbe
EAL: PCI device 0000:83:00.0 on NUMA socket 1
EAL:   probe driver: 8086:1528 net_ixgbe
EAL: PCI device 0000:83:00.1 on NUMA socket 1
EAL:   probe driver: 8086:1528 net_ixgbe
EAL: PCI device 0000:87:00.0 on NUMA socket 1
EAL:   probe driver: 8086:1526 net_e1000_igb
EAL: PCI device 0000:87:00.1 on NUMA socket 1
EAL:   probe driver: 8086:1526 net_e1000_igb
EAL: PCI device 0000:89:00.0 on NUMA socket 1
EAL:   probe driver: 8086:1526 net_e1000_igb
EAL: PCI device 0000:89:00.1 on NUMA socket 1
EAL:   probe driver: 8086:1526 net_e1000_igb
[1;37m[INFO]  Found 7 usable devices:[0m
   Device 0: 00:25:90:E8:40:C0 ([0;32mIntel Corporation Ethernet Controller 10-Gigabit X540-AT2[0m)
   Device 1: 00:25:90:E8:40:C1 ([0;32mIntel Corporation Ethernet Controller 10-Gigabit X540-AT2[0m)
   Device 2: A0:36:9F:3B:5B:4C ([0;32mIntel Corporation Ethernet Controller 10-Gigabit X540-AT2[0m)
   Device 3: A0:36:9F:3B:5B:4E ([0;32mIntel Corporation Ethernet Controller 10-Gigabit X540-AT2[0m)
   Device 4: 90:E2:BA:1C:55:7D ([0;32mIntel Corporation 82576 Gigabit Network Connection[0m)
   Device 5: 90:E2:BA:1C:55:7E ([0;32mIntel Corporation 82576 Gigabit Network Connection[0m)
   Device 6: 90:E2:BA:1C:55:7F ([0;32mIntel Corporation 82576 Gigabit Network Connection[0m)
PMD: ixgbe_dev_link_status_print():  Port 2: Link Down
PMD: ixgbe_dev_link_status_print():  Port 3: Link Down
[1;37m[INFO]  Waiting for devices to come up...[0m
[1;37m[INFO]  Device 2 (A0:36:9F:3B:5B:4C) is up: 10000 MBit/s[0m
[1;37m[INFO]  Device 3 (A0:36:9F:3B:5B:4E) is up: 10000 MBit/s[0m
[1;37m[INFO]  [0;32m2 devices are up.[0m[0m
[1;37m[INFO]  waiting for first successful packet...[0m
[1;37m[INFO]  warmup packet sent[0m
[1;37m[INFO]  warmup packet sent[0m
[1;37m[INFO]  warmup packet sent[0m
[1;37m[INFO]  first packet received[0m
[0;34m[Device: id=2] TX[0m: 6.51 Mpps, 3332 Mbit/s (4374 Mbit/s with framing)
[1;36m[Device: id=3] RX[0m: 6.31 Mpps, 3233 Mbit/s (4243 Mbit/s with framing)
[0;34m[Device: id=2] TX[0m: 6.33 Mpps, 3242 Mbit/s (4255 Mbit/s with framing)
[1;36m[Device: id=3] RX[0m: 6.49 Mpps, 3323 Mbit/s (4362 Mbit/s with framing)
[0;34m[Device: id=2] TX[0m: 6.51 Mpps, 3335 Mbit/s (4377 Mbit/s with framing)
[1;36m[Device: id=3] RX[0m: 6.50 Mpps, 3328 Mbit/s (4368 Mbit/s with framing)
[0;34m[Device: id=2] TX[0m: 6.51 Mpps, 3335 Mbit/s (4377 Mbit/s with framing)
[1;36m[Device: id=3] RX[0m: 6.49 Mpps, 3323 Mbit/s (4362 Mbit/s with framing)
[0;34m[Device: id=2] TX[0m: 6.51 Mpps, 3335 Mbit/s (4377 Mbit/s with framing)
[1;36m[Device: id=3] RX[0m: 6.50 Mpps, 3329 Mbit/s (4369 Mbit/s with framing)
[0;34m[Device: id=2] TX[0m: 6.51 Mpps, 3335 Mbit/s (4377 Mbit/s with framing)
[1;36m[Device: id=3] RX[0m: 6.49 Mpps, 3324 Mbit/s (4362 Mbit/s with framing)
[0;34m[Device: id=2] TX[0m: 6.51 Mpps, 3335 Mbit/s (4377 Mbit/s with framing)
[1;36m[Device: id=3] RX[0m: 6.49 Mpps, 3322 Mbit/s (4360 Mbit/s with framing)
[0;34m[Device: id=2] TX[0m: 6.51 Mpps, 3334 Mbit/s (4376 Mbit/s with framing)
[1;36m[Device: id=3] RX[0m: 6.45 Mpps, 3304 Mbit/s (4337 Mbit/s with framing)
[0;34m[Device: id=2] TX[0m: 6.51 Mpps, 3334 Mbit/s (4377 Mbit/s with framing)
[1;36m[Device: id=3] RX[0m: 6.50 Mpps, 3326 Mbit/s (4366 Mbit/s with framing)
[0;34m[Device: id=2] TX[0m: 6.51 Mpps, 3335 Mbit/s (4377 Mbit/s with framing)
[1;36m[Device: id=3] RX[0m: 6.49 Mpps, 3325 Mbit/s (4364 Mbit/s with framing)
[0;34m[Device: id=2] TX[0m: 6.51 Mpps, 3334 Mbit/s (4375 Mbit/s with framing)
[1;36m[Device: id=3] RX[0m: 6.50 Mpps, 3328 Mbit/s (4368 Mbit/s with framing)
[0;34m[Device: id=2] TX[0m: 6.51 Mpps, 3334 Mbit/s (4376 Mbit/s with framing)
[1;36m[Device: id=3] RX[0m: 6.49 Mpps, 3323 Mbit/s (4361 Mbit/s with framing)
[0;34m[Device: id=2] TX[0m: 6.51 Mpps, 3334 Mbit/s (4377 Mbit/s with framing)
[1;36m[Device: id=3] RX[0m: 6.50 Mpps, 3327 Mbit/s (4367 Mbit/s with framing)
[0;34m[Device: id=2] TX[0m: 6.51 Mpps, 3335 Mbit/s (4377 Mbit/s with framing)
[1;36m[Device: id=3] RX[0m: 6.49 Mpps, 3324 Mbit/s (4363 Mbit/s with framing)
[0;34m[Device: id=2] TX[0m: 6.51 Mpps, 3335 Mbit/s (4377 Mbit/s with framing)
[1;36m[Device: id=3] RX[0m: 6.50 Mpps, 3328 Mbit/s (4367 Mbit/s with framing)
[0;34m[Device: id=2] TX[0m: 6.51 Mpps, 3334 Mbit/s (4376 Mbit/s with framing)
[1;36m[Device: id=3] RX[0m: 6.49 Mpps, 3324 Mbit/s (4363 Mbit/s with framing)
[0;34m[Device: id=2] TX[0m: 6.51 Mpps, 3335 Mbit/s (4377 Mbit/s with framing)
[1;36m[Device: id=3] RX[0m: 6.50 Mpps, 3327 Mbit/s (4367 Mbit/s with framing)
[0;34m[Device: id=2] TX[0m: 6.51 Mpps, 3334 Mbit/s (4376 Mbit/s with framing)
[0;34m[Device: id=2] TX[0m: 6.50 (StdDev 0.04) Mpps, 3329 (StdDev 22) Mbit/s (4369 Mbit/s with framing), total 117076939 packets with 7492924096 bytes (incl. CRC)
Samples: 36274, Average: 418172.1 ns, StdDev: 208928.9 ns, Quartiles: 264653.0/341330.0/543296.0 ns
[1;37m[INFO]  Saving histogram to '/tmp/l2_multimac_01000000_mbit3327hires.histogram.csv'[0m
[1;37m[INFO]  Saving latency to '/tmp/l2_multimac_01000000_mbit3327hires.latency.csv'[0m
[1;36m[Device: id=3] RX[0m: 6.49 (StdDev 0.01) Mpps, 3324 (StdDev 6) Mbit/s (4363 Mbit/s with framing), total 116530912 packets with 7457978368 bytes (incl. CRC)
[1;37m[INFO]  Saving throughput to '/tmp/l2_multimac_01000000_mbit3327hires.throughput.csv'[0m
