[1;37m[INFO]  Initializing DPDK. This will take a few seconds...[0m
EAL: Probing VFIO support...
EAL: PCI device 0000:05:00.0 on NUMA socket 0
EAL:   probe driver: 8086:1528 net_ixgbe
EAL: PCI device 0000:05:00.1 on NUMA socket 0
EAL:   probe driver: 8086:1528 net_ixgbe
EAL: PCI device 0000:83:00.0 on NUMA socket 1
EAL:   probe driver: 8086:1528 net_ixgbe
EAL: PCI device 0000:83:00.1 on NUMA socket 1
EAL:   probe driver: 8086:1528 net_ixgbe
EAL: PCI device 0000:87:00.0 on NUMA socket 1
EAL:   probe driver: 8086:1526 net_e1000_igb
EAL: PCI device 0000:87:00.1 on NUMA socket 1
EAL:   probe driver: 8086:1526 net_e1000_igb
EAL: PCI device 0000:89:00.0 on NUMA socket 1
EAL:   probe driver: 8086:1526 net_e1000_igb
EAL: PCI device 0000:89:00.1 on NUMA socket 1
EAL:   probe driver: 8086:1526 net_e1000_igb
[1;37m[INFO]  Found 7 usable devices:[0m
   Device 0: 00:25:90:E8:40:C0 ([0;32mIntel Corporation Ethernet Controller 10-Gigabit X540-AT2[0m)
   Device 1: 00:25:90:E8:40:C1 ([0;32mIntel Corporation Ethernet Controller 10-Gigabit X540-AT2[0m)
   Device 2: A0:36:9F:3B:5B:4C ([0;32mIntel Corporation Ethernet Controller 10-Gigabit X540-AT2[0m)
   Device 3: A0:36:9F:3B:5B:4E ([0;32mIntel Corporation Ethernet Controller 10-Gigabit X540-AT2[0m)
   Device 4: 90:E2:BA:1C:55:7D ([0;32mIntel Corporation 82576 Gigabit Network Connection[0m)
   Device 5: 90:E2:BA:1C:55:7E ([0;32mIntel Corporation 82576 Gigabit Network Connection[0m)
   Device 6: 90:E2:BA:1C:55:7F ([0;32mIntel Corporation 82576 Gigabit Network Connection[0m)
PMD: ixgbe_dev_link_status_print():  Port 2: Link Down
PMD: ixgbe_dev_link_status_print():  Port 3: Link Down
[1;37m[INFO]  Waiting for devices to come up...[0m
[1;37m[INFO]  Device 2 (A0:36:9F:3B:5B:4C) is up: 10000 MBit/s[0m
[1;37m[INFO]  Device 3 (A0:36:9F:3B:5B:4E) is up: 10000 MBit/s[0m
[1;37m[INFO]  [0;32m2 devices are up.[0m[0m
[1;37m[INFO]  waiting for first successful packet...[0m
[1;37m[INFO]  warmup packet sent[0m
[1;37m[INFO]  warmup packet sent[0m
[1;37m[INFO]  warmup packet sent[0m
[1;37m[INFO]  first packet received[0m
[0;34m[Device: id=2] TX[0m: 6.51 Mpps, 3332 Mbit/s (4374 Mbit/s with framing)
[1;36m[Device: id=3] RX[0m: 6.33 Mpps, 3239 Mbit/s (4251 Mbit/s with framing)
[0;34m[Device: id=2] TX[0m: 6.34 Mpps, 3244 Mbit/s (4257 Mbit/s with framing)
[1;36m[Device: id=3] RX[0m: 6.50 Mpps, 3326 Mbit/s (4366 Mbit/s with framing)
[0;34m[Device: id=2] TX[0m: 6.51 Mpps, 3335 Mbit/s (4377 Mbit/s with framing)
[1;36m[Device: id=3] RX[0m: 6.51 Mpps, 3332 Mbit/s (4373 Mbit/s with framing)
[0;34m[Device: id=2] TX[0m: 6.51 Mpps, 3335 Mbit/s (4377 Mbit/s with framing)
[1;36m[Device: id=3] RX[0m: 6.50 Mpps, 3327 Mbit/s (4367 Mbit/s with framing)
[0;34m[Device: id=2] TX[0m: 6.51 Mpps, 3335 Mbit/s (4377 Mbit/s with framing)
[1;36m[Device: id=3] RX[0m: 6.50 Mpps, 3330 Mbit/s (4371 Mbit/s with framing)
[0;34m[Device: id=2] TX[0m: 6.51 Mpps, 3335 Mbit/s (4377 Mbit/s with framing)
[1;36m[Device: id=3] RX[0m: 6.50 Mpps, 3327 Mbit/s (4367 Mbit/s with framing)
[0;34m[Device: id=2] TX[0m: 6.51 Mpps, 3335 Mbit/s (4377 Mbit/s with framing)
[1;36m[Device: id=3] RX[0m: 6.48 Mpps, 3317 Mbit/s (4354 Mbit/s with framing)
[0;34m[Device: id=2] TX[0m: 6.51 Mpps, 3334 Mbit/s (4376 Mbit/s with framing)
[1;36m[Device: id=3] RX[0m: 6.48 Mpps, 3316 Mbit/s (4353 Mbit/s with framing)
[0;34m[Device: id=2] TX[0m: 6.51 Mpps, 3335 Mbit/s (4377 Mbit/s with framing)
[1;36m[Device: id=3] RX[0m: 6.50 Mpps, 3329 Mbit/s (4369 Mbit/s with framing)
[0;34m[Device: id=2] TX[0m: 6.51 Mpps, 3335 Mbit/s (4377 Mbit/s with framing)
[1;36m[Device: id=3] RX[0m: 6.50 Mpps, 3325 Mbit/s (4365 Mbit/s with framing)
[0;34m[Device: id=2] TX[0m: 6.51 Mpps, 3334 Mbit/s (4376 Mbit/s with framing)
[1;36m[Device: id=3] RX[0m: 6.50 Mpps, 3330 Mbit/s (4370 Mbit/s with framing)
[0;34m[Device: id=2] TX[0m: 6.51 Mpps, 3334 Mbit/s (4376 Mbit/s with framing)
[1;36m[Device: id=3] RX[0m: 6.50 Mpps, 3326 Mbit/s (4366 Mbit/s with framing)
[0;34m[Device: id=2] TX[0m: 6.51 Mpps, 3335 Mbit/s (4377 Mbit/s with framing)
[1;36m[Device: id=3] RX[0m: 6.50 Mpps, 3330 Mbit/s (4370 Mbit/s with framing)
[0;34m[Device: id=2] TX[0m: 6.51 Mpps, 3335 Mbit/s (4377 Mbit/s with framing)
[1;36m[Device: id=3] RX[0m: 6.50 Mpps, 3327 Mbit/s (4367 Mbit/s with framing)
[0;34m[Device: id=2] TX[0m: 6.51 Mpps, 3335 Mbit/s (4377 Mbit/s with framing)
[1;36m[Device: id=3] RX[0m: 6.50 Mpps, 3330 Mbit/s (4370 Mbit/s with framing)
[0;34m[Device: id=2] TX[0m: 6.51 Mpps, 3335 Mbit/s (4377 Mbit/s with framing)
[1;36m[Device: id=3] RX[0m: 6.50 Mpps, 3326 Mbit/s (4366 Mbit/s with framing)
[0;34m[Device: id=2] TX[0m: 6.51 Mpps, 3335 Mbit/s (4377 Mbit/s with framing)
[1;36m[Device: id=3] RX[0m: 6.50 Mpps, 3329 Mbit/s (4370 Mbit/s with framing)
[0;34m[Device: id=2] TX[0m: 6.50 (StdDev 0.04) Mpps, 3329 (StdDev 23) Mbit/s (4369 Mbit/s with framing), total 116341900 packets with 7445881600 bytes (incl. CRC)
Samples: 41875, Average: 360100.9 ns, StdDev: 213789.3 ns, Quartiles: 200071.0/277009.0/492501.0 ns
[1;37m[INFO]  Saving histogram to '/tmp/l2_multimac_01000000_mbit3317hires.histogram.csv'[0m
[1;37m[INFO]  Saving latency to '/tmp/l2_multimac_01000000_mbit3317hires.latency.csv'[0m
[1;36m[Device: id=3] RX[0m: 6.50 (StdDev 0.01) Mpps, 3327 (StdDev 4) Mbit/s (4366 Mbit/s with framing), total 115898446 packets with 7417500544 bytes (incl. CRC)
[1;37m[INFO]  Saving throughput to '/tmp/l2_multimac_01000000_mbit3317hires.throughput.csv'[0m
