[1;37m[INFO]  Initializing DPDK. This will take a few seconds...[0m
EAL: Probing VFIO support...
EAL: PCI device 0000:05:00.0 on NUMA socket 0
EAL:   probe driver: 8086:1528 net_ixgbe
EAL: PCI device 0000:05:00.1 on NUMA socket 0
EAL:   probe driver: 8086:1528 net_ixgbe
EAL: PCI device 0000:83:00.0 on NUMA socket 1
EAL:   probe driver: 8086:1528 net_ixgbe
EAL: PCI device 0000:83:00.1 on NUMA socket 1
EAL:   probe driver: 8086:1528 net_ixgbe
EAL: PCI device 0000:87:00.0 on NUMA socket 1
EAL:   probe driver: 8086:1526 net_e1000_igb
EAL: PCI device 0000:87:00.1 on NUMA socket 1
EAL:   probe driver: 8086:1526 net_e1000_igb
EAL: PCI device 0000:89:00.0 on NUMA socket 1
EAL:   probe driver: 8086:1526 net_e1000_igb
EAL: PCI device 0000:89:00.1 on NUMA socket 1
EAL:   probe driver: 8086:1526 net_e1000_igb
[1;37m[INFO]  Found 7 usable devices:[0m
   Device 0: 00:25:90:E8:40:C0 ([0;32mIntel Corporation Ethernet Controller 10-Gigabit X540-AT2[0m)
   Device 1: 00:25:90:E8:40:C1 ([0;32mIntel Corporation Ethernet Controller 10-Gigabit X540-AT2[0m)
   Device 2: A0:36:9F:3B:5B:4C ([0;32mIntel Corporation Ethernet Controller 10-Gigabit X540-AT2[0m)
   Device 3: A0:36:9F:3B:5B:4E ([0;32mIntel Corporation Ethernet Controller 10-Gigabit X540-AT2[0m)
   Device 4: 90:E2:BA:1C:55:7D ([0;32mIntel Corporation 82576 Gigabit Network Connection[0m)
   Device 5: 90:E2:BA:1C:55:7E ([0;32mIntel Corporation 82576 Gigabit Network Connection[0m)
   Device 6: 90:E2:BA:1C:55:7F ([0;32mIntel Corporation 82576 Gigabit Network Connection[0m)
PMD: ixgbe_dev_link_status_print():  Port 2: Link Down
PMD: ixgbe_dev_link_status_print():  Port 3: Link Down
[1;37m[INFO]  Waiting for devices to come up...[0m
[1;37m[INFO]  Device 2 (A0:36:9F:3B:5B:4C) is up: 10000 MBit/s[0m
[1;37m[INFO]  Device 3 (A0:36:9F:3B:5B:4E) is up: 10000 MBit/s[0m
[1;37m[INFO]  [0;32m2 devices are up.[0m[0m
[1;37m[INFO]  waiting for first successful packet...[0m
[1;37m[INFO]  warmup packet sent[0m
[1;37m[INFO]  warmup packet sent[0m
[1;37m[INFO]  warmup packet sent[0m
[1;37m[INFO]  first packet received[0m
[0;34m[Device: id=2] TX[0m: 6.58 Mpps, 3367 Mbit/s (4420 Mbit/s with framing)
[1;36m[Device: id=3] RX[0m: 6.36 Mpps, 3255 Mbit/s (4272 Mbit/s with framing)
[0;34m[Device: id=2] TX[0m: 6.40 Mpps, 3275 Mbit/s (4298 Mbit/s with framing)
[1;36m[Device: id=3] RX[0m: 6.52 Mpps, 3336 Mbit/s (4378 Mbit/s with framing)
[0;34m[Device: id=2] TX[0m: 6.58 Mpps, 3369 Mbit/s (4422 Mbit/s with framing)
[1;36m[Device: id=3] RX[0m: 6.52 Mpps, 3339 Mbit/s (4382 Mbit/s with framing)
[0;34m[Device: id=2] TX[0m: 6.58 Mpps, 3369 Mbit/s (4422 Mbit/s with framing)
[1;36m[Device: id=3] RX[0m: 6.52 Mpps, 3337 Mbit/s (4380 Mbit/s with framing)
[0;34m[Device: id=2] TX[0m: 6.58 Mpps, 3369 Mbit/s (4422 Mbit/s with framing)
[1;36m[Device: id=3] RX[0m: 6.52 Mpps, 3337 Mbit/s (4380 Mbit/s with framing)
[0;34m[Device: id=2] TX[0m: 6.58 Mpps, 3369 Mbit/s (4422 Mbit/s with framing)
[1;36m[Device: id=3] RX[0m: 6.52 Mpps, 3339 Mbit/s (4382 Mbit/s with framing)
[0;34m[Device: id=2] TX[0m: 6.58 Mpps, 3369 Mbit/s (4422 Mbit/s with framing)
[1;36m[Device: id=3] RX[0m: 6.51 Mpps, 3336 Mbit/s (4378 Mbit/s with framing)
[0;34m[Device: id=2] TX[0m: 6.58 Mpps, 3369 Mbit/s (4422 Mbit/s with framing)
[1;36m[Device: id=3] RX[0m: 6.47 Mpps, 3311 Mbit/s (4346 Mbit/s with framing)
[0;34m[Device: id=2] TX[0m: 6.58 Mpps, 3369 Mbit/s (4422 Mbit/s with framing)
[1;36m[Device: id=3] RX[0m: 6.51 Mpps, 3333 Mbit/s (4375 Mbit/s with framing)
[0;34m[Device: id=2] TX[0m: 6.58 Mpps, 3369 Mbit/s (4422 Mbit/s with framing)
[1;36m[Device: id=3] RX[0m: 6.52 Mpps, 3336 Mbit/s (4378 Mbit/s with framing)
[0;34m[Device: id=2] TX[0m: 6.58 Mpps, 3368 Mbit/s (4421 Mbit/s with framing)
[1;36m[Device: id=3] RX[0m: 6.52 Mpps, 3336 Mbit/s (4379 Mbit/s with framing)
[0;34m[Device: id=2] TX[0m: 6.58 Mpps, 3369 Mbit/s (4421 Mbit/s with framing)
[1;36m[Device: id=3] RX[0m: 6.51 Mpps, 3332 Mbit/s (4374 Mbit/s with framing)
[0;34m[Device: id=2] TX[0m: 6.58 Mpps, 3369 Mbit/s (4422 Mbit/s with framing)
[1;36m[Device: id=3] RX[0m: 6.52 Mpps, 3337 Mbit/s (4380 Mbit/s with framing)
[0;34m[Device: id=2] TX[0m: 6.58 Mpps, 3369 Mbit/s (4422 Mbit/s with framing)
[1;36m[Device: id=3] RX[0m: 6.51 Mpps, 3334 Mbit/s (4376 Mbit/s with framing)
[0;34m[Device: id=2] TX[0m: 6.58 Mpps, 3369 Mbit/s (4422 Mbit/s with framing)
[1;36m[Device: id=3] RX[0m: 6.52 Mpps, 3338 Mbit/s (4381 Mbit/s with framing)
[0;34m[Device: id=2] TX[0m: 6.58 Mpps, 3369 Mbit/s (4422 Mbit/s with framing)
[1;36m[Device: id=3] RX[0m: 6.51 Mpps, 3335 Mbit/s (4377 Mbit/s with framing)
[0;34m[Device: id=2] TX[0m: 6.58 Mpps, 3369 Mbit/s (4422 Mbit/s with framing)
[1;36m[Device: id=3] RX[0m: 6.52 Mpps, 3337 Mbit/s (4379 Mbit/s with framing)
[0;34m[Device: id=2] TX[0m: 6.58 Mpps, 3369 Mbit/s (4422 Mbit/s with framing)
[1;36m[Device: id=3] RX[0m: 6.34 Mpps, 3244 Mbit/s (4258 Mbit/s with framing)
Samples: 21657, Average: 723079.4 ns, StdDev: 127432.1 ns, Quartiles: 651267.0/763908.0/816294.0 ns
[1;37m[INFO]  Saving histogram to '/tmp/l2_multimac_01000000_mbit3367hires.histogram.csv'[0m
[0;34m[Device: id=2] TX[0m: 6.57 (StdDev 0.04) Mpps, 3364 (StdDev 23) Mbit/s (4415 Mbit/s with framing), total 118606086 packets with 7590789504 bytes (incl. CRC)
[1;37m[INFO]  Saving latency to '/tmp/l2_multimac_01000000_mbit3367hires.latency.csv'[0m
[1;36m[Device: id=3] RX[0m: 6.50 (StdDev 0.04) Mpps, 3329 (StdDev 23) Mbit/s (4370 Mbit/s with framing), total 117239710 packets with 7503341440 bytes (incl. CRC)
[1;37m[INFO]  Saving throughput to '/tmp/l2_multimac_01000000_mbit3367hires.throughput.csv'[0m
