[1;37m[INFO]  Initializing DPDK. This will take a few seconds...[0m
EAL: Probing VFIO support...
EAL: PCI device 0000:05:00.0 on NUMA socket 0
EAL:   probe driver: 8086:1528 net_ixgbe
EAL: PCI device 0000:05:00.1 on NUMA socket 0
EAL:   probe driver: 8086:1528 net_ixgbe
EAL: PCI device 0000:83:00.0 on NUMA socket 1
EAL:   probe driver: 8086:1528 net_ixgbe
EAL: PCI device 0000:83:00.1 on NUMA socket 1
EAL:   probe driver: 8086:1528 net_ixgbe
EAL: PCI device 0000:87:00.0 on NUMA socket 1
EAL:   probe driver: 8086:1526 net_e1000_igb
EAL: PCI device 0000:87:00.1 on NUMA socket 1
EAL:   probe driver: 8086:1526 net_e1000_igb
EAL: PCI device 0000:89:00.0 on NUMA socket 1
EAL:   probe driver: 8086:1526 net_e1000_igb
EAL: PCI device 0000:89:00.1 on NUMA socket 1
EAL:   probe driver: 8086:1526 net_e1000_igb
[1;37m[INFO]  Found 7 usable devices:[0m
   Device 0: 00:25:90:E8:40:C0 ([0;32mIntel Corporation Ethernet Controller 10-Gigabit X540-AT2[0m)
   Device 1: 00:25:90:E8:40:C1 ([0;32mIntel Corporation Ethernet Controller 10-Gigabit X540-AT2[0m)
   Device 2: A0:36:9F:3B:5B:4C ([0;32mIntel Corporation Ethernet Controller 10-Gigabit X540-AT2[0m)
   Device 3: A0:36:9F:3B:5B:4E ([0;32mIntel Corporation Ethernet Controller 10-Gigabit X540-AT2[0m)
   Device 4: 90:E2:BA:1C:55:7D ([0;32mIntel Corporation 82576 Gigabit Network Connection[0m)
   Device 5: 90:E2:BA:1C:55:7E ([0;32mIntel Corporation 82576 Gigabit Network Connection[0m)
   Device 6: 90:E2:BA:1C:55:7F ([0;32mIntel Corporation 82576 Gigabit Network Connection[0m)
PMD: ixgbe_dev_link_status_print():  Port 2: Link Down
PMD: ixgbe_dev_link_status_print():  Port 3: Link Down
[1;37m[INFO]  Waiting for devices to come up...[0m
[1;37m[INFO]  Device 2 (A0:36:9F:3B:5B:4C) is up: 10000 MBit/s[0m
[1;37m[INFO]  Device 3 (A0:36:9F:3B:5B:4E) is up: 10000 MBit/s[0m
[1;37m[INFO]  [0;32m2 devices are up.[0m[0m
[1;37m[INFO]  waiting for first successful packet...[0m
[1;37m[INFO]  warmup packet sent[0m
[1;37m[INFO]  first packet received[0m
[0;34m[Device: id=2] TX[0m: 6.83 Mpps, 3496 Mbit/s (4589 Mbit/s with framing)
[1;36m[Device: id=3] RX[0m: 6.57 Mpps, 3362 Mbit/s (4412 Mbit/s with framing)
[0;34m[Device: id=2] TX[0m: 6.65 Mpps, 3403 Mbit/s (4467 Mbit/s with framing)
[1;36m[Device: id=3] RX[0m: 6.73 Mpps, 3445 Mbit/s (4522 Mbit/s with framing)
[0;34m[Device: id=2] TX[0m: 6.83 Mpps, 3498 Mbit/s (4591 Mbit/s with framing)
[1;36m[Device: id=3] RX[0m: 6.73 Mpps, 3447 Mbit/s (4524 Mbit/s with framing)
[0;34m[Device: id=2] TX[0m: 6.83 Mpps, 3498 Mbit/s (4591 Mbit/s with framing)
[1;36m[Device: id=3] RX[0m: 6.73 Mpps, 3445 Mbit/s (4522 Mbit/s with framing)
[0;34m[Device: id=2] TX[0m: 6.83 Mpps, 3498 Mbit/s (4591 Mbit/s with framing)
[1;36m[Device: id=3] RX[0m: 6.73 Mpps, 3446 Mbit/s (4523 Mbit/s with framing)
[0;34m[Device: id=2] TX[0m: 6.83 Mpps, 3498 Mbit/s (4591 Mbit/s with framing)
[1;36m[Device: id=3] RX[0m: 6.73 Mpps, 3445 Mbit/s (4522 Mbit/s with framing)
[0;34m[Device: id=2] TX[0m: 6.83 Mpps, 3498 Mbit/s (4591 Mbit/s with framing)
[1;36m[Device: id=3] RX[0m: 6.73 Mpps, 3445 Mbit/s (4521 Mbit/s with framing)
[0;34m[Device: id=2] TX[0m: 6.83 Mpps, 3498 Mbit/s (4591 Mbit/s with framing)
[1;36m[Device: id=3] RX[0m: 6.73 Mpps, 3444 Mbit/s (4521 Mbit/s with framing)
[0;34m[Device: id=2] TX[0m: 6.83 Mpps, 3498 Mbit/s (4591 Mbit/s with framing)
[1;36m[Device: id=3] RX[0m: 6.73 Mpps, 3446 Mbit/s (4523 Mbit/s with framing)
[0;34m[Device: id=2] TX[0m: 6.83 Mpps, 3498 Mbit/s (4591 Mbit/s with framing)
[1;36m[Device: id=3] RX[0m: 6.73 Mpps, 3445 Mbit/s (4521 Mbit/s with framing)
[0;34m[Device: id=2] TX[0m: 6.83 Mpps, 3497 Mbit/s (4590 Mbit/s with framing)
[1;36m[Device: id=3] RX[0m: 6.73 Mpps, 3444 Mbit/s (4521 Mbit/s with framing)
[0;34m[Device: id=2] TX[0m: 6.83 Mpps, 3497 Mbit/s (4590 Mbit/s with framing)
[1;36m[Device: id=3] RX[0m: 6.73 Mpps, 3444 Mbit/s (4520 Mbit/s with framing)
[0;34m[Device: id=2] TX[0m: 6.83 Mpps, 3498 Mbit/s (4591 Mbit/s with framing)
[1;36m[Device: id=3] RX[0m: 6.73 Mpps, 3444 Mbit/s (4520 Mbit/s with framing)
[0;34m[Device: id=2] TX[0m: 6.83 Mpps, 3498 Mbit/s (4591 Mbit/s with framing)
[1;36m[Device: id=3] RX[0m: 6.73 Mpps, 3445 Mbit/s (4522 Mbit/s with framing)
[0;34m[Device: id=2] TX[0m: 6.83 Mpps, 3498 Mbit/s (4591 Mbit/s with framing)
[1;36m[Device: id=3] RX[0m: 6.73 Mpps, 3445 Mbit/s (4521 Mbit/s with framing)
[0;34m[Device: id=2] TX[0m: 6.83 Mpps, 3498 Mbit/s (4591 Mbit/s with framing)
[1;36m[Device: id=3] RX[0m: 6.73 Mpps, 3444 Mbit/s (4521 Mbit/s with framing)
[0;34m[Device: id=2] TX[0m: 6.83 Mpps, 3498 Mbit/s (4591 Mbit/s with framing)
[1;36m[Device: id=3] RX[0m: 6.73 Mpps, 3446 Mbit/s (4523 Mbit/s with framing)
[0;34m[Device: id=2] TX[0m: 6.83 Mpps, 3498 Mbit/s (4591 Mbit/s with framing)
[1;36m[Device: id=3] RX[0m: 6.73 Mpps, 3447 Mbit/s (4524 Mbit/s with framing)
[0;34m[Device: id=2] TX[0m: 6.83 Mpps, 3498 Mbit/s (4591 Mbit/s with framing)
[1;36m[Device: id=3] RX[0m: 6.73 Mpps, 3445 Mbit/s (4521 Mbit/s with framing)
[0;34m[Device: id=2] TX[0m: 6.83 Mpps, 3498 Mbit/s (4591 Mbit/s with framing)
[1;36m[Device: id=3] RX[0m: 6.73 Mpps, 3444 Mbit/s (4520 Mbit/s with framing)
Samples: 23475, Average: 784626.3 ns, StdDev: 32986.9 ns, Quartiles: 778875.0/787803.0/795363.0 ns
[1;37m[INFO]  Saving histogram to '/tmp/l2_multimac_00100000_mbit3481hires.histogram.csv'[0m
[0;34m[Device: id=2] TX[0m: 6.82 (StdDev 0.04) Mpps, 3493 (StdDev 22) Mbit/s (4584 Mbit/s with framing), total 143116041 packets with 9159426624 bytes (incl. CRC)
[1;37m[INFO]  Saving latency to '/tmp/l2_multimac_00100000_mbit3481hires.latency.csv'[0m
[1;36m[Device: id=3] RX[0m: 6.73 (StdDev 0.00) Mpps, 3445 (StdDev 1) Mbit/s (4522 Mbit/s with framing), total 140975108 packets with 9022406912 bytes (incl. CRC)
[1;37m[INFO]  Saving throughput to '/tmp/l2_multimac_00100000_mbit3481hires.throughput.csv'[0m
