[1;37m[INFO]  Initializing DPDK. This will take a few seconds...[0m
EAL: Probing VFIO support...
EAL: PCI device 0000:05:00.0 on NUMA socket 0
EAL:   probe driver: 8086:1528 net_ixgbe
EAL: PCI device 0000:05:00.1 on NUMA socket 0
EAL:   probe driver: 8086:1528 net_ixgbe
EAL: PCI device 0000:83:00.0 on NUMA socket 1
EAL:   probe driver: 8086:1528 net_ixgbe
EAL: PCI device 0000:83:00.1 on NUMA socket 1
EAL:   probe driver: 8086:1528 net_ixgbe
EAL: PCI device 0000:87:00.0 on NUMA socket 1
EAL:   probe driver: 8086:1526 net_e1000_igb
EAL: PCI device 0000:87:00.1 on NUMA socket 1
EAL:   probe driver: 8086:1526 net_e1000_igb
EAL: PCI device 0000:89:00.0 on NUMA socket 1
EAL:   probe driver: 8086:1526 net_e1000_igb
EAL: PCI device 0000:89:00.1 on NUMA socket 1
EAL:   probe driver: 8086:1526 net_e1000_igb
[1;37m[INFO]  Found 7 usable devices:[0m
   Device 0: 00:25:90:E8:40:C0 ([0;32mIntel Corporation Ethernet Controller 10-Gigabit X540-AT2[0m)
   Device 1: 00:25:90:E8:40:C1 ([0;32mIntel Corporation Ethernet Controller 10-Gigabit X540-AT2[0m)
   Device 2: A0:36:9F:3B:5B:4C ([0;32mIntel Corporation Ethernet Controller 10-Gigabit X540-AT2[0m)
   Device 3: A0:36:9F:3B:5B:4E ([0;32mIntel Corporation Ethernet Controller 10-Gigabit X540-AT2[0m)
   Device 4: 90:E2:BA:1C:55:7D ([0;32mIntel Corporation 82576 Gigabit Network Connection[0m)
   Device 5: 90:E2:BA:1C:55:7E ([0;32mIntel Corporation 82576 Gigabit Network Connection[0m)
   Device 6: 90:E2:BA:1C:55:7F ([0;32mIntel Corporation 82576 Gigabit Network Connection[0m)
PMD: ixgbe_dev_link_status_print():  Port 2: Link Down
PMD: ixgbe_dev_link_status_print():  Port 3: Link Down
[1;37m[INFO]  Waiting for devices to come up...[0m
[1;37m[INFO]  Device 2 (A0:36:9F:3B:5B:4C) is up: 10000 MBit/s[0m
[1;37m[INFO]  Device 3 (A0:36:9F:3B:5B:4E) is up: 10000 MBit/s[0m
[1;37m[INFO]  [0;32m2 devices are up.[0m[0m
[1;37m[INFO]  waiting for first successful packet...[0m
[1;37m[INFO]  warmup packet sent[0m
[1;37m[INFO]  warmup packet sent[0m
[1;37m[INFO]  warmup packet sent[0m
[1;37m[INFO]  first packet received[0m
[0;34m[Device: id=2] TX[0m: 7.02 Mpps, 3594 Mbit/s (4718 Mbit/s with framing)
[1;36m[Device: id=3] RX[0m: 6.76 Mpps, 3462 Mbit/s (4544 Mbit/s with framing)
[0;34m[Device: id=2] TX[0m: 6.83 Mpps, 3498 Mbit/s (4591 Mbit/s with framing)
[1;36m[Device: id=3] RX[0m: 6.94 Mpps, 3553 Mbit/s (4663 Mbit/s with framing)
[0;34m[Device: id=2] TX[0m: 7.02 Mpps, 3596 Mbit/s (4720 Mbit/s with framing)
[1;36m[Device: id=3] RX[0m: 6.94 Mpps, 3552 Mbit/s (4662 Mbit/s with framing)
[0;34m[Device: id=2] TX[0m: 7.02 Mpps, 3596 Mbit/s (4720 Mbit/s with framing)
[1;36m[Device: id=3] RX[0m: 6.94 Mpps, 3553 Mbit/s (4663 Mbit/s with framing)
[0;34m[Device: id=2] TX[0m: 7.02 Mpps, 3596 Mbit/s (4720 Mbit/s with framing)
[1;36m[Device: id=3] RX[0m: 6.93 Mpps, 3550 Mbit/s (4659 Mbit/s with framing)
[0;34m[Device: id=2] TX[0m: 7.02 Mpps, 3596 Mbit/s (4720 Mbit/s with framing)
[1;36m[Device: id=3] RX[0m: 6.94 Mpps, 3551 Mbit/s (4661 Mbit/s with framing)
[0;34m[Device: id=2] TX[0m: 7.02 Mpps, 3596 Mbit/s (4720 Mbit/s with framing)
[1;36m[Device: id=3] RX[0m: 6.94 Mpps, 3551 Mbit/s (4660 Mbit/s with framing)
[0;34m[Device: id=2] TX[0m: 7.02 Mpps, 3596 Mbit/s (4720 Mbit/s with framing)
[1;36m[Device: id=3] RX[0m: 6.94 Mpps, 3551 Mbit/s (4661 Mbit/s with framing)
[0;34m[Device: id=2] TX[0m: 7.02 Mpps, 3596 Mbit/s (4720 Mbit/s with framing)
[1;36m[Device: id=3] RX[0m: 6.94 Mpps, 3551 Mbit/s (4660 Mbit/s with framing)
[0;34m[Device: id=2] TX[0m: 7.02 Mpps, 3596 Mbit/s (4720 Mbit/s with framing)
[1;36m[Device: id=3] RX[0m: 6.94 Mpps, 3553 Mbit/s (4664 Mbit/s with framing)
[0;34m[Device: id=2] TX[0m: 7.02 Mpps, 3595 Mbit/s (4719 Mbit/s with framing)
[1;36m[Device: id=3] RX[0m: 6.94 Mpps, 3552 Mbit/s (4662 Mbit/s with framing)
[0;34m[Device: id=2] TX[0m: 7.02 Mpps, 3595 Mbit/s (4719 Mbit/s with framing)
[1;36m[Device: id=3] RX[0m: 6.94 Mpps, 3551 Mbit/s (4660 Mbit/s with framing)
[0;34m[Device: id=2] TX[0m: 7.02 Mpps, 3596 Mbit/s (4720 Mbit/s with framing)
[1;36m[Device: id=3] RX[0m: 6.94 Mpps, 3553 Mbit/s (4663 Mbit/s with framing)
[0;34m[Device: id=2] TX[0m: 7.02 Mpps, 3596 Mbit/s (4720 Mbit/s with framing)
[1;36m[Device: id=3] RX[0m: 6.94 Mpps, 3553 Mbit/s (4663 Mbit/s with framing)
[0;34m[Device: id=2] TX[0m: 7.02 Mpps, 3596 Mbit/s (4720 Mbit/s with framing)
[1;36m[Device: id=3] RX[0m: 6.94 Mpps, 3551 Mbit/s (4661 Mbit/s with framing)
[0;34m[Device: id=2] TX[0m: 7.02 Mpps, 3596 Mbit/s (4720 Mbit/s with framing)
[1;36m[Device: id=3] RX[0m: 6.94 Mpps, 3552 Mbit/s (4662 Mbit/s with framing)
[0;34m[Device: id=2] TX[0m: 7.02 Mpps, 3596 Mbit/s (4720 Mbit/s with framing)
[1;36m[Device: id=3] RX[0m: 6.94 Mpps, 3551 Mbit/s (4661 Mbit/s with framing)
Samples: 20506, Average: 763402.3 ns, StdDev: 31752.4 ns, Quartiles: 760609.0/767028.0/772190.0 ns
[1;37m[INFO]  Saving histogram to '/tmp/l2_multimac_00000100_mbit3595hires.histogram.csv'[0m
[1;37m[INFO]  Saving latency to '/tmp/l2_multimac_00000100_mbit3595hires.latency.csv'[0m
[0;34m[Device: id=2] TX[0m: 7.01 (StdDev 0.05) Mpps, 3590 (StdDev 25) Mbit/s (4712 Mbit/s with framing), total 125778425 packets with 8049819200 bytes (incl. CRC)
[1;36m[Device: id=3] RX[0m: 6.94 (StdDev 0.00) Mpps, 3552 (StdDev 1) Mbit/s (4662 Mbit/s with framing), total 124239525 packets with 7951329600 bytes (incl. CRC)
[1;37m[INFO]  Saving throughput to '/tmp/l2_multimac_00000100_mbit3595hires.throughput.csv'[0m
