[1;37m[INFO]  Initializing DPDK. This will take a few seconds...[0m
EAL: Probing VFIO support...
EAL: PCI device 0000:05:00.0 on NUMA socket 0
EAL:   probe driver: 8086:1528 net_ixgbe
EAL: PCI device 0000:05:00.1 on NUMA socket 0
EAL:   probe driver: 8086:1528 net_ixgbe
EAL: PCI device 0000:83:00.0 on NUMA socket 1
EAL:   probe driver: 8086:1528 net_ixgbe
EAL: PCI device 0000:83:00.1 on NUMA socket 1
EAL:   probe driver: 8086:1528 net_ixgbe
EAL: PCI device 0000:87:00.0 on NUMA socket 1
EAL:   probe driver: 8086:1526 net_e1000_igb
EAL: PCI device 0000:87:00.1 on NUMA socket 1
EAL:   probe driver: 8086:1526 net_e1000_igb
EAL: PCI device 0000:89:00.0 on NUMA socket 1
EAL:   probe driver: 8086:1526 net_e1000_igb
EAL: PCI device 0000:89:00.1 on NUMA socket 1
EAL:   probe driver: 8086:1526 net_e1000_igb
[1;37m[INFO]  Found 7 usable devices:[0m
   Device 0: 00:25:90:E8:40:C0 ([0;32mIntel Corporation Ethernet Controller 10-Gigabit X540-AT2[0m)
   Device 1: 00:25:90:E8:40:C1 ([0;32mIntel Corporation Ethernet Controller 10-Gigabit X540-AT2[0m)
   Device 2: A0:36:9F:3B:5B:4C ([0;32mIntel Corporation Ethernet Controller 10-Gigabit X540-AT2[0m)
   Device 3: A0:36:9F:3B:5B:4E ([0;32mIntel Corporation Ethernet Controller 10-Gigabit X540-AT2[0m)
   Device 4: 90:E2:BA:1C:55:7D ([0;32mIntel Corporation 82576 Gigabit Network Connection[0m)
   Device 5: 90:E2:BA:1C:55:7E ([0;32mIntel Corporation 82576 Gigabit Network Connection[0m)
   Device 6: 90:E2:BA:1C:55:7F ([0;32mIntel Corporation 82576 Gigabit Network Connection[0m)
PMD: ixgbe_dev_link_status_print():  Port 2: Link Down
PMD: ixgbe_dev_link_status_print():  Port 3: Link Down
[1;37m[INFO]  Waiting for devices to come up...[0m
[1;37m[INFO]  Device 2 (A0:36:9F:3B:5B:4C) is up: 10000 MBit/s[0m
[1;37m[INFO]  Device 3 (A0:36:9F:3B:5B:4E) is up: 10000 MBit/s[0m
[1;37m[INFO]  [0;32m2 devices are up.[0m[0m
[1;37m[INFO]  waiting for first successful packet...[0m
[1;37m[INFO]  warmup packet sent[0m
[1;37m[INFO]  warmup packet sent[0m
[1;37m[INFO]  warmup packet sent[0m
[1;37m[INFO]  first packet received[0m
[0;34m[Device: id=2] TX[0m: 6.48 Mpps, 3315 Mbit/s (4351 Mbit/s with framing)
[1;36m[Device: id=3] RX[0m: 6.30 Mpps, 3225 Mbit/s (4233 Mbit/s with framing)
[0;34m[Device: id=2] TX[0m: 6.30 Mpps, 3226 Mbit/s (4233 Mbit/s with framing)
[1;36m[Device: id=3] RX[0m: 6.48 Mpps, 3316 Mbit/s (4352 Mbit/s with framing)
[0;34m[Device: id=2] TX[0m: 6.48 Mpps, 3319 Mbit/s (4356 Mbit/s with framing)
[1;36m[Device: id=3] RX[0m: 6.49 Mpps, 3321 Mbit/s (4358 Mbit/s with framing)
[0;34m[Device: id=2] TX[0m: 6.48 Mpps, 3319 Mbit/s (4356 Mbit/s with framing)
[1;36m[Device: id=3] RX[0m: 6.48 Mpps, 3318 Mbit/s (4354 Mbit/s with framing)
[0;34m[Device: id=2] TX[0m: 6.48 Mpps, 3319 Mbit/s (4356 Mbit/s with framing)
[1;36m[Device: id=3] RX[0m: 6.48 Mpps, 3320 Mbit/s (4358 Mbit/s with framing)
[0;34m[Device: id=2] TX[0m: 6.48 Mpps, 3319 Mbit/s (4356 Mbit/s with framing)
[1;36m[Device: id=3] RX[0m: 6.48 Mpps, 3317 Mbit/s (4354 Mbit/s with framing)
[0;34m[Device: id=2] TX[0m: 6.48 Mpps, 3319 Mbit/s (4356 Mbit/s with framing)
[1;36m[Device: id=3] RX[0m: 6.45 Mpps, 3304 Mbit/s (4336 Mbit/s with framing)
[0;34m[Device: id=2] TX[0m: 6.48 Mpps, 3318 Mbit/s (4355 Mbit/s with framing)
[1;36m[Device: id=3] RX[0m: 6.47 Mpps, 3314 Mbit/s (4350 Mbit/s with framing)
[0;34m[Device: id=2] TX[0m: 6.48 Mpps, 3319 Mbit/s (4356 Mbit/s with framing)
[1;36m[Device: id=3] RX[0m: 6.48 Mpps, 3320 Mbit/s (4357 Mbit/s with framing)
[0;34m[Device: id=2] TX[0m: 6.48 Mpps, 3319 Mbit/s (4356 Mbit/s with framing)
[1;36m[Device: id=3] RX[0m: 6.48 Mpps, 3317 Mbit/s (4353 Mbit/s with framing)
[0;34m[Device: id=2] TX[0m: 6.48 Mpps, 3318 Mbit/s (4355 Mbit/s with framing)
[1;36m[Device: id=3] RX[0m: 6.48 Mpps, 3320 Mbit/s (4357 Mbit/s with framing)
[0;34m[Device: id=2] TX[0m: 6.48 Mpps, 3318 Mbit/s (4355 Mbit/s with framing)
[1;36m[Device: id=3] RX[0m: 6.48 Mpps, 3318 Mbit/s (4355 Mbit/s with framing)
[0;34m[Device: id=2] TX[0m: 6.48 Mpps, 3319 Mbit/s (4356 Mbit/s with framing)
[1;36m[Device: id=3] RX[0m: 6.48 Mpps, 3318 Mbit/s (4355 Mbit/s with framing)
[0;34m[Device: id=2] TX[0m: 6.48 Mpps, 3319 Mbit/s (4356 Mbit/s with framing)
[1;36m[Device: id=3] RX[0m: 6.48 Mpps, 3319 Mbit/s (4356 Mbit/s with framing)
[0;34m[Device: id=2] TX[0m: 6.48 Mpps, 3319 Mbit/s (4356 Mbit/s with framing)
[1;36m[Device: id=3] RX[0m: 6.48 Mpps, 3318 Mbit/s (4355 Mbit/s with framing)
[0;34m[Device: id=2] TX[0m: 6.48 Mpps, 3319 Mbit/s (4356 Mbit/s with framing)
[1;36m[Device: id=3] RX[0m: 6.48 Mpps, 3320 Mbit/s (4357 Mbit/s with framing)
[0;34m[Device: id=2] TX[0m: 6.48 Mpps, 3319 Mbit/s (4356 Mbit/s with framing)
[1;36m[Device: id=3] RX[0m: 6.48 Mpps, 3317 Mbit/s (4353 Mbit/s with framing)
[0;34m[Device: id=2] TX[0m: 6.47 (StdDev 0.05) Mpps, 3313 (StdDev 23) Mbit/s (4348 Mbit/s with framing), total 115716608 packets with 7405862912 bytes (incl. CRC)
Samples: 83817, Average: 158695.2 ns, StdDev: 165922.2 ns, Quartiles: 72603.0/83669.0/151185.0 ns
[1;37m[INFO]  Saving histogram to '/tmp/l2_multimac_01000000_mbit3307_final.histogram.csv'[0m
[1;36m[Device: id=3] RX[0m: 6.48 (StdDev 0.01) Mpps, 3317 (StdDev 4) Mbit/s (4354 Mbit/s with framing), total 115404339 packets with 7385877696 bytes (incl. CRC)
[1;37m[INFO]  Saving throughput to '/tmp/l2_multimac_01000000_mbit3307_final.throughput.csv'[0m
[1;37m[INFO]  Saving latency to '/tmp/l2_multimac_01000000_mbit3307_final.latency.csv'[0m
