[1;37m[INFO]  Initializing DPDK. This will take a few seconds...[0m
EAL: Probing VFIO support...
EAL: PCI device 0000:05:00.0 on NUMA socket 0
EAL:   probe driver: 8086:1528 net_ixgbe
EAL: PCI device 0000:05:00.1 on NUMA socket 0
EAL:   probe driver: 8086:1528 net_ixgbe
EAL: PCI device 0000:83:00.0 on NUMA socket 1
EAL:   probe driver: 8086:1528 net_ixgbe
EAL: PCI device 0000:83:00.1 on NUMA socket 1
EAL:   probe driver: 8086:1528 net_ixgbe
EAL: PCI device 0000:87:00.0 on NUMA socket 1
EAL:   probe driver: 8086:1526 net_e1000_igb
EAL: PCI device 0000:87:00.1 on NUMA socket 1
EAL:   probe driver: 8086:1526 net_e1000_igb
EAL: PCI device 0000:89:00.0 on NUMA socket 1
EAL:   probe driver: 8086:1526 net_e1000_igb
EAL: PCI device 0000:89:00.1 on NUMA socket 1
EAL:   probe driver: 8086:1526 net_e1000_igb
[1;37m[INFO]  Found 7 usable devices:[0m
   Device 0: 00:25:90:E8:40:C0 ([0;32mIntel Corporation Ethernet Controller 10-Gigabit X540-AT2[0m)
   Device 1: 00:25:90:E8:40:C1 ([0;32mIntel Corporation Ethernet Controller 10-Gigabit X540-AT2[0m)
   Device 2: A0:36:9F:3B:5B:4C ([0;32mIntel Corporation Ethernet Controller 10-Gigabit X540-AT2[0m)
   Device 3: A0:36:9F:3B:5B:4E ([0;32mIntel Corporation Ethernet Controller 10-Gigabit X540-AT2[0m)
   Device 4: 90:E2:BA:1C:55:7D ([0;32mIntel Corporation 82576 Gigabit Network Connection[0m)
   Device 5: 90:E2:BA:1C:55:7E ([0;32mIntel Corporation 82576 Gigabit Network Connection[0m)
   Device 6: 90:E2:BA:1C:55:7F ([0;32mIntel Corporation 82576 Gigabit Network Connection[0m)
PMD: ixgbe_dev_link_status_print():  Port 2: Link Down
PMD: ixgbe_dev_link_status_print():  Port 3: Link Down
[1;37m[INFO]  Waiting for devices to come up...[0m
[1;37m[INFO]  Device 2 (A0:36:9F:3B:5B:4C) is up: 10000 MBit/s[0m
[1;37m[INFO]  Device 3 (A0:36:9F:3B:5B:4E) is up: 10000 MBit/s[0m
[1;37m[INFO]  [0;32m2 devices are up.[0m[0m
[1;37m[INFO]  waiting for first successful packet...[0m
[1;37m[INFO]  warmup packet sent[0m
[1;37m[INFO]  first packet received[0m
[0;34m[Device: id=2] TX[0m: 6.87 Mpps, 3515 Mbit/s (4614 Mbit/s with framing)
[1;36m[Device: id=3] RX[0m: 6.67 Mpps, 3413 Mbit/s (4479 Mbit/s with framing)
[0;34m[Device: id=2] TX[0m: 6.68 Mpps, 3422 Mbit/s (4492 Mbit/s with framing)
[1;36m[Device: id=3] RX[0m: 6.82 Mpps, 3490 Mbit/s (4580 Mbit/s with framing)
[0;34m[Device: id=2] TX[0m: 6.87 Mpps, 3517 Mbit/s (4616 Mbit/s with framing)
[1;36m[Device: id=3] RX[0m: 6.81 Mpps, 3487 Mbit/s (4576 Mbit/s with framing)
[0;34m[Device: id=2] TX[0m: 6.87 Mpps, 3517 Mbit/s (4616 Mbit/s with framing)
[1;36m[Device: id=3] RX[0m: 6.81 Mpps, 3488 Mbit/s (4578 Mbit/s with framing)
[0;34m[Device: id=2] TX[0m: 6.87 Mpps, 3517 Mbit/s (4616 Mbit/s with framing)
[1;36m[Device: id=3] RX[0m: 6.81 Mpps, 3488 Mbit/s (4578 Mbit/s with framing)
[0;34m[Device: id=2] TX[0m: 6.87 Mpps, 3517 Mbit/s (4616 Mbit/s with framing)
[1;36m[Device: id=3] RX[0m: 6.81 Mpps, 3488 Mbit/s (4578 Mbit/s with framing)
[0;34m[Device: id=2] TX[0m: 6.87 Mpps, 3517 Mbit/s (4616 Mbit/s with framing)
[1;36m[Device: id=3] RX[0m: 6.81 Mpps, 3488 Mbit/s (4578 Mbit/s with framing)
[0;34m[Device: id=2] TX[0m: 6.87 Mpps, 3517 Mbit/s (4616 Mbit/s with framing)
[1;36m[Device: id=3] RX[0m: 6.81 Mpps, 3488 Mbit/s (4578 Mbit/s with framing)
[0;34m[Device: id=2] TX[0m: 6.87 Mpps, 3517 Mbit/s (4616 Mbit/s with framing)
[1;36m[Device: id=3] RX[0m: 6.81 Mpps, 3487 Mbit/s (4577 Mbit/s with framing)
[0;34m[Device: id=2] TX[0m: 6.87 Mpps, 3517 Mbit/s (4616 Mbit/s with framing)
[1;36m[Device: id=3] RX[0m: 6.81 Mpps, 3488 Mbit/s (4579 Mbit/s with framing)
[0;34m[Device: id=2] TX[0m: 6.87 Mpps, 3516 Mbit/s (4615 Mbit/s with framing)
[1;36m[Device: id=3] RX[0m: 6.81 Mpps, 3488 Mbit/s (4578 Mbit/s with framing)
[0;34m[Device: id=2] TX[0m: 6.87 Mpps, 3517 Mbit/s (4616 Mbit/s with framing)
[1;36m[Device: id=3] RX[0m: 6.81 Mpps, 3488 Mbit/s (4578 Mbit/s with framing)
[0;34m[Device: id=2] TX[0m: 6.87 Mpps, 3517 Mbit/s (4616 Mbit/s with framing)
[1;36m[Device: id=3] RX[0m: 6.81 Mpps, 3488 Mbit/s (4577 Mbit/s with framing)
[0;34m[Device: id=2] TX[0m: 6.87 Mpps, 3517 Mbit/s (4616 Mbit/s with framing)
[1;36m[Device: id=3] RX[0m: 6.81 Mpps, 3488 Mbit/s (4578 Mbit/s with framing)
[0;34m[Device: id=2] TX[0m: 6.87 Mpps, 3517 Mbit/s (4616 Mbit/s with framing)
[1;36m[Device: id=3] RX[0m: 6.81 Mpps, 3488 Mbit/s (4578 Mbit/s with framing)
[0;34m[Device: id=2] TX[0m: 6.87 Mpps, 3517 Mbit/s (4616 Mbit/s with framing)
[1;36m[Device: id=3] RX[0m: 6.81 Mpps, 3489 Mbit/s (4580 Mbit/s with framing)
[0;34m[Device: id=2] TX[0m: 6.87 Mpps, 3517 Mbit/s (4616 Mbit/s with framing)
[1;36m[Device: id=3] RX[0m: 6.82 Mpps, 3489 Mbit/s (4580 Mbit/s with framing)
[0;34m[Device: id=2] TX[0m: 6.87 Mpps, 3517 Mbit/s (4616 Mbit/s with framing)
[1;36m[Device: id=3] RX[0m: 6.82 Mpps, 3489 Mbit/s (4580 Mbit/s with framing)
[0;34m[Device: id=2] TX[0m: 6.87 Mpps, 3517 Mbit/s (4616 Mbit/s with framing)
[1;36m[Device: id=3] RX[0m: 6.81 Mpps, 3488 Mbit/s (4578 Mbit/s with framing)
[0;34m[Device: id=2] TX[0m: 6.87 Mpps, 3517 Mbit/s (4616 Mbit/s with framing)
[1;36m[Device: id=3] RX[0m: 6.81 Mpps, 3488 Mbit/s (4578 Mbit/s with framing)
Samples: 23960, Average: 774283.3 ns, StdDev: 47111.0 ns, Quartiles: 773755.0/780039.0/785685.0 ns
[1;37m[INFO]  Saving histogram to '/tmp/l2_multimac_00001000_mbit3501hires.histogram.csv'[0m
[1;37m[INFO]  Saving latency to '/tmp/l2_multimac_00001000_mbit3501hires.latency.csv'[0m
[0;34m[Device: id=2] TX[0m: 6.86 (StdDev 0.04) Mpps, 3512 (StdDev 22) Mbit/s (4610 Mbit/s with framing), total 142410145 packets with 9114249280 bytes (incl. CRC)
[1;36m[Device: id=3] RX[0m: 6.81 (StdDev 0.00) Mpps, 3488 (StdDev 1) Mbit/s (4578 Mbit/s with framing), total 141278521 packets with 9041825344 bytes (incl. CRC)
[1;37m[INFO]  Saving throughput to '/tmp/l2_multimac_00001000_mbit3501hires.throughput.csv'[0m
