[1;37m[INFO]  Initializing DPDK. This will take a few seconds...[0m
EAL: Probing VFIO support...
EAL: PCI device 0000:05:00.0 on NUMA socket 0
EAL:   probe driver: 8086:1528 net_ixgbe
EAL: PCI device 0000:05:00.1 on NUMA socket 0
EAL:   probe driver: 8086:1528 net_ixgbe
EAL: PCI device 0000:83:00.0 on NUMA socket 1
EAL:   probe driver: 8086:1528 net_ixgbe
EAL: PCI device 0000:83:00.1 on NUMA socket 1
EAL:   probe driver: 8086:1528 net_ixgbe
EAL: PCI device 0000:87:00.0 on NUMA socket 1
EAL:   probe driver: 8086:1526 net_e1000_igb
EAL: PCI device 0000:87:00.1 on NUMA socket 1
EAL:   probe driver: 8086:1526 net_e1000_igb
EAL: PCI device 0000:89:00.0 on NUMA socket 1
EAL:   probe driver: 8086:1526 net_e1000_igb
EAL: PCI device 0000:89:00.1 on NUMA socket 1
EAL:   probe driver: 8086:1526 net_e1000_igb
[1;37m[INFO]  Found 7 usable devices:[0m
   Device 0: 00:25:90:E8:40:C0 ([0;32mIntel Corporation Ethernet Controller 10-Gigabit X540-AT2[0m)
   Device 1: 00:25:90:E8:40:C1 ([0;32mIntel Corporation Ethernet Controller 10-Gigabit X540-AT2[0m)
   Device 2: A0:36:9F:3B:5B:4C ([0;32mIntel Corporation Ethernet Controller 10-Gigabit X540-AT2[0m)
   Device 3: A0:36:9F:3B:5B:4E ([0;32mIntel Corporation Ethernet Controller 10-Gigabit X540-AT2[0m)
   Device 4: 90:E2:BA:1C:55:7D ([0;32mIntel Corporation 82576 Gigabit Network Connection[0m)
   Device 5: 90:E2:BA:1C:55:7E ([0;32mIntel Corporation 82576 Gigabit Network Connection[0m)
   Device 6: 90:E2:BA:1C:55:7F ([0;32mIntel Corporation 82576 Gigabit Network Connection[0m)
PMD: ixgbe_dev_link_status_print():  Port 2: Link Down
PMD: ixgbe_dev_link_status_print():  Port 3: Link Down
[1;37m[INFO]  Waiting for devices to come up...[0m
[1;37m[INFO]  Device 2 (A0:36:9F:3B:5B:4C) is up: 10000 MBit/s[0m
[1;37m[INFO]  Device 3 (A0:36:9F:3B:5B:4E) is up: 10000 MBit/s[0m
[1;37m[INFO]  [0;32m2 devices are up.[0m[0m
[1;37m[INFO]  waiting for first successful packet...[0m
[1;37m[INFO]  warmup packet sent[0m
[1;37m[INFO]  first packet received[0m
[0;34m[Device: id=2] TX[0m: 6.65 Mpps, 3403 Mbit/s (4467 Mbit/s with framing)
[1;36m[Device: id=3] RX[0m: 6.47 Mpps, 3312 Mbit/s (4347 Mbit/s with framing)
[0;34m[Device: id=2] TX[0m: 6.47 Mpps, 3311 Mbit/s (4346 Mbit/s with framing)
[1;36m[Device: id=3] RX[0m: 6.64 Mpps, 3399 Mbit/s (4461 Mbit/s with framing)
[0;34m[Device: id=2] TX[0m: 6.65 Mpps, 3405 Mbit/s (4469 Mbit/s with framing)
[1;36m[Device: id=3] RX[0m: 6.64 Mpps, 3399 Mbit/s (4462 Mbit/s with framing)
[0;34m[Device: id=2] TX[0m: 6.65 Mpps, 3405 Mbit/s (4469 Mbit/s with framing)
[1;36m[Device: id=3] RX[0m: 6.64 Mpps, 3400 Mbit/s (4463 Mbit/s with framing)
[0;34m[Device: id=2] TX[0m: 6.65 Mpps, 3405 Mbit/s (4469 Mbit/s with framing)
[1;36m[Device: id=3] RX[0m: 6.64 Mpps, 3399 Mbit/s (4461 Mbit/s with framing)
[0;34m[Device: id=2] TX[0m: 6.65 Mpps, 3405 Mbit/s (4469 Mbit/s with framing)
[1;36m[Device: id=3] RX[0m: 6.64 Mpps, 3400 Mbit/s (4463 Mbit/s with framing)
[0;34m[Device: id=2] TX[0m: 6.65 Mpps, 3405 Mbit/s (4469 Mbit/s with framing)
[1;36m[Device: id=3] RX[0m: 6.64 Mpps, 3399 Mbit/s (4461 Mbit/s with framing)
[0;34m[Device: id=2] TX[0m: 6.65 Mpps, 3405 Mbit/s (4469 Mbit/s with framing)
[1;36m[Device: id=3] RX[0m: 6.64 Mpps, 3399 Mbit/s (4461 Mbit/s with framing)
[0;34m[Device: id=2] TX[0m: 6.65 Mpps, 3405 Mbit/s (4469 Mbit/s with framing)
[1;36m[Device: id=3] RX[0m: 6.64 Mpps, 3400 Mbit/s (4462 Mbit/s with framing)
[0;34m[Device: id=2] TX[0m: 6.65 Mpps, 3405 Mbit/s (4469 Mbit/s with framing)
[1;36m[Device: id=3] RX[0m: 6.63 Mpps, 3395 Mbit/s (4456 Mbit/s with framing)
[0;34m[Device: id=2] TX[0m: 6.65 Mpps, 3404 Mbit/s (4467 Mbit/s with framing)
[1;36m[Device: id=3] RX[0m: 6.64 Mpps, 3399 Mbit/s (4461 Mbit/s with framing)
[0;34m[Device: id=2] TX[0m: 6.65 Mpps, 3404 Mbit/s (4468 Mbit/s with framing)
[1;36m[Device: id=3] RX[0m: 6.64 Mpps, 3400 Mbit/s (4462 Mbit/s with framing)
[0;34m[Device: id=2] TX[0m: 6.65 Mpps, 3405 Mbit/s (4469 Mbit/s with framing)
[1;36m[Device: id=3] RX[0m: 6.64 Mpps, 3398 Mbit/s (4460 Mbit/s with framing)
[0;34m[Device: id=2] TX[0m: 6.65 Mpps, 3405 Mbit/s (4469 Mbit/s with framing)
[1;36m[Device: id=3] RX[0m: 6.64 Mpps, 3399 Mbit/s (4462 Mbit/s with framing)
[0;34m[Device: id=2] TX[0m: 6.65 Mpps, 3405 Mbit/s (4469 Mbit/s with framing)
[1;36m[Device: id=3] RX[0m: 6.64 Mpps, 3399 Mbit/s (4461 Mbit/s with framing)
[0;34m[Device: id=2] TX[0m: 6.65 Mpps, 3405 Mbit/s (4469 Mbit/s with framing)
[1;36m[Device: id=3] RX[0m: 6.64 Mpps, 3398 Mbit/s (4461 Mbit/s with framing)
[0;34m[Device: id=2] TX[0m: 6.65 Mpps, 3405 Mbit/s (4469 Mbit/s with framing)
[1;36m[Device: id=3] RX[0m: 6.64 Mpps, 3398 Mbit/s (4460 Mbit/s with framing)
[0;34m[Device: id=2] TX[0m: 6.65 Mpps, 3405 Mbit/s (4469 Mbit/s with framing)
[1;36m[Device: id=3] RX[0m: 6.64 Mpps, 3398 Mbit/s (4460 Mbit/s with framing)
[0;34m[Device: id=2] TX[0m: 6.65 Mpps, 3405 Mbit/s (4469 Mbit/s with framing)
[1;36m[Device: id=3] RX[0m: 6.64 Mpps, 3398 Mbit/s (4460 Mbit/s with framing)
[0;34m[Device: id=2] TX[0m: 6.65 Mpps, 3405 Mbit/s (4469 Mbit/s with framing)
[1;36m[Device: id=3] RX[0m: 6.64 Mpps, 3399 Mbit/s (4462 Mbit/s with framing)
Samples: 24763, Average: 751829.0 ns, StdDev: 111700.4 ns, Quartiles: 762220.0/770741.0/784675.0 ns
[1;37m[INFO]  Saving histogram to '/tmp/l2_multimac_00100000_mbit3391hires.histogram.csv'[0m
[0;34m[Device: id=2] TX[0m: 6.64 (StdDev 0.04) Mpps, 3400 (StdDev 21) Mbit/s (4462 Mbit/s with framing), total 138183080 packets with 8843717120 bytes (incl. CRC)
[1;37m[INFO]  Saving latency to '/tmp/l2_multimac_00100000_mbit3391hires.latency.csv'[0m
[1;36m[Device: id=3] RX[0m: 6.64 (StdDev 0.00) Mpps, 3399 (StdDev 1) Mbit/s (4461 Mbit/s with framing), total 137946471 packets with 8828574144 bytes (incl. CRC)
[1;37m[INFO]  Saving throughput to '/tmp/l2_multimac_00100000_mbit3391hires.throughput.csv'[0m
