[1;37m[INFO]  Initializing DPDK. This will take a few seconds...[0m
EAL: Probing VFIO support...
EAL: PCI device 0000:05:00.0 on NUMA socket 0
EAL:   probe driver: 8086:1528 net_ixgbe
EAL: PCI device 0000:05:00.1 on NUMA socket 0
EAL:   probe driver: 8086:1528 net_ixgbe
EAL: PCI device 0000:83:00.0 on NUMA socket 1
EAL:   probe driver: 8086:1528 net_ixgbe
EAL: PCI device 0000:83:00.1 on NUMA socket 1
EAL:   probe driver: 8086:1528 net_ixgbe
EAL: PCI device 0000:87:00.0 on NUMA socket 1
EAL:   probe driver: 8086:1526 net_e1000_igb
EAL: PCI device 0000:87:00.1 on NUMA socket 1
EAL:   probe driver: 8086:1526 net_e1000_igb
EAL: PCI device 0000:89:00.0 on NUMA socket 1
EAL:   probe driver: 8086:1526 net_e1000_igb
EAL: PCI device 0000:89:00.1 on NUMA socket 1
EAL:   probe driver: 8086:1526 net_e1000_igb
[1;37m[INFO]  Found 7 usable devices:[0m
   Device 0: 00:25:90:E8:40:C0 ([0;32mIntel Corporation Ethernet Controller 10-Gigabit X540-AT2[0m)
   Device 1: 00:25:90:E8:40:C1 ([0;32mIntel Corporation Ethernet Controller 10-Gigabit X540-AT2[0m)
   Device 2: A0:36:9F:3B:5B:4C ([0;32mIntel Corporation Ethernet Controller 10-Gigabit X540-AT2[0m)
   Device 3: A0:36:9F:3B:5B:4E ([0;32mIntel Corporation Ethernet Controller 10-Gigabit X540-AT2[0m)
   Device 4: 90:E2:BA:1C:55:7D ([0;32mIntel Corporation 82576 Gigabit Network Connection[0m)
   Device 5: 90:E2:BA:1C:55:7E ([0;32mIntel Corporation 82576 Gigabit Network Connection[0m)
   Device 6: 90:E2:BA:1C:55:7F ([0;32mIntel Corporation 82576 Gigabit Network Connection[0m)
PMD: ixgbe_dev_link_status_print():  Port 2: Link Down
PMD: ixgbe_dev_link_status_print():  Port 3: Link Down
[1;37m[INFO]  Waiting for devices to come up...[0m
[1;37m[INFO]  Device 2 (A0:36:9F:3B:5B:4C) is up: 10000 MBit/s[0m
[1;37m[INFO]  Device 3 (A0:36:9F:3B:5B:4E) is up: 10000 MBit/s[0m
[1;37m[INFO]  [0;32m2 devices are up.[0m[0m
[1;37m[INFO]  waiting for first successful packet...[0m
[1;37m[INFO]  warmup packet sent[0m
[1;37m[INFO]  first packet received[0m
[0;34m[Device: id=2] TX[0m: 6.90 Mpps, 3535 Mbit/s (4639 Mbit/s with framing)
[1;36m[Device: id=3] RX[0m: 6.62 Mpps, 3387 Mbit/s (4445 Mbit/s with framing)
[0;34m[Device: id=2] TX[0m: 6.72 Mpps, 3439 Mbit/s (4513 Mbit/s with framing)
[1;36m[Device: id=3] RX[0m: 6.79 Mpps, 3477 Mbit/s (4563 Mbit/s with framing)
[0;34m[Device: id=2] TX[0m: 6.91 Mpps, 3537 Mbit/s (4642 Mbit/s with framing)
[1;36m[Device: id=3] RX[0m: 6.79 Mpps, 3477 Mbit/s (4563 Mbit/s with framing)
[0;34m[Device: id=2] TX[0m: 6.91 Mpps, 3537 Mbit/s (4642 Mbit/s with framing)
[1;36m[Device: id=3] RX[0m: 6.79 Mpps, 3476 Mbit/s (4563 Mbit/s with framing)
[0;34m[Device: id=2] TX[0m: 6.91 Mpps, 3537 Mbit/s (4642 Mbit/s with framing)
[1;36m[Device: id=3] RX[0m: 6.79 Mpps, 3476 Mbit/s (4562 Mbit/s with framing)
[0;34m[Device: id=2] TX[0m: 6.91 Mpps, 3537 Mbit/s (4642 Mbit/s with framing)
[1;36m[Device: id=3] RX[0m: 6.79 Mpps, 3476 Mbit/s (4562 Mbit/s with framing)
[0;34m[Device: id=2] TX[0m: 6.91 Mpps, 3537 Mbit/s (4642 Mbit/s with framing)
[1;36m[Device: id=3] RX[0m: 6.79 Mpps, 3477 Mbit/s (4564 Mbit/s with framing)
[0;34m[Device: id=2] TX[0m: 6.91 Mpps, 3537 Mbit/s (4642 Mbit/s with framing)
[1;36m[Device: id=3] RX[0m: 6.79 Mpps, 3476 Mbit/s (4563 Mbit/s with framing)
[0;34m[Device: id=2] TX[0m: 6.91 Mpps, 3536 Mbit/s (4642 Mbit/s with framing)
[1;36m[Device: id=3] RX[0m: 6.79 Mpps, 3478 Mbit/s (4565 Mbit/s with framing)
[0;34m[Device: id=2] TX[0m: 6.91 Mpps, 3537 Mbit/s (4642 Mbit/s with framing)
[1;36m[Device: id=3] RX[0m: 6.79 Mpps, 3476 Mbit/s (4562 Mbit/s with framing)
[0;34m[Device: id=2] TX[0m: 6.90 Mpps, 3535 Mbit/s (4640 Mbit/s with framing)
[1;36m[Device: id=3] RX[0m: 6.79 Mpps, 3476 Mbit/s (4562 Mbit/s with framing)
[0;34m[Device: id=2] TX[0m: 6.91 Mpps, 3536 Mbit/s (4641 Mbit/s with framing)
[1;36m[Device: id=3] RX[0m: 6.79 Mpps, 3477 Mbit/s (4563 Mbit/s with framing)
[0;34m[Device: id=2] TX[0m: 6.91 Mpps, 3537 Mbit/s (4642 Mbit/s with framing)
[1;36m[Device: id=3] RX[0m: 6.79 Mpps, 3476 Mbit/s (4563 Mbit/s with framing)
[0;34m[Device: id=2] TX[0m: 6.91 Mpps, 3537 Mbit/s (4642 Mbit/s with framing)
[1;36m[Device: id=3] RX[0m: 6.79 Mpps, 3475 Mbit/s (4561 Mbit/s with framing)
[0;34m[Device: id=2] TX[0m: 6.91 Mpps, 3537 Mbit/s (4642 Mbit/s with framing)
[1;36m[Device: id=3] RX[0m: 6.79 Mpps, 3476 Mbit/s (4562 Mbit/s with framing)
[0;34m[Device: id=2] TX[0m: 6.91 Mpps, 3537 Mbit/s (4642 Mbit/s with framing)
[1;36m[Device: id=3] RX[0m: 6.79 Mpps, 3476 Mbit/s (4562 Mbit/s with framing)
[0;34m[Device: id=2] TX[0m: 6.91 Mpps, 3536 Mbit/s (4642 Mbit/s with framing)
[1;36m[Device: id=3] RX[0m: 6.79 Mpps, 3476 Mbit/s (4563 Mbit/s with framing)
[0;34m[Device: id=2] TX[0m: 6.91 Mpps, 3537 Mbit/s (4642 Mbit/s with framing)
[1;36m[Device: id=3] RX[0m: 6.79 Mpps, 3476 Mbit/s (4562 Mbit/s with framing)
[0;34m[Device: id=2] TX[0m: 6.91 Mpps, 3537 Mbit/s (4642 Mbit/s with framing)
[1;36m[Device: id=3] RX[0m: 6.79 Mpps, 3476 Mbit/s (4563 Mbit/s with framing)
[0;34m[Device: id=2] TX[0m: 6.91 Mpps, 3537 Mbit/s (4642 Mbit/s with framing)
[1;36m[Device: id=3] RX[0m: 6.79 Mpps, 3476 Mbit/s (4563 Mbit/s with framing)
Samples: 23945, Average: 770352.5 ns, StdDev: 84789.1 ns, Quartiles: 774176.0/781835.0/788080.0 ns
[1;37m[INFO]  Saving histogram to '/tmp/l2_multimac_00001000_mbit3521hires.histogram.csv'[0m
[1;37m[INFO]  Saving latency to '/tmp/l2_multimac_00001000_mbit3521hires.latency.csv'[0m
[0;34m[Device: id=2] TX[0m: 6.90 (StdDev 0.04) Mpps, 3531 (StdDev 22) Mbit/s (4635 Mbit/s with framing), total 144633422 packets with 9256539008 bytes (incl. CRC)
[1;36m[Device: id=3] RX[0m: 6.79 (StdDev 0.00) Mpps, 3476 (StdDev 1) Mbit/s (4563 Mbit/s with framing), total 142064075 packets with 9092100800 bytes (incl. CRC)
[1;37m[INFO]  Saving throughput to '/tmp/l2_multimac_00001000_mbit3521hires.throughput.csv'[0m
