[1;37m[INFO]  Initializing DPDK. This will take a few seconds...[0m
EAL: Probing VFIO support...
EAL: PCI device 0000:05:00.0 on NUMA socket 0
EAL:   probe driver: 8086:1528 net_ixgbe
EAL: PCI device 0000:05:00.1 on NUMA socket 0
EAL:   probe driver: 8086:1528 net_ixgbe
EAL: PCI device 0000:83:00.0 on NUMA socket 1
EAL:   probe driver: 8086:1528 net_ixgbe
EAL: PCI device 0000:83:00.1 on NUMA socket 1
EAL:   probe driver: 8086:1528 net_ixgbe
EAL: PCI device 0000:87:00.0 on NUMA socket 1
EAL:   probe driver: 8086:1526 net_e1000_igb
EAL: PCI device 0000:87:00.1 on NUMA socket 1
EAL:   probe driver: 8086:1526 net_e1000_igb
EAL: PCI device 0000:89:00.0 on NUMA socket 1
EAL:   probe driver: 8086:1526 net_e1000_igb
EAL: PCI device 0000:89:00.1 on NUMA socket 1
EAL:   probe driver: 8086:1526 net_e1000_igb
[1;37m[INFO]  Found 7 usable devices:[0m
   Device 0: 00:25:90:E8:40:C0 ([0;32mIntel Corporation Ethernet Controller 10-Gigabit X540-AT2[0m)
   Device 1: 00:25:90:E8:40:C1 ([0;32mIntel Corporation Ethernet Controller 10-Gigabit X540-AT2[0m)
   Device 2: A0:36:9F:3B:5B:4C ([0;32mIntel Corporation Ethernet Controller 10-Gigabit X540-AT2[0m)
   Device 3: A0:36:9F:3B:5B:4E ([0;32mIntel Corporation Ethernet Controller 10-Gigabit X540-AT2[0m)
   Device 4: 90:E2:BA:1C:55:7D ([0;32mIntel Corporation 82576 Gigabit Network Connection[0m)
   Device 5: 90:E2:BA:1C:55:7E ([0;32mIntel Corporation 82576 Gigabit Network Connection[0m)
   Device 6: 90:E2:BA:1C:55:7F ([0;32mIntel Corporation 82576 Gigabit Network Connection[0m)
PMD: ixgbe_dev_link_status_print():  Port 2: Link Down
PMD: ixgbe_dev_link_status_print():  Port 3: Link Down
[1;37m[INFO]  Waiting for devices to come up...[0m
[1;37m[INFO]  Device 2 (A0:36:9F:3B:5B:4C) is up: 10000 MBit/s[0m
[1;37m[INFO]  Device 3 (A0:36:9F:3B:5B:4E) is up: 10000 MBit/s[0m
[1;37m[INFO]  [0;32m2 devices are up.[0m[0m
[1;37m[INFO]  waiting for first successful packet...[0m
[1;37m[INFO]  warmup packet sent[0m
[1;37m[INFO]  warmup packet sent[0m
[1;37m[INFO]  warmup packet sent[0m
[1;37m[INFO]  first packet received[0m
[0;34m[Device: id=2] TX[0m: 6.54 Mpps, 3350 Mbit/s (4397 Mbit/s with framing)
[1;36m[Device: id=3] RX[0m: 6.27 Mpps, 3212 Mbit/s (4216 Mbit/s with framing)
[0;34m[Device: id=2] TX[0m: 6.36 Mpps, 3257 Mbit/s (4275 Mbit/s with framing)
[1;36m[Device: id=3] RX[0m: 6.43 Mpps, 3290 Mbit/s (4318 Mbit/s with framing)
[0;34m[Device: id=2] TX[0m: 6.55 Mpps, 3351 Mbit/s (4399 Mbit/s with framing)
[1;36m[Device: id=3] RX[0m: 6.44 Mpps, 3296 Mbit/s (4326 Mbit/s with framing)
[0;34m[Device: id=2] TX[0m: 6.55 Mpps, 3351 Mbit/s (4399 Mbit/s with framing)
[1;36m[Device: id=3] RX[0m: 6.43 Mpps, 3292 Mbit/s (4320 Mbit/s with framing)
[0;34m[Device: id=2] TX[0m: 6.55 Mpps, 3351 Mbit/s (4399 Mbit/s with framing)
[1;36m[Device: id=3] RX[0m: 6.44 Mpps, 3295 Mbit/s (4324 Mbit/s with framing)
[0;34m[Device: id=2] TX[0m: 6.55 Mpps, 3351 Mbit/s (4399 Mbit/s with framing)
[1;36m[Device: id=3] RX[0m: 6.43 Mpps, 3292 Mbit/s (4321 Mbit/s with framing)
[0;34m[Device: id=2] TX[0m: 6.55 Mpps, 3351 Mbit/s (4399 Mbit/s with framing)
[1;36m[Device: id=3] RX[0m: 6.41 Mpps, 3279 Mbit/s (4304 Mbit/s with framing)
[0;34m[Device: id=2] TX[0m: 6.55 Mpps, 3351 Mbit/s (4399 Mbit/s with framing)
[1;36m[Device: id=3] RX[0m: 6.41 Mpps, 3284 Mbit/s (4311 Mbit/s with framing)
[0;34m[Device: id=2] TX[0m: 6.55 Mpps, 3351 Mbit/s (4399 Mbit/s with framing)
[1;36m[Device: id=3] RX[0m: 6.43 Mpps, 3291 Mbit/s (4320 Mbit/s with framing)
[0;34m[Device: id=2] TX[0m: 6.55 Mpps, 3352 Mbit/s (4399 Mbit/s with framing)
[1;36m[Device: id=3] RX[0m: 6.43 Mpps, 3292 Mbit/s (4321 Mbit/s with framing)
[0;34m[Device: id=2] TX[0m: 6.54 Mpps, 3351 Mbit/s (4398 Mbit/s with framing)
[1;36m[Device: id=3] RX[0m: 6.43 Mpps, 3291 Mbit/s (4319 Mbit/s with framing)
[0;34m[Device: id=2] TX[0m: 6.54 Mpps, 3351 Mbit/s (4398 Mbit/s with framing)
[1;36m[Device: id=3] RX[0m: 6.43 Mpps, 3293 Mbit/s (4323 Mbit/s with framing)
[0;34m[Device: id=2] TX[0m: 6.55 Mpps, 3351 Mbit/s (4399 Mbit/s with framing)
[1;36m[Device: id=3] RX[0m: 6.43 Mpps, 3291 Mbit/s (4320 Mbit/s with framing)
[0;34m[Device: id=2] TX[0m: 6.55 Mpps, 3351 Mbit/s (4399 Mbit/s with framing)
[1;36m[Device: id=3] RX[0m: 6.43 Mpps, 3293 Mbit/s (4322 Mbit/s with framing)
[0;34m[Device: id=2] TX[0m: 6.55 Mpps, 3351 Mbit/s (4399 Mbit/s with framing)
[1;36m[Device: id=3] RX[0m: 6.43 Mpps, 3292 Mbit/s (4320 Mbit/s with framing)
[0;34m[Device: id=2] TX[0m: 6.55 Mpps, 3351 Mbit/s (4399 Mbit/s with framing)
[1;36m[Device: id=3] RX[0m: 6.43 Mpps, 3294 Mbit/s (4323 Mbit/s with framing)
[0;34m[Device: id=2] TX[0m: 6.55 Mpps, 3351 Mbit/s (4399 Mbit/s with framing)
[1;36m[Device: id=3] RX[0m: 6.43 Mpps, 3291 Mbit/s (4320 Mbit/s with framing)
Samples: 19123, Average: 802501.3 ns, StdDev: 106745.9 ns, Quartiles: 800685.0/820144.0/835450.0 ns
[1;37m[INFO]  Saving histogram to '/tmp/l2_multimac_01000000_mbit3347hires.histogram.csv'[0m
[1;37m[INFO]  Saving latency to '/tmp/l2_multimac_01000000_mbit3347hires.latency.csv'[0m
[0;34m[Device: id=2] TX[0m: 6.53 (StdDev 0.05) Mpps, 3345 (StdDev 23) Mbit/s (4391 Mbit/s with framing), total 116942321 packets with 7484308544 bytes (incl. CRC)
[1;36m[Device: id=3] RX[0m: 6.43 (StdDev 0.01) Mpps, 3291 (StdDev 4) Mbit/s (4320 Mbit/s with framing), total 114688658 packets with 7340074112 bytes (incl. CRC)
[1;37m[INFO]  Saving throughput to '/tmp/l2_multimac_01000000_mbit3347hires.throughput.csv'[0m
