[1;37m[INFO]  Initializing DPDK. This will take a few seconds...[0m
EAL: Probing VFIO support...
EAL: PCI device 0000:05:00.0 on NUMA socket 0
EAL:   probe driver: 8086:1528 net_ixgbe
EAL: PCI device 0000:05:00.1 on NUMA socket 0
EAL:   probe driver: 8086:1528 net_ixgbe
EAL: PCI device 0000:83:00.0 on NUMA socket 1
EAL:   probe driver: 8086:1528 net_ixgbe
EAL: PCI device 0000:83:00.1 on NUMA socket 1
EAL:   probe driver: 8086:1528 net_ixgbe
EAL: PCI device 0000:87:00.0 on NUMA socket 1
EAL:   probe driver: 8086:1526 net_e1000_igb
EAL: PCI device 0000:87:00.1 on NUMA socket 1
EAL:   probe driver: 8086:1526 net_e1000_igb
EAL: PCI device 0000:89:00.0 on NUMA socket 1
EAL:   probe driver: 8086:1526 net_e1000_igb
EAL: PCI device 0000:89:00.1 on NUMA socket 1
EAL:   probe driver: 8086:1526 net_e1000_igb
[1;37m[INFO]  Found 7 usable devices:[0m
   Device 0: 00:25:90:E8:40:C0 ([0;32mIntel Corporation Ethernet Controller 10-Gigabit X540-AT2[0m)
   Device 1: 00:25:90:E8:40:C1 ([0;32mIntel Corporation Ethernet Controller 10-Gigabit X540-AT2[0m)
   Device 2: A0:36:9F:3B:5B:4C ([0;32mIntel Corporation Ethernet Controller 10-Gigabit X540-AT2[0m)
   Device 3: A0:36:9F:3B:5B:4E ([0;32mIntel Corporation Ethernet Controller 10-Gigabit X540-AT2[0m)
   Device 4: 90:E2:BA:1C:55:7D ([0;32mIntel Corporation 82576 Gigabit Network Connection[0m)
   Device 5: 90:E2:BA:1C:55:7E ([0;32mIntel Corporation 82576 Gigabit Network Connection[0m)
   Device 6: 90:E2:BA:1C:55:7F ([0;32mIntel Corporation 82576 Gigabit Network Connection[0m)
PMD: ixgbe_dev_link_status_print():  Port 2: Link Down
PMD: ixgbe_dev_link_status_print():  Port 3: Link Down
[1;37m[INFO]  Waiting for devices to come up...[0m
[1;37m[INFO]  Device 2 (A0:36:9F:3B:5B:4C) is up: 10000 MBit/s[0m
[1;37m[INFO]  Device 3 (A0:36:9F:3B:5B:4E) is up: 10000 MBit/s[0m
[1;37m[INFO]  [0;32m2 devices are up.[0m[0m
[1;37m[INFO]  waiting for first successful packet...[0m
[1;37m[INFO]  warmup packet sent[0m
[1;37m[INFO]  warmup packet sent[0m
[1;37m[INFO]  warmup packet sent[0m
[1;37m[INFO]  first packet received[0m
[0;34m[Device: id=2] TX[0m: 6.41 Mpps, 3281 Mbit/s (4307 Mbit/s with framing)
[1;36m[Device: id=3] RX[0m: 6.24 Mpps, 3192 Mbit/s (4190 Mbit/s with framing)
[0;34m[Device: id=2] TX[0m: 6.24 Mpps, 3194 Mbit/s (4192 Mbit/s with framing)
[1;36m[Device: id=3] RX[0m: 6.41 Mpps, 3284 Mbit/s (4310 Mbit/s with framing)
[0;34m[Device: id=2] TX[0m: 6.42 Mpps, 3285 Mbit/s (4312 Mbit/s with framing)
[1;36m[Device: id=3] RX[0m: 6.42 Mpps, 3286 Mbit/s (4313 Mbit/s with framing)
[0;34m[Device: id=2] TX[0m: 6.42 Mpps, 3285 Mbit/s (4312 Mbit/s with framing)
[1;36m[Device: id=3] RX[0m: 6.42 Mpps, 3285 Mbit/s (4312 Mbit/s with framing)
[0;34m[Device: id=2] TX[0m: 6.42 Mpps, 3285 Mbit/s (4312 Mbit/s with framing)
[1;36m[Device: id=3] RX[0m: 6.41 Mpps, 3284 Mbit/s (4310 Mbit/s with framing)
[0;34m[Device: id=2] TX[0m: 6.42 Mpps, 3285 Mbit/s (4312 Mbit/s with framing)
[1;36m[Device: id=3] RX[0m: 6.42 Mpps, 3286 Mbit/s (4313 Mbit/s with framing)
[0;34m[Device: id=2] TX[0m: 6.42 Mpps, 3285 Mbit/s (4312 Mbit/s with framing)
[1;36m[Device: id=3] RX[0m: 6.39 Mpps, 3272 Mbit/s (4294 Mbit/s with framing)
[0;34m[Device: id=2] TX[0m: 6.42 Mpps, 3285 Mbit/s (4311 Mbit/s with framing)
[1;36m[Device: id=3] RX[0m: 6.41 Mpps, 3282 Mbit/s (4308 Mbit/s with framing)
[0;34m[Device: id=2] TX[0m: 6.42 Mpps, 3285 Mbit/s (4312 Mbit/s with framing)
[1;36m[Device: id=3] RX[0m: 6.42 Mpps, 3285 Mbit/s (4312 Mbit/s with framing)
[0;34m[Device: id=2] TX[0m: 6.42 Mpps, 3285 Mbit/s (4312 Mbit/s with framing)
[1;36m[Device: id=3] RX[0m: 6.42 Mpps, 3285 Mbit/s (4311 Mbit/s with framing)
[0;34m[Device: id=2] TX[0m: 6.41 Mpps, 3284 Mbit/s (4311 Mbit/s with framing)
[1;36m[Device: id=3] RX[0m: 6.42 Mpps, 3285 Mbit/s (4312 Mbit/s with framing)
[0;34m[Device: id=2] TX[0m: 6.42 Mpps, 3285 Mbit/s (4311 Mbit/s with framing)
[1;36m[Device: id=3] RX[0m: 6.41 Mpps, 3284 Mbit/s (4310 Mbit/s with framing)
[0;34m[Device: id=2] TX[0m: 6.42 Mpps, 3285 Mbit/s (4312 Mbit/s with framing)
[1;36m[Device: id=3] RX[0m: 6.42 Mpps, 3287 Mbit/s (4314 Mbit/s with framing)
[0;34m[Device: id=2] TX[0m: 6.42 Mpps, 3285 Mbit/s (4312 Mbit/s with framing)
[1;36m[Device: id=3] RX[0m: 6.42 Mpps, 3285 Mbit/s (4311 Mbit/s with framing)
[0;34m[Device: id=2] TX[0m: 6.42 Mpps, 3285 Mbit/s (4312 Mbit/s with framing)
[1;36m[Device: id=3] RX[0m: 6.42 Mpps, 3286 Mbit/s (4312 Mbit/s with framing)
[0;34m[Device: id=2] TX[0m: 6.42 Mpps, 3285 Mbit/s (4312 Mbit/s with framing)
[1;36m[Device: id=3] RX[0m: 6.42 Mpps, 3285 Mbit/s (4312 Mbit/s with framing)
[0;34m[Device: id=2] TX[0m: 6.42 Mpps, 3285 Mbit/s (4312 Mbit/s with framing)
[1;36m[Device: id=3] RX[0m: 6.41 Mpps, 3284 Mbit/s (4310 Mbit/s with framing)
[0;34m[Device: id=2] TX[0m: 6.41 (StdDev 0.04) Mpps, 3279 (StdDev 23) Mbit/s (4304 Mbit/s with framing), total 114638775 packets with 7336881600 bytes (incl. CRC)
Samples: 101114, Average: 116880.9 ns, StdDev: 129964.4 ns, Quartiles: 49187.0/70725.0/88945.0 ns
[1;37m[INFO]  Saving histogram to '/tmp/l2_multimac_01000000_mbit3277hires.histogram.csv'[0m
[1;36m[Device: id=3] RX[0m: 6.41 (StdDev 0.01) Mpps, 3284 (StdDev 3) Mbit/s (4310 Mbit/s with framing), total 114482617 packets with 7326887488 bytes (incl. CRC)
[1;37m[INFO]  Saving throughput to '/tmp/l2_multimac_01000000_mbit3277hires.throughput.csv'[0m
[1;37m[INFO]  Saving latency to '/tmp/l2_multimac_01000000_mbit3277hires.latency.csv'[0m
