[1;37m[INFO]  Initializing DPDK. This will take a few seconds...[0m
EAL: Probing VFIO support...
EAL: PCI device 0000:05:00.0 on NUMA socket 0
EAL:   probe driver: 8086:1528 net_ixgbe
EAL: PCI device 0000:05:00.1 on NUMA socket 0
EAL:   probe driver: 8086:1528 net_ixgbe
EAL: PCI device 0000:83:00.0 on NUMA socket 1
EAL:   probe driver: 8086:1528 net_ixgbe
EAL: PCI device 0000:83:00.1 on NUMA socket 1
EAL:   probe driver: 8086:1528 net_ixgbe
EAL: PCI device 0000:87:00.0 on NUMA socket 1
EAL:   probe driver: 8086:1526 net_e1000_igb
EAL: PCI device 0000:87:00.1 on NUMA socket 1
EAL:   probe driver: 8086:1526 net_e1000_igb
EAL: PCI device 0000:89:00.0 on NUMA socket 1
EAL:   probe driver: 8086:1526 net_e1000_igb
EAL: PCI device 0000:89:00.1 on NUMA socket 1
EAL:   probe driver: 8086:1526 net_e1000_igb
[1;37m[INFO]  Found 7 usable devices:[0m
   Device 0: 00:25:90:E8:40:C0 ([0;32mIntel Corporation Ethernet Controller 10-Gigabit X540-AT2[0m)
   Device 1: 00:25:90:E8:40:C1 ([0;32mIntel Corporation Ethernet Controller 10-Gigabit X540-AT2[0m)
   Device 2: A0:36:9F:3B:5B:4C ([0;32mIntel Corporation Ethernet Controller 10-Gigabit X540-AT2[0m)
   Device 3: A0:36:9F:3B:5B:4E ([0;32mIntel Corporation Ethernet Controller 10-Gigabit X540-AT2[0m)
   Device 4: 90:E2:BA:1C:55:7D ([0;32mIntel Corporation 82576 Gigabit Network Connection[0m)
   Device 5: 90:E2:BA:1C:55:7E ([0;32mIntel Corporation 82576 Gigabit Network Connection[0m)
   Device 6: 90:E2:BA:1C:55:7F ([0;32mIntel Corporation 82576 Gigabit Network Connection[0m)
PMD: ixgbe_dev_link_status_print():  Port 2: Link Down
PMD: ixgbe_dev_link_status_print():  Port 3: Link Down
[1;37m[INFO]  Waiting for devices to come up...[0m
[1;37m[INFO]  Device 2 (A0:36:9F:3B:5B:4C) is up: 10000 MBit/s[0m
[1;37m[INFO]  Device 3 (A0:36:9F:3B:5B:4E) is up: 10000 MBit/s[0m
[1;37m[INFO]  [0;32m2 devices are up.[0m[0m
[1;37m[INFO]  waiting for first successful packet...[0m
[1;37m[INFO]  warmup packet sent[0m
[1;37m[INFO]  first packet received[0m
[0;34m[Device: id=2] TX[0m: 10.13 Mpps, 5186 Mbit/s (6807 Mbit/s with framing)
[1;36m[Device: id=3] RX[0m: 6.58 Mpps, 3370 Mbit/s (4424 Mbit/s with framing)
[0;34m[Device: id=2] TX[0m: 9.92 Mpps, 5077 Mbit/s (6664 Mbit/s with framing)
[1;36m[Device: id=3] RX[0m: 6.73 Mpps, 3444 Mbit/s (4520 Mbit/s with framing)
[0;34m[Device: id=2] TX[0m: 10.12 Mpps, 5181 Mbit/s (6800 Mbit/s with framing)
[1;36m[Device: id=3] RX[0m: 6.73 Mpps, 3443 Mbit/s (4519 Mbit/s with framing)
[0;34m[Device: id=2] TX[0m: 10.12 Mpps, 5182 Mbit/s (6801 Mbit/s with framing)
[1;36m[Device: id=3] RX[0m: 6.72 Mpps, 3441 Mbit/s (4517 Mbit/s with framing)
[0;34m[Device: id=2] TX[0m: 10.12 Mpps, 5182 Mbit/s (6801 Mbit/s with framing)
[1;36m[Device: id=3] RX[0m: 6.72 Mpps, 3441 Mbit/s (4517 Mbit/s with framing)
[0;34m[Device: id=2] TX[0m: 10.13 Mpps, 5185 Mbit/s (6805 Mbit/s with framing)
[1;36m[Device: id=3] RX[0m: 6.72 Mpps, 3442 Mbit/s (4517 Mbit/s with framing)
[0;34m[Device: id=2] TX[0m: 10.12 Mpps, 5183 Mbit/s (6803 Mbit/s with framing)
[1;36m[Device: id=3] RX[0m: 6.72 Mpps, 3442 Mbit/s (4517 Mbit/s with framing)
[0;34m[Device: id=2] TX[0m: 10.13 Mpps, 5185 Mbit/s (6806 Mbit/s with framing)
[1;36m[Device: id=3] RX[0m: 6.72 Mpps, 3441 Mbit/s (4516 Mbit/s with framing)
[0;34m[Device: id=2] TX[0m: 10.13 Mpps, 5187 Mbit/s (6808 Mbit/s with framing)
[1;36m[Device: id=3] RX[0m: 6.72 Mpps, 3442 Mbit/s (4518 Mbit/s with framing)
[0;34m[Device: id=2] TX[0m: 10.13 Mpps, 5187 Mbit/s (6808 Mbit/s with framing)
[1;36m[Device: id=3] RX[0m: 6.72 Mpps, 3441 Mbit/s (4517 Mbit/s with framing)
[0;34m[Device: id=2] TX[0m: 10.10 Mpps, 5169 Mbit/s (6785 Mbit/s with framing)
[1;36m[Device: id=3] RX[0m: 6.71 Mpps, 3436 Mbit/s (4510 Mbit/s with framing)
[0;34m[Device: id=2] TX[0m: 10.14 Mpps, 5191 Mbit/s (6813 Mbit/s with framing)
[1;36m[Device: id=3] RX[0m: 6.72 Mpps, 3440 Mbit/s (4515 Mbit/s with framing)
[0;34m[Device: id=2] TX[0m: 10.14 Mpps, 5192 Mbit/s (6814 Mbit/s with framing)
[1;36m[Device: id=3] RX[0m: 6.72 Mpps, 3441 Mbit/s (4516 Mbit/s with framing)
[0;34m[Device: id=2] TX[0m: 10.14 Mpps, 5190 Mbit/s (6812 Mbit/s with framing)
[1;36m[Device: id=3] RX[0m: 6.72 Mpps, 3442 Mbit/s (4518 Mbit/s with framing)
[0;34m[Device: id=2] TX[0m: 10.14 Mpps, 5193 Mbit/s (6816 Mbit/s with framing)
[1;36m[Device: id=3] RX[0m: 6.72 Mpps, 3441 Mbit/s (4516 Mbit/s with framing)
[0;34m[Device: id=2] TX[0m: 10.14 Mpps, 5190 Mbit/s (6812 Mbit/s with framing)
[1;36m[Device: id=3] RX[0m: 6.72 Mpps, 3441 Mbit/s (4516 Mbit/s with framing)
[0;34m[Device: id=2] TX[0m: 10.14 Mpps, 5191 Mbit/s (6814 Mbit/s with framing)
[1;36m[Device: id=3] RX[0m: 6.72 Mpps, 3441 Mbit/s (4517 Mbit/s with framing)
[0;34m[Device: id=2] TX[0m: 10.14 Mpps, 5189 Mbit/s (6811 Mbit/s with framing)
[1;36m[Device: id=3] RX[0m: 6.72 Mpps, 3441 Mbit/s (4517 Mbit/s with framing)
[0;34m[Device: id=2] TX[0m: 10.14 Mpps, 5191 Mbit/s (6813 Mbit/s with framing)
[1;36m[Device: id=3] RX[0m: 6.72 Mpps, 3442 Mbit/s (4517 Mbit/s with framing)
[0;34m[Device: id=2] TX[0m: 10.14 Mpps, 5191 Mbit/s (6813 Mbit/s with framing)
[1;36m[Device: id=3] RX[0m: 6.72 Mpps, 3440 Mbit/s (4515 Mbit/s with framing)
Samples: 8452, Average: 794678.9 ns, StdDev: 11329.7 ns, Quartiles: 788491.0/795072.0/801868.0 ns
[1;37m[INFO]  Saving histogram to '/tmp/l2_multimac_00100000_mbit9000.histogram.csv'[0m
[1;37m[INFO]  Saving latency to '/tmp/l2_multimac_00100000_mbit9000.latency.csv'[0m
[0;34m[Device: id=2] TX[0m: 10.12 (StdDev 0.05) Mpps, 5181 (StdDev 26) Mbit/s (6800 Mbit/s with framing), total 212231515 packets with 13582816960 bytes (incl. CRC)
[1;36m[Device: id=3] RX[0m: 6.72 (StdDev 0.00) Mpps, 3441 (StdDev 1) Mbit/s (4517 Mbit/s with framing), total 140820155 packets with 9012489920 bytes (incl. CRC)
[1;37m[INFO]  Saving throughput to '/tmp/l2_multimac_00100000_mbit9000.throughput.csv'[0m
