[1;37m[INFO]  Initializing DPDK. This will take a few seconds...[0m
EAL: Probing VFIO support...
EAL: PCI device 0000:05:00.0 on NUMA socket 0
EAL:   probe driver: 8086:1528 net_ixgbe
EAL: PCI device 0000:05:00.1 on NUMA socket 0
EAL:   probe driver: 8086:1528 net_ixgbe
EAL: PCI device 0000:83:00.0 on NUMA socket 1
EAL:   probe driver: 8086:1528 net_ixgbe
EAL: PCI device 0000:83:00.1 on NUMA socket 1
EAL:   probe driver: 8086:1528 net_ixgbe
EAL: PCI device 0000:87:00.0 on NUMA socket 1
EAL:   probe driver: 8086:1526 net_e1000_igb
EAL: PCI device 0000:87:00.1 on NUMA socket 1
EAL:   probe driver: 8086:1526 net_e1000_igb
EAL: PCI device 0000:89:00.0 on NUMA socket 1
EAL:   probe driver: 8086:1526 net_e1000_igb
EAL: PCI device 0000:89:00.1 on NUMA socket 1
EAL:   probe driver: 8086:1526 net_e1000_igb
[1;37m[INFO]  Found 7 usable devices:[0m
   Device 0: 00:25:90:E8:40:C0 ([0;32mIntel Corporation Ethernet Controller 10-Gigabit X540-AT2[0m)
   Device 1: 00:25:90:E8:40:C1 ([0;32mIntel Corporation Ethernet Controller 10-Gigabit X540-AT2[0m)
   Device 2: A0:36:9F:3B:5B:4C ([0;32mIntel Corporation Ethernet Controller 10-Gigabit X540-AT2[0m)
   Device 3: A0:36:9F:3B:5B:4E ([0;32mIntel Corporation Ethernet Controller 10-Gigabit X540-AT2[0m)
   Device 4: 90:E2:BA:1C:55:7D ([0;32mIntel Corporation 82576 Gigabit Network Connection[0m)
   Device 5: 90:E2:BA:1C:55:7E ([0;32mIntel Corporation 82576 Gigabit Network Connection[0m)
   Device 6: 90:E2:BA:1C:55:7F ([0;32mIntel Corporation 82576 Gigabit Network Connection[0m)
PMD: ixgbe_dev_link_status_print():  Port 2: Link Down
PMD: ixgbe_dev_link_status_print():  Port 3: Link Down
[1;37m[INFO]  Waiting for devices to come up...[0m
[1;37m[INFO]  Device 2 (A0:36:9F:3B:5B:4C) is up: 10000 MBit/s[0m
[1;37m[INFO]  Device 3 (A0:36:9F:3B:5B:4E) is up: 10000 MBit/s[0m
[1;37m[INFO]  [0;32m2 devices are up.[0m[0m
[1;37m[INFO]  waiting for first successful packet...[0m
[1;37m[INFO]  warmup packet sent[0m
[1;37m[INFO]  first packet received[0m
[0;34m[Device: id=2] TX[0m: 6.76 Mpps, 3459 Mbit/s (4539 Mbit/s with framing)
[1;36m[Device: id=3] RX[0m: 6.57 Mpps, 3366 Mbit/s (4418 Mbit/s with framing)
[0;34m[Device: id=2] TX[0m: 6.58 Mpps, 3369 Mbit/s (4422 Mbit/s with framing)
[1;36m[Device: id=3] RX[0m: 6.76 Mpps, 3464 Mbit/s (4546 Mbit/s with framing)
[0;34m[Device: id=2] TX[0m: 6.77 Mpps, 3464 Mbit/s (4546 Mbit/s with framing)
[1;36m[Device: id=3] RX[0m: 6.77 Mpps, 3464 Mbit/s (4546 Mbit/s with framing)
[0;34m[Device: id=2] TX[0m: 6.77 Mpps, 3464 Mbit/s (4547 Mbit/s with framing)
[1;36m[Device: id=3] RX[0m: 6.77 Mpps, 3464 Mbit/s (4547 Mbit/s with framing)
[0;34m[Device: id=2] TX[0m: 6.77 Mpps, 3464 Mbit/s (4547 Mbit/s with framing)
[1;36m[Device: id=3] RX[0m: 6.77 Mpps, 3464 Mbit/s (4546 Mbit/s with framing)
[0;34m[Device: id=2] TX[0m: 6.77 Mpps, 3464 Mbit/s (4547 Mbit/s with framing)
[1;36m[Device: id=3] RX[0m: 6.77 Mpps, 3464 Mbit/s (4547 Mbit/s with framing)
[0;34m[Device: id=2] TX[0m: 6.77 Mpps, 3464 Mbit/s (4546 Mbit/s with framing)
[1;36m[Device: id=3] RX[0m: 6.77 Mpps, 3464 Mbit/s (4546 Mbit/s with framing)
[0;34m[Device: id=2] TX[0m: 6.77 Mpps, 3464 Mbit/s (4547 Mbit/s with framing)
[1;36m[Device: id=3] RX[0m: 6.77 Mpps, 3464 Mbit/s (4546 Mbit/s with framing)
[0;34m[Device: id=2] TX[0m: 6.77 Mpps, 3464 Mbit/s (4547 Mbit/s with framing)
[1;36m[Device: id=3] RX[0m: 6.77 Mpps, 3464 Mbit/s (4547 Mbit/s with framing)
[0;34m[Device: id=2] TX[0m: 6.77 Mpps, 3464 Mbit/s (4547 Mbit/s with framing)
[1;36m[Device: id=3] RX[0m: 6.76 Mpps, 3464 Mbit/s (4546 Mbit/s with framing)
[0;34m[Device: id=2] TX[0m: 6.76 Mpps, 3463 Mbit/s (4546 Mbit/s with framing)
[1;36m[Device: id=3] RX[0m: 6.77 Mpps, 3464 Mbit/s (4546 Mbit/s with framing)
[0;34m[Device: id=2] TX[0m: 6.77 Mpps, 3464 Mbit/s (4546 Mbit/s with framing)
[1;36m[Device: id=3] RX[0m: 6.77 Mpps, 3464 Mbit/s (4546 Mbit/s with framing)
[0;34m[Device: id=2] TX[0m: 6.77 Mpps, 3464 Mbit/s (4547 Mbit/s with framing)
[1;36m[Device: id=3] RX[0m: 6.77 Mpps, 3464 Mbit/s (4546 Mbit/s with framing)
[0;34m[Device: id=2] TX[0m: 6.77 Mpps, 3464 Mbit/s (4547 Mbit/s with framing)
[1;36m[Device: id=3] RX[0m: 6.77 Mpps, 3464 Mbit/s (4547 Mbit/s with framing)
[0;34m[Device: id=2] TX[0m: 6.77 Mpps, 3464 Mbit/s (4546 Mbit/s with framing)
[1;36m[Device: id=3] RX[0m: 6.77 Mpps, 3464 Mbit/s (4546 Mbit/s with framing)
[0;34m[Device: id=2] TX[0m: 6.77 Mpps, 3464 Mbit/s (4547 Mbit/s with framing)
[1;36m[Device: id=3] RX[0m: 6.77 Mpps, 3464 Mbit/s (4547 Mbit/s with framing)
[0;34m[Device: id=2] TX[0m: 6.77 Mpps, 3464 Mbit/s (4547 Mbit/s with framing)
[1;36m[Device: id=3] RX[0m: 6.77 Mpps, 3464 Mbit/s (4546 Mbit/s with framing)
[0;34m[Device: id=2] TX[0m: 6.77 Mpps, 3464 Mbit/s (4547 Mbit/s with framing)
[1;36m[Device: id=3] RX[0m: 6.77 Mpps, 3464 Mbit/s (4547 Mbit/s with framing)
[0;34m[Device: id=2] TX[0m: 6.77 Mpps, 3464 Mbit/s (4546 Mbit/s with framing)
[1;36m[Device: id=3] RX[0m: 6.77 Mpps, 3464 Mbit/s (4546 Mbit/s with framing)
[0;34m[Device: id=2] TX[0m: 6.77 Mpps, 3464 Mbit/s (4547 Mbit/s with framing)
[1;36m[Device: id=3] RX[0m: 6.77 Mpps, 3464 Mbit/s (4546 Mbit/s with framing)
[0;34m[Device: id=2] TX[0m: 6.76 (StdDev 0.04) Mpps, 3459 (StdDev 22) Mbit/s (4540 Mbit/s with framing), total 140701550 packets with 9004899200 bytes (incl. CRC)
Samples: 173371, Average: 73224.8 ns, StdDev: 7611.0 ns, Quartiles: 67556.0/72442.0/79993.0 ns
[1;37m[INFO]  Saving histogram to '/tmp/l2_multimac_00010000_mbit3452_final.histogram.csv'[0m
[1;37m[INFO]  Saving latency to '/tmp/l2_multimac_00010000_mbit3452_final.latency.csv'[0m
[1;36m[Device: id=3] RX[0m: 6.77 (StdDev 0.00) Mpps, 3464 (StdDev 0) Mbit/s (4546 Mbit/s with framing), total 140701549 packets with 9004899136 bytes (incl. CRC)
[1;37m[INFO]  Saving throughput to '/tmp/l2_multimac_00010000_mbit3452_final.throughput.csv'[0m
