[1;37m[INFO]  Initializing DPDK. This will take a few seconds...[0m
EAL: Probing VFIO support...
EAL: PCI device 0000:05:00.0 on NUMA socket 0
EAL:   probe driver: 8086:1528 net_ixgbe
EAL: PCI device 0000:05:00.1 on NUMA socket 0
EAL:   probe driver: 8086:1528 net_ixgbe
EAL: PCI device 0000:83:00.0 on NUMA socket 1
EAL:   probe driver: 8086:1528 net_ixgbe
EAL: PCI device 0000:83:00.1 on NUMA socket 1
EAL:   probe driver: 8086:1528 net_ixgbe
EAL: PCI device 0000:87:00.0 on NUMA socket 1
EAL:   probe driver: 8086:1526 net_e1000_igb
EAL: PCI device 0000:87:00.1 on NUMA socket 1
EAL:   probe driver: 8086:1526 net_e1000_igb
EAL: PCI device 0000:89:00.0 on NUMA socket 1
EAL:   probe driver: 8086:1526 net_e1000_igb
EAL: PCI device 0000:89:00.1 on NUMA socket 1
EAL:   probe driver: 8086:1526 net_e1000_igb
[1;37m[INFO]  Found 7 usable devices:[0m
   Device 0: 00:25:90:E8:40:C0 ([0;32mIntel Corporation Ethernet Controller 10-Gigabit X540-AT2[0m)
   Device 1: 00:25:90:E8:40:C1 ([0;32mIntel Corporation Ethernet Controller 10-Gigabit X540-AT2[0m)
   Device 2: A0:36:9F:3B:5B:4C ([0;32mIntel Corporation Ethernet Controller 10-Gigabit X540-AT2[0m)
   Device 3: A0:36:9F:3B:5B:4E ([0;32mIntel Corporation Ethernet Controller 10-Gigabit X540-AT2[0m)
   Device 4: 90:E2:BA:1C:55:7D ([0;32mIntel Corporation 82576 Gigabit Network Connection[0m)
   Device 5: 90:E2:BA:1C:55:7E ([0;32mIntel Corporation 82576 Gigabit Network Connection[0m)
   Device 6: 90:E2:BA:1C:55:7F ([0;32mIntel Corporation 82576 Gigabit Network Connection[0m)
PMD: ixgbe_dev_link_status_print():  Port 2: Link Down
PMD: ixgbe_dev_link_status_print():  Port 3: Link Down
[1;37m[INFO]  Waiting for devices to come up...[0m
[1;37m[INFO]  Device 2 (A0:36:9F:3B:5B:4C) is up: 10000 MBit/s[0m
[1;37m[INFO]  Device 3 (A0:36:9F:3B:5B:4E) is up: 10000 MBit/s[0m
[1;37m[INFO]  [0;32m2 devices are up.[0m[0m
[1;37m[INFO]  waiting for first successful packet...[0m
[1;37m[INFO]  warmup packet sent[0m
[1;37m[INFO]  first packet received[0m
[0;34m[Device: id=2] TX[0m: 6.54 Mpps, 3350 Mbit/s (4397 Mbit/s with framing)
[1;36m[Device: id=3] RX[0m: 6.35 Mpps, 3253 Mbit/s (4269 Mbit/s with framing)
[0;34m[Device: id=2] TX[0m: 6.37 Mpps, 3259 Mbit/s (4278 Mbit/s with framing)
[1;36m[Device: id=3] RX[0m: 6.51 Mpps, 3335 Mbit/s (4377 Mbit/s with framing)
[0;34m[Device: id=2] TX[0m: 6.55 Mpps, 3352 Mbit/s (4399 Mbit/s with framing)
[1;36m[Device: id=3] RX[0m: 6.52 Mpps, 3338 Mbit/s (4381 Mbit/s with framing)
[0;34m[Device: id=2] TX[0m: 6.55 Mpps, 3352 Mbit/s (4399 Mbit/s with framing)
[1;36m[Device: id=3] RX[0m: 6.51 Mpps, 3335 Mbit/s (4377 Mbit/s with framing)
[0;34m[Device: id=2] TX[0m: 6.55 Mpps, 3352 Mbit/s (4399 Mbit/s with framing)
[1;36m[Device: id=3] RX[0m: 6.52 Mpps, 3338 Mbit/s (4381 Mbit/s with framing)
[0;34m[Device: id=2] TX[0m: 6.55 Mpps, 3352 Mbit/s (4399 Mbit/s with framing)
[1;36m[Device: id=3] RX[0m: 6.52 Mpps, 3336 Mbit/s (4378 Mbit/s with framing)
[0;34m[Device: id=2] TX[0m: 6.55 Mpps, 3352 Mbit/s (4399 Mbit/s with framing)
[1;36m[Device: id=3] RX[0m: 6.52 Mpps, 3336 Mbit/s (4378 Mbit/s with framing)
[0;34m[Device: id=2] TX[0m: 6.55 Mpps, 3352 Mbit/s (4399 Mbit/s with framing)
[1;36m[Device: id=3] RX[0m: 6.52 Mpps, 3339 Mbit/s (4383 Mbit/s with framing)
[0;34m[Device: id=2] TX[0m: 6.55 Mpps, 3352 Mbit/s (4399 Mbit/s with framing)
[1;36m[Device: id=3] RX[0m: 6.52 Mpps, 3338 Mbit/s (4381 Mbit/s with framing)
[0;34m[Device: id=2] TX[0m: 6.55 Mpps, 3352 Mbit/s (4399 Mbit/s with framing)
[1;36m[Device: id=3] RX[0m: 6.50 Mpps, 3327 Mbit/s (4367 Mbit/s with framing)
[0;34m[Device: id=2] TX[0m: 6.54 Mpps, 3351 Mbit/s (4398 Mbit/s with framing)
[1;36m[Device: id=3] RX[0m: 6.49 Mpps, 3322 Mbit/s (4361 Mbit/s with framing)
[0;34m[Device: id=2] TX[0m: 6.55 Mpps, 3351 Mbit/s (4398 Mbit/s with framing)
[1;36m[Device: id=3] RX[0m: 6.52 Mpps, 3339 Mbit/s (4382 Mbit/s with framing)
[0;34m[Device: id=2] TX[0m: 6.55 Mpps, 3352 Mbit/s (4399 Mbit/s with framing)
[1;36m[Device: id=3] RX[0m: 6.51 Mpps, 3334 Mbit/s (4376 Mbit/s with framing)
[0;34m[Device: id=2] TX[0m: 6.55 Mpps, 3352 Mbit/s (4399 Mbit/s with framing)
[1;36m[Device: id=3] RX[0m: 6.52 Mpps, 3338 Mbit/s (4381 Mbit/s with framing)
[0;34m[Device: id=2] TX[0m: 6.55 Mpps, 3352 Mbit/s (4399 Mbit/s with framing)
[1;36m[Device: id=3] RX[0m: 6.51 Mpps, 3334 Mbit/s (4376 Mbit/s with framing)
[0;34m[Device: id=2] TX[0m: 6.55 Mpps, 3352 Mbit/s (4399 Mbit/s with framing)
[1;36m[Device: id=3] RX[0m: 6.52 Mpps, 3338 Mbit/s (4381 Mbit/s with framing)
[0;34m[Device: id=2] TX[0m: 6.55 Mpps, 3352 Mbit/s (4399 Mbit/s with framing)
[1;36m[Device: id=3] RX[0m: 6.51 Mpps, 3335 Mbit/s (4378 Mbit/s with framing)
[0;34m[Device: id=2] TX[0m: 6.55 Mpps, 3352 Mbit/s (4399 Mbit/s with framing)
[1;36m[Device: id=3] RX[0m: 6.52 Mpps, 3336 Mbit/s (4379 Mbit/s with framing)
[0;34m[Device: id=2] TX[0m: 6.55 Mpps, 3352 Mbit/s (4399 Mbit/s with framing)
[1;36m[Device: id=3] RX[0m: 6.52 Mpps, 3336 Mbit/s (4378 Mbit/s with framing)
[0;34m[Device: id=2] TX[0m: 6.55 Mpps, 3352 Mbit/s (4399 Mbit/s with framing)
[1;36m[Device: id=3] RX[0m: 6.52 Mpps, 3337 Mbit/s (4380 Mbit/s with framing)
[0;34m[Device: id=2] TX[0m: 6.54 (StdDev 0.04) Mpps, 3347 (StdDev 21) Mbit/s (4393 Mbit/s with framing), total 137077168 packets with 8772938752 bytes (incl. CRC)
Samples: 34258, Average: 533227.7 ns, StdDev: 181336.0 ns, Quartiles: 392935.0/478038.0/684890.0 ns
[1;37m[INFO]  Saving histogram to '/tmp/l2_multimac_01000000_mbit3337hires.histogram.csv'[0m
[1;37m[INFO]  Saving latency to '/tmp/l2_multimac_01000000_mbit3337hires.latency.csv'[0m
[1;36m[Device: id=3] RX[0m: 6.51 (StdDev 0.01) Mpps, 3335 (StdDev 4) Mbit/s (4378 Mbit/s with framing), total 136245017 packets with 8719681088 bytes (incl. CRC)
[1;37m[INFO]  Saving throughput to '/tmp/l2_multimac_01000000_mbit3337hires.throughput.csv'[0m
