[1;37m[INFO]  Initializing DPDK. This will take a few seconds...[0m
EAL: Probing VFIO support...
EAL: PCI device 0000:05:00.0 on NUMA socket 0
EAL:   probe driver: 8086:1528 net_ixgbe
EAL: PCI device 0000:05:00.1 on NUMA socket 0
EAL:   probe driver: 8086:1528 net_ixgbe
EAL: PCI device 0000:83:00.0 on NUMA socket 1
EAL:   probe driver: 8086:1528 net_ixgbe
EAL: PCI device 0000:83:00.1 on NUMA socket 1
EAL:   probe driver: 8086:1528 net_ixgbe
EAL: PCI device 0000:87:00.0 on NUMA socket 1
EAL:   probe driver: 8086:1526 net_e1000_igb
EAL: PCI device 0000:87:00.1 on NUMA socket 1
EAL:   probe driver: 8086:1526 net_e1000_igb
EAL: PCI device 0000:89:00.0 on NUMA socket 1
EAL:   probe driver: 8086:1526 net_e1000_igb
EAL: PCI device 0000:89:00.1 on NUMA socket 1
EAL:   probe driver: 8086:1526 net_e1000_igb
[1;37m[INFO]  Found 7 usable devices:[0m
   Device 0: 00:25:90:E8:40:C0 ([0;32mIntel Corporation Ethernet Controller 10-Gigabit X540-AT2[0m)
   Device 1: 00:25:90:E8:40:C1 ([0;32mIntel Corporation Ethernet Controller 10-Gigabit X540-AT2[0m)
   Device 2: A0:36:9F:3B:5B:4C ([0;32mIntel Corporation Ethernet Controller 10-Gigabit X540-AT2[0m)
   Device 3: A0:36:9F:3B:5B:4E ([0;32mIntel Corporation Ethernet Controller 10-Gigabit X540-AT2[0m)
   Device 4: 90:E2:BA:1C:55:7D ([0;32mIntel Corporation 82576 Gigabit Network Connection[0m)
   Device 5: 90:E2:BA:1C:55:7E ([0;32mIntel Corporation 82576 Gigabit Network Connection[0m)
   Device 6: 90:E2:BA:1C:55:7F ([0;32mIntel Corporation 82576 Gigabit Network Connection[0m)
PMD: ixgbe_dev_link_status_print():  Port 2: Link Down
PMD: ixgbe_dev_link_status_print():  Port 3: Link Down
[1;37m[INFO]  Waiting for devices to come up...[0m
[1;37m[INFO]  Device 3 (A0:36:9F:3B:5B:4E) is up: 10000 MBit/s[0m
[1;37m[INFO]  Device 2 (A0:36:9F:3B:5B:4C) is up: 10000 MBit/s[0m
[1;37m[INFO]  [0;32m2 devices are up.[0m[0m
[1;37m[INFO]  waiting for first successful packet...[0m
[1;37m[INFO]  warmup packet sent[0m
[1;37m[INFO]  warmup packet sent[0m
[1;37m[INFO]  warmup packet sent[0m
[1;37m[INFO]  first packet received[0m
[0;34m[Device: id=2] TX[0m: 6.04 Mpps, 3091 Mbit/s (4057 Mbit/s with framing)
[1;36m[Device: id=3] RX[0m: 5.87 Mpps, 3003 Mbit/s (3941 Mbit/s with framing)
[0;34m[Device: id=2] TX[0m: 5.88 Mpps, 3008 Mbit/s (3949 Mbit/s with framing)
[1;36m[Device: id=3] RX[0m: 5.95 Mpps, 3047 Mbit/s (3999 Mbit/s with framing)
[0;34m[Device: id=2] TX[0m: 6.04 Mpps, 3092 Mbit/s (4059 Mbit/s with framing)
[1;36m[Device: id=3] RX[0m: 5.98 Mpps, 3063 Mbit/s (4020 Mbit/s with framing)
[0;34m[Device: id=2] TX[0m: 6.04 Mpps, 3092 Mbit/s (4059 Mbit/s with framing)
[1;36m[Device: id=3] RX[0m: 5.97 Mpps, 3056 Mbit/s (4012 Mbit/s with framing)
[0;34m[Device: id=2] TX[0m: 6.04 Mpps, 3092 Mbit/s (4059 Mbit/s with framing)
[1;36m[Device: id=3] RX[0m: 5.94 Mpps, 3040 Mbit/s (3989 Mbit/s with framing)
[0;34m[Device: id=2] TX[0m: 6.04 Mpps, 3092 Mbit/s (4059 Mbit/s with framing)
[1;36m[Device: id=3] RX[0m: 6.00 Mpps, 3071 Mbit/s (4031 Mbit/s with framing)
[0;34m[Device: id=2] TX[0m: 6.04 Mpps, 3092 Mbit/s (4059 Mbit/s with framing)
[1;36m[Device: id=3] RX[0m: 5.82 Mpps, 2982 Mbit/s (3914 Mbit/s with framing)
[0;34m[Device: id=2] TX[0m: 6.04 Mpps, 3092 Mbit/s (4059 Mbit/s with framing)
[1;36m[Device: id=3] RX[0m: 5.98 Mpps, 3063 Mbit/s (4020 Mbit/s with framing)
[0;34m[Device: id=2] TX[0m: 6.04 Mpps, 3092 Mbit/s (4059 Mbit/s with framing)
[1;36m[Device: id=3] RX[0m: 5.97 Mpps, 3058 Mbit/s (4014 Mbit/s with framing)
[0;34m[Device: id=2] TX[0m: 6.04 Mpps, 3092 Mbit/s (4059 Mbit/s with framing)
[1;36m[Device: id=3] RX[0m: 5.94 Mpps, 3043 Mbit/s (3994 Mbit/s with framing)
[0;34m[Device: id=2] TX[0m: 6.04 Mpps, 3092 Mbit/s (4058 Mbit/s with framing)
[1;36m[Device: id=3] RX[0m: 6.00 Mpps, 3071 Mbit/s (4031 Mbit/s with framing)
[0;34m[Device: id=2] TX[0m: 6.04 Mpps, 3092 Mbit/s (4058 Mbit/s with framing)
[1;36m[Device: id=3] RX[0m: 5.96 Mpps, 3051 Mbit/s (4005 Mbit/s with framing)
[0;34m[Device: id=2] TX[0m: 6.04 Mpps, 3092 Mbit/s (4059 Mbit/s with framing)
[1;36m[Device: id=3] RX[0m: 5.98 Mpps, 3061 Mbit/s (4018 Mbit/s with framing)
[0;34m[Device: id=2] TX[0m: 6.04 Mpps, 3092 Mbit/s (4059 Mbit/s with framing)
[1;36m[Device: id=3] RX[0m: 5.97 Mpps, 3059 Mbit/s (4015 Mbit/s with framing)
[0;34m[Device: id=2] TX[0m: 6.04 Mpps, 3092 Mbit/s (4059 Mbit/s with framing)
[1;36m[Device: id=3] RX[0m: 5.94 Mpps, 3041 Mbit/s (3991 Mbit/s with framing)
[0;34m[Device: id=2] TX[0m: 6.04 Mpps, 3092 Mbit/s (4059 Mbit/s with framing)
[1;36m[Device: id=3] RX[0m: 6.00 Mpps, 3071 Mbit/s (4031 Mbit/s with framing)
[0;34m[Device: id=2] TX[0m: 6.04 Mpps, 3092 Mbit/s (4059 Mbit/s with framing)
[1;36m[Device: id=3] RX[0m: 5.96 Mpps, 3052 Mbit/s (4006 Mbit/s with framing)
Samples: 17579, Average: 862197.8 ns, StdDev: 89089.6 ns, Quartiles: 861720.0/878871.0/892117.0 ns
[1;37m[INFO]  Saving histogram to '/tmp/l2_multimac_10000000_mbit3083hires.histogram.csv'[0m
[1;37m[INFO]  Saving latency to '/tmp/l2_multimac_10000000_mbit3083hires.latency.csv'[0m
[0;34m[Device: id=2] TX[0m: 6.03 (StdDev 0.04) Mpps, 3087 (StdDev 21) Mbit/s (4052 Mbit/s with framing), total 107989879 packets with 6911352256 bytes (incl. CRC)
[1;36m[Device: id=3] RX[0m: 5.96 (StdDev 0.04) Mpps, 3052 (StdDev 21) Mbit/s (4006 Mbit/s with framing), total 106577157 packets with 6820938048 bytes (incl. CRC)
[1;37m[INFO]  Saving throughput to '/tmp/l2_multimac_10000000_mbit3083hires.throughput.csv'[0m
