[1;37m[INFO]  Initializing DPDK. This will take a few seconds...[0m
EAL: Probing VFIO support...
EAL: PCI device 0000:05:00.0 on NUMA socket 0
EAL:   probe driver: 8086:1528 net_ixgbe
EAL: PCI device 0000:05:00.1 on NUMA socket 0
EAL:   probe driver: 8086:1528 net_ixgbe
EAL: PCI device 0000:83:00.0 on NUMA socket 1
EAL:   probe driver: 8086:1528 net_ixgbe
EAL: PCI device 0000:83:00.1 on NUMA socket 1
EAL:   probe driver: 8086:1528 net_ixgbe
EAL: PCI device 0000:87:00.0 on NUMA socket 1
EAL:   probe driver: 8086:1526 net_e1000_igb
EAL: PCI device 0000:87:00.1 on NUMA socket 1
EAL:   probe driver: 8086:1526 net_e1000_igb
EAL: PCI device 0000:89:00.0 on NUMA socket 1
EAL:   probe driver: 8086:1526 net_e1000_igb
EAL: PCI device 0000:89:00.1 on NUMA socket 1
EAL:   probe driver: 8086:1526 net_e1000_igb
[1;37m[INFO]  Found 7 usable devices:[0m
   Device 0: 00:25:90:E8:40:C0 ([0;32mIntel Corporation Ethernet Controller 10-Gigabit X540-AT2[0m)
   Device 1: 00:25:90:E8:40:C1 ([0;32mIntel Corporation Ethernet Controller 10-Gigabit X540-AT2[0m)
   Device 2: A0:36:9F:3B:5B:4C ([0;32mIntel Corporation Ethernet Controller 10-Gigabit X540-AT2[0m)
   Device 3: A0:36:9F:3B:5B:4E ([0;32mIntel Corporation Ethernet Controller 10-Gigabit X540-AT2[0m)
   Device 4: 90:E2:BA:1C:55:7D ([0;32mIntel Corporation 82576 Gigabit Network Connection[0m)
   Device 5: 90:E2:BA:1C:55:7E ([0;32mIntel Corporation 82576 Gigabit Network Connection[0m)
   Device 6: 90:E2:BA:1C:55:7F ([0;32mIntel Corporation 82576 Gigabit Network Connection[0m)
PMD: ixgbe_dev_link_status_print():  Port 2: Link Down
PMD: ixgbe_dev_link_status_print():  Port 3: Link Down
[1;37m[INFO]  Waiting for devices to come up...[0m
[1;37m[INFO]  Device 3 (A0:36:9F:3B:5B:4E) is up: 10000 MBit/s[0m
[1;37m[INFO]  Device 2 (A0:36:9F:3B:5B:4C) is up: 10000 MBit/s[0m
[1;37m[INFO]  [0;32m2 devices are up.[0m[0m
[1;37m[INFO]  waiting for first successful packet...[0m
[1;37m[INFO]  warmup packet sent[0m
[1;37m[INFO]  warmup packet sent[0m
[1;37m[INFO]  warmup packet sent[0m
[1;37m[INFO]  first packet received[0m
[0;34m[Device: id=2] TX[0m: 6.07 Mpps, 3106 Mbit/s (4077 Mbit/s with framing)
[1;36m[Device: id=3] RX[0m: 5.89 Mpps, 3016 Mbit/s (3959 Mbit/s with framing)
[0;34m[Device: id=2] TX[0m: 5.90 Mpps, 3021 Mbit/s (3965 Mbit/s with framing)
[1;36m[Device: id=3] RX[0m: 5.99 Mpps, 3066 Mbit/s (4024 Mbit/s with framing)
[0;34m[Device: id=2] TX[0m: 6.07 Mpps, 3107 Mbit/s (4078 Mbit/s with framing)
[1;36m[Device: id=3] RX[0m: 6.01 Mpps, 3079 Mbit/s (4041 Mbit/s with framing)
[0;34m[Device: id=2] TX[0m: 6.07 Mpps, 3107 Mbit/s (4078 Mbit/s with framing)
[1;36m[Device: id=3] RX[0m: 6.00 Mpps, 3074 Mbit/s (4035 Mbit/s with framing)
[0;34m[Device: id=2] TX[0m: 6.07 Mpps, 3107 Mbit/s (4078 Mbit/s with framing)
[1;36m[Device: id=3] RX[0m: 5.97 Mpps, 3058 Mbit/s (4014 Mbit/s with framing)
[0;34m[Device: id=2] TX[0m: 6.07 Mpps, 3107 Mbit/s (4078 Mbit/s with framing)
[1;36m[Device: id=3] RX[0m: 6.03 Mpps, 3088 Mbit/s (4052 Mbit/s with framing)
[0;34m[Device: id=2] TX[0m: 6.07 Mpps, 3107 Mbit/s (4078 Mbit/s with framing)
[1;36m[Device: id=3] RX[0m: 5.88 Mpps, 3011 Mbit/s (3952 Mbit/s with framing)
[0;34m[Device: id=2] TX[0m: 6.07 Mpps, 3107 Mbit/s (4078 Mbit/s with framing)
[1;36m[Device: id=3] RX[0m: 6.01 Mpps, 3077 Mbit/s (4038 Mbit/s with framing)
[0;34m[Device: id=2] TX[0m: 6.07 Mpps, 3107 Mbit/s (4078 Mbit/s with framing)
[1;36m[Device: id=3] RX[0m: 6.01 Mpps, 3075 Mbit/s (4035 Mbit/s with framing)
[0;34m[Device: id=2] TX[0m: 6.07 Mpps, 3108 Mbit/s (4079 Mbit/s with framing)
[1;36m[Device: id=3] RX[0m: 5.98 Mpps, 3061 Mbit/s (4017 Mbit/s with framing)
[0;34m[Device: id=2] TX[0m: 6.07 Mpps, 3106 Mbit/s (4077 Mbit/s with framing)
[1;36m[Device: id=3] RX[0m: 6.03 Mpps, 3085 Mbit/s (4049 Mbit/s with framing)
[0;34m[Device: id=2] TX[0m: 6.07 Mpps, 3107 Mbit/s (4078 Mbit/s with framing)
[1;36m[Device: id=3] RX[0m: 5.99 Mpps, 3068 Mbit/s (4026 Mbit/s with framing)
[0;34m[Device: id=2] TX[0m: 6.07 Mpps, 3107 Mbit/s (4078 Mbit/s with framing)
[1;36m[Device: id=3] RX[0m: 6.00 Mpps, 3071 Mbit/s (4031 Mbit/s with framing)
[0;34m[Device: id=2] TX[0m: 6.07 Mpps, 3107 Mbit/s (4078 Mbit/s with framing)
[1;36m[Device: id=3] RX[0m: 6.01 Mpps, 3078 Mbit/s (4039 Mbit/s with framing)
[0;34m[Device: id=2] TX[0m: 6.07 Mpps, 3107 Mbit/s (4078 Mbit/s with framing)
[1;36m[Device: id=3] RX[0m: 5.98 Mpps, 3062 Mbit/s (4019 Mbit/s with framing)
[0;34m[Device: id=2] TX[0m: 6.07 Mpps, 3107 Mbit/s (4078 Mbit/s with framing)
[1;36m[Device: id=3] RX[0m: 6.03 Mpps, 3085 Mbit/s (4049 Mbit/s with framing)
[0;34m[Device: id=2] TX[0m: 6.07 Mpps, 3107 Mbit/s (4078 Mbit/s with framing)
[1;36m[Device: id=3] RX[0m: 5.99 Mpps, 3069 Mbit/s (4028 Mbit/s with framing)
Samples: 17766, Average: 853205.6 ns, StdDev: 123191.5 ns, Quartiles: 858747.0/877466.0/889085.0 ns
[1;37m[INFO]  Saving histogram to '/tmp/l2_multimac_10000000_mbit3093hires.histogram.csv'[0m
[1;37m[INFO]  Saving latency to '/tmp/l2_multimac_10000000_mbit3093hires.latency.csv'[0m
[0;34m[Device: id=2] TX[0m: 6.06 (StdDev 0.04) Mpps, 3102 (StdDev 22) Mbit/s (4071 Mbit/s with framing), total 108626429 packets with 6952091456 bytes (incl. CRC)
[1;36m[Device: id=3] RX[0m: 5.99 (StdDev 0.03) Mpps, 3069 (StdDev 18) Mbit/s (4028 Mbit/s with framing), total 107276149 packets with 6865673536 bytes (incl. CRC)
[1;37m[INFO]  Saving throughput to '/tmp/l2_multimac_10000000_mbit3093hires.throughput.csv'[0m
