[1;37m[INFO]  Initializing DPDK. This will take a few seconds...[0m
EAL: Probing VFIO support...
EAL: PCI device 0000:05:00.0 on NUMA socket 0
EAL:   probe driver: 8086:1528 net_ixgbe
EAL: PCI device 0000:05:00.1 on NUMA socket 0
EAL:   probe driver: 8086:1528 net_ixgbe
EAL: PCI device 0000:83:00.0 on NUMA socket 1
EAL:   probe driver: 8086:1528 net_ixgbe
EAL: PCI device 0000:83:00.1 on NUMA socket 1
EAL:   probe driver: 8086:1528 net_ixgbe
EAL: PCI device 0000:87:00.0 on NUMA socket 1
EAL:   probe driver: 8086:1526 net_e1000_igb
EAL: PCI device 0000:87:00.1 on NUMA socket 1
EAL:   probe driver: 8086:1526 net_e1000_igb
EAL: PCI device 0000:89:00.0 on NUMA socket 1
EAL:   probe driver: 8086:1526 net_e1000_igb
EAL: PCI device 0000:89:00.1 on NUMA socket 1
EAL:   probe driver: 8086:1526 net_e1000_igb
[1;37m[INFO]  Found 7 usable devices:[0m
   Device 0: 00:25:90:E8:40:C0 ([0;32mIntel Corporation Ethernet Controller 10-Gigabit X540-AT2[0m)
   Device 1: 00:25:90:E8:40:C1 ([0;32mIntel Corporation Ethernet Controller 10-Gigabit X540-AT2[0m)
   Device 2: A0:36:9F:3B:5B:4C ([0;32mIntel Corporation Ethernet Controller 10-Gigabit X540-AT2[0m)
   Device 3: A0:36:9F:3B:5B:4E ([0;32mIntel Corporation Ethernet Controller 10-Gigabit X540-AT2[0m)
   Device 4: 90:E2:BA:1C:55:7D ([0;32mIntel Corporation 82576 Gigabit Network Connection[0m)
   Device 5: 90:E2:BA:1C:55:7E ([0;32mIntel Corporation 82576 Gigabit Network Connection[0m)
   Device 6: 90:E2:BA:1C:55:7F ([0;32mIntel Corporation 82576 Gigabit Network Connection[0m)
PMD: ixgbe_dev_link_status_print():  Port 2: Link Down
PMD: ixgbe_dev_link_status_print():  Port 3: Link Down
[1;37m[INFO]  Waiting for devices to come up...[0m
[1;37m[INFO]  Device 2 (A0:36:9F:3B:5B:4C) is up: 10000 MBit/s[0m
[1;37m[INFO]  Device 3 (A0:36:9F:3B:5B:4E) is up: 10000 MBit/s[0m
[1;37m[INFO]  [0;32m2 devices are up.[0m[0m
[1;37m[INFO]  waiting for first successful packet...[0m
[1;37m[INFO]  warmup packet sent[0m
[1;37m[INFO]  first packet received[0m
[0;34m[Device: id=2] TX[0m: 10.13 Mpps, 5188 Mbit/s (6809 Mbit/s with framing)
[1;36m[Device: id=3] RX[0m: 6.35 Mpps, 3251 Mbit/s (4266 Mbit/s with framing)
[0;34m[Device: id=2] TX[0m: 9.91 Mpps, 5075 Mbit/s (6661 Mbit/s with framing)
[1;36m[Device: id=3] RX[0m: 6.50 Mpps, 3328 Mbit/s (4368 Mbit/s with framing)
[0;34m[Device: id=2] TX[0m: 10.11 Mpps, 5177 Mbit/s (6794 Mbit/s with framing)
[1;36m[Device: id=3] RX[0m: 6.50 Mpps, 3328 Mbit/s (4368 Mbit/s with framing)
[0;34m[Device: id=2] TX[0m: 10.12 Mpps, 5180 Mbit/s (6799 Mbit/s with framing)
[1;36m[Device: id=3] RX[0m: 6.50 Mpps, 3328 Mbit/s (4367 Mbit/s with framing)
[0;34m[Device: id=2] TX[0m: 10.12 Mpps, 5180 Mbit/s (6798 Mbit/s with framing)
[1;36m[Device: id=3] RX[0m: 6.50 Mpps, 3328 Mbit/s (4368 Mbit/s with framing)
[0;34m[Device: id=2] TX[0m: 10.12 Mpps, 5180 Mbit/s (6799 Mbit/s with framing)
[1;36m[Device: id=3] RX[0m: 6.50 Mpps, 3329 Mbit/s (4369 Mbit/s with framing)
[0;34m[Device: id=2] TX[0m: 10.12 Mpps, 5180 Mbit/s (6799 Mbit/s with framing)
[1;36m[Device: id=3] RX[0m: 6.50 Mpps, 3330 Mbit/s (4370 Mbit/s with framing)
[0;34m[Device: id=2] TX[0m: 10.13 Mpps, 5185 Mbit/s (6806 Mbit/s with framing)
[1;36m[Device: id=3] RX[0m: 6.50 Mpps, 3328 Mbit/s (4368 Mbit/s with framing)
[0;34m[Device: id=2] TX[0m: 10.12 Mpps, 5183 Mbit/s (6803 Mbit/s with framing)
[1;36m[Device: id=3] RX[0m: 6.50 Mpps, 3328 Mbit/s (4368 Mbit/s with framing)
[0;34m[Device: id=2] TX[0m: 10.13 Mpps, 5186 Mbit/s (6807 Mbit/s with framing)
[1;36m[Device: id=3] RX[0m: 6.46 Mpps, 3307 Mbit/s (4340 Mbit/s with framing)
[0;34m[Device: id=2] TX[0m: 10.11 Mpps, 5175 Mbit/s (6792 Mbit/s with framing)
[1;36m[Device: id=3] RX[0m: 6.50 Mpps, 3327 Mbit/s (4367 Mbit/s with framing)
[0;34m[Device: id=2] TX[0m: 10.13 Mpps, 5187 Mbit/s (6809 Mbit/s with framing)
[1;36m[Device: id=3] RX[0m: 6.50 Mpps, 3327 Mbit/s (4367 Mbit/s with framing)
[0;34m[Device: id=2] TX[0m: 10.13 Mpps, 5188 Mbit/s (6809 Mbit/s with framing)
[1;36m[Device: id=3] RX[0m: 6.50 Mpps, 3327 Mbit/s (4367 Mbit/s with framing)
[0;34m[Device: id=2] TX[0m: 10.13 Mpps, 5187 Mbit/s (6808 Mbit/s with framing)
[1;36m[Device: id=3] RX[0m: 6.50 Mpps, 3328 Mbit/s (4368 Mbit/s with framing)
[0;34m[Device: id=2] TX[0m: 10.13 Mpps, 5187 Mbit/s (6808 Mbit/s with framing)
[1;36m[Device: id=3] RX[0m: 6.50 Mpps, 3328 Mbit/s (4369 Mbit/s with framing)
[0;34m[Device: id=2] TX[0m: 10.14 Mpps, 5189 Mbit/s (6811 Mbit/s with framing)
[1;36m[Device: id=3] RX[0m: 6.50 Mpps, 3330 Mbit/s (4370 Mbit/s with framing)
[0;34m[Device: id=2] TX[0m: 10.13 Mpps, 5185 Mbit/s (6805 Mbit/s with framing)
[1;36m[Device: id=3] RX[0m: 6.50 Mpps, 3329 Mbit/s (4369 Mbit/s with framing)
[0;34m[Device: id=2] TX[0m: 10.13 Mpps, 5185 Mbit/s (6806 Mbit/s with framing)
[1;36m[Device: id=3] RX[0m: 6.50 Mpps, 3328 Mbit/s (4368 Mbit/s with framing)
[0;34m[Device: id=2] TX[0m: 10.13 Mpps, 5186 Mbit/s (6806 Mbit/s with framing)
[1;36m[Device: id=3] RX[0m: 6.50 Mpps, 3328 Mbit/s (4368 Mbit/s with framing)
[0;34m[Device: id=2] TX[0m: 10.13 Mpps, 5185 Mbit/s (6805 Mbit/s with framing)
[1;36m[Device: id=3] RX[0m: 6.49 Mpps, 3324 Mbit/s (4362 Mbit/s with framing)
Samples: 7505, Average: 824414.1 ns, StdDev: 16245.6 ns, Quartiles: 815402.0/823624.0/832866.0 ns
[1;37m[INFO]  Saving histogram to '/tmp/l2_multimac_01000000_mbit9000.histogram.csv'[0m
[1;37m[INFO]  Saving latency to '/tmp/l2_multimac_01000000_mbit9000.latency.csv'[0m
[0;34m[Device: id=2] TX[0m: 10.11 (StdDev 0.05) Mpps, 5178 (StdDev 25) Mbit/s (6796 Mbit/s with framing), total 210499480 packets with 13471966720 bytes (incl. CRC)
[1;36m[Device: id=3] RX[0m: 6.50 (StdDev 0.01) Mpps, 3327 (StdDev 5) Mbit/s (4366 Mbit/s with framing), total 134944111 packets with 8636423104 bytes (incl. CRC)
[1;37m[INFO]  Saving throughput to '/tmp/l2_multimac_01000000_mbit9000.throughput.csv'[0m
