[1;37m[INFO]  Initializing DPDK. This will take a few seconds...[0m
EAL: Probing VFIO support...
EAL: PCI device 0000:05:00.0 on NUMA socket 0
EAL:   probe driver: 8086:1528 net_ixgbe
EAL: PCI device 0000:05:00.1 on NUMA socket 0
EAL:   probe driver: 8086:1528 net_ixgbe
EAL: PCI device 0000:83:00.0 on NUMA socket 1
EAL:   probe driver: 8086:1528 net_ixgbe
EAL: PCI device 0000:83:00.1 on NUMA socket 1
EAL:   probe driver: 8086:1528 net_ixgbe
EAL: PCI device 0000:87:00.0 on NUMA socket 1
EAL:   probe driver: 8086:1526 net_e1000_igb
EAL: PCI device 0000:87:00.1 on NUMA socket 1
EAL:   probe driver: 8086:1526 net_e1000_igb
EAL: PCI device 0000:89:00.0 on NUMA socket 1
EAL:   probe driver: 8086:1526 net_e1000_igb
EAL: PCI device 0000:89:00.1 on NUMA socket 1
EAL:   probe driver: 8086:1526 net_e1000_igb
[1;37m[INFO]  Found 7 usable devices:[0m
   Device 0: 00:25:90:E8:40:C0 ([0;32mIntel Corporation Ethernet Controller 10-Gigabit X540-AT2[0m)
   Device 1: 00:25:90:E8:40:C1 ([0;32mIntel Corporation Ethernet Controller 10-Gigabit X540-AT2[0m)
   Device 2: A0:36:9F:3B:5B:4C ([0;32mIntel Corporation Ethernet Controller 10-Gigabit X540-AT2[0m)
   Device 3: A0:36:9F:3B:5B:4E ([0;32mIntel Corporation Ethernet Controller 10-Gigabit X540-AT2[0m)
   Device 4: 90:E2:BA:1C:55:7D ([0;32mIntel Corporation 82576 Gigabit Network Connection[0m)
   Device 5: 90:E2:BA:1C:55:7E ([0;32mIntel Corporation 82576 Gigabit Network Connection[0m)
   Device 6: 90:E2:BA:1C:55:7F ([0;32mIntel Corporation 82576 Gigabit Network Connection[0m)
PMD: ixgbe_dev_link_status_print():  Port 2: Link Down
PMD: ixgbe_dev_link_status_print():  Port 3: Link Down
[1;37m[INFO]  Waiting for devices to come up...[0m
[1;37m[INFO]  Device 2 (A0:36:9F:3B:5B:4C) is up: 10000 MBit/s[0m
[1;37m[INFO]  Device 3 (A0:36:9F:3B:5B:4E) is up: 10000 MBit/s[0m
[1;37m[INFO]  [0;32m2 devices are up.[0m[0m
[1;37m[INFO]  waiting for first successful packet...[0m
[1;37m[INFO]  warmup packet sent[0m
[1;37m[INFO]  first packet received[0m
[0;34m[Device: id=2] TX[0m: 6.75 Mpps, 3458 Mbit/s (4539 Mbit/s with framing)
[1;36m[Device: id=3] RX[0m: 6.57 Mpps, 3365 Mbit/s (4416 Mbit/s with framing)
[0;34m[Device: id=2] TX[0m: 6.57 Mpps, 3363 Mbit/s (4414 Mbit/s with framing)
[1;36m[Device: id=3] RX[0m: 6.74 Mpps, 3453 Mbit/s (4532 Mbit/s with framing)
[0;34m[Device: id=2] TX[0m: 6.76 Mpps, 3460 Mbit/s (4541 Mbit/s with framing)
[1;36m[Device: id=3] RX[0m: 6.75 Mpps, 3454 Mbit/s (4533 Mbit/s with framing)
[0;34m[Device: id=2] TX[0m: 6.76 Mpps, 3460 Mbit/s (4541 Mbit/s with framing)
[1;36m[Device: id=3] RX[0m: 6.74 Mpps, 3453 Mbit/s (4532 Mbit/s with framing)
[0;34m[Device: id=2] TX[0m: 6.76 Mpps, 3460 Mbit/s (4541 Mbit/s with framing)
[1;36m[Device: id=3] RX[0m: 6.75 Mpps, 3454 Mbit/s (4533 Mbit/s with framing)
[0;34m[Device: id=2] TX[0m: 6.76 Mpps, 3460 Mbit/s (4541 Mbit/s with framing)
[1;36m[Device: id=3] RX[0m: 6.75 Mpps, 3455 Mbit/s (4534 Mbit/s with framing)
[0;34m[Device: id=2] TX[0m: 6.76 Mpps, 3460 Mbit/s (4541 Mbit/s with framing)
[1;36m[Device: id=3] RX[0m: 6.75 Mpps, 3454 Mbit/s (4533 Mbit/s with framing)
[0;34m[Device: id=2] TX[0m: 6.76 Mpps, 3460 Mbit/s (4541 Mbit/s with framing)
[1;36m[Device: id=3] RX[0m: 6.75 Mpps, 3454 Mbit/s (4533 Mbit/s with framing)
[0;34m[Device: id=2] TX[0m: 6.76 Mpps, 3460 Mbit/s (4541 Mbit/s with framing)
[1;36m[Device: id=3] RX[0m: 6.75 Mpps, 3454 Mbit/s (4533 Mbit/s with framing)
[0;34m[Device: id=2] TX[0m: 6.76 Mpps, 3460 Mbit/s (4542 Mbit/s with framing)
[1;36m[Device: id=3] RX[0m: 6.74 Mpps, 3453 Mbit/s (4532 Mbit/s with framing)
[0;34m[Device: id=2] TX[0m: 6.76 Mpps, 3459 Mbit/s (4540 Mbit/s with framing)
[1;36m[Device: id=3] RX[0m: 6.75 Mpps, 3453 Mbit/s (4533 Mbit/s with framing)
[0;34m[Device: id=2] TX[0m: 6.76 Mpps, 3460 Mbit/s (4541 Mbit/s with framing)
[1;36m[Device: id=3] RX[0m: 6.74 Mpps, 3453 Mbit/s (4532 Mbit/s with framing)
[0;34m[Device: id=2] TX[0m: 6.76 Mpps, 3460 Mbit/s (4541 Mbit/s with framing)
[1;36m[Device: id=3] RX[0m: 6.74 Mpps, 3453 Mbit/s (4533 Mbit/s with framing)
[0;34m[Device: id=2] TX[0m: 6.76 Mpps, 3460 Mbit/s (4541 Mbit/s with framing)
[1;36m[Device: id=3] RX[0m: 6.74 Mpps, 3453 Mbit/s (4532 Mbit/s with framing)
[0;34m[Device: id=2] TX[0m: 6.76 Mpps, 3460 Mbit/s (4541 Mbit/s with framing)
[1;36m[Device: id=3] RX[0m: 6.74 Mpps, 3452 Mbit/s (4531 Mbit/s with framing)
[0;34m[Device: id=2] TX[0m: 6.76 Mpps, 3460 Mbit/s (4541 Mbit/s with framing)
[1;36m[Device: id=3] RX[0m: 6.74 Mpps, 3453 Mbit/s (4532 Mbit/s with framing)
[0;34m[Device: id=2] TX[0m: 6.76 Mpps, 3460 Mbit/s (4541 Mbit/s with framing)
[1;36m[Device: id=3] RX[0m: 6.74 Mpps, 3453 Mbit/s (4532 Mbit/s with framing)
[0;34m[Device: id=2] TX[0m: 6.76 Mpps, 3460 Mbit/s (4541 Mbit/s with framing)
[1;36m[Device: id=3] RX[0m: 6.74 Mpps, 3453 Mbit/s (4532 Mbit/s with framing)
[0;34m[Device: id=2] TX[0m: 6.76 Mpps, 3460 Mbit/s (4541 Mbit/s with framing)
[1;36m[Device: id=3] RX[0m: 6.74 Mpps, 3453 Mbit/s (4532 Mbit/s with framing)
[0;34m[Device: id=2] TX[0m: 6.76 Mpps, 3460 Mbit/s (4541 Mbit/s with framing)
[1;36m[Device: id=3] RX[0m: 6.75 Mpps, 3455 Mbit/s (4534 Mbit/s with framing)
[1;33m[WARN]  Failed to timestamp packet on transmission[0m
Samples: 24735, Average: 752239.3 ns, StdDev: 117286.1 ns, Quartiles: 763349.0/780720.0/788259.0 ns
[1;37m[INFO]  Saving histogram to '/tmp/l2_multimac_00001000_mbit3441hires.histogram.csv'[0m
[0;34m[Device: id=2] TX[0m: 6.75 (StdDev 0.04) Mpps, 3455 (StdDev 22) Mbit/s (4535 Mbit/s with framing), total 140953295 packets with 9021010880 bytes (incl. CRC)
[1;37m[INFO]  Saving latency to '/tmp/l2_multimac_00001000_mbit3441hires.latency.csv'[0m
[1;36m[Device: id=3] RX[0m: 6.74 (StdDev 0.00) Mpps, 3453 (StdDev 1) Mbit/s (4533 Mbit/s with framing), total 140700337 packets with 9004821568 bytes (incl. CRC)
[1;37m[INFO]  Saving throughput to '/tmp/l2_multimac_00001000_mbit3441hires.throughput.csv'[0m
