[1;37m[INFO]  Initializing DPDK. This will take a few seconds...[0m
EAL: Probing VFIO support...
EAL: PCI device 0000:05:00.0 on NUMA socket 0
EAL:   probe driver: 8086:1528 net_ixgbe
EAL: PCI device 0000:05:00.1 on NUMA socket 0
EAL:   probe driver: 8086:1528 net_ixgbe
EAL: PCI device 0000:83:00.0 on NUMA socket 1
EAL:   probe driver: 8086:1528 net_ixgbe
EAL: PCI device 0000:83:00.1 on NUMA socket 1
EAL:   probe driver: 8086:1528 net_ixgbe
EAL: PCI device 0000:87:00.0 on NUMA socket 1
EAL:   probe driver: 8086:1526 net_e1000_igb
EAL: PCI device 0000:87:00.1 on NUMA socket 1
EAL:   probe driver: 8086:1526 net_e1000_igb
EAL: PCI device 0000:89:00.0 on NUMA socket 1
EAL:   probe driver: 8086:1526 net_e1000_igb
EAL: PCI device 0000:89:00.1 on NUMA socket 1
EAL:   probe driver: 8086:1526 net_e1000_igb
[1;37m[INFO]  Found 7 usable devices:[0m
   Device 0: 00:25:90:E8:40:C0 ([0;32mIntel Corporation Ethernet Controller 10-Gigabit X540-AT2[0m)
   Device 1: 00:25:90:E8:40:C1 ([0;32mIntel Corporation Ethernet Controller 10-Gigabit X540-AT2[0m)
   Device 2: A0:36:9F:3B:5B:4C ([0;32mIntel Corporation Ethernet Controller 10-Gigabit X540-AT2[0m)
   Device 3: A0:36:9F:3B:5B:4E ([0;32mIntel Corporation Ethernet Controller 10-Gigabit X540-AT2[0m)
   Device 4: 90:E2:BA:1C:55:7D ([0;32mIntel Corporation 82576 Gigabit Network Connection[0m)
   Device 5: 90:E2:BA:1C:55:7E ([0;32mIntel Corporation 82576 Gigabit Network Connection[0m)
   Device 6: 90:E2:BA:1C:55:7F ([0;32mIntel Corporation 82576 Gigabit Network Connection[0m)
PMD: ixgbe_dev_link_status_print():  Port 2: Link Down
PMD: ixgbe_dev_link_status_print():  Port 3: Link Down
[1;37m[INFO]  Waiting for devices to come up...[0m
[1;37m[INFO]  Device 2 (A0:36:9F:3B:5B:4C) is up: 10000 MBit/s[0m
[1;37m[INFO]  Device 3 (A0:36:9F:3B:5B:4E) is up: 10000 MBit/s[0m
[1;37m[INFO]  [0;32m2 devices are up.[0m[0m
[1;37m[INFO]  waiting for first successful packet...[0m
[1;37m[INFO]  warmup packet sent[0m
[1;37m[INFO]  first packet received[0m
[0;34m[Device: id=2] TX[0m: 6.87 Mpps, 3516 Mbit/s (4614 Mbit/s with framing)
[1;36m[Device: id=3] RX[0m: 6.68 Mpps, 3422 Mbit/s (4491 Mbit/s with framing)
[0;34m[Device: id=2] TX[0m: 6.68 Mpps, 3420 Mbit/s (4489 Mbit/s with framing)
[1;36m[Device: id=3] RX[0m: 6.81 Mpps, 3486 Mbit/s (4575 Mbit/s with framing)
[0;34m[Device: id=2] TX[0m: 6.87 Mpps, 3517 Mbit/s (4616 Mbit/s with framing)
[1;36m[Device: id=3] RX[0m: 6.80 Mpps, 3484 Mbit/s (4573 Mbit/s with framing)
[0;34m[Device: id=2] TX[0m: 6.87 Mpps, 3517 Mbit/s (4616 Mbit/s with framing)
[1;36m[Device: id=3] RX[0m: 6.81 Mpps, 3485 Mbit/s (4574 Mbit/s with framing)
[0;34m[Device: id=2] TX[0m: 6.87 Mpps, 3517 Mbit/s (4616 Mbit/s with framing)
[1;36m[Device: id=3] RX[0m: 6.81 Mpps, 3486 Mbit/s (4575 Mbit/s with framing)
[0;34m[Device: id=2] TX[0m: 6.87 Mpps, 3517 Mbit/s (4616 Mbit/s with framing)
[1;36m[Device: id=3] RX[0m: 6.81 Mpps, 3486 Mbit/s (4576 Mbit/s with framing)
[0;34m[Device: id=2] TX[0m: 6.87 Mpps, 3517 Mbit/s (4616 Mbit/s with framing)
[1;36m[Device: id=3] RX[0m: 6.81 Mpps, 3486 Mbit/s (4576 Mbit/s with framing)
[0;34m[Device: id=2] TX[0m: 6.87 Mpps, 3517 Mbit/s (4616 Mbit/s with framing)
[1;36m[Device: id=3] RX[0m: 6.81 Mpps, 3486 Mbit/s (4575 Mbit/s with framing)
[0;34m[Device: id=2] TX[0m: 6.87 Mpps, 3517 Mbit/s (4616 Mbit/s with framing)
[1;36m[Device: id=3] RX[0m: 6.81 Mpps, 3488 Mbit/s (4577 Mbit/s with framing)
[0;34m[Device: id=2] TX[0m: 6.87 Mpps, 3517 Mbit/s (4616 Mbit/s with framing)
[1;36m[Device: id=3] RX[0m: 6.81 Mpps, 3485 Mbit/s (4574 Mbit/s with framing)
[0;34m[Device: id=2] TX[0m: 6.87 Mpps, 3516 Mbit/s (4615 Mbit/s with framing)
[1;36m[Device: id=3] RX[0m: 6.81 Mpps, 3485 Mbit/s (4574 Mbit/s with framing)
[0;34m[Device: id=2] TX[0m: 6.87 Mpps, 3517 Mbit/s (4615 Mbit/s with framing)
[1;36m[Device: id=3] RX[0m: 6.81 Mpps, 3487 Mbit/s (4577 Mbit/s with framing)
[0;34m[Device: id=2] TX[0m: 6.87 Mpps, 3517 Mbit/s (4616 Mbit/s with framing)
[1;36m[Device: id=3] RX[0m: 6.81 Mpps, 3488 Mbit/s (4578 Mbit/s with framing)
[0;34m[Device: id=2] TX[0m: 6.87 Mpps, 3517 Mbit/s (4616 Mbit/s with framing)
[1;36m[Device: id=3] RX[0m: 6.81 Mpps, 3485 Mbit/s (4574 Mbit/s with framing)
[0;34m[Device: id=2] TX[0m: 6.87 Mpps, 3517 Mbit/s (4616 Mbit/s with framing)
[1;36m[Device: id=3] RX[0m: 6.81 Mpps, 3486 Mbit/s (4575 Mbit/s with framing)
[0;34m[Device: id=2] TX[0m: 6.87 Mpps, 3517 Mbit/s (4616 Mbit/s with framing)
[1;36m[Device: id=3] RX[0m: 6.81 Mpps, 3485 Mbit/s (4575 Mbit/s with framing)
[0;34m[Device: id=2] TX[0m: 6.87 Mpps, 3517 Mbit/s (4616 Mbit/s with framing)
[1;36m[Device: id=3] RX[0m: 6.81 Mpps, 3487 Mbit/s (4576 Mbit/s with framing)
[0;34m[Device: id=2] TX[0m: 6.87 Mpps, 3517 Mbit/s (4616 Mbit/s with framing)
[1;36m[Device: id=3] RX[0m: 6.81 Mpps, 3486 Mbit/s (4575 Mbit/s with framing)
[0;34m[Device: id=2] TX[0m: 6.87 Mpps, 3517 Mbit/s (4616 Mbit/s with framing)
[1;36m[Device: id=3] RX[0m: 6.81 Mpps, 3486 Mbit/s (4575 Mbit/s with framing)
[0;34m[Device: id=2] TX[0m: 6.87 Mpps, 3517 Mbit/s (4616 Mbit/s with framing)
[1;36m[Device: id=3] RX[0m: 6.81 Mpps, 3487 Mbit/s (4577 Mbit/s with framing)
Samples: 24369, Average: 766265.2 ns, StdDev: 86243.8 ns, Quartiles: 769038.0/779370.0/785550.0 ns
[1;37m[INFO]  Saving histogram to '/tmp/l2_multimac_00010000_mbit3502hires.histogram.csv'[0m
[0;34m[Device: id=2] TX[0m: 6.86 (StdDev 0.04) Mpps, 3512 (StdDev 22) Mbit/s (4609 Mbit/s with framing), total 143810988 packets with 9203903232 bytes (incl. CRC)
[1;37m[INFO]  Saving latency to '/tmp/l2_multimac_00010000_mbit3502hires.latency.csv'[0m
[1;36m[Device: id=3] RX[0m: 6.81 (StdDev 0.00) Mpps, 3486 (StdDev 1) Mbit/s (4575 Mbit/s with framing), total 142607514 packets with 9126880896 bytes (incl. CRC)
[1;37m[INFO]  Saving throughput to '/tmp/l2_multimac_00010000_mbit3502hires.throughput.csv'[0m
