[1;37m[INFO]  Initializing DPDK. This will take a few seconds...[0m
EAL: Probing VFIO support...
EAL: PCI device 0000:05:00.0 on NUMA socket 0
EAL:   probe driver: 8086:1528 net_ixgbe
EAL: PCI device 0000:05:00.1 on NUMA socket 0
EAL:   probe driver: 8086:1528 net_ixgbe
EAL: PCI device 0000:83:00.0 on NUMA socket 1
EAL:   probe driver: 8086:1528 net_ixgbe
EAL: PCI device 0000:83:00.1 on NUMA socket 1
EAL:   probe driver: 8086:1528 net_ixgbe
EAL: PCI device 0000:87:00.0 on NUMA socket 1
EAL:   probe driver: 8086:1526 net_e1000_igb
EAL: PCI device 0000:87:00.1 on NUMA socket 1
EAL:   probe driver: 8086:1526 net_e1000_igb
EAL: PCI device 0000:89:00.0 on NUMA socket 1
EAL:   probe driver: 8086:1526 net_e1000_igb
EAL: PCI device 0000:89:00.1 on NUMA socket 1
EAL:   probe driver: 8086:1526 net_e1000_igb
[1;37m[INFO]  Found 7 usable devices:[0m
   Device 0: 00:25:90:E8:40:C0 ([0;32mIntel Corporation Ethernet Controller 10-Gigabit X540-AT2[0m)
   Device 1: 00:25:90:E8:40:C1 ([0;32mIntel Corporation Ethernet Controller 10-Gigabit X540-AT2[0m)
   Device 2: A0:36:9F:3B:5B:4C ([0;32mIntel Corporation Ethernet Controller 10-Gigabit X540-AT2[0m)
   Device 3: A0:36:9F:3B:5B:4E ([0;32mIntel Corporation Ethernet Controller 10-Gigabit X540-AT2[0m)
   Device 4: 90:E2:BA:1C:55:7D ([0;32mIntel Corporation 82576 Gigabit Network Connection[0m)
   Device 5: 90:E2:BA:1C:55:7E ([0;32mIntel Corporation 82576 Gigabit Network Connection[0m)
   Device 6: 90:E2:BA:1C:55:7F ([0;32mIntel Corporation 82576 Gigabit Network Connection[0m)
PMD: ixgbe_dev_link_status_print():  Port 2: Link Down
PMD: ixgbe_dev_link_status_print():  Port 3: Link Down
[1;37m[INFO]  Waiting for devices to come up...[0m
[1;37m[INFO]  Device 2 (A0:36:9F:3B:5B:4C) is up: 10000 MBit/s[0m
[1;37m[INFO]  Device 3 (A0:36:9F:3B:5B:4E) is up: 10000 MBit/s[0m
[1;37m[INFO]  [0;32m2 devices are up.[0m[0m
[1;37m[INFO]  waiting for first successful packet...[0m
[1;37m[INFO]  warmup packet sent[0m
[1;37m[INFO]  warmup packet sent[0m
[1;37m[INFO]  warmup packet sent[0m
[1;37m[INFO]  first packet received[0m
[0;34m[Device: id=2] TX[0m: 6.83 Mpps, 3496 Mbit/s (4589 Mbit/s with framing)
[1;36m[Device: id=3] RX[0m: 6.63 Mpps, 3397 Mbit/s (4459 Mbit/s with framing)
[0;34m[Device: id=2] TX[0m: 6.65 Mpps, 3402 Mbit/s (4466 Mbit/s with framing)
[1;36m[Device: id=3] RX[0m: 6.76 Mpps, 3463 Mbit/s (4546 Mbit/s with framing)
[0;34m[Device: id=2] TX[0m: 6.83 Mpps, 3498 Mbit/s (4591 Mbit/s with framing)
[1;36m[Device: id=3] RX[0m: 6.77 Mpps, 3464 Mbit/s (4547 Mbit/s with framing)
[0;34m[Device: id=2] TX[0m: 6.83 Mpps, 3498 Mbit/s (4591 Mbit/s with framing)
[1;36m[Device: id=3] RX[0m: 6.77 Mpps, 3465 Mbit/s (4548 Mbit/s with framing)
[0;34m[Device: id=2] TX[0m: 6.83 Mpps, 3498 Mbit/s (4591 Mbit/s with framing)
[1;36m[Device: id=3] RX[0m: 6.77 Mpps, 3464 Mbit/s (4546 Mbit/s with framing)
[0;34m[Device: id=2] TX[0m: 6.83 Mpps, 3498 Mbit/s (4591 Mbit/s with framing)
[1;36m[Device: id=3] RX[0m: 6.77 Mpps, 3464 Mbit/s (4547 Mbit/s with framing)
[0;34m[Device: id=2] TX[0m: 6.83 Mpps, 3498 Mbit/s (4591 Mbit/s with framing)
[1;36m[Device: id=3] RX[0m: 6.77 Mpps, 3465 Mbit/s (4548 Mbit/s with framing)
[0;34m[Device: id=2] TX[0m: 6.83 Mpps, 3498 Mbit/s (4591 Mbit/s with framing)
[1;36m[Device: id=3] RX[0m: 6.77 Mpps, 3464 Mbit/s (4547 Mbit/s with framing)
[0;34m[Device: id=2] TX[0m: 6.83 Mpps, 3498 Mbit/s (4591 Mbit/s with framing)
[1;36m[Device: id=3] RX[0m: 6.77 Mpps, 3465 Mbit/s (4548 Mbit/s with framing)
[0;34m[Device: id=2] TX[0m: 6.83 Mpps, 3498 Mbit/s (4591 Mbit/s with framing)
[1;36m[Device: id=3] RX[0m: 6.77 Mpps, 3466 Mbit/s (4549 Mbit/s with framing)
[0;34m[Device: id=2] TX[0m: 6.83 Mpps, 3497 Mbit/s (4590 Mbit/s with framing)
[1;36m[Device: id=3] RX[0m: 6.77 Mpps, 3466 Mbit/s (4549 Mbit/s with framing)
[0;34m[Device: id=2] TX[0m: 6.83 Mpps, 3497 Mbit/s (4590 Mbit/s with framing)
[1;36m[Device: id=3] RX[0m: 6.77 Mpps, 3466 Mbit/s (4550 Mbit/s with framing)
[0;34m[Device: id=2] TX[0m: 6.83 Mpps, 3498 Mbit/s (4591 Mbit/s with framing)
[1;36m[Device: id=3] RX[0m: 6.77 Mpps, 3467 Mbit/s (4550 Mbit/s with framing)
[0;34m[Device: id=2] TX[0m: 6.83 Mpps, 3498 Mbit/s (4591 Mbit/s with framing)
[1;36m[Device: id=3] RX[0m: 6.77 Mpps, 3465 Mbit/s (4547 Mbit/s with framing)
[0;34m[Device: id=2] TX[0m: 6.83 Mpps, 3498 Mbit/s (4591 Mbit/s with framing)
[1;36m[Device: id=3] RX[0m: 6.77 Mpps, 3464 Mbit/s (4547 Mbit/s with framing)
[0;34m[Device: id=2] TX[0m: 6.83 Mpps, 3498 Mbit/s (4591 Mbit/s with framing)
[1;36m[Device: id=3] RX[0m: 6.77 Mpps, 3464 Mbit/s (4547 Mbit/s with framing)
[0;34m[Device: id=2] TX[0m: 6.83 Mpps, 3498 Mbit/s (4591 Mbit/s with framing)
[1;36m[Device: id=3] RX[0m: 6.77 Mpps, 3466 Mbit/s (4549 Mbit/s with framing)
Samples: 20136, Average: 779124.8 ns, StdDev: 47659.7 ns, Quartiles: 778035.0/785016.0/790960.0 ns
[1;37m[INFO]  Saving histogram to '/tmp/l2_multimac_00010000_mbit3482hires.histogram.csv'[0m
[1;37m[INFO]  Saving latency to '/tmp/l2_multimac_00010000_mbit3482hires.latency.csv'[0m
[0;34m[Device: id=2] TX[0m: 6.82 (StdDev 0.05) Mpps, 3492 (StdDev 24) Mbit/s (4583 Mbit/s with framing), total 122452473 packets with 7836958272 bytes (incl. CRC)
[1;36m[Device: id=3] RX[0m: 6.77 (StdDev 0.00) Mpps, 3465 (StdDev 1) Mbit/s (4548 Mbit/s with framing), total 121356438 packets with 7766812032 bytes (incl. CRC)
[1;37m[INFO]  Saving throughput to '/tmp/l2_multimac_00010000_mbit3482hires.throughput.csv'[0m
