[1;37m[INFO]  Initializing DPDK. This will take a few seconds...[0m
EAL: Probing VFIO support...
EAL: PCI device 0000:05:00.0 on NUMA socket 0
EAL:   probe driver: 8086:1528 net_ixgbe
EAL: PCI device 0000:05:00.1 on NUMA socket 0
EAL:   probe driver: 8086:1528 net_ixgbe
EAL: PCI device 0000:83:00.0 on NUMA socket 1
EAL:   probe driver: 8086:1528 net_ixgbe
EAL: PCI device 0000:83:00.1 on NUMA socket 1
EAL:   probe driver: 8086:1528 net_ixgbe
EAL: PCI device 0000:87:00.0 on NUMA socket 1
EAL:   probe driver: 8086:1526 net_e1000_igb
EAL: PCI device 0000:87:00.1 on NUMA socket 1
EAL:   probe driver: 8086:1526 net_e1000_igb
EAL: PCI device 0000:89:00.0 on NUMA socket 1
EAL:   probe driver: 8086:1526 net_e1000_igb
EAL: PCI device 0000:89:00.1 on NUMA socket 1
EAL:   probe driver: 8086:1526 net_e1000_igb
[1;37m[INFO]  Found 7 usable devices:[0m
   Device 0: 00:25:90:E8:40:C0 ([0;32mIntel Corporation Ethernet Controller 10-Gigabit X540-AT2[0m)
   Device 1: 00:25:90:E8:40:C1 ([0;32mIntel Corporation Ethernet Controller 10-Gigabit X540-AT2[0m)
   Device 2: A0:36:9F:3B:5B:4C ([0;32mIntel Corporation Ethernet Controller 10-Gigabit X540-AT2[0m)
   Device 3: A0:36:9F:3B:5B:4E ([0;32mIntel Corporation Ethernet Controller 10-Gigabit X540-AT2[0m)
   Device 4: 90:E2:BA:1C:55:7D ([0;32mIntel Corporation 82576 Gigabit Network Connection[0m)
   Device 5: 90:E2:BA:1C:55:7E ([0;32mIntel Corporation 82576 Gigabit Network Connection[0m)
   Device 6: 90:E2:BA:1C:55:7F ([0;32mIntel Corporation 82576 Gigabit Network Connection[0m)
PMD: ixgbe_dev_link_status_print():  Port 2: Link Down
PMD: ixgbe_dev_link_status_print():  Port 3: Link Down
[1;37m[INFO]  Waiting for devices to come up...[0m
[1;37m[INFO]  Device 2 (A0:36:9F:3B:5B:4C) is up: 10000 MBit/s[0m
[1;37m[INFO]  Device 3 (A0:36:9F:3B:5B:4E) is up: 10000 MBit/s[0m
[1;37m[INFO]  [0;32m2 devices are up.[0m[0m
[1;37m[INFO]  waiting for first successful packet...[0m
[1;37m[INFO]  warmup packet sent[0m
[1;37m[INFO]  warmup packet sent[0m
[1;37m[INFO]  warmup packet sent[0m
[1;37m[INFO]  first packet received[0m
[0;34m[Device: id=2] TX[0m: 5.89 Mpps, 3018 Mbit/s (3961 Mbit/s with framing)
[1;36m[Device: id=3] RX[0m: 5.74 Mpps, 2938 Mbit/s (3857 Mbit/s with framing)
[0;34m[Device: id=2] TX[0m: 5.74 Mpps, 2940 Mbit/s (3858 Mbit/s with framing)
[1;36m[Device: id=3] RX[0m: 5.89 Mpps, 3017 Mbit/s (3960 Mbit/s with framing)
[0;34m[Device: id=2] TX[0m: 5.90 Mpps, 3023 Mbit/s (3968 Mbit/s with framing)
[1;36m[Device: id=3] RX[0m: 5.90 Mpps, 3023 Mbit/s (3968 Mbit/s with framing)
[0;34m[Device: id=2] TX[0m: 5.90 Mpps, 3022 Mbit/s (3966 Mbit/s with framing)
[1;36m[Device: id=3] RX[0m: 5.89 Mpps, 3017 Mbit/s (3960 Mbit/s with framing)
[0;34m[Device: id=2] TX[0m: 5.90 Mpps, 3023 Mbit/s (3967 Mbit/s with framing)
[1;36m[Device: id=3] RX[0m: 5.89 Mpps, 3018 Mbit/s (3961 Mbit/s with framing)
[0;34m[Device: id=2] TX[0m: 5.90 Mpps, 3023 Mbit/s (3967 Mbit/s with framing)
[1;36m[Device: id=3] RX[0m: 5.90 Mpps, 3023 Mbit/s (3967 Mbit/s with framing)
[0;34m[Device: id=2] TX[0m: 5.90 Mpps, 3022 Mbit/s (3966 Mbit/s with framing)
[1;36m[Device: id=3] RX[0m: 5.89 Mpps, 3017 Mbit/s (3960 Mbit/s with framing)
[0;34m[Device: id=2] TX[0m: 5.90 Mpps, 3023 Mbit/s (3968 Mbit/s with framing)
[1;36m[Device: id=3] RX[0m: 5.90 Mpps, 3023 Mbit/s (3968 Mbit/s with framing)
[0;34m[Device: id=2] TX[0m: 5.90 Mpps, 3022 Mbit/s (3967 Mbit/s with framing)
[1;36m[Device: id=3] RX[0m: 5.89 Mpps, 3018 Mbit/s (3961 Mbit/s with framing)
[0;34m[Device: id=2] TX[0m: 5.90 Mpps, 3023 Mbit/s (3968 Mbit/s with framing)
[1;36m[Device: id=3] RX[0m: 5.90 Mpps, 3020 Mbit/s (3964 Mbit/s with framing)
[0;34m[Device: id=2] TX[0m: 5.90 Mpps, 3021 Mbit/s (3966 Mbit/s with framing)
[1;36m[Device: id=3] RX[0m: 5.90 Mpps, 3021 Mbit/s (3965 Mbit/s with framing)
[0;34m[Device: id=2] TX[0m: 5.90 Mpps, 3021 Mbit/s (3966 Mbit/s with framing)
[1;36m[Device: id=3] RX[0m: 5.89 Mpps, 3017 Mbit/s (3959 Mbit/s with framing)
[0;34m[Device: id=2] TX[0m: 5.90 Mpps, 3023 Mbit/s (3968 Mbit/s with framing)
[1;36m[Device: id=3] RX[0m: 5.90 Mpps, 3023 Mbit/s (3968 Mbit/s with framing)
[0;34m[Device: id=2] TX[0m: 5.90 Mpps, 3022 Mbit/s (3966 Mbit/s with framing)
[1;36m[Device: id=3] RX[0m: 5.89 Mpps, 3017 Mbit/s (3960 Mbit/s with framing)
[0;34m[Device: id=2] TX[0m: 5.90 Mpps, 3023 Mbit/s (3968 Mbit/s with framing)
[1;36m[Device: id=3] RX[0m: 5.90 Mpps, 3023 Mbit/s (3967 Mbit/s with framing)
[0;34m[Device: id=2] TX[0m: 5.90 Mpps, 3022 Mbit/s (3967 Mbit/s with framing)
[1;36m[Device: id=3] RX[0m: 5.89 Mpps, 3017 Mbit/s (3960 Mbit/s with framing)
[0;34m[Device: id=2] TX[0m: 5.90 Mpps, 3022 Mbit/s (3966 Mbit/s with framing)
[1;36m[Device: id=3] RX[0m: 5.89 Mpps, 3016 Mbit/s (3959 Mbit/s with framing)
[1;33m[WARN]  Failed to timestamp packet on transmission[0m
[0;34m[Device: id=2] TX[0m: 5.89 (StdDev 0.04) Mpps, 3017 (StdDev 21) Mbit/s (3960 Mbit/s with framing), total 105576039 packets with 6756866496 bytes (incl. CRC)
Samples: 117243, Average: 98696.3 ns, StdDev: 119585.8 ns, Quartiles: 65320.0/81836.0/91019.0 ns
[1;37m[INFO]  Saving histogram to '/tmp/l2_multimac_10000000_mbit3013hires.histogram.csv'[0m
[1;37m[INFO]  Saving latency to '/tmp/l2_multimac_10000000_mbit3013hires.latency.csv'[0m
[1;36m[Device: id=3] RX[0m: 5.90 (StdDev 0.01) Mpps, 3019 (StdDev 3) Mbit/s (3963 Mbit/s with framing), total 105484927 packets with 6751035328 bytes (incl. CRC)
[1;37m[INFO]  Saving throughput to '/tmp/l2_multimac_10000000_mbit3013hires.throughput.csv'[0m
