[1;37m[INFO]  Initializing DPDK. This will take a few seconds...[0m
EAL: Probing VFIO support...
EAL: PCI device 0000:05:00.0 on NUMA socket 0
EAL:   probe driver: 8086:1528 net_ixgbe
EAL: PCI device 0000:05:00.1 on NUMA socket 0
EAL:   probe driver: 8086:1528 net_ixgbe
EAL: PCI device 0000:83:00.0 on NUMA socket 1
EAL:   probe driver: 8086:1528 net_ixgbe
EAL: PCI device 0000:83:00.1 on NUMA socket 1
EAL:   probe driver: 8086:1528 net_ixgbe
EAL: PCI device 0000:87:00.0 on NUMA socket 1
EAL:   probe driver: 8086:1526 net_e1000_igb
EAL: PCI device 0000:87:00.1 on NUMA socket 1
EAL:   probe driver: 8086:1526 net_e1000_igb
EAL: PCI device 0000:89:00.0 on NUMA socket 1
EAL:   probe driver: 8086:1526 net_e1000_igb
EAL: PCI device 0000:89:00.1 on NUMA socket 1
EAL:   probe driver: 8086:1526 net_e1000_igb
[1;37m[INFO]  Found 7 usable devices:[0m
   Device 0: 00:25:90:E8:40:C0 ([0;32mIntel Corporation Ethernet Controller 10-Gigabit X540-AT2[0m)
   Device 1: 00:25:90:E8:40:C1 ([0;32mIntel Corporation Ethernet Controller 10-Gigabit X540-AT2[0m)
   Device 2: A0:36:9F:3B:5B:4C ([0;32mIntel Corporation Ethernet Controller 10-Gigabit X540-AT2[0m)
   Device 3: A0:36:9F:3B:5B:4E ([0;32mIntel Corporation Ethernet Controller 10-Gigabit X540-AT2[0m)
   Device 4: 90:E2:BA:1C:55:7D ([0;32mIntel Corporation 82576 Gigabit Network Connection[0m)
   Device 5: 90:E2:BA:1C:55:7E ([0;32mIntel Corporation 82576 Gigabit Network Connection[0m)
   Device 6: 90:E2:BA:1C:55:7F ([0;32mIntel Corporation 82576 Gigabit Network Connection[0m)
PMD: ixgbe_dev_link_status_print():  Port 2: Link Down
PMD: ixgbe_dev_link_status_print():  Port 3: Link Down
[1;37m[INFO]  Waiting for devices to come up...[0m
[1;37m[INFO]  Device 2 (A0:36:9F:3B:5B:4C) is up: 10000 MBit/s[0m
[1;37m[INFO]  Device 3 (A0:36:9F:3B:5B:4E) is up: 10000 MBit/s[0m
[1;37m[INFO]  [0;32m2 devices are up.[0m[0m
[1;37m[INFO]  waiting for first successful packet...[0m
[1;37m[INFO]  warmup packet sent[0m
[1;37m[INFO]  warmup packet sent[0m
[1;37m[INFO]  warmup packet sent[0m
[1;37m[INFO]  first packet received[0m
[0;34m[Device: id=2] TX[0m: 5.92 Mpps, 3032 Mbit/s (3980 Mbit/s with framing)
[1;36m[Device: id=3] RX[0m: 5.76 Mpps, 2950 Mbit/s (3872 Mbit/s with framing)
[0;34m[Device: id=2] TX[0m: 5.77 Mpps, 2952 Mbit/s (3874 Mbit/s with framing)
[1;36m[Device: id=3] RX[0m: 5.92 Mpps, 3031 Mbit/s (3979 Mbit/s with framing)
[0;34m[Device: id=2] TX[0m: 5.93 Mpps, 3037 Mbit/s (3987 Mbit/s with framing)
[1;36m[Device: id=3] RX[0m: 5.93 Mpps, 3037 Mbit/s (3987 Mbit/s with framing)
[0;34m[Device: id=2] TX[0m: 5.93 Mpps, 3037 Mbit/s (3985 Mbit/s with framing)
[1;36m[Device: id=3] RX[0m: 5.92 Mpps, 3032 Mbit/s (3980 Mbit/s with framing)
[0;34m[Device: id=2] TX[0m: 5.93 Mpps, 3037 Mbit/s (3986 Mbit/s with framing)
[1;36m[Device: id=3] RX[0m: 5.92 Mpps, 3032 Mbit/s (3979 Mbit/s with framing)
[0;34m[Device: id=2] TX[0m: 5.93 Mpps, 3037 Mbit/s (3986 Mbit/s with framing)
[1;36m[Device: id=3] RX[0m: 5.93 Mpps, 3038 Mbit/s (3987 Mbit/s with framing)
[0;34m[Device: id=2] TX[0m: 5.93 Mpps, 3036 Mbit/s (3985 Mbit/s with framing)
[1;36m[Device: id=3] RX[0m: 5.92 Mpps, 3032 Mbit/s (3979 Mbit/s with framing)
[0;34m[Device: id=2] TX[0m: 5.93 Mpps, 3037 Mbit/s (3987 Mbit/s with framing)
[1;36m[Device: id=3] RX[0m: 5.93 Mpps, 3037 Mbit/s (3987 Mbit/s with framing)
[0;34m[Device: id=2] TX[0m: 5.93 Mpps, 3036 Mbit/s (3985 Mbit/s with framing)
[1;36m[Device: id=3] RX[0m: 5.92 Mpps, 3032 Mbit/s (3980 Mbit/s with framing)
[0;34m[Device: id=2] TX[0m: 5.93 Mpps, 3037 Mbit/s (3986 Mbit/s with framing)
[1;36m[Device: id=3] RX[0m: 5.92 Mpps, 3034 Mbit/s (3982 Mbit/s with framing)
[0;34m[Device: id=2] TX[0m: 5.93 Mpps, 3036 Mbit/s (3985 Mbit/s with framing)
[1;36m[Device: id=3] RX[0m: 5.93 Mpps, 3036 Mbit/s (3985 Mbit/s with framing)
[0;34m[Device: id=2] TX[0m: 5.93 Mpps, 3036 Mbit/s (3985 Mbit/s with framing)
[1;36m[Device: id=3] RX[0m: 5.92 Mpps, 3032 Mbit/s (3979 Mbit/s with framing)
[0;34m[Device: id=2] TX[0m: 5.93 Mpps, 3038 Mbit/s (3987 Mbit/s with framing)
[1;36m[Device: id=3] RX[0m: 5.93 Mpps, 3038 Mbit/s (3987 Mbit/s with framing)
[0;34m[Device: id=2] TX[0m: 5.93 Mpps, 3036 Mbit/s (3985 Mbit/s with framing)
[1;36m[Device: id=3] RX[0m: 5.92 Mpps, 3032 Mbit/s (3980 Mbit/s with framing)
[0;34m[Device: id=2] TX[0m: 5.93 Mpps, 3037 Mbit/s (3986 Mbit/s with framing)
[1;36m[Device: id=3] RX[0m: 5.93 Mpps, 3035 Mbit/s (3984 Mbit/s with framing)
[0;34m[Device: id=2] TX[0m: 5.93 Mpps, 3037 Mbit/s (3986 Mbit/s with framing)
[1;36m[Device: id=3] RX[0m: 5.93 Mpps, 3034 Mbit/s (3983 Mbit/s with framing)
[0;34m[Device: id=2] TX[0m: 5.93 Mpps, 3036 Mbit/s (3985 Mbit/s with framing)
[1;36m[Device: id=3] RX[0m: 5.92 Mpps, 3032 Mbit/s (3979 Mbit/s with framing)
[0;34m[Device: id=2] TX[0m: 5.92 (StdDev 0.04) Mpps, 3031 (StdDev 21) Mbit/s (3979 Mbit/s with framing), total 106007640 packets with 6784488960 bytes (incl. CRC)
Samples: 119493, Average: 96673.9 ns, StdDev: 114201.4 ns, Quartiles: 64653.0/81793.0/90112.0 ns
[1;37m[INFO]  Saving histogram to '/tmp/l2_multimac_10000000_mbit3033hires.histogram.csv'[0m
[1;37m[INFO]  Saving latency to '/tmp/l2_multimac_10000000_mbit3033hires.latency.csv'[0m
[1;36m[Device: id=3] RX[0m: 5.93 (StdDev 0.00) Mpps, 3034 (StdDev 3) Mbit/s (3982 Mbit/s with framing), total 105923856 packets with 6779126784 bytes (incl. CRC)
[1;37m[INFO]  Saving throughput to '/tmp/l2_multimac_10000000_mbit3033hires.throughput.csv'[0m
