[1;37m[INFO]  Initializing DPDK. This will take a few seconds...[0m
EAL: Probing VFIO support...
EAL: PCI device 0000:05:00.0 on NUMA socket 0
EAL:   probe driver: 8086:1528 net_ixgbe
EAL: PCI device 0000:05:00.1 on NUMA socket 0
EAL:   probe driver: 8086:1528 net_ixgbe
EAL: PCI device 0000:83:00.0 on NUMA socket 1
EAL:   probe driver: 8086:1528 net_ixgbe
EAL: PCI device 0000:83:00.1 on NUMA socket 1
EAL:   probe driver: 8086:1528 net_ixgbe
EAL: PCI device 0000:87:00.0 on NUMA socket 1
EAL:   probe driver: 8086:1526 net_e1000_igb
EAL: PCI device 0000:87:00.1 on NUMA socket 1
EAL:   probe driver: 8086:1526 net_e1000_igb
EAL: PCI device 0000:89:00.0 on NUMA socket 1
EAL:   probe driver: 8086:1526 net_e1000_igb
EAL: PCI device 0000:89:00.1 on NUMA socket 1
EAL:   probe driver: 8086:1526 net_e1000_igb
[1;37m[INFO]  Found 7 usable devices:[0m
   Device 0: 00:25:90:E8:40:C0 ([0;32mIntel Corporation Ethernet Controller 10-Gigabit X540-AT2[0m)
   Device 1: 00:25:90:E8:40:C1 ([0;32mIntel Corporation Ethernet Controller 10-Gigabit X540-AT2[0m)
   Device 2: A0:36:9F:3B:5B:4C ([0;32mIntel Corporation Ethernet Controller 10-Gigabit X540-AT2[0m)
   Device 3: A0:36:9F:3B:5B:4E ([0;32mIntel Corporation Ethernet Controller 10-Gigabit X540-AT2[0m)
   Device 4: 90:E2:BA:1C:55:7D ([0;32mIntel Corporation 82576 Gigabit Network Connection[0m)
   Device 5: 90:E2:BA:1C:55:7E ([0;32mIntel Corporation 82576 Gigabit Network Connection[0m)
   Device 6: 90:E2:BA:1C:55:7F ([0;32mIntel Corporation 82576 Gigabit Network Connection[0m)
PMD: ixgbe_dev_link_status_print():  Port 2: Link Down
PMD: ixgbe_dev_link_status_print():  Port 3: Link Down
[1;37m[INFO]  Waiting for devices to come up...[0m
[1;37m[INFO]  Device 2 (A0:36:9F:3B:5B:4C) is up: 10000 MBit/s[0m
[1;37m[INFO]  Device 3 (A0:36:9F:3B:5B:4E) is up: 10000 MBit/s[0m
[1;37m[INFO]  [0;32m2 devices are up.[0m[0m
[1;37m[INFO]  waiting for first successful packet...[0m
[1;37m[INFO]  warmup packet sent[0m
[1;37m[INFO]  warmup packet sent[0m
[1;37m[INFO]  warmup packet sent[0m
[1;37m[INFO]  first packet received[0m
[0;34m[Device: id=2] TX[0m: 6.07 Mpps, 3106 Mbit/s (4077 Mbit/s with framing)
[1;36m[Device: id=3] RX[0m: 5.87 Mpps, 3003 Mbit/s (3942 Mbit/s with framing)
[0;34m[Device: id=2] TX[0m: 5.90 Mpps, 3020 Mbit/s (3964 Mbit/s with framing)
[1;36m[Device: id=3] RX[0m: 5.96 Mpps, 3052 Mbit/s (4006 Mbit/s with framing)
[0;34m[Device: id=2] TX[0m: 6.07 Mpps, 3107 Mbit/s (4078 Mbit/s with framing)
[1;36m[Device: id=3] RX[0m: 5.99 Mpps, 3064 Mbit/s (4022 Mbit/s with framing)
[0;34m[Device: id=2] TX[0m: 6.07 Mpps, 3107 Mbit/s (4078 Mbit/s with framing)
[1;36m[Device: id=3] RX[0m: 5.98 Mpps, 3059 Mbit/s (4015 Mbit/s with framing)
[0;34m[Device: id=2] TX[0m: 6.07 Mpps, 3107 Mbit/s (4078 Mbit/s with framing)
[1;36m[Device: id=3] RX[0m: 5.95 Mpps, 3044 Mbit/s (3995 Mbit/s with framing)
[0;34m[Device: id=2] TX[0m: 6.07 Mpps, 3107 Mbit/s (4078 Mbit/s with framing)
[1;36m[Device: id=3] RX[0m: 6.00 Mpps, 3072 Mbit/s (4032 Mbit/s with framing)
[0;34m[Device: id=2] TX[0m: 6.07 Mpps, 3107 Mbit/s (4078 Mbit/s with framing)
[1;36m[Device: id=3] RX[0m: 5.86 Mpps, 2999 Mbit/s (3936 Mbit/s with framing)
[0;34m[Device: id=2] TX[0m: 6.07 Mpps, 3107 Mbit/s (4078 Mbit/s with framing)
[1;36m[Device: id=3] RX[0m: 5.98 Mpps, 3061 Mbit/s (4018 Mbit/s with framing)
[0;34m[Device: id=2] TX[0m: 6.07 Mpps, 3107 Mbit/s (4078 Mbit/s with framing)
[1;36m[Device: id=3] RX[0m: 5.98 Mpps, 3059 Mbit/s (4015 Mbit/s with framing)
[0;34m[Device: id=2] TX[0m: 6.07 Mpps, 3107 Mbit/s (4078 Mbit/s with framing)
[1;36m[Device: id=3] RX[0m: 5.95 Mpps, 3046 Mbit/s (3998 Mbit/s with framing)
[0;34m[Device: id=2] TX[0m: 6.07 Mpps, 3107 Mbit/s (4077 Mbit/s with framing)
[1;36m[Device: id=3] RX[0m: 6.00 Mpps, 3071 Mbit/s (4030 Mbit/s with framing)
[0;34m[Device: id=2] TX[0m: 6.07 Mpps, 3107 Mbit/s (4078 Mbit/s with framing)
[1;36m[Device: id=3] RX[0m: 5.97 Mpps, 3054 Mbit/s (4009 Mbit/s with framing)
[0;34m[Device: id=2] TX[0m: 6.07 Mpps, 3107 Mbit/s (4078 Mbit/s with framing)
[1;36m[Device: id=3] RX[0m: 5.97 Mpps, 3057 Mbit/s (4013 Mbit/s with framing)
[0;34m[Device: id=2] TX[0m: 6.07 Mpps, 3107 Mbit/s (4078 Mbit/s with framing)
[1;36m[Device: id=3] RX[0m: 5.98 Mpps, 3064 Mbit/s (4021 Mbit/s with framing)
[0;34m[Device: id=2] TX[0m: 6.07 Mpps, 3107 Mbit/s (4078 Mbit/s with framing)
[1;36m[Device: id=3] RX[0m: 5.95 Mpps, 3047 Mbit/s (3999 Mbit/s with framing)
[0;34m[Device: id=2] TX[0m: 6.07 Mpps, 3107 Mbit/s (4078 Mbit/s with framing)
[1;36m[Device: id=3] RX[0m: 5.99 Mpps, 3068 Mbit/s (4027 Mbit/s with framing)
[0;34m[Device: id=2] TX[0m: 6.07 Mpps, 3107 Mbit/s (4078 Mbit/s with framing)
[1;36m[Device: id=3] RX[0m: 5.97 Mpps, 3056 Mbit/s (4010 Mbit/s with framing)
Samples: 15829, Average: 861785.6 ns, StdDev: 120099.3 ns, Quartiles: 864299.0/879668.0/891416.0 ns
[1;37m[INFO]  Saving histogram to '/tmp/l2_multimac_10000000_mbit3103hires.histogram.csv'[0m
[1;37m[INFO]  Saving latency to '/tmp/l2_multimac_10000000_mbit3103hires.latency.csv'[0m
[0;34m[Device: id=2] TX[0m: 6.06 (StdDev 0.04) Mpps, 3102 (StdDev 22) Mbit/s (4071 Mbit/s with framing), total 108210176 packets with 6925451264 bytes (incl. CRC)
[1;36m[Device: id=3] RX[0m: 5.97 (StdDev 0.03) Mpps, 3055 (StdDev 17) Mbit/s (4009 Mbit/s with framing), total 106369509 packets with 6807648576 bytes (incl. CRC)
[1;37m[INFO]  Saving throughput to '/tmp/l2_multimac_10000000_mbit3103hires.throughput.csv'[0m
