[1;37m[INFO]  Initializing DPDK. This will take a few seconds...[0m
EAL: Probing VFIO support...
EAL: PCI device 0000:05:00.0 on NUMA socket 0
EAL:   probe driver: 8086:1528 net_ixgbe
EAL: PCI device 0000:05:00.1 on NUMA socket 0
EAL:   probe driver: 8086:1528 net_ixgbe
EAL: PCI device 0000:83:00.0 on NUMA socket 1
EAL:   probe driver: 8086:1528 net_ixgbe
EAL: PCI device 0000:83:00.1 on NUMA socket 1
EAL:   probe driver: 8086:1528 net_ixgbe
EAL: PCI device 0000:87:00.0 on NUMA socket 1
EAL:   probe driver: 8086:1526 net_e1000_igb
EAL: PCI device 0000:87:00.1 on NUMA socket 1
EAL:   probe driver: 8086:1526 net_e1000_igb
EAL: PCI device 0000:89:00.0 on NUMA socket 1
EAL:   probe driver: 8086:1526 net_e1000_igb
EAL: PCI device 0000:89:00.1 on NUMA socket 1
EAL:   probe driver: 8086:1526 net_e1000_igb
[1;37m[INFO]  Found 7 usable devices:[0m
   Device 0: 00:25:90:E8:40:C0 ([0;32mIntel Corporation Ethernet Controller 10-Gigabit X540-AT2[0m)
   Device 1: 00:25:90:E8:40:C1 ([0;32mIntel Corporation Ethernet Controller 10-Gigabit X540-AT2[0m)
   Device 2: A0:36:9F:3B:5B:4C ([0;32mIntel Corporation Ethernet Controller 10-Gigabit X540-AT2[0m)
   Device 3: A0:36:9F:3B:5B:4E ([0;32mIntel Corporation Ethernet Controller 10-Gigabit X540-AT2[0m)
   Device 4: 90:E2:BA:1C:55:7D ([0;32mIntel Corporation 82576 Gigabit Network Connection[0m)
   Device 5: 90:E2:BA:1C:55:7E ([0;32mIntel Corporation 82576 Gigabit Network Connection[0m)
   Device 6: 90:E2:BA:1C:55:7F ([0;32mIntel Corporation 82576 Gigabit Network Connection[0m)
PMD: ixgbe_dev_link_status_print():  Port 2: Link Down
PMD: ixgbe_dev_link_status_print():  Port 3: Link Down
[1;37m[INFO]  Waiting for devices to come up...[0m
[1;37m[INFO]  Device 2 (A0:36:9F:3B:5B:4C) is up: 10000 MBit/s[0m
[1;37m[INFO]  Device 3 (A0:36:9F:3B:5B:4E) is up: 10000 MBit/s[0m
[1;37m[INFO]  [0;32m2 devices are up.[0m[0m
[1;37m[INFO]  waiting for first successful packet...[0m
[1;37m[INFO]  warmup packet sent[0m
[1;37m[INFO]  warmup packet sent[0m
[1;37m[INFO]  warmup packet sent[0m
[1;37m[INFO]  first packet received[0m
[0;34m[Device: id=2] TX[0m: 6.58 Mpps, 3368 Mbit/s (4420 Mbit/s with framing)
[1;36m[Device: id=3] RX[0m: 6.32 Mpps, 3235 Mbit/s (4246 Mbit/s with framing)
[0;34m[Device: id=2] TX[0m: 6.40 Mpps, 3275 Mbit/s (4299 Mbit/s with framing)
[1;36m[Device: id=3] RX[0m: 6.47 Mpps, 3315 Mbit/s (4350 Mbit/s with framing)
[0;34m[Device: id=2] TX[0m: 6.58 Mpps, 3369 Mbit/s (4422 Mbit/s with framing)
[1;36m[Device: id=3] RX[0m: 6.48 Mpps, 3318 Mbit/s (4355 Mbit/s with framing)
[0;34m[Device: id=2] TX[0m: 6.58 Mpps, 3369 Mbit/s (4422 Mbit/s with framing)
[1;36m[Device: id=3] RX[0m: 6.48 Mpps, 3315 Mbit/s (4351 Mbit/s with framing)
[0;34m[Device: id=2] TX[0m: 6.58 Mpps, 3369 Mbit/s (4422 Mbit/s with framing)
[1;36m[Device: id=3] RX[0m: 6.48 Mpps, 3317 Mbit/s (4353 Mbit/s with framing)
[0;34m[Device: id=2] TX[0m: 6.58 Mpps, 3369 Mbit/s (4422 Mbit/s with framing)
[1;36m[Device: id=3] RX[0m: 6.48 Mpps, 3319 Mbit/s (4356 Mbit/s with framing)
[0;34m[Device: id=2] TX[0m: 6.58 Mpps, 3369 Mbit/s (4422 Mbit/s with framing)
[1;36m[Device: id=3] RX[0m: 6.46 Mpps, 3308 Mbit/s (4342 Mbit/s with framing)
[0;34m[Device: id=2] TX[0m: 6.58 Mpps, 3369 Mbit/s (4422 Mbit/s with framing)
[1;36m[Device: id=3] RX[0m: 6.45 Mpps, 3300 Mbit/s (4331 Mbit/s with framing)
[0;34m[Device: id=2] TX[0m: 6.58 Mpps, 3369 Mbit/s (4422 Mbit/s with framing)
[1;36m[Device: id=3] RX[0m: 6.47 Mpps, 3314 Mbit/s (4350 Mbit/s with framing)
[0;34m[Device: id=2] TX[0m: 6.58 Mpps, 3369 Mbit/s (4422 Mbit/s with framing)
[1;36m[Device: id=3] RX[0m: 6.48 Mpps, 3316 Mbit/s (4352 Mbit/s with framing)
[0;34m[Device: id=2] TX[0m: 6.58 Mpps, 3368 Mbit/s (4421 Mbit/s with framing)
[1;36m[Device: id=3] RX[0m: 6.48 Mpps, 3318 Mbit/s (4354 Mbit/s with framing)
[0;34m[Device: id=2] TX[0m: 6.58 Mpps, 3369 Mbit/s (4421 Mbit/s with framing)
[1;36m[Device: id=3] RX[0m: 6.47 Mpps, 3313 Mbit/s (4349 Mbit/s with framing)
[0;34m[Device: id=2] TX[0m: 6.58 Mpps, 3369 Mbit/s (4422 Mbit/s with framing)
[1;36m[Device: id=3] RX[0m: 6.48 Mpps, 3318 Mbit/s (4355 Mbit/s with framing)
[0;34m[Device: id=2] TX[0m: 6.58 Mpps, 3369 Mbit/s (4422 Mbit/s with framing)
[1;36m[Device: id=3] RX[0m: 6.48 Mpps, 3315 Mbit/s (4351 Mbit/s with framing)
[0;34m[Device: id=2] TX[0m: 6.58 Mpps, 3369 Mbit/s (4422 Mbit/s with framing)
[1;36m[Device: id=3] RX[0m: 6.48 Mpps, 3319 Mbit/s (4356 Mbit/s with framing)
[0;34m[Device: id=2] TX[0m: 6.58 Mpps, 3369 Mbit/s (4422 Mbit/s with framing)
[1;36m[Device: id=3] RX[0m: 6.48 Mpps, 3315 Mbit/s (4351 Mbit/s with framing)
[0;34m[Device: id=2] TX[0m: 6.58 Mpps, 3369 Mbit/s (4422 Mbit/s with framing)
[1;36m[Device: id=3] RX[0m: 6.48 Mpps, 3316 Mbit/s (4352 Mbit/s with framing)
Samples: 19722, Average: 794971.2 ns, StdDev: 103476.5 ns, Quartiles: 791609.0/812819.0/829051.0 ns
[1;37m[INFO]  Saving histogram to '/tmp/l2_multimac_01000000_mbit3357hires.histogram.csv'[0m
[0;34m[Device: id=2] TX[0m: 6.57 (StdDev 0.05) Mpps, 3363 (StdDev 23) Mbit/s (4414 Mbit/s with framing), total 117963501 packets with 7549664064 bytes (incl. CRC)
[1;37m[INFO]  Saving latency to '/tmp/l2_multimac_01000000_mbit3357hires.latency.csv'[0m
[1;36m[Device: id=3] RX[0m: 6.47 (StdDev 0.01) Mpps, 3315 (StdDev 5) Mbit/s (4351 Mbit/s with framing), total 115908060 packets with 7418115840 bytes (incl. CRC)
[1;37m[INFO]  Saving throughput to '/tmp/l2_multimac_01000000_mbit3357hires.throughput.csv'[0m
