[1;37m[INFO]  Initializing DPDK. This will take a few seconds...[0m
EAL: Probing VFIO support...
EAL: PCI device 0000:05:00.0 on NUMA socket 0
EAL:   probe driver: 8086:1528 net_ixgbe
EAL: PCI device 0000:05:00.1 on NUMA socket 0
EAL:   probe driver: 8086:1528 net_ixgbe
EAL: PCI device 0000:83:00.0 on NUMA socket 1
EAL:   probe driver: 8086:1528 net_ixgbe
EAL: PCI device 0000:83:00.1 on NUMA socket 1
EAL:   probe driver: 8086:1528 net_ixgbe
EAL: PCI device 0000:87:00.0 on NUMA socket 1
EAL:   probe driver: 8086:1526 net_e1000_igb
EAL: PCI device 0000:87:00.1 on NUMA socket 1
EAL:   probe driver: 8086:1526 net_e1000_igb
EAL: PCI device 0000:89:00.0 on NUMA socket 1
EAL:   probe driver: 8086:1526 net_e1000_igb
EAL: PCI device 0000:89:00.1 on NUMA socket 1
EAL:   probe driver: 8086:1526 net_e1000_igb
[1;37m[INFO]  Found 7 usable devices:[0m
   Device 0: 00:25:90:E8:40:C0 ([0;32mIntel Corporation Ethernet Controller 10-Gigabit X540-AT2[0m)
   Device 1: 00:25:90:E8:40:C1 ([0;32mIntel Corporation Ethernet Controller 10-Gigabit X540-AT2[0m)
   Device 2: A0:36:9F:3B:5B:4C ([0;32mIntel Corporation Ethernet Controller 10-Gigabit X540-AT2[0m)
   Device 3: A0:36:9F:3B:5B:4E ([0;32mIntel Corporation Ethernet Controller 10-Gigabit X540-AT2[0m)
   Device 4: 90:E2:BA:1C:55:7D ([0;32mIntel Corporation 82576 Gigabit Network Connection[0m)
   Device 5: 90:E2:BA:1C:55:7E ([0;32mIntel Corporation 82576 Gigabit Network Connection[0m)
   Device 6: 90:E2:BA:1C:55:7F ([0;32mIntel Corporation 82576 Gigabit Network Connection[0m)
PMD: ixgbe_dev_link_status_print():  Port 2: Link Down
PMD: ixgbe_dev_link_status_print():  Port 3: Link Down
[1;37m[INFO]  Waiting for devices to come up...[0m
[1;37m[INFO]  Device 2 (A0:36:9F:3B:5B:4C) is up: 10000 MBit/s[0m
[1;37m[INFO]  Device 3 (A0:36:9F:3B:5B:4E) is up: 10000 MBit/s[0m
[1;37m[INFO]  [0;32m2 devices are up.[0m[0m
[1;37m[INFO]  waiting for first successful packet...[0m
[1;37m[INFO]  warmup packet sent[0m
[1;37m[INFO]  warmup packet sent[0m
[1;37m[INFO]  warmup packet sent[0m
[1;37m[INFO]  first packet received[0m
[0;34m[Device: id=2] TX[0m: 5.95 Mpps, 3047 Mbit/s (3999 Mbit/s with framing)
[1;36m[Device: id=3] RX[0m: 5.79 Mpps, 2966 Mbit/s (3893 Mbit/s with framing)
[0;34m[Device: id=2] TX[0m: 5.79 Mpps, 2966 Mbit/s (3894 Mbit/s with framing)
[1;36m[Device: id=3] RX[0m: 5.93 Mpps, 3038 Mbit/s (3988 Mbit/s with framing)
[0;34m[Device: id=2] TX[0m: 5.96 Mpps, 3051 Mbit/s (4004 Mbit/s with framing)
[1;36m[Device: id=3] RX[0m: 5.96 Mpps, 3051 Mbit/s (4004 Mbit/s with framing)
[0;34m[Device: id=2] TX[0m: 5.96 Mpps, 3050 Mbit/s (4004 Mbit/s with framing)
[1;36m[Device: id=3] RX[0m: 5.93 Mpps, 3039 Mbit/s (3988 Mbit/s with framing)
[0;34m[Device: id=2] TX[0m: 5.96 Mpps, 3050 Mbit/s (4003 Mbit/s with framing)
[1;36m[Device: id=3] RX[0m: 5.93 Mpps, 3038 Mbit/s (3987 Mbit/s with framing)
[0;34m[Device: id=2] TX[0m: 5.96 Mpps, 3051 Mbit/s (4004 Mbit/s with framing)
[1;36m[Device: id=3] RX[0m: 5.96 Mpps, 3051 Mbit/s (4004 Mbit/s with framing)
[0;34m[Device: id=2] TX[0m: 5.96 Mpps, 3050 Mbit/s (4003 Mbit/s with framing)
[1;36m[Device: id=3] RX[0m: 5.94 Mpps, 3039 Mbit/s (3989 Mbit/s with framing)
[0;34m[Device: id=2] TX[0m: 5.96 Mpps, 3051 Mbit/s (4005 Mbit/s with framing)
[1;36m[Device: id=3] RX[0m: 5.96 Mpps, 3051 Mbit/s (4004 Mbit/s with framing)
[0;34m[Device: id=2] TX[0m: 5.96 Mpps, 3050 Mbit/s (4003 Mbit/s with framing)
[1;36m[Device: id=3] RX[0m: 5.94 Mpps, 3039 Mbit/s (3989 Mbit/s with framing)
[0;34m[Device: id=2] TX[0m: 5.96 Mpps, 3050 Mbit/s (4003 Mbit/s with framing)
[1;36m[Device: id=3] RX[0m: 5.94 Mpps, 3039 Mbit/s (3989 Mbit/s with framing)
[0;34m[Device: id=2] TX[0m: 5.96 Mpps, 3050 Mbit/s (4003 Mbit/s with framing)
[1;36m[Device: id=3] RX[0m: 5.96 Mpps, 3049 Mbit/s (4002 Mbit/s with framing)
[0;34m[Device: id=2] TX[0m: 5.96 Mpps, 3049 Mbit/s (4002 Mbit/s with framing)
[1;36m[Device: id=3] RX[0m: 5.93 Mpps, 3038 Mbit/s (3988 Mbit/s with framing)
[0;34m[Device: id=2] TX[0m: 5.96 Mpps, 3051 Mbit/s (4004 Mbit/s with framing)
[1;36m[Device: id=3] RX[0m: 5.96 Mpps, 3051 Mbit/s (4004 Mbit/s with framing)
[0;34m[Device: id=2] TX[0m: 5.96 Mpps, 3050 Mbit/s (4004 Mbit/s with framing)
[1;36m[Device: id=3] RX[0m: 5.94 Mpps, 3039 Mbit/s (3989 Mbit/s with framing)
[0;34m[Device: id=2] TX[0m: 5.96 Mpps, 3050 Mbit/s (4003 Mbit/s with framing)
[1;36m[Device: id=3] RX[0m: 5.94 Mpps, 3043 Mbit/s (3993 Mbit/s with framing)
[0;34m[Device: id=2] TX[0m: 5.96 Mpps, 3051 Mbit/s (4004 Mbit/s with framing)
[1;36m[Device: id=3] RX[0m: 5.95 Mpps, 3047 Mbit/s (3999 Mbit/s with framing)
[0;34m[Device: id=2] TX[0m: 5.96 Mpps, 3050 Mbit/s (4003 Mbit/s with framing)
[1;36m[Device: id=3] RX[0m: 5.93 Mpps, 3038 Mbit/s (3988 Mbit/s with framing)
[0;34m[Device: id=2] TX[0m: 5.96 Mpps, 3052 Mbit/s (4005 Mbit/s with framing)
[1;33m[WARN]  Failed to timestamp packet on transmission[0m
[0;34m[Device: id=2] TX[0m: 5.95 (StdDev 0.04) Mpps, 3045 (StdDev 20) Mbit/s (3997 Mbit/s with framing), total 107079043 packets with 6853058752 bytes (incl. CRC)
Samples: 90413, Average: 143586.4 ns, StdDev: 143118.5 ns, Quartiles: 82427.0/94022.0/162725.0 ns
[1;37m[INFO]  Saving histogram to '/tmp/l2_multimac_10000000_mbit3043hires.histogram.csv'[0m
[1;36m[Device: id=3] RX[0m: 5.94 (StdDev 0.01) Mpps, 3043 (StdDev 6) Mbit/s (3994 Mbit/s with framing), total 106856326 packets with 6838804864 bytes (incl. CRC)
[1;37m[INFO]  Saving throughput to '/tmp/l2_multimac_10000000_mbit3043hires.throughput.csv'[0m
[1;37m[INFO]  Saving latency to '/tmp/l2_multimac_10000000_mbit3043hires.latency.csv'[0m
