[1;37m[INFO]  Initializing DPDK. This will take a few seconds...[0m
EAL: Probing VFIO support...
EAL: PCI device 0000:05:00.0 on NUMA socket 0
EAL:   probe driver: 8086:1528 net_ixgbe
EAL: PCI device 0000:05:00.1 on NUMA socket 0
EAL:   probe driver: 8086:1528 net_ixgbe
EAL: PCI device 0000:83:00.0 on NUMA socket 1
EAL:   probe driver: 8086:1528 net_ixgbe
EAL: PCI device 0000:83:00.1 on NUMA socket 1
EAL:   probe driver: 8086:1528 net_ixgbe
EAL: PCI device 0000:87:00.0 on NUMA socket 1
EAL:   probe driver: 8086:1526 net_e1000_igb
EAL: PCI device 0000:87:00.1 on NUMA socket 1
EAL:   probe driver: 8086:1526 net_e1000_igb
EAL: PCI device 0000:89:00.0 on NUMA socket 1
EAL:   probe driver: 8086:1526 net_e1000_igb
EAL: PCI device 0000:89:00.1 on NUMA socket 1
EAL:   probe driver: 8086:1526 net_e1000_igb
[1;37m[INFO]  Found 7 usable devices:[0m
   Device 0: 00:25:90:E8:40:C0 ([0;32mIntel Corporation Ethernet Controller 10-Gigabit X540-AT2[0m)
   Device 1: 00:25:90:E8:40:C1 ([0;32mIntel Corporation Ethernet Controller 10-Gigabit X540-AT2[0m)
   Device 2: A0:36:9F:3B:5B:4C ([0;32mIntel Corporation Ethernet Controller 10-Gigabit X540-AT2[0m)
   Device 3: A0:36:9F:3B:5B:4E ([0;32mIntel Corporation Ethernet Controller 10-Gigabit X540-AT2[0m)
   Device 4: 90:E2:BA:1C:55:7D ([0;32mIntel Corporation 82576 Gigabit Network Connection[0m)
   Device 5: 90:E2:BA:1C:55:7E ([0;32mIntel Corporation 82576 Gigabit Network Connection[0m)
   Device 6: 90:E2:BA:1C:55:7F ([0;32mIntel Corporation 82576 Gigabit Network Connection[0m)
PMD: ixgbe_dev_link_status_print():  Port 2: Link Down
PMD: ixgbe_dev_link_status_print():  Port 3: Link Down
[1;37m[INFO]  Waiting for devices to come up...[0m
[1;37m[INFO]  Device 2 (A0:36:9F:3B:5B:4C) is up: 10000 MBit/s[0m
[1;37m[INFO]  Device 3 (A0:36:9F:3B:5B:4E) is up: 10000 MBit/s[0m
[1;37m[INFO]  [0;32m2 devices are up.[0m[0m
[1;37m[INFO]  waiting for first successful packet...[0m
[1;37m[INFO]  warmup packet sent[0m
[1;37m[INFO]  first packet received[0m
[0;34m[Device: id=2] TX[0m: 10.41 Mpps, 5332 Mbit/s (6998 Mbit/s with framing)
[1;36m[Device: id=3] RX[0m: 10.07 Mpps, 5154 Mbit/s (6765 Mbit/s with framing)
[0;34m[Device: id=2] TX[0m: 10.20 Mpps, 5220 Mbit/s (6851 Mbit/s with framing)
[1;36m[Device: id=3] RX[0m: 10.30 Mpps, 5275 Mbit/s (6923 Mbit/s with framing)
[0;34m[Device: id=2] TX[0m: 10.42 Mpps, 5334 Mbit/s (7001 Mbit/s with framing)
[1;36m[Device: id=3] RX[0m: 10.30 Mpps, 5275 Mbit/s (6924 Mbit/s with framing)
[0;34m[Device: id=2] TX[0m: 10.42 Mpps, 5334 Mbit/s (7001 Mbit/s with framing)
[1;36m[Device: id=3] RX[0m: 10.30 Mpps, 5273 Mbit/s (6921 Mbit/s with framing)
[0;34m[Device: id=2] TX[0m: 10.42 Mpps, 5334 Mbit/s (7001 Mbit/s with framing)
[1;36m[Device: id=3] RX[0m: 10.31 Mpps, 5276 Mbit/s (6925 Mbit/s with framing)
[0;34m[Device: id=2] TX[0m: 10.42 Mpps, 5334 Mbit/s (7001 Mbit/s with framing)
[1;36m[Device: id=3] RX[0m: 10.30 Mpps, 5275 Mbit/s (6924 Mbit/s with framing)
[0;34m[Device: id=2] TX[0m: 10.42 Mpps, 5334 Mbit/s (7000 Mbit/s with framing)
[1;36m[Device: id=3] RX[0m: 10.30 Mpps, 5275 Mbit/s (6924 Mbit/s with framing)
[0;34m[Device: id=2] TX[0m: 10.42 Mpps, 5334 Mbit/s (7001 Mbit/s with framing)
[1;36m[Device: id=3] RX[0m: 10.30 Mpps, 5275 Mbit/s (6924 Mbit/s with framing)
[0;34m[Device: id=2] TX[0m: 10.42 Mpps, 5334 Mbit/s (7001 Mbit/s with framing)
[1;36m[Device: id=3] RX[0m: 10.30 Mpps, 5275 Mbit/s (6924 Mbit/s with framing)
[0;34m[Device: id=2] TX[0m: 10.42 Mpps, 5334 Mbit/s (7001 Mbit/s with framing)
[1;36m[Device: id=3] RX[0m: 10.30 Mpps, 5276 Mbit/s (6925 Mbit/s with framing)
[0;34m[Device: id=2] TX[0m: 10.41 Mpps, 5332 Mbit/s (6998 Mbit/s with framing)
[1;36m[Device: id=3] RX[0m: 10.30 Mpps, 5275 Mbit/s (6924 Mbit/s with framing)
[0;34m[Device: id=2] TX[0m: 10.42 Mpps, 5333 Mbit/s (7000 Mbit/s with framing)
[1;36m[Device: id=3] RX[0m: 10.30 Mpps, 5274 Mbit/s (6922 Mbit/s with framing)
[0;34m[Device: id=2] TX[0m: 10.42 Mpps, 5334 Mbit/s (7001 Mbit/s with framing)
[1;36m[Device: id=3] RX[0m: 10.30 Mpps, 5275 Mbit/s (6923 Mbit/s with framing)
[0;34m[Device: id=2] TX[0m: 10.42 Mpps, 5334 Mbit/s (7001 Mbit/s with framing)
[1;36m[Device: id=3] RX[0m: 10.31 Mpps, 5276 Mbit/s (6925 Mbit/s with framing)
[0;34m[Device: id=2] TX[0m: 10.42 Mpps, 5334 Mbit/s (7001 Mbit/s with framing)
[1;36m[Device: id=3] RX[0m: 10.31 Mpps, 5276 Mbit/s (6925 Mbit/s with framing)
[0;34m[Device: id=2] TX[0m: 10.42 Mpps, 5334 Mbit/s (7001 Mbit/s with framing)
[1;36m[Device: id=3] RX[0m: 10.30 Mpps, 5274 Mbit/s (6923 Mbit/s with framing)
[0;34m[Device: id=2] TX[0m: 10.42 Mpps, 5334 Mbit/s (7001 Mbit/s with framing)
[1;36m[Device: id=3] RX[0m: 10.30 Mpps, 5274 Mbit/s (6922 Mbit/s with framing)
[0;34m[Device: id=2] TX[0m: 10.42 Mpps, 5334 Mbit/s (7001 Mbit/s with framing)
[1;36m[Device: id=3] RX[0m: 10.30 Mpps, 5276 Mbit/s (6925 Mbit/s with framing)
[0;34m[Device: id=2] TX[0m: 10.42 Mpps, 5334 Mbit/s (7001 Mbit/s with framing)
[1;36m[Device: id=3] RX[0m: 10.30 Mpps, 5274 Mbit/s (6922 Mbit/s with framing)
[0;34m[Device: id=2] TX[0m: 10.42 Mpps, 5334 Mbit/s (7001 Mbit/s with framing)
[1;36m[Device: id=3] RX[0m: 10.30 Mpps, 5275 Mbit/s (6923 Mbit/s with framing)
[1;33m[WARN]  Failed to timestamp packet on transmission[0m
Samples: 28893, Average: 512387.2 ns, StdDev: 41040.3 ns, Quartiles: 513491.0/515808.0/518476.0 ns
[1;37m[INFO]  Saving histogram to '/tmp/l2_xconnect_mbit5291hires.histogram.csv'[0m
[1;37m[INFO]  Saving latency to '/tmp/l2_xconnect_mbit5291hires.latency.csv'[0m
[0;34m[Device: id=2] TX[0m: 10.41 (StdDev 0.05) Mpps, 5328 (StdDev 26) Mbit/s (6993 Mbit/s with framing), total 215892458 packets with 13817117312 bytes (incl. CRC)
[1;36m[Device: id=3] RX[0m: 10.30 (StdDev 0.00) Mpps, 5275 (StdDev 1) Mbit/s (6924 Mbit/s with framing), total 213498721 packets with 13663918144 bytes (incl. CRC)
[1;37m[INFO]  Saving throughput to '/tmp/l2_xconnect_mbit5291hires.throughput.csv'[0m
