[1;37m[INFO]  Initializing DPDK. This will take a few seconds...[0m
EAL: Probing VFIO support...
EAL: PCI device 0000:05:00.0 on NUMA socket 0
EAL:   probe driver: 8086:1528 net_ixgbe
EAL: PCI device 0000:05:00.1 on NUMA socket 0
EAL:   probe driver: 8086:1528 net_ixgbe
EAL: PCI device 0000:83:00.0 on NUMA socket 1
EAL:   probe driver: 8086:1528 net_ixgbe
EAL: PCI device 0000:83:00.1 on NUMA socket 1
EAL:   probe driver: 8086:1528 net_ixgbe
EAL: PCI device 0000:87:00.0 on NUMA socket 1
EAL:   probe driver: 8086:1526 net_e1000_igb
EAL: PCI device 0000:87:00.1 on NUMA socket 1
EAL:   probe driver: 8086:1526 net_e1000_igb
EAL: PCI device 0000:89:00.0 on NUMA socket 1
EAL:   probe driver: 8086:1526 net_e1000_igb
EAL: PCI device 0000:89:00.1 on NUMA socket 1
EAL:   probe driver: 8086:1526 net_e1000_igb
[1;37m[INFO]  Found 7 usable devices:[0m
   Device 0: 00:25:90:E8:40:C0 ([0;32mIntel Corporation Ethernet Controller 10-Gigabit X540-AT2[0m)
   Device 1: 00:25:90:E8:40:C1 ([0;32mIntel Corporation Ethernet Controller 10-Gigabit X540-AT2[0m)
   Device 2: A0:36:9F:3B:5B:4C ([0;32mIntel Corporation Ethernet Controller 10-Gigabit X540-AT2[0m)
   Device 3: A0:36:9F:3B:5B:4E ([0;32mIntel Corporation Ethernet Controller 10-Gigabit X540-AT2[0m)
   Device 4: 90:E2:BA:1C:55:7D ([0;32mIntel Corporation 82576 Gigabit Network Connection[0m)
   Device 5: 90:E2:BA:1C:55:7E ([0;32mIntel Corporation 82576 Gigabit Network Connection[0m)
   Device 6: 90:E2:BA:1C:55:7F ([0;32mIntel Corporation 82576 Gigabit Network Connection[0m)
PMD: ixgbe_dev_link_status_print():  Port 2: Link Down
PMD: ixgbe_dev_link_status_print():  Port 3: Link Down
[1;37m[INFO]  Waiting for devices to come up...[0m
[1;37m[INFO]  Device 2 (A0:36:9F:3B:5B:4C) is up: 10000 MBit/s[0m
[1;37m[INFO]  Device 3 (A0:36:9F:3B:5B:4E) is up: 10000 MBit/s[0m
[1;37m[INFO]  [0;32m2 devices are up.[0m[0m
[1;37m[INFO]  waiting for first successful packet...[0m
[1;37m[INFO]  warmup packet sent[0m
[1;37m[INFO]  first packet received[0m
[0;34m[Device: id=2] TX[0m: 10.50 Mpps, 5376 Mbit/s (7056 Mbit/s with framing)
[1;36m[Device: id=3] RX[0m: 10.13 Mpps, 5186 Mbit/s (6807 Mbit/s with framing)
[0;34m[Device: id=2] TX[0m: 10.28 Mpps, 5263 Mbit/s (6907 Mbit/s with framing)
[1;36m[Device: id=3] RX[0m: 10.35 Mpps, 5300 Mbit/s (6957 Mbit/s with framing)
[0;34m[Device: id=2] TX[0m: 10.50 Mpps, 5379 Mbit/s (7059 Mbit/s with framing)
[1;36m[Device: id=3] RX[0m: 10.35 Mpps, 5302 Mbit/s (6958 Mbit/s with framing)
[0;34m[Device: id=2] TX[0m: 10.50 Mpps, 5378 Mbit/s (7059 Mbit/s with framing)
[1;36m[Device: id=3] RX[0m: 10.35 Mpps, 5301 Mbit/s (6958 Mbit/s with framing)
[0;34m[Device: id=2] TX[0m: 10.50 Mpps, 5378 Mbit/s (7059 Mbit/s with framing)
[1;36m[Device: id=3] RX[0m: 10.35 Mpps, 5302 Mbit/s (6958 Mbit/s with framing)
[0;34m[Device: id=2] TX[0m: 10.51 Mpps, 5379 Mbit/s (7060 Mbit/s with framing)
[1;36m[Device: id=3] RX[0m: 10.35 Mpps, 5301 Mbit/s (6958 Mbit/s with framing)
[0;34m[Device: id=2] TX[0m: 10.51 Mpps, 5379 Mbit/s (7059 Mbit/s with framing)
[1;36m[Device: id=3] RX[0m: 10.35 Mpps, 5301 Mbit/s (6958 Mbit/s with framing)
[0;34m[Device: id=2] TX[0m: 10.51 Mpps, 5379 Mbit/s (7060 Mbit/s with framing)
[1;36m[Device: id=3] RX[0m: 10.35 Mpps, 5301 Mbit/s (6957 Mbit/s with framing)
[0;34m[Device: id=2] TX[0m: 10.50 Mpps, 5378 Mbit/s (7059 Mbit/s with framing)
[1;36m[Device: id=3] RX[0m: 10.35 Mpps, 5302 Mbit/s (6958 Mbit/s with framing)
[0;34m[Device: id=2] TX[0m: 10.51 Mpps, 5379 Mbit/s (7060 Mbit/s with framing)
[1;36m[Device: id=3] RX[0m: 10.35 Mpps, 5300 Mbit/s (6957 Mbit/s with framing)
[0;34m[Device: id=2] TX[0m: 10.50 Mpps, 5377 Mbit/s (7057 Mbit/s with framing)
[1;36m[Device: id=3] RX[0m: 10.35 Mpps, 5302 Mbit/s (6959 Mbit/s with framing)
[0;34m[Device: id=2] TX[0m: 10.50 Mpps, 5378 Mbit/s (7058 Mbit/s with framing)
[1;36m[Device: id=3] RX[0m: 10.35 Mpps, 5300 Mbit/s (6956 Mbit/s with framing)
[0;34m[Device: id=2] TX[0m: 10.50 Mpps, 5378 Mbit/s (7059 Mbit/s with framing)
[1;36m[Device: id=3] RX[0m: 10.35 Mpps, 5301 Mbit/s (6958 Mbit/s with framing)
[0;34m[Device: id=2] TX[0m: 10.51 Mpps, 5379 Mbit/s (7059 Mbit/s with framing)
[1;36m[Device: id=3] RX[0m: 10.35 Mpps, 5301 Mbit/s (6957 Mbit/s with framing)
[0;34m[Device: id=2] TX[0m: 10.51 Mpps, 5379 Mbit/s (7060 Mbit/s with framing)
[1;36m[Device: id=3] RX[0m: 10.36 Mpps, 5302 Mbit/s (6959 Mbit/s with framing)
[0;34m[Device: id=2] TX[0m: 10.51 Mpps, 5379 Mbit/s (7060 Mbit/s with framing)
[1;36m[Device: id=3] RX[0m: 10.35 Mpps, 5300 Mbit/s (6956 Mbit/s with framing)
[0;34m[Device: id=2] TX[0m: 10.50 Mpps, 5378 Mbit/s (7059 Mbit/s with framing)
[1;36m[Device: id=3] RX[0m: 10.35 Mpps, 5301 Mbit/s (6958 Mbit/s with framing)
[0;34m[Device: id=2] TX[0m: 10.51 Mpps, 5379 Mbit/s (7060 Mbit/s with framing)
[1;36m[Device: id=3] RX[0m: 10.35 Mpps, 5300 Mbit/s (6957 Mbit/s with framing)
[0;34m[Device: id=2] TX[0m: 10.51 Mpps, 5379 Mbit/s (7060 Mbit/s with framing)
[1;36m[Device: id=3] RX[0m: 10.36 Mpps, 5302 Mbit/s (6959 Mbit/s with framing)
[0;34m[Device: id=2] TX[0m: 10.51 Mpps, 5379 Mbit/s (7060 Mbit/s with framing)
[1;36m[Device: id=3] RX[0m: 10.35 Mpps, 5301 Mbit/s (6958 Mbit/s with framing)
Samples: 21280, Average: 509708.2 ns, StdDev: 44473.2 ns, Quartiles: 511423.0/514377.0/516149.0 ns
[1;37m[INFO]  Saving histogram to '/tmp/l2_xconnect_mbit5341hires.histogram.csv'[0m
[1;37m[INFO]  Saving latency to '/tmp/l2_xconnect_mbit5341hires.latency.csv'[0m
[0;34m[Device: id=2] TX[0m: 10.49 (StdDev 0.05) Mpps, 5372 (StdDev 27) Mbit/s (7051 Mbit/s with framing), total 219244842 packets with 14031669888 bytes (incl. CRC)
[1;36m[Device: id=3] RX[0m: 10.35 (StdDev 0.00) Mpps, 5301 (StdDev 1) Mbit/s (6958 Mbit/s with framing), total 216089953 packets with 13829756992 bytes (incl. CRC)
[1;37m[INFO]  Saving throughput to '/tmp/l2_xconnect_mbit5341hires.throughput.csv'[0m
