[1;37m[INFO]  Initializing DPDK. This will take a few seconds...[0m
EAL: Probing VFIO support...
EAL: PCI device 0000:05:00.0 on NUMA socket 0
EAL:   probe driver: 8086:1528 net_ixgbe
EAL: PCI device 0000:05:00.1 on NUMA socket 0
EAL:   probe driver: 8086:1528 net_ixgbe
EAL: PCI device 0000:83:00.0 on NUMA socket 1
EAL:   probe driver: 8086:1528 net_ixgbe
EAL: PCI device 0000:83:00.1 on NUMA socket 1
EAL:   probe driver: 8086:1528 net_ixgbe
EAL: PCI device 0000:87:00.0 on NUMA socket 1
EAL:   probe driver: 8086:1526 net_e1000_igb
EAL: PCI device 0000:87:00.1 on NUMA socket 1
EAL:   probe driver: 8086:1526 net_e1000_igb
EAL: PCI device 0000:89:00.0 on NUMA socket 1
EAL:   probe driver: 8086:1526 net_e1000_igb
EAL: PCI device 0000:89:00.1 on NUMA socket 1
EAL:   probe driver: 8086:1526 net_e1000_igb
[1;37m[INFO]  Found 7 usable devices:[0m
   Device 0: 00:25:90:E8:40:C0 ([0;32mIntel Corporation Ethernet Controller 10-Gigabit X540-AT2[0m)
   Device 1: 00:25:90:E8:40:C1 ([0;32mIntel Corporation Ethernet Controller 10-Gigabit X540-AT2[0m)
   Device 2: A0:36:9F:3B:5B:4C ([0;32mIntel Corporation Ethernet Controller 10-Gigabit X540-AT2[0m)
   Device 3: A0:36:9F:3B:5B:4E ([0;32mIntel Corporation Ethernet Controller 10-Gigabit X540-AT2[0m)
   Device 4: 90:E2:BA:1C:55:7D ([0;32mIntel Corporation 82576 Gigabit Network Connection[0m)
   Device 5: 90:E2:BA:1C:55:7E ([0;32mIntel Corporation 82576 Gigabit Network Connection[0m)
   Device 6: 90:E2:BA:1C:55:7F ([0;32mIntel Corporation 82576 Gigabit Network Connection[0m)
PMD: ixgbe_dev_link_status_print():  Port 2: Link Down
PMD: ixgbe_dev_link_status_print():  Port 3: Link Down
[1;37m[INFO]  Waiting for devices to come up...[0m
[1;37m[INFO]  Device 3 (A0:36:9F:3B:5B:4E) is up: 10000 MBit/s[0m
[1;37m[INFO]  Device 2 (A0:36:9F:3B:5B:4C) is up: 10000 MBit/s[0m
[1;37m[INFO]  [0;32m2 devices are up.[0m[0m
[1;37m[INFO]  waiting for first successful packet...[0m
[1;37m[INFO]  warmup packet sent[0m
[1;37m[INFO]  first packet received[0m
[0;34m[Device: id=2] TX[0m: 10.24 Mpps, 5244 Mbit/s (6883 Mbit/s with framing)
[1;36m[Device: id=3] RX[0m: 10.03 Mpps, 5136 Mbit/s (6741 Mbit/s with framing)
[0;34m[Device: id=2] TX[0m: 10.04 Mpps, 5139 Mbit/s (6745 Mbit/s with framing)
[1;36m[Device: id=3] RX[0m: 10.25 Mpps, 5250 Mbit/s (6890 Mbit/s with framing)
[0;34m[Device: id=2] TX[0m: 10.25 Mpps, 5250 Mbit/s (6891 Mbit/s with framing)
[1;36m[Device: id=3] RX[0m: 10.25 Mpps, 5250 Mbit/s (6891 Mbit/s with framing)
[0;34m[Device: id=2] TX[0m: 10.26 Mpps, 5251 Mbit/s (6891 Mbit/s with framing)
[1;36m[Device: id=3] RX[0m: 10.26 Mpps, 5251 Mbit/s (6891 Mbit/s with framing)
[0;34m[Device: id=2] TX[0m: 10.25 Mpps, 5250 Mbit/s (6891 Mbit/s with framing)
[1;36m[Device: id=3] RX[0m: 10.25 Mpps, 5250 Mbit/s (6891 Mbit/s with framing)
[0;34m[Device: id=2] TX[0m: 10.26 Mpps, 5251 Mbit/s (6892 Mbit/s with framing)
[1;36m[Device: id=3] RX[0m: 10.26 Mpps, 5251 Mbit/s (6892 Mbit/s with framing)
[0;34m[Device: id=2] TX[0m: 10.25 Mpps, 5250 Mbit/s (6891 Mbit/s with framing)
[1;36m[Device: id=3] RX[0m: 10.25 Mpps, 5250 Mbit/s (6891 Mbit/s with framing)
[0;34m[Device: id=2] TX[0m: 10.26 Mpps, 5251 Mbit/s (6892 Mbit/s with framing)
[1;36m[Device: id=3] RX[0m: 10.26 Mpps, 5251 Mbit/s (6892 Mbit/s with framing)
[0;34m[Device: id=2] TX[0m: 10.26 Mpps, 5251 Mbit/s (6891 Mbit/s with framing)
[1;36m[Device: id=3] RX[0m: 10.26 Mpps, 5251 Mbit/s (6891 Mbit/s with framing)
[0;34m[Device: id=2] TX[0m: 10.26 Mpps, 5251 Mbit/s (6892 Mbit/s with framing)
[1;36m[Device: id=3] RX[0m: 10.25 Mpps, 5250 Mbit/s (6890 Mbit/s with framing)
[0;34m[Device: id=2] TX[0m: 10.25 Mpps, 5249 Mbit/s (6889 Mbit/s with framing)
[1;36m[Device: id=3] RX[0m: 10.25 Mpps, 5250 Mbit/s (6891 Mbit/s with framing)
[0;34m[Device: id=2] TX[0m: 10.25 Mpps, 5250 Mbit/s (6890 Mbit/s with framing)
[1;36m[Device: id=3] RX[0m: 10.25 Mpps, 5249 Mbit/s (6890 Mbit/s with framing)
[0;34m[Device: id=2] TX[0m: 10.26 Mpps, 5251 Mbit/s (6891 Mbit/s with framing)
[1;36m[Device: id=3] RX[0m: 10.26 Mpps, 5251 Mbit/s (6891 Mbit/s with framing)
[0;34m[Device: id=2] TX[0m: 10.26 Mpps, 5251 Mbit/s (6892 Mbit/s with framing)
[1;36m[Device: id=3] RX[0m: 10.26 Mpps, 5251 Mbit/s (6892 Mbit/s with framing)
[0;34m[Device: id=2] TX[0m: 10.25 Mpps, 5250 Mbit/s (6891 Mbit/s with framing)
[1;36m[Device: id=3] RX[0m: 10.25 Mpps, 5250 Mbit/s (6891 Mbit/s with framing)
[0;34m[Device: id=2] TX[0m: 10.26 Mpps, 5251 Mbit/s (6892 Mbit/s with framing)
[1;36m[Device: id=3] RX[0m: 10.26 Mpps, 5251 Mbit/s (6892 Mbit/s with framing)
[0;34m[Device: id=2] TX[0m: 10.26 Mpps, 5251 Mbit/s (6891 Mbit/s with framing)
[1;36m[Device: id=3] RX[0m: 10.26 Mpps, 5251 Mbit/s (6891 Mbit/s with framing)
[0;34m[Device: id=2] TX[0m: 10.26 Mpps, 5251 Mbit/s (6892 Mbit/s with framing)
[1;36m[Device: id=3] RX[0m: 10.26 Mpps, 5251 Mbit/s (6892 Mbit/s with framing)
[0;34m[Device: id=2] TX[0m: 10.25 Mpps, 5250 Mbit/s (6891 Mbit/s with framing)
[1;36m[Device: id=3] RX[0m: 10.25 Mpps, 5250 Mbit/s (6891 Mbit/s with framing)
[0;34m[Device: id=2] TX[0m: 10.26 Mpps, 5251 Mbit/s (6892 Mbit/s with framing)
[1;36m[Device: id=3] RX[0m: 10.26 Mpps, 5251 Mbit/s (6892 Mbit/s with framing)
[0;34m[Device: id=2] TX[0m: 10.26 Mpps, 5251 Mbit/s (6891 Mbit/s with framing)
[1;36m[Device: id=3] RX[0m: 10.26 Mpps, 5251 Mbit/s (6891 Mbit/s with framing)
[1;33m[WARN]  Failed to timestamp packet on transmission[0m
Samples: 184537, Average: 39808.6 ns, StdDev: 5009.7 ns, Quartiles: 36243.0/38581.0/42453.0 ns
[1;37m[INFO]  Saving histogram to '/tmp/l2_xconnect_mbit5241_final.histogram.csv'[0m
[0;34m[Device: id=2] TX[0m: 10.24 (StdDev 0.05) Mpps, 5245 (StdDev 25) Mbit/s (6884 Mbit/s with framing), total 215350266 packets with 13782417024 bytes (incl. CRC)
[1;37m[INFO]  Saving latency to '/tmp/l2_xconnect_mbit5241_final.latency.csv'[0m
[1;36m[Device: id=3] RX[0m: 10.25 (StdDev 0.00) Mpps, 5250 (StdDev 0) Mbit/s (6891 Mbit/s with framing), total 215350265 packets with 13782416960 bytes (incl. CRC)
[1;37m[INFO]  Saving throughput to '/tmp/l2_xconnect_mbit5241_final.throughput.csv'[0m
