[1;37m[INFO]  Initializing DPDK. This will take a few seconds...[0m
EAL: Probing VFIO support...
EAL: PCI device 0000:05:00.0 on NUMA socket 0
EAL:   probe driver: 8086:1528 net_ixgbe
EAL: PCI device 0000:05:00.1 on NUMA socket 0
EAL:   probe driver: 8086:1528 net_ixgbe
EAL: PCI device 0000:83:00.0 on NUMA socket 1
EAL:   probe driver: 8086:1528 net_ixgbe
EAL: PCI device 0000:83:00.1 on NUMA socket 1
EAL:   probe driver: 8086:1528 net_ixgbe
EAL: PCI device 0000:87:00.0 on NUMA socket 1
EAL:   probe driver: 8086:1526 net_e1000_igb
EAL: PCI device 0000:87:00.1 on NUMA socket 1
EAL:   probe driver: 8086:1526 net_e1000_igb
EAL: PCI device 0000:89:00.0 on NUMA socket 1
EAL:   probe driver: 8086:1526 net_e1000_igb
EAL: PCI device 0000:89:00.1 on NUMA socket 1
EAL:   probe driver: 8086:1526 net_e1000_igb
[1;37m[INFO]  Found 7 usable devices:[0m
   Device 0: 00:25:90:E8:40:C0 ([0;32mIntel Corporation Ethernet Controller 10-Gigabit X540-AT2[0m)
   Device 1: 00:25:90:E8:40:C1 ([0;32mIntel Corporation Ethernet Controller 10-Gigabit X540-AT2[0m)
   Device 2: A0:36:9F:3B:5B:4C ([0;32mIntel Corporation Ethernet Controller 10-Gigabit X540-AT2[0m)
   Device 3: A0:36:9F:3B:5B:4E ([0;32mIntel Corporation Ethernet Controller 10-Gigabit X540-AT2[0m)
   Device 4: 90:E2:BA:1C:55:7D ([0;32mIntel Corporation 82576 Gigabit Network Connection[0m)
   Device 5: 90:E2:BA:1C:55:7E ([0;32mIntel Corporation 82576 Gigabit Network Connection[0m)
   Device 6: 90:E2:BA:1C:55:7F ([0;32mIntel Corporation 82576 Gigabit Network Connection[0m)
PMD: ixgbe_dev_link_status_print():  Port 2: Link Down
PMD: ixgbe_dev_link_status_print():  Port 3: Link Down
[1;37m[INFO]  Waiting for devices to come up...[0m
[1;37m[INFO]  Device 2 (A0:36:9F:3B:5B:4C) is up: 10000 MBit/s[0m
[1;37m[INFO]  Device 3 (A0:36:9F:3B:5B:4E) is up: 10000 MBit/s[0m
[1;37m[INFO]  [0;32m2 devices are up.[0m[0m
[1;37m[INFO]  waiting for first successful packet...[0m
[1;37m[INFO]  warmup packet sent[0m
[1;37m[INFO]  first packet received[0m
[0;34m[Device: id=2] TX[0m: 10.41 Mpps, 5331 Mbit/s (6997 Mbit/s with framing)
[1;36m[Device: id=3] RX[0m: 10.13 Mpps, 5187 Mbit/s (6808 Mbit/s with framing)
[0;34m[Device: id=2] TX[0m: 10.20 Mpps, 5222 Mbit/s (6854 Mbit/s with framing)
[1;36m[Device: id=3] RX[0m: 10.37 Mpps, 5308 Mbit/s (6966 Mbit/s with framing)
[0;34m[Device: id=2] TX[0m: 10.42 Mpps, 5334 Mbit/s (7001 Mbit/s with framing)
[1;36m[Device: id=3] RX[0m: 10.37 Mpps, 5308 Mbit/s (6967 Mbit/s with framing)
[0;34m[Device: id=2] TX[0m: 10.42 Mpps, 5334 Mbit/s (7001 Mbit/s with framing)
[1;36m[Device: id=3] RX[0m: 10.37 Mpps, 5309 Mbit/s (6968 Mbit/s with framing)
[0;34m[Device: id=2] TX[0m: 10.42 Mpps, 5334 Mbit/s (7001 Mbit/s with framing)
[1;36m[Device: id=3] RX[0m: 10.37 Mpps, 5309 Mbit/s (6968 Mbit/s with framing)
[0;34m[Device: id=2] TX[0m: 10.42 Mpps, 5334 Mbit/s (7001 Mbit/s with framing)
[1;36m[Device: id=3] RX[0m: 10.37 Mpps, 5308 Mbit/s (6967 Mbit/s with framing)
[0;34m[Device: id=2] TX[0m: 10.42 Mpps, 5334 Mbit/s (7001 Mbit/s with framing)
[1;36m[Device: id=3] RX[0m: 10.37 Mpps, 5309 Mbit/s (6967 Mbit/s with framing)
[0;34m[Device: id=2] TX[0m: 10.42 Mpps, 5334 Mbit/s (7001 Mbit/s with framing)
[1;36m[Device: id=3] RX[0m: 10.37 Mpps, 5309 Mbit/s (6967 Mbit/s with framing)
[0;34m[Device: id=2] TX[0m: 10.42 Mpps, 5334 Mbit/s (7001 Mbit/s with framing)
[1;36m[Device: id=3] RX[0m: 10.37 Mpps, 5309 Mbit/s (6968 Mbit/s with framing)
[0;34m[Device: id=2] TX[0m: 10.42 Mpps, 5334 Mbit/s (7001 Mbit/s with framing)
[1;36m[Device: id=3] RX[0m: 10.18 Mpps, 5212 Mbit/s (6840 Mbit/s with framing)
[0;34m[Device: id=2] TX[0m: 10.41 Mpps, 5332 Mbit/s (6999 Mbit/s with framing)
[1;36m[Device: id=3] RX[0m: 10.37 Mpps, 5307 Mbit/s (6965 Mbit/s with framing)
[0;34m[Device: id=2] TX[0m: 10.42 Mpps, 5333 Mbit/s (7000 Mbit/s with framing)
[1;36m[Device: id=3] RX[0m: 10.37 Mpps, 5308 Mbit/s (6967 Mbit/s with framing)
[0;34m[Device: id=2] TX[0m: 10.42 Mpps, 5334 Mbit/s (7000 Mbit/s with framing)
[1;36m[Device: id=3] RX[0m: 10.37 Mpps, 5308 Mbit/s (6967 Mbit/s with framing)
[0;34m[Device: id=2] TX[0m: 10.42 Mpps, 5334 Mbit/s (7001 Mbit/s with framing)
[1;36m[Device: id=3] RX[0m: 10.37 Mpps, 5308 Mbit/s (6967 Mbit/s with framing)
[0;34m[Device: id=2] TX[0m: 10.42 Mpps, 5334 Mbit/s (7001 Mbit/s with framing)
[1;36m[Device: id=3] RX[0m: 10.37 Mpps, 5307 Mbit/s (6966 Mbit/s with framing)
[0;34m[Device: id=2] TX[0m: 10.42 Mpps, 5334 Mbit/s (7001 Mbit/s with framing)
[1;36m[Device: id=3] RX[0m: 10.37 Mpps, 5308 Mbit/s (6967 Mbit/s with framing)
[0;34m[Device: id=2] TX[0m: 10.42 Mpps, 5334 Mbit/s (7001 Mbit/s with framing)
[1;36m[Device: id=3] RX[0m: 10.37 Mpps, 5308 Mbit/s (6967 Mbit/s with framing)
[0;34m[Device: id=2] TX[0m: 10.42 Mpps, 5334 Mbit/s (7001 Mbit/s with framing)
[1;36m[Device: id=3] RX[0m: 10.37 Mpps, 5307 Mbit/s (6966 Mbit/s with framing)
[0;34m[Device: id=2] TX[0m: 10.42 Mpps, 5334 Mbit/s (7001 Mbit/s with framing)
[1;36m[Device: id=3] RX[0m: 10.37 Mpps, 5308 Mbit/s (6967 Mbit/s with framing)
[0;34m[Device: id=2] TX[0m: 10.42 Mpps, 5334 Mbit/s (7001 Mbit/s with framing)
[1;36m[Device: id=3] RX[0m: 10.37 Mpps, 5308 Mbit/s (6967 Mbit/s with framing)
Samples: 29367, Average: 510142.6 ns, StdDev: 30092.5 ns, Quartiles: 510720.0/512978.0/515527.0 ns
[1;37m[INFO]  Saving histogram to '/tmp/l2_xconnect_mbit5301hires.histogram.csv'[0m
[1;37m[INFO]  Saving latency to '/tmp/l2_xconnect_mbit5301hires.latency.csv'[0m
[0;34m[Device: id=2] TX[0m: 10.41 (StdDev 0.05) Mpps, 5328 (StdDev 26) Mbit/s (6993 Mbit/s with framing), total 217578929 packets with 13925051456 bytes (incl. CRC)
[1;36m[Device: id=3] RX[0m: 10.36 (StdDev 0.04) Mpps, 5303 (StdDev 22) Mbit/s (6960 Mbit/s with framing), total 216318009 packets with 13844352576 bytes (incl. CRC)
[1;37m[INFO]  Saving throughput to '/tmp/l2_xconnect_mbit5301hires.throughput.csv'[0m
