[1;37m[INFO]  Initializing DPDK. This will take a few seconds...[0m
EAL: Probing VFIO support...
EAL: PCI device 0000:05:00.0 on NUMA socket 0
EAL:   probe driver: 8086:1528 net_ixgbe
EAL: PCI device 0000:05:00.1 on NUMA socket 0
EAL:   probe driver: 8086:1528 net_ixgbe
EAL: PCI device 0000:83:00.0 on NUMA socket 1
EAL:   probe driver: 8086:1528 net_ixgbe
EAL: PCI device 0000:83:00.1 on NUMA socket 1
EAL:   probe driver: 8086:1528 net_ixgbe
EAL: PCI device 0000:87:00.0 on NUMA socket 1
EAL:   probe driver: 8086:1526 net_e1000_igb
EAL: PCI device 0000:87:00.1 on NUMA socket 1
EAL:   probe driver: 8086:1526 net_e1000_igb
EAL: PCI device 0000:89:00.0 on NUMA socket 1
EAL:   probe driver: 8086:1526 net_e1000_igb
EAL: PCI device 0000:89:00.1 on NUMA socket 1
EAL:   probe driver: 8086:1526 net_e1000_igb
[1;37m[INFO]  Found 7 usable devices:[0m
   Device 0: 00:25:90:E8:40:C0 ([0;32mIntel Corporation Ethernet Controller 10-Gigabit X540-AT2[0m)
   Device 1: 00:25:90:E8:40:C1 ([0;32mIntel Corporation Ethernet Controller 10-Gigabit X540-AT2[0m)
   Device 2: A0:36:9F:3B:5B:4C ([0;32mIntel Corporation Ethernet Controller 10-Gigabit X540-AT2[0m)
   Device 3: A0:36:9F:3B:5B:4E ([0;32mIntel Corporation Ethernet Controller 10-Gigabit X540-AT2[0m)
   Device 4: 90:E2:BA:1C:55:7D ([0;32mIntel Corporation 82576 Gigabit Network Connection[0m)
   Device 5: 90:E2:BA:1C:55:7E ([0;32mIntel Corporation 82576 Gigabit Network Connection[0m)
   Device 6: 90:E2:BA:1C:55:7F ([0;32mIntel Corporation 82576 Gigabit Network Connection[0m)
PMD: ixgbe_dev_link_status_print():  Port 2: Link Down
PMD: ixgbe_dev_link_status_print():  Port 3: Link Down
[1;37m[INFO]  Waiting for devices to come up...[0m
[1;37m[INFO]  Device 2 (A0:36:9F:3B:5B:4C) is up: 10000 MBit/s[0m
[1;37m[INFO]  Device 3 (A0:36:9F:3B:5B:4E) is up: 10000 MBit/s[0m
[1;37m[INFO]  [0;32m2 devices are up.[0m[0m
[1;37m[INFO]  waiting for first successful packet...[0m
[1;37m[INFO]  warmup packet sent[0m
[1;37m[INFO]  first packet received[0m
[0;34m[Device: id=2] TX[0m: 14.88 Mpps, 7616 Mbit/s (9996 Mbit/s with framing)
[1;36m[Device: id=3] RX[0m: 8.31 Mpps, 4256 Mbit/s (5587 Mbit/s with framing)
[0;34m[Device: id=2] TX[0m: 14.56 Mpps, 7456 Mbit/s (9786 Mbit/s with framing)
[1;36m[Device: id=3] RX[0m: 8.48 Mpps, 4344 Mbit/s (5701 Mbit/s with framing)
[0;34m[Device: id=2] TX[0m: 14.88 Mpps, 7619 Mbit/s (10000 Mbit/s with framing)
[1;36m[Device: id=3] RX[0m: 8.49 Mpps, 4345 Mbit/s (5703 Mbit/s with framing)
[0;34m[Device: id=2] TX[0m: 14.88 Mpps, 7619 Mbit/s (10000 Mbit/s with framing)
[1;36m[Device: id=3] RX[0m: 8.49 Mpps, 4345 Mbit/s (5703 Mbit/s with framing)
[0;34m[Device: id=2] TX[0m: 14.88 Mpps, 7619 Mbit/s (10000 Mbit/s with framing)
[1;36m[Device: id=3] RX[0m: 8.49 Mpps, 4345 Mbit/s (5703 Mbit/s with framing)
[0;34m[Device: id=2] TX[0m: 14.88 Mpps, 7619 Mbit/s (10000 Mbit/s with framing)
[1;36m[Device: id=3] RX[0m: 8.49 Mpps, 4345 Mbit/s (5703 Mbit/s with framing)
[0;34m[Device: id=2] TX[0m: 14.88 Mpps, 7619 Mbit/s (10000 Mbit/s with framing)
[1;36m[Device: id=3] RX[0m: 8.48 Mpps, 4344 Mbit/s (5702 Mbit/s with framing)
[0;34m[Device: id=2] TX[0m: 14.88 Mpps, 7619 Mbit/s (10000 Mbit/s with framing)
[1;36m[Device: id=3] RX[0m: 8.49 Mpps, 4346 Mbit/s (5704 Mbit/s with framing)
[0;34m[Device: id=2] TX[0m: 14.88 Mpps, 7619 Mbit/s (10000 Mbit/s with framing)
[1;36m[Device: id=3] RX[0m: 8.49 Mpps, 4346 Mbit/s (5704 Mbit/s with framing)
[0;34m[Device: id=2] TX[0m: 14.88 Mpps, 7619 Mbit/s (10000 Mbit/s with framing)
[1;36m[Device: id=3] RX[0m: 8.49 Mpps, 4346 Mbit/s (5704 Mbit/s with framing)
[0;34m[Device: id=2] TX[0m: 14.88 Mpps, 7619 Mbit/s (10000 Mbit/s with framing)
[1;36m[Device: id=3] RX[0m: 8.49 Mpps, 4345 Mbit/s (5703 Mbit/s with framing)
[0;34m[Device: id=2] TX[0m: 14.88 Mpps, 7617 Mbit/s (9998 Mbit/s with framing)
[1;36m[Device: id=3] RX[0m: 8.48 Mpps, 4344 Mbit/s (5702 Mbit/s with framing)
[0;34m[Device: id=2] TX[0m: 14.88 Mpps, 7619 Mbit/s (10000 Mbit/s with framing)
[1;36m[Device: id=3] RX[0m: 8.48 Mpps, 4344 Mbit/s (5702 Mbit/s with framing)
[0;34m[Device: id=2] TX[0m: 14.88 Mpps, 7619 Mbit/s (10000 Mbit/s with framing)
[1;36m[Device: id=3] RX[0m: 8.49 Mpps, 4346 Mbit/s (5704 Mbit/s with framing)
[0;34m[Device: id=2] TX[0m: 14.88 Mpps, 7619 Mbit/s (10000 Mbit/s with framing)
[1;36m[Device: id=3] RX[0m: 8.49 Mpps, 4345 Mbit/s (5702 Mbit/s with framing)
[0;34m[Device: id=2] TX[0m: 14.88 Mpps, 7619 Mbit/s (10000 Mbit/s with framing)
[1;36m[Device: id=3] RX[0m: 8.49 Mpps, 4346 Mbit/s (5704 Mbit/s with framing)
[0;34m[Device: id=2] TX[0m: 14.88 Mpps, 7619 Mbit/s (10000 Mbit/s with framing)
[1;36m[Device: id=3] RX[0m: 8.49 Mpps, 4345 Mbit/s (5702 Mbit/s with framing)
[0;34m[Device: id=2] TX[0m: 14.88 Mpps, 7619 Mbit/s (10000 Mbit/s with framing)
[1;36m[Device: id=3] RX[0m: 8.49 Mpps, 4345 Mbit/s (5703 Mbit/s with framing)
[0;34m[Device: id=2] TX[0m: 14.88 Mpps, 7619 Mbit/s (10000 Mbit/s with framing)
[1;36m[Device: id=3] RX[0m: 8.49 Mpps, 4346 Mbit/s (5704 Mbit/s with framing)
Samples: 1054, Average: 566930.9 ns, StdDev: 188272.6 ns, Quartiles: 620730.0/631695.0/633317.0 ns
[1;37m[INFO]  Saving histogram to '/tmp/l2_bridging_1_load.histogram.csv'[0m
[0;34m[Device: id=2] TX[0m: 14.86 (StdDev 0.08) Mpps, 7610 (StdDev 38) Mbit/s (9988 Mbit/s with framing), total 293869583 packets with 18807653312 bytes (incl. CRC)
[1;36m[Device: id=3] RX[0m: 8.49 (StdDev 0.00) Mpps, 4345 (StdDev 1) Mbit/s (5703 Mbit/s with framing), total 167604189 packets with 10726668096 bytes (incl. CRC)
[1;37m[INFO]  Saving throughput to '/tmp/l2_bridging_1_load.throughput.csv'[0m
